[0.899s] Invoking command in '/home/kejun/git_dir/ros2_project/assignments/assign01/assn01_ws/src/heatControl_py': DEBUGINFOD_URLS=https://debuginfod.ubuntu.com PYTHONPATH=/home/kejun/git_dir/ros2_project/assignments/assign01/assn01_ws/build/heatControl_py/prefix_override:/usr/lib/python3/dist-packages/colcon_core/task/python/colcon_distutils_commands:/home/kejun/git_dir/ros2_project/assignments/assign01/assn01_ws/install/heatControl_py/lib/python3.12/site-packages:${PYTHONPATH} /usr/bin/python3 -W ignore:setup.py install is deprecated -W ignore:easy_install command is deprecated setup.py egg_info --egg-base ../../build/heatControl_py build --build-base /home/kejun/git_dir/ros2_project/assignments/assign01/assn01_ws/build/heatControl_py/build install --record /home/kejun/git_dir/ros2_project/assignments/assign01/assn01_ws/build/heatControl_py/install.log --single-version-externally-managed install_data
[1.125s] running egg_info
[1.141s] writing ../../build/heatControl_py/heatControl_py.egg-info/PKG-INFO
[1.141s] writing dependency_links to ../../build/heatControl_py/heatControl_py.egg-info/dependency_links.txt
[1.142s] writing entry points to ../../build/heatControl_py/heatControl_py.egg-info/entry_points.txt
[1.142s] writing requirements to ../../build/heatControl_py/heatControl_py.egg-info/requires.txt
[1.142s] writing top-level names to ../../build/heatControl_py/heatControl_py.egg-info/top_level.txt
[1.176s] reading manifest file '../../build/heatControl_py/heatControl_py.egg-info/SOURCES.txt'
[1.177s] writing manifest file '../../build/heatControl_py/heatControl_py.egg-info/SOURCES.txt'
[1.178s] running build
[1.178s] running build_py
[1.178s] running install
[1.184s] running install_lib
[1.203s] running install_data
[1.204s] copying package.xml -> /home/kejun/git_dir/ros2_project/assignments/assign01/assn01_ws/install/heatControl_py/share/heatControl_py
[1.204s] running install_egg_info
[1.223s] removing '/home/kejun/git_dir/ros2_project/assignments/assign01/assn01_ws/install/heatControl_py/lib/python3.12/site-packages/heatControl_py-0.0.0-py3.12.egg-info' (and everything under it)
[1.223s] Copying ../../build/heatControl_py/heatControl_py.egg-info to /home/kejun/git_dir/ros2_project/assignments/assign01/assn01_ws/install/heatControl_py/lib/python3.12/site-packages/heatControl_py-0.0.0-py3.12.egg-info
[1.224s] running install_scripts
[1.332s] Installing heater script to /home/kejun/git_dir/ros2_project/assignments/assign01/assn01_ws/install/heatControl_py/lib/heatControl_py
[1.333s] Installing tempSensor script to /home/kejun/git_dir/ros2_project/assignments/assign01/assn01_ws/install/heatControl_py/lib/heatControl_py
[1.333s] Installing thermostat script to /home/kejun/git_dir/ros2_project/assignments/assign01/assn01_ws/install/heatControl_py/lib/heatControl_py
[1.333s] writing list of installed files to '/home/kejun/git_dir/ros2_project/assignments/assign01/assn01_ws/build/heatControl_py/install.log'
[1.351s] Invoked command in '/home/kejun/git_dir/ros2_project/assignments/assign01/assn01_ws/src/heatControl_py' returned '0': DEBUGINFOD_URLS=https://debuginfod.ubuntu.com PYTHONPATH=/home/kejun/git_dir/ros2_project/assignments/assign01/assn01_ws/build/heatControl_py/prefix_override:/usr/lib/python3/dist-packages/colcon_core/task/python/colcon_distutils_commands:/home/kejun/git_dir/ros2_project/assignments/assign01/assn01_ws/install/heatControl_py/lib/python3.12/site-packages:${PYTHONPATH} /usr/bin/python3 -W ignore:setup.py install is deprecated -W ignore:easy_install command is deprecated setup.py egg_info --egg-base ../../build/heatControl_py build --build-base /home/kejun/git_dir/ros2_project/assignments/assign01/assn01_ws/build/heatControl_py/build install --record /home/kejun/git_dir/ros2_project/assignments/assign01/assn01_ws/build/heatControl_py/install.log --single-version-externally-managed install_data
