[0.055s] DEBUG:colcon:Command line arguments: ['/usr/bin/colcon', 'build']
[0.055s] DEBUG:colcon:Parsed command line arguments: Namespace(log_base=None, log_level=None, verb_name='build', build_base='build', install_base='install', merge_install=False, symlink_install=False, test_result_base=None, continue_on_error=False, executor='parallel', parallel_workers=1, event_handlers=None, ignore_user_meta=False, metas=['./colcon.meta'], base_paths=['.'], packages_ignore=None, packages_ignore_regex=None, paths=None, packages_up_to=None, packages_up_to_regex=None, packages_above=None, packages_above_and_dependencies=None, packages_above_depth=None, packages_select_by_dep=None, packages_skip_by_dep=None, packages_skip_up_to=None, packages_select_build_failed=False, packages_skip_build_finished=False, packages_select_test_failures=False, packages_skip_test_passed=False, packages_select=None, packages_skip=None, packages_select_regex=None, packages_skip_regex=None, packages_start=None, packages_end=None, allow_overriding=[], cmake_args=None, cmake_target=None, cmake_target_skip_unavailable=False, cmake_clean_cache=False, cmake_clean_first=False, cmake_force_configure=False, ament_cmake_args=None, catkin_cmake_args=None, catkin_skip_building_tests=False, mixin_files=None, mixin=None, verb_parser=<colcon_mixin.mixin.mixin_argument.MixinArgumentDecorator object at 0x71feef263b00>, verb_extension=<colcon_core.verb.build.BuildVerb object at 0x71feef209a00>, main=<bound method BuildVerb.main of <colcon_core.verb.build.BuildVerb object at 0x71feef209a00>>, mixin_verb=('build',))
[0.078s] Level 1:colcon.colcon_core.package_discovery:discover_packages(colcon_meta) check parameters
[0.079s] Level 1:colcon.colcon_core.package_discovery:discover_packages(recursive) check parameters
[0.079s] Level 1:colcon.colcon_core.package_discovery:discover_packages(ignore) check parameters
[0.079s] Level 1:colcon.colcon_core.package_discovery:discover_packages(path) check parameters
[0.079s] Level 1:colcon.colcon_core.package_discovery:discover_packages(colcon_meta) discover
[0.079s] Level 1:colcon.colcon_core.package_discovery:discover_packages(recursive) discover
[0.079s] INFO:colcon.colcon_core.package_discovery:Crawling recursively for packages in '/home/kejun/git_dir/ros2_project/course/node_ws'
[0.079s] Level 1:colcon.colcon_core.package_identification:_identify(.) by extensions ['ignore', 'ignore_ament_install']
[0.079s] Level 1:colcon.colcon_core.package_identification:_identify(.) by extension 'ignore'
[0.079s] Level 1:colcon.colcon_core.package_identification:_identify(.) by extension 'ignore_ament_install'
[0.079s] Level 1:colcon.colcon_core.package_identification:_identify(.) by extensions ['colcon_pkg']
[0.079s] Level 1:colcon.colcon_core.package_identification:_identify(.) by extension 'colcon_pkg'
[0.079s] Level 1:colcon.colcon_core.package_identification:_identify(.) by extensions ['colcon_meta']
[0.079s] Level 1:colcon.colcon_core.package_identification:_identify(.) by extension 'colcon_meta'
[0.079s] Level 1:colcon.colcon_core.package_identification:_identify(.) by extensions ['ros']
[0.079s] Level 1:colcon.colcon_core.package_identification:_identify(.) by extension 'ros'
[0.093s] Level 1:colcon.colcon_core.package_identification:_identify(.) by extensions ['cmake', 'python']
[0.093s] Level 1:colcon.colcon_core.package_identification:_identify(.) by extension 'cmake'
[0.093s] Level 1:colcon.colcon_core.package_identification:_identify(.) by extension 'python'
[0.093s] Level 1:colcon.colcon_core.package_identification:_identify(.) by extensions ['python_setup_py']
[0.093s] Level 1:colcon.colcon_core.package_identification:_identify(.) by extension 'python_setup_py'
[0.093s] Level 1:colcon.colcon_core.package_identification:_identify(build) by extensions ['ignore', 'ignore_ament_install']
[0.093s] Level 1:colcon.colcon_core.package_identification:_identify(build) by extension 'ignore'
[0.093s] Level 1:colcon.colcon_core.package_identification:_identify(build) ignored
[0.093s] Level 1:colcon.colcon_core.package_identification:_identify(install) by extensions ['ignore', 'ignore_ament_install']
[0.093s] Level 1:colcon.colcon_core.package_identification:_identify(install) by extension 'ignore'
[0.093s] Level 1:colcon.colcon_core.package_identification:_identify(install) ignored
[0.093s] Level 1:colcon.colcon_core.package_identification:_identify(log) by extensions ['ignore', 'ignore_ament_install']
[0.093s] Level 1:colcon.colcon_core.package_identification:_identify(log) by extension 'ignore'
[0.093s] Level 1:colcon.colcon_core.package_identification:_identify(log) ignored
[0.093s] Level 1:colcon.colcon_core.package_identification:_identify(src) by extensions ['ignore', 'ignore_ament_install']
[0.093s] Level 1:colcon.colcon_core.package_identification:_identify(src) by extension 'ignore'
[0.093s] Level 1:colcon.colcon_core.package_identification:_identify(src) by extension 'ignore_ament_install'
[0.094s] Level 1:colcon.colcon_core.package_identification:_identify(src) by extensions ['colcon_pkg']
[0.094s] Level 1:colcon.colcon_core.package_identification:_identify(src) by extension 'colcon_pkg'
[0.094s] Level 1:colcon.colcon_core.package_identification:_identify(src) by extensions ['colcon_meta']
[0.094s] Level 1:colcon.colcon_core.package_identification:_identify(src) by extension 'colcon_meta'
[0.094s] Level 1:colcon.colcon_core.package_identification:_identify(src) by extensions ['ros']
[0.094s] Level 1:colcon.colcon_core.package_identification:_identify(src) by extension 'ros'
[0.094s] Level 1:colcon.colcon_core.package_identification:_identify(src) by extensions ['cmake', 'python']
[0.094s] Level 1:colcon.colcon_core.package_identification:_identify(src) by extension 'cmake'
[0.094s] Level 1:colcon.colcon_core.package_identification:_identify(src) by extension 'python'
[0.094s] Level 1:colcon.colcon_core.package_identification:_identify(src) by extensions ['python_setup_py']
[0.094s] Level 1:colcon.colcon_core.package_identification:_identify(src) by extension 'python_setup_py'
[0.094s] Level 1:colcon.colcon_core.package_identification:_identify(src/nodes_bringup) by extensions ['ignore', 'ignore_ament_install']
[0.094s] Level 1:colcon.colcon_core.package_identification:_identify(src/nodes_bringup) by extension 'ignore'
[0.094s] Level 1:colcon.colcon_core.package_identification:_identify(src/nodes_bringup) by extension 'ignore_ament_install'
[0.094s] Level 1:colcon.colcon_core.package_identification:_identify(src/nodes_bringup) by extensions ['colcon_pkg']
[0.094s] Level 1:colcon.colcon_core.package_identification:_identify(src/nodes_bringup) by extension 'colcon_pkg'
[0.094s] Level 1:colcon.colcon_core.package_identification:_identify(src/nodes_bringup) by extensions ['colcon_meta']
[0.094s] Level 1:colcon.colcon_core.package_identification:_identify(src/nodes_bringup) by extension 'colcon_meta'
[0.094s] Level 1:colcon.colcon_core.package_identification:_identify(src/nodes_bringup) by extensions ['ros']
[0.094s] Level 1:colcon.colcon_core.package_identification:_identify(src/nodes_bringup) by extension 'ros'
[0.095s] DEBUG:colcon.colcon_core.package_identification:Package 'src/nodes_bringup' with type 'ros.ament_cmake' and name 'nodes_bringup'
[0.095s] Level 1:colcon.colcon_core.package_identification:_identify(src/nodes_py) by extensions ['ignore', 'ignore_ament_install']
[0.095s] Level 1:colcon.colcon_core.package_identification:_identify(src/nodes_py) by extension 'ignore'
[0.095s] Level 1:colcon.colcon_core.package_identification:_identify(src/nodes_py) by extension 'ignore_ament_install'
[0.095s] Level 1:colcon.colcon_core.package_identification:_identify(src/nodes_py) by extensions ['colcon_pkg']
[0.095s] Level 1:colcon.colcon_core.package_identification:_identify(src/nodes_py) by extension 'colcon_pkg'
[0.095s] Level 1:colcon.colcon_core.package_identification:_identify(src/nodes_py) by extensions ['colcon_meta']
[0.095s] Level 1:colcon.colcon_core.package_identification:_identify(src/nodes_py) by extension 'colcon_meta'
[0.095s] Level 1:colcon.colcon_core.package_identification:_identify(src/nodes_py) by extensions ['ros']
[0.095s] Level 1:colcon.colcon_core.package_identification:_identify(src/nodes_py) by extension 'ros'
[0.096s] DEBUG:colcon.colcon_core.package_identification:Package 'src/nodes_py' with type 'ros.ament_python' and name 'nodes_py'
[0.096s] Level 1:colcon.colcon_core.package_discovery:discover_packages(recursive) using defaults
[0.096s] Level 1:colcon.colcon_core.package_discovery:discover_packages(ignore) discover
[0.096s] Level 1:colcon.colcon_core.package_discovery:discover_packages(ignore) using defaults
[0.096s] Level 1:colcon.colcon_core.package_discovery:discover_packages(path) discover
[0.096s] Level 1:colcon.colcon_core.package_discovery:discover_packages(path) using defaults
[0.105s] Level 1:colcon.colcon_core.package_discovery:discover_packages(prefix_path) check parameters
[0.105s] Level 1:colcon.colcon_core.package_discovery:discover_packages(prefix_path) discover
[0.106s] DEBUG:colcon.colcon_installed_package_information.package_discovery:Found 1 installed packages in /home/kejun/git_dir/ros2_project/course/node_ws/install
[0.106s] DEBUG:colcon.colcon_installed_package_information.package_discovery:Found 1 installed packages in /home/kejun/study/node_ws/install
[0.107s] DEBUG:colcon.colcon_installed_package_information.package_discovery:Found 285 installed packages in /opt/ros/jazzy
[0.108s] Level 1:colcon.colcon_core.package_discovery:discover_packages(prefix_path) using defaults
[0.126s] Level 5:colcon.colcon_core.verb:set package 'nodes_py' build argument 'cmake_args' from command line to 'None'
[0.126s] Level 5:colcon.colcon_core.verb:set package 'nodes_py' build argument 'cmake_target' from command line to 'None'
[0.126s] Level 5:colcon.colcon_core.verb:set package 'nodes_py' build argument 'cmake_target_skip_unavailable' from command line to 'False'
[0.126s] Level 5:colcon.colcon_core.verb:set package 'nodes_py' build argument 'cmake_clean_cache' from command line to 'False'
[0.126s] Level 5:colcon.colcon_core.verb:set package 'nodes_py' build argument 'cmake_clean_first' from command line to 'False'
[0.126s] Level 5:colcon.colcon_core.verb:set package 'nodes_py' build argument 'cmake_force_configure' from command line to 'False'
[0.126s] Level 5:colcon.colcon_core.verb:set package 'nodes_py' build argument 'ament_cmake_args' from command line to 'None'
[0.126s] Level 5:colcon.colcon_core.verb:set package 'nodes_py' build argument 'catkin_cmake_args' from command line to 'None'
[0.126s] Level 5:colcon.colcon_core.verb:set package 'nodes_py' build argument 'catkin_skip_building_tests' from command line to 'False'
[0.126s] DEBUG:colcon.colcon_core.verb:Building package 'nodes_py' with the following arguments: {'ament_cmake_args': None, 'build_base': '/home/kejun/git_dir/ros2_project/course/node_ws/build/nodes_py', 'catkin_cmake_args': None, 'catkin_skip_building_tests': False, 'cmake_args': None, 'cmake_clean_cache': False, 'cmake_clean_first': False, 'cmake_force_configure': False, 'cmake_target': None, 'cmake_target_skip_unavailable': False, 'install_base': '/home/kejun/git_dir/ros2_project/course/node_ws/install/nodes_py', 'merge_install': False, 'path': '/home/kejun/git_dir/ros2_project/course/node_ws/src/nodes_py', 'symlink_install': False, 'test_result_base': None}
[0.126s] Level 5:colcon.colcon_core.verb:set package 'nodes_bringup' build argument 'cmake_args' from command line to 'None'
[0.126s] Level 5:colcon.colcon_core.verb:set package 'nodes_bringup' build argument 'cmake_target' from command line to 'None'
[0.126s] Level 5:colcon.colcon_core.verb:set package 'nodes_bringup' build argument 'cmake_target_skip_unavailable' from command line to 'False'
[0.126s] Level 5:colcon.colcon_core.verb:set package 'nodes_bringup' build argument 'cmake_clean_cache' from command line to 'False'
[0.126s] Level 5:colcon.colcon_core.verb:set package 'nodes_bringup' build argument 'cmake_clean_first' from command line to 'False'
[0.126s] Level 5:colcon.colcon_core.verb:set package 'nodes_bringup' build argument 'cmake_force_configure' from command line to 'False'
[0.126s] Level 5:colcon.colcon_core.verb:set package 'nodes_bringup' build argument 'ament_cmake_args' from command line to 'None'
[0.126s] Level 5:colcon.colcon_core.verb:set package 'nodes_bringup' build argument 'catkin_cmake_args' from command line to 'None'
[0.126s] Level 5:colcon.colcon_core.verb:set package 'nodes_bringup' build argument 'catkin_skip_building_tests' from command line to 'False'
[0.126s] DEBUG:colcon.colcon_core.verb:Building package 'nodes_bringup' with the following arguments: {'ament_cmake_args': None, 'build_base': '/home/kejun/git_dir/ros2_project/course/node_ws/build/nodes_bringup', 'catkin_cmake_args': None, 'catkin_skip_building_tests': False, 'cmake_args': None, 'cmake_clean_cache': False, 'cmake_clean_first': False, 'cmake_force_configure': False, 'cmake_target': None, 'cmake_target_skip_unavailable': False, 'install_base': '/home/kejun/git_dir/ros2_project/course/node_ws/install/nodes_bringup', 'merge_install': False, 'path': '/home/kejun/git_dir/ros2_project/course/node_ws/src/nodes_bringup', 'symlink_install': False, 'test_result_base': None}
[0.126s] INFO:colcon.colcon_core.executor:Executing jobs using 'parallel' executor
[0.127s] DEBUG:colcon.colcon_parallel_executor.executor.parallel:run_until_complete
[0.127s] INFO:colcon.colcon_ros.task.ament_python.build:Building ROS package in '/home/kejun/git_dir/ros2_project/course/node_ws/src/nodes_py' with build type 'ament_python'
[0.127s] Level 1:colcon.colcon_core.shell:create_environment_hook('nodes_py', 'ament_prefix_path')
[0.129s] INFO:colcon.colcon_core.plugin_system:Skipping extension 'colcon_core.shell.bat': Not used on non-Windows systems
[0.129s] INFO:colcon.colcon_core.shell:Creating environment hook '/home/kejun/git_dir/ros2_project/course/node_ws/install/nodes_py/share/nodes_py/hook/ament_prefix_path.ps1'
[0.131s] INFO:colcon.colcon_core.shell:Creating environment descriptor '/home/kejun/git_dir/ros2_project/course/node_ws/install/nodes_py/share/nodes_py/hook/ament_prefix_path.dsv'
[0.131s] INFO:colcon.colcon_core.shell:Creating environment hook '/home/kejun/git_dir/ros2_project/course/node_ws/install/nodes_py/share/nodes_py/hook/ament_prefix_path.sh'
[0.132s] INFO:colcon.colcon_core.shell:Skip shell extension 'powershell' for command environment: Not usable outside of PowerShell
[0.132s] DEBUG:colcon.colcon_core.shell:Skip shell extension 'dsv' for command environment
[0.274s] INFO:colcon.colcon_core.task.python.build:Building Python package in '/home/kejun/git_dir/ros2_project/course/node_ws/src/nodes_py'
[0.274s] INFO:colcon.colcon_core.shell:Skip shell extension 'powershell' for command environment: Not usable outside of PowerShell
[0.274s] DEBUG:colcon.colcon_core.shell:Skip shell extension 'dsv' for command environment
[0.616s] DEBUG:colcon.colcon_core.event_handler.log_command:Invoking command in '/home/kejun/git_dir/ros2_project/course/node_ws/src/nodes_py': DEBUGINFOD_URLS=https://debuginfod.ubuntu.com PYTHONPATH=/home/kejun/git_dir/ros2_project/course/node_ws/build/nodes_py/prefix_override:/usr/lib/python3/dist-packages/colcon_core/task/python/colcon_distutils_commands:/home/kejun/git_dir/ros2_project/course/node_ws/install/nodes_py/lib/python3.12/site-packages:${PYTHONPATH} /usr/bin/python3 -W ignore:setup.py install is deprecated -W ignore:easy_install command is deprecated setup.py egg_info --egg-base ../../build/nodes_py build --build-base /home/kejun/git_dir/ros2_project/course/node_ws/build/nodes_py/build install --record /home/kejun/git_dir/ros2_project/course/node_ws/build/nodes_py/install.log --single-version-externally-managed install_data
[0.904s] DEBUG:colcon.colcon_core.event_handler.log_command:Invoked command in '/home/kejun/git_dir/ros2_project/course/node_ws/src/nodes_py' returned '0': DEBUGINFOD_URLS=https://debuginfod.ubuntu.com PYTHONPATH=/home/kejun/git_dir/ros2_project/course/node_ws/build/nodes_py/prefix_override:/usr/lib/python3/dist-packages/colcon_core/task/python/colcon_distutils_commands:/home/kejun/git_dir/ros2_project/course/node_ws/install/nodes_py/lib/python3.12/site-packages:${PYTHONPATH} /usr/bin/python3 -W ignore:setup.py install is deprecated -W ignore:easy_install command is deprecated setup.py egg_info --egg-base ../../build/nodes_py build --build-base /home/kejun/git_dir/ros2_project/course/node_ws/build/nodes_py/build install --record /home/kejun/git_dir/ros2_project/course/node_ws/build/nodes_py/install.log --single-version-externally-managed install_data
[0.905s] Level 1:colcon.colcon_core.environment:checking '/home/kejun/git_dir/ros2_project/course/node_ws/install/nodes_py' for CMake module files
[0.905s] Level 1:colcon.colcon_core.environment:checking '/home/kejun/git_dir/ros2_project/course/node_ws/install/nodes_py' for CMake config files
[0.906s] Level 1:colcon.colcon_core.environment:checking '/home/kejun/git_dir/ros2_project/course/node_ws/install/nodes_py/lib'
[0.906s] Level 1:colcon.colcon_core.environment:checking '/home/kejun/git_dir/ros2_project/course/node_ws/install/nodes_py/bin'
[0.906s] Level 1:colcon.colcon_core.environment:checking '/home/kejun/git_dir/ros2_project/course/node_ws/install/nodes_py/lib/pkgconfig/nodes_py.pc'
[0.906s] Level 1:colcon.colcon_core.environment:checking '/home/kejun/git_dir/ros2_project/course/node_ws/install/nodes_py/lib/python3.12/site-packages'
[0.906s] Level 1:colcon.colcon_core.shell:create_environment_hook('nodes_py', 'pythonpath')
[0.906s] INFO:colcon.colcon_core.shell:Creating environment hook '/home/kejun/git_dir/ros2_project/course/node_ws/install/nodes_py/share/nodes_py/hook/pythonpath.ps1'
[0.906s] INFO:colcon.colcon_core.shell:Creating environment descriptor '/home/kejun/git_dir/ros2_project/course/node_ws/install/nodes_py/share/nodes_py/hook/pythonpath.dsv'
[0.907s] INFO:colcon.colcon_core.shell:Creating environment hook '/home/kejun/git_dir/ros2_project/course/node_ws/install/nodes_py/share/nodes_py/hook/pythonpath.sh'
[0.907s] Level 1:colcon.colcon_core.environment:checking '/home/kejun/git_dir/ros2_project/course/node_ws/install/nodes_py/bin'
[0.907s] Level 1:colcon.colcon_core.environment:create_environment_scripts_only(nodes_py)
[0.907s] INFO:colcon.colcon_core.shell:Creating package script '/home/kejun/git_dir/ros2_project/course/node_ws/install/nodes_py/share/nodes_py/package.ps1'
[0.908s] INFO:colcon.colcon_core.shell:Creating package descriptor '/home/kejun/git_dir/ros2_project/course/node_ws/install/nodes_py/share/nodes_py/package.dsv'
[0.908s] INFO:colcon.colcon_core.shell:Creating package script '/home/kejun/git_dir/ros2_project/course/node_ws/install/nodes_py/share/nodes_py/package.sh'
[0.908s] INFO:colcon.colcon_core.shell:Creating package script '/home/kejun/git_dir/ros2_project/course/node_ws/install/nodes_py/share/nodes_py/package.bash'
[0.909s] INFO:colcon.colcon_core.shell:Creating package script '/home/kejun/git_dir/ros2_project/course/node_ws/install/nodes_py/share/nodes_py/package.zsh'
[0.909s] Level 1:colcon.colcon_core.environment:create_file_with_runtime_dependencies(/home/kejun/git_dir/ros2_project/course/node_ws/install/nodes_py/share/colcon-core/packages/nodes_py)
[0.911s] INFO:colcon.colcon_ros.task.ament_cmake.build:Building ROS package in '/home/kejun/git_dir/ros2_project/course/node_ws/src/nodes_bringup' with build type 'ament_cmake'
[0.911s] INFO:colcon.colcon_cmake.task.cmake.build:Building CMake package in '/home/kejun/git_dir/ros2_project/course/node_ws/src/nodes_bringup'
[0.911s] INFO:colcon.colcon_core.shell:Skip shell extension 'powershell' for command environment: Not usable outside of PowerShell
[0.911s] DEBUG:colcon.colcon_core.shell:Skip shell extension 'dsv' for command environment
[0.924s] DEBUG:colcon.colcon_core.event_handler.log_command:Invoking command in '/home/kejun/git_dir/ros2_project/course/node_ws/build/nodes_bringup': CMAKE_PREFIX_PATH=${CMAKE_PREFIX_PATH}:/home/kejun/git_dir/ros2_project/course/node_ws/install/nodes_py:/home/kejun/study/node_ws/install/nodes_py:/opt/ros/jazzy DEBUGINFOD_URLS=https://debuginfod.ubuntu.com /usr/bin/cmake /home/kejun/git_dir/ros2_project/course/node_ws/src/nodes_bringup -DCMAKE_INSTALL_PREFIX=/home/kejun/git_dir/ros2_project/course/node_ws/install/nodes_bringup
[1.511s] DEBUG:colcon.colcon_core.event_handler.log_command:Invoked command in '/home/kejun/git_dir/ros2_project/course/node_ws/build/nodes_bringup' returned '0': CMAKE_PREFIX_PATH=${CMAKE_PREFIX_PATH}:/home/kejun/git_dir/ros2_project/course/node_ws/install/nodes_py:/home/kejun/study/node_ws/install/nodes_py:/opt/ros/jazzy DEBUGINFOD_URLS=https://debuginfod.ubuntu.com /usr/bin/cmake /home/kejun/git_dir/ros2_project/course/node_ws/src/nodes_bringup -DCMAKE_INSTALL_PREFIX=/home/kejun/git_dir/ros2_project/course/node_ws/install/nodes_bringup
[1.512s] DEBUG:colcon.colcon_core.event_handler.log_command:Invoking command in '/home/kejun/git_dir/ros2_project/course/node_ws/build/nodes_bringup': CMAKE_PREFIX_PATH=${CMAKE_PREFIX_PATH}:/home/kejun/git_dir/ros2_project/course/node_ws/install/nodes_py:/home/kejun/study/node_ws/install/nodes_py:/opt/ros/jazzy DEBUGINFOD_URLS=https://debuginfod.ubuntu.com /usr/bin/cmake --build /home/kejun/git_dir/ros2_project/course/node_ws/build/nodes_bringup -- -j1 -l1
[1.562s] DEBUG:colcon.colcon_core.event_handler.log_command:Invoked command in '/home/kejun/git_dir/ros2_project/course/node_ws/build/nodes_bringup' returned '0': CMAKE_PREFIX_PATH=${CMAKE_PREFIX_PATH}:/home/kejun/git_dir/ros2_project/course/node_ws/install/nodes_py:/home/kejun/study/node_ws/install/nodes_py:/opt/ros/jazzy DEBUGINFOD_URLS=https://debuginfod.ubuntu.com /usr/bin/cmake --build /home/kejun/git_dir/ros2_project/course/node_ws/build/nodes_bringup -- -j1 -l1
[1.576s] DEBUG:colcon.colcon_core.event_handler.log_command:Invoking command in '/home/kejun/git_dir/ros2_project/course/node_ws/build/nodes_bringup': CMAKE_PREFIX_PATH=${CMAKE_PREFIX_PATH}:/home/kejun/git_dir/ros2_project/course/node_ws/install/nodes_py:/home/kejun/study/node_ws/install/nodes_py:/opt/ros/jazzy DEBUGINFOD_URLS=https://debuginfod.ubuntu.com /usr/bin/cmake --install /home/kejun/git_dir/ros2_project/course/node_ws/build/nodes_bringup
[1.591s] Level 1:colcon.colcon_core.environment:create_environment_scripts_only(nodes_bringup)
[1.592s] Level 1:colcon.colcon_core.environment:checking '/home/kejun/git_dir/ros2_project/course/node_ws/install/nodes_bringup' for CMake module files
[1.592s] Level 1:colcon.colcon_core.environment:checking '/home/kejun/git_dir/ros2_project/course/node_ws/install/nodes_bringup' for CMake config files
[1.592s] Level 1:colcon.colcon_core.shell:create_environment_hook('nodes_bringup', 'cmake_prefix_path')
[1.592s] INFO:colcon.colcon_core.shell:Creating environment hook '/home/kejun/git_dir/ros2_project/course/node_ws/install/nodes_bringup/share/nodes_bringup/hook/cmake_prefix_path.ps1'
[1.591s] DEBUG:colcon.colcon_core.event_handler.log_command:Invoked command in '/home/kejun/git_dir/ros2_project/course/node_ws/build/nodes_bringup' returned '0': CMAKE_PREFIX_PATH=${CMAKE_PREFIX_PATH}:/home/kejun/git_dir/ros2_project/course/node_ws/install/nodes_py:/home/kejun/study/node_ws/install/nodes_py:/opt/ros/jazzy DEBUGINFOD_URLS=https://debuginfod.ubuntu.com /usr/bin/cmake --install /home/kejun/git_dir/ros2_project/course/node_ws/build/nodes_bringup
[1.592s] INFO:colcon.colcon_core.shell:Creating environment descriptor '/home/kejun/git_dir/ros2_project/course/node_ws/install/nodes_bringup/share/nodes_bringup/hook/cmake_prefix_path.dsv'
[1.593s] INFO:colcon.colcon_core.shell:Creating environment hook '/home/kejun/git_dir/ros2_project/course/node_ws/install/nodes_bringup/share/nodes_bringup/hook/cmake_prefix_path.sh'
[1.593s] Level 1:colcon.colcon_core.environment:checking '/home/kejun/git_dir/ros2_project/course/node_ws/install/nodes_bringup/bin'
[1.593s] Level 1:colcon.colcon_core.environment:checking '/home/kejun/git_dir/ros2_project/course/node_ws/install/nodes_bringup/lib/pkgconfig/nodes_bringup.pc'
[1.593s] Level 1:colcon.colcon_core.environment:checking '/home/kejun/git_dir/ros2_project/course/node_ws/install/nodes_bringup/lib/python3.12/site-packages'
[1.593s] Level 1:colcon.colcon_core.environment:checking '/home/kejun/git_dir/ros2_project/course/node_ws/install/nodes_bringup/bin'
[1.593s] INFO:colcon.colcon_core.shell:Creating package script '/home/kejun/git_dir/ros2_project/course/node_ws/install/nodes_bringup/share/nodes_bringup/package.ps1'
[1.594s] INFO:colcon.colcon_core.shell:Creating package descriptor '/home/kejun/git_dir/ros2_project/course/node_ws/install/nodes_bringup/share/nodes_bringup/package.dsv'
[1.594s] INFO:colcon.colcon_core.shell:Creating package script '/home/kejun/git_dir/ros2_project/course/node_ws/install/nodes_bringup/share/nodes_bringup/package.sh'
[1.594s] INFO:colcon.colcon_core.shell:Creating package script '/home/kejun/git_dir/ros2_project/course/node_ws/install/nodes_bringup/share/nodes_bringup/package.bash'
[1.594s] INFO:colcon.colcon_core.shell:Creating package script '/home/kejun/git_dir/ros2_project/course/node_ws/install/nodes_bringup/share/nodes_bringup/package.zsh'
[1.594s] Level 1:colcon.colcon_core.environment:create_file_with_runtime_dependencies(/home/kejun/git_dir/ros2_project/course/node_ws/install/nodes_bringup/share/colcon-core/packages/nodes_bringup)
[1.595s] Level 1:colcon.colcon_core.environment:create_environment_scripts_only(nodes_bringup)
[1.595s] Level 1:colcon.colcon_core.environment:checking '/home/kejun/git_dir/ros2_project/course/node_ws/install/nodes_bringup' for CMake module files
[1.595s] Level 1:colcon.colcon_core.environment:checking '/home/kejun/git_dir/ros2_project/course/node_ws/install/nodes_bringup' for CMake config files
[1.595s] Level 1:colcon.colcon_core.shell:create_environment_hook('nodes_bringup', 'cmake_prefix_path')
[1.595s] INFO:colcon.colcon_core.shell:Creating environment hook '/home/kejun/git_dir/ros2_project/course/node_ws/install/nodes_bringup/share/nodes_bringup/hook/cmake_prefix_path.ps1'
[1.595s] INFO:colcon.colcon_core.shell:Creating environment descriptor '/home/kejun/git_dir/ros2_project/course/node_ws/install/nodes_bringup/share/nodes_bringup/hook/cmake_prefix_path.dsv'
[1.596s] INFO:colcon.colcon_core.shell:Creating environment hook '/home/kejun/git_dir/ros2_project/course/node_ws/install/nodes_bringup/share/nodes_bringup/hook/cmake_prefix_path.sh'
[1.596s] Level 1:colcon.colcon_core.environment:checking '/home/kejun/git_dir/ros2_project/course/node_ws/install/nodes_bringup/bin'
[1.596s] Level 1:colcon.colcon_core.environment:checking '/home/kejun/git_dir/ros2_project/course/node_ws/install/nodes_bringup/lib/pkgconfig/nodes_bringup.pc'
[1.596s] Level 1:colcon.colcon_core.environment:checking '/home/kejun/git_dir/ros2_project/course/node_ws/install/nodes_bringup/lib/python3.12/site-packages'
[1.596s] Level 1:colcon.colcon_core.environment:checking '/home/kejun/git_dir/ros2_project/course/node_ws/install/nodes_bringup/bin'
[1.596s] INFO:colcon.colcon_core.shell:Creating package script '/home/kejun/git_dir/ros2_project/course/node_ws/install/nodes_bringup/share/nodes_bringup/package.ps1'
[1.597s] INFO:colcon.colcon_core.shell:Creating package descriptor '/home/kejun/git_dir/ros2_project/course/node_ws/install/nodes_bringup/share/nodes_bringup/package.dsv'
[1.597s] INFO:colcon.colcon_core.shell:Creating package script '/home/kejun/git_dir/ros2_project/course/node_ws/install/nodes_bringup/share/nodes_bringup/package.sh'
[1.597s] INFO:colcon.colcon_core.shell:Creating package script '/home/kejun/git_dir/ros2_project/course/node_ws/install/nodes_bringup/share/nodes_bringup/package.bash'
[1.597s] INFO:colcon.colcon_core.shell:Creating package script '/home/kejun/git_dir/ros2_project/course/node_ws/install/nodes_bringup/share/nodes_bringup/package.zsh'
[1.598s] Level 1:colcon.colcon_core.environment:create_file_with_runtime_dependencies(/home/kejun/git_dir/ros2_project/course/node_ws/install/nodes_bringup/share/colcon-core/packages/nodes_bringup)
[1.601s] DEBUG:colcon.colcon_parallel_executor.executor.parallel:closing loop
[1.601s] DEBUG:colcon.colcon_parallel_executor.executor.parallel:loop closed
[1.601s] DEBUG:colcon.colcon_parallel_executor.executor.parallel:run_until_complete finished with '0'
[1.601s] DEBUG:colcon.colcon_core.event_reactor:joining thread
[1.608s] INFO:colcon.colcon_core.plugin_system:Skipping extension 'colcon_notification.desktop_notification.terminal_notifier': Not used on non-Darwin systems
[1.608s] INFO:colcon.colcon_core.plugin_system:Skipping extension 'colcon_notification.desktop_notification.win32': Not used on non-Windows systems
[1.608s] INFO:colcon.colcon_notification.desktop_notification:Sending desktop notification using 'notify2'
[1.628s] DEBUG:colcon.colcon_core.event_reactor:joined thread
[1.630s] INFO:colcon.colcon_core.shell:Creating prefix script '/home/kejun/git_dir/ros2_project/course/node_ws/install/local_setup.ps1'
[1.631s] INFO:colcon.colcon_core.shell:Creating prefix util module '/home/kejun/git_dir/ros2_project/course/node_ws/install/_local_setup_util_ps1.py'
[1.633s] INFO:colcon.colcon_core.shell:Creating prefix chain script '/home/kejun/git_dir/ros2_project/course/node_ws/install/setup.ps1'
[1.634s] INFO:colcon.colcon_core.shell:Creating prefix script '/home/kejun/git_dir/ros2_project/course/node_ws/install/local_setup.sh'
[1.634s] INFO:colcon.colcon_core.shell:Creating prefix util module '/home/kejun/git_dir/ros2_project/course/node_ws/install/_local_setup_util_sh.py'
[1.635s] INFO:colcon.colcon_core.shell:Creating prefix chain script '/home/kejun/git_dir/ros2_project/course/node_ws/install/setup.sh'
[1.636s] INFO:colcon.colcon_core.shell:Creating prefix script '/home/kejun/git_dir/ros2_project/course/node_ws/install/local_setup.bash'
[1.637s] INFO:colcon.colcon_core.shell:Creating prefix chain script '/home/kejun/git_dir/ros2_project/course/node_ws/install/setup.bash'
[1.639s] INFO:colcon.colcon_core.shell:Creating prefix script '/home/kejun/git_dir/ros2_project/course/node_ws/install/local_setup.zsh'
[1.639s] INFO:colcon.colcon_core.shell:Creating prefix chain script '/home/kejun/git_dir/ros2_project/course/node_ws/install/setup.zsh'
