[0.089s] DEBUG:colcon:Command line arguments: ['/usr/bin/colcon', 'build']
[0.090s] DEBUG:colcon:Parsed command line arguments: Namespace(log_base=None, log_level=None, verb_name='build', build_base='build', install_base='install', merge_install=False, symlink_install=False, test_result_base=None, continue_on_error=False, executor='parallel', parallel_workers=16, event_handlers=None, ignore_user_meta=False, metas=['./colcon.meta'], base_paths=['.'], packages_ignore=None, packages_ignore_regex=None, paths=None, packages_up_to=None, packages_up_to_regex=None, packages_above=None, packages_above_and_dependencies=None, packages_above_depth=None, packages_select_by_dep=None, packages_skip_by_dep=None, packages_skip_up_to=None, packages_select_build_failed=False, packages_skip_build_finished=False, packages_select_test_failures=False, packages_skip_test_passed=False, packages_select=None, packages_skip=None, packages_select_regex=None, packages_skip_regex=None, packages_start=None, packages_end=None, allow_overriding=[], cmake_args=None, cmake_target=None, cmake_target_skip_unavailable=False, cmake_clean_cache=False, cmake_clean_first=False, cmake_force_configure=False, ament_cmake_args=None, catkin_cmake_args=None, catkin_skip_building_tests=False, mixin_files=None, mixin=None, verb_parser=<colcon_mixin.mixin.mixin_argument.MixinArgumentDecorator object at 0x719243584fb0>, verb_extension=<colcon_core.verb.build.BuildVerb object at 0x719243584ce0>, main=<bound method BuildVerb.main of <colcon_core.verb.build.BuildVerb object at 0x719243584ce0>>, mixin_verb=('build',))
[0.119s] Level 1:colcon.colcon_core.package_discovery:discover_packages(colcon_meta) check parameters
[0.119s] Level 1:colcon.colcon_core.package_discovery:discover_packages(recursive) check parameters
[0.119s] Level 1:colcon.colcon_core.package_discovery:discover_packages(ignore) check parameters
[0.119s] Level 1:colcon.colcon_core.package_discovery:discover_packages(path) check parameters
[0.119s] Level 1:colcon.colcon_core.package_discovery:discover_packages(colcon_meta) discover
[0.119s] Level 1:colcon.colcon_core.package_discovery:discover_packages(recursive) discover
[0.119s] INFO:colcon.colcon_core.package_discovery:Crawling recursively for packages in '/home/kejun/git_dir/ros2_project/course/node_ws'
[0.119s] Level 1:colcon.colcon_core.package_identification:_identify(.) by extensions ['ignore', 'ignore_ament_install']
[0.120s] Level 1:colcon.colcon_core.package_identification:_identify(.) by extension 'ignore'
[0.120s] Level 1:colcon.colcon_core.package_identification:_identify(.) by extension 'ignore_ament_install'
[0.120s] Level 1:colcon.colcon_core.package_identification:_identify(.) by extensions ['colcon_pkg']
[0.120s] Level 1:colcon.colcon_core.package_identification:_identify(.) by extension 'colcon_pkg'
[0.120s] Level 1:colcon.colcon_core.package_identification:_identify(.) by extensions ['colcon_meta']
[0.120s] Level 1:colcon.colcon_core.package_identification:_identify(.) by extension 'colcon_meta'
[0.120s] Level 1:colcon.colcon_core.package_identification:_identify(.) by extensions ['ros']
[0.120s] Level 1:colcon.colcon_core.package_identification:_identify(.) by extension 'ros'
[0.139s] Level 1:colcon.colcon_core.package_identification:_identify(.) by extensions ['cmake', 'python']
[0.139s] Level 1:colcon.colcon_core.package_identification:_identify(.) by extension 'cmake'
[0.139s] Level 1:colcon.colcon_core.package_identification:_identify(.) by extension 'python'
[0.139s] Level 1:colcon.colcon_core.package_identification:_identify(.) by extensions ['python_setup_py']
[0.139s] Level 1:colcon.colcon_core.package_identification:_identify(.) by extension 'python_setup_py'
[0.139s] Level 1:colcon.colcon_core.package_identification:_identify(build) by extensions ['ignore', 'ignore_ament_install']
[0.139s] Level 1:colcon.colcon_core.package_identification:_identify(build) by extension 'ignore'
[0.139s] Level 1:colcon.colcon_core.package_identification:_identify(build) ignored
[0.139s] Level 1:colcon.colcon_core.package_identification:_identify(install) by extensions ['ignore', 'ignore_ament_install']
[0.139s] Level 1:colcon.colcon_core.package_identification:_identify(install) by extension 'ignore'
[0.139s] Level 1:colcon.colcon_core.package_identification:_identify(install) ignored
[0.139s] Level 1:colcon.colcon_core.package_identification:_identify(log) by extensions ['ignore', 'ignore_ament_install']
[0.139s] Level 1:colcon.colcon_core.package_identification:_identify(log) by extension 'ignore'
[0.139s] Level 1:colcon.colcon_core.package_identification:_identify(log) ignored
[0.139s] Level 1:colcon.colcon_core.package_identification:_identify(src) by extensions ['ignore', 'ignore_ament_install']
[0.139s] Level 1:colcon.colcon_core.package_identification:_identify(src) by extension 'ignore'
[0.140s] Level 1:colcon.colcon_core.package_identification:_identify(src) by extension 'ignore_ament_install'
[0.140s] Level 1:colcon.colcon_core.package_identification:_identify(src) by extensions ['colcon_pkg']
[0.140s] Level 1:colcon.colcon_core.package_identification:_identify(src) by extension 'colcon_pkg'
[0.140s] Level 1:colcon.colcon_core.package_identification:_identify(src) by extensions ['colcon_meta']
[0.140s] Level 1:colcon.colcon_core.package_identification:_identify(src) by extension 'colcon_meta'
[0.140s] Level 1:colcon.colcon_core.package_identification:_identify(src) by extensions ['ros']
[0.140s] Level 1:colcon.colcon_core.package_identification:_identify(src) by extension 'ros'
[0.140s] Level 1:colcon.colcon_core.package_identification:_identify(src) by extensions ['cmake', 'python']
[0.140s] Level 1:colcon.colcon_core.package_identification:_identify(src) by extension 'cmake'
[0.140s] Level 1:colcon.colcon_core.package_identification:_identify(src) by extension 'python'
[0.140s] Level 1:colcon.colcon_core.package_identification:_identify(src) by extensions ['python_setup_py']
[0.140s] Level 1:colcon.colcon_core.package_identification:_identify(src) by extension 'python_setup_py'
[0.140s] Level 1:colcon.colcon_core.package_identification:_identify(src/nodes_bringup) by extensions ['ignore', 'ignore_ament_install']
[0.140s] Level 1:colcon.colcon_core.package_identification:_identify(src/nodes_bringup) by extension 'ignore'
[0.140s] Level 1:colcon.colcon_core.package_identification:_identify(src/nodes_bringup) by extension 'ignore_ament_install'
[0.140s] Level 1:colcon.colcon_core.package_identification:_identify(src/nodes_bringup) by extensions ['colcon_pkg']
[0.140s] Level 1:colcon.colcon_core.package_identification:_identify(src/nodes_bringup) by extension 'colcon_pkg'
[0.140s] Level 1:colcon.colcon_core.package_identification:_identify(src/nodes_bringup) by extensions ['colcon_meta']
[0.140s] Level 1:colcon.colcon_core.package_identification:_identify(src/nodes_bringup) by extension 'colcon_meta'
[0.140s] Level 1:colcon.colcon_core.package_identification:_identify(src/nodes_bringup) by extensions ['ros']
[0.140s] Level 1:colcon.colcon_core.package_identification:_identify(src/nodes_bringup) by extension 'ros'
[0.142s] DEBUG:colcon.colcon_core.package_identification:Package 'src/nodes_bringup' with type 'ros.ament_cmake' and name 'nodes_bringup'
[0.142s] Level 1:colcon.colcon_core.package_identification:_identify(src/nodes_interfaces) by extensions ['ignore', 'ignore_ament_install']
[0.142s] Level 1:colcon.colcon_core.package_identification:_identify(src/nodes_interfaces) by extension 'ignore'
[0.142s] Level 1:colcon.colcon_core.package_identification:_identify(src/nodes_interfaces) by extension 'ignore_ament_install'
[0.142s] Level 1:colcon.colcon_core.package_identification:_identify(src/nodes_interfaces) by extensions ['colcon_pkg']
[0.142s] Level 1:colcon.colcon_core.package_identification:_identify(src/nodes_interfaces) by extension 'colcon_pkg'
[0.142s] Level 1:colcon.colcon_core.package_identification:_identify(src/nodes_interfaces) by extensions ['colcon_meta']
[0.142s] Level 1:colcon.colcon_core.package_identification:_identify(src/nodes_interfaces) by extension 'colcon_meta'
[0.142s] Level 1:colcon.colcon_core.package_identification:_identify(src/nodes_interfaces) by extensions ['ros']
[0.142s] Level 1:colcon.colcon_core.package_identification:_identify(src/nodes_interfaces) by extension 'ros'
[0.143s] DEBUG:colcon.colcon_core.package_identification:Package 'src/nodes_interfaces' with type 'ros.ament_cmake' and name 'nodes_interfaces'
[0.143s] Level 1:colcon.colcon_core.package_identification:_identify(src/nodes_py) by extensions ['ignore', 'ignore_ament_install']
[0.143s] Level 1:colcon.colcon_core.package_identification:_identify(src/nodes_py) by extension 'ignore'
[0.143s] Level 1:colcon.colcon_core.package_identification:_identify(src/nodes_py) by extension 'ignore_ament_install'
[0.143s] Level 1:colcon.colcon_core.package_identification:_identify(src/nodes_py) by extensions ['colcon_pkg']
[0.143s] Level 1:colcon.colcon_core.package_identification:_identify(src/nodes_py) by extension 'colcon_pkg'
[0.143s] Level 1:colcon.colcon_core.package_identification:_identify(src/nodes_py) by extensions ['colcon_meta']
[0.143s] Level 1:colcon.colcon_core.package_identification:_identify(src/nodes_py) by extension 'colcon_meta'
[0.143s] Level 1:colcon.colcon_core.package_identification:_identify(src/nodes_py) by extensions ['ros']
[0.143s] Level 1:colcon.colcon_core.package_identification:_identify(src/nodes_py) by extension 'ros'
[0.143s] DEBUG:colcon.colcon_core.package_identification:Package 'src/nodes_py' with type 'ros.ament_python' and name 'nodes_py'
[0.143s] Level 1:colcon.colcon_core.package_discovery:discover_packages(recursive) using defaults
[0.144s] Level 1:colcon.colcon_core.package_discovery:discover_packages(ignore) discover
[0.144s] Level 1:colcon.colcon_core.package_discovery:discover_packages(ignore) using defaults
[0.144s] Level 1:colcon.colcon_core.package_discovery:discover_packages(path) discover
[0.144s] Level 1:colcon.colcon_core.package_discovery:discover_packages(path) using defaults
[0.157s] Level 1:colcon.colcon_core.package_discovery:discover_packages(prefix_path) check parameters
[0.157s] Level 1:colcon.colcon_core.package_discovery:discover_packages(prefix_path) discover
[0.158s] DEBUG:colcon.colcon_installed_package_information.package_discovery:Found 3 installed packages in /home/kejun/git_dir/ros2_project/ros2_from_scratch_book/ros2_ws/install
[0.159s] DEBUG:colcon.colcon_installed_package_information.package_discovery:Found 285 installed packages in /opt/ros/jazzy
[0.160s] Level 1:colcon.colcon_core.package_discovery:discover_packages(prefix_path) using defaults
[0.195s] Level 5:colcon.colcon_core.verb:set package 'nodes_interfaces' build argument 'cmake_args' from command line to 'None'
[0.195s] Level 5:colcon.colcon_core.verb:set package 'nodes_interfaces' build argument 'cmake_target' from command line to 'None'
[0.195s] Level 5:colcon.colcon_core.verb:set package 'nodes_interfaces' build argument 'cmake_target_skip_unavailable' from command line to 'False'
[0.195s] Level 5:colcon.colcon_core.verb:set package 'nodes_interfaces' build argument 'cmake_clean_cache' from command line to 'False'
[0.195s] Level 5:colcon.colcon_core.verb:set package 'nodes_interfaces' build argument 'cmake_clean_first' from command line to 'False'
[0.195s] Level 5:colcon.colcon_core.verb:set package 'nodes_interfaces' build argument 'cmake_force_configure' from command line to 'False'
[0.195s] Level 5:colcon.colcon_core.verb:set package 'nodes_interfaces' build argument 'ament_cmake_args' from command line to 'None'
[0.195s] Level 5:colcon.colcon_core.verb:set package 'nodes_interfaces' build argument 'catkin_cmake_args' from command line to 'None'
[0.195s] Level 5:colcon.colcon_core.verb:set package 'nodes_interfaces' build argument 'catkin_skip_building_tests' from command line to 'False'
[0.196s] DEBUG:colcon.colcon_core.verb:Building package 'nodes_interfaces' with the following arguments: {'ament_cmake_args': None, 'build_base': '/home/kejun/git_dir/ros2_project/course/node_ws/build/nodes_interfaces', 'catkin_cmake_args': None, 'catkin_skip_building_tests': False, 'cmake_args': None, 'cmake_clean_cache': False, 'cmake_clean_first': False, 'cmake_force_configure': False, 'cmake_target': None, 'cmake_target_skip_unavailable': False, 'install_base': '/home/kejun/git_dir/ros2_project/course/node_ws/install/nodes_interfaces', 'merge_install': False, 'path': '/home/kejun/git_dir/ros2_project/course/node_ws/src/nodes_interfaces', 'symlink_install': False, 'test_result_base': None}
[0.196s] Level 5:colcon.colcon_core.verb:set package 'nodes_py' build argument 'cmake_args' from command line to 'None'
[0.196s] Level 5:colcon.colcon_core.verb:set package 'nodes_py' build argument 'cmake_target' from command line to 'None'
[0.196s] Level 5:colcon.colcon_core.verb:set package 'nodes_py' build argument 'cmake_target_skip_unavailable' from command line to 'False'
[0.196s] Level 5:colcon.colcon_core.verb:set package 'nodes_py' build argument 'cmake_clean_cache' from command line to 'False'
[0.196s] Level 5:colcon.colcon_core.verb:set package 'nodes_py' build argument 'cmake_clean_first' from command line to 'False'
[0.196s] Level 5:colcon.colcon_core.verb:set package 'nodes_py' build argument 'cmake_force_configure' from command line to 'False'
[0.196s] Level 5:colcon.colcon_core.verb:set package 'nodes_py' build argument 'ament_cmake_args' from command line to 'None'
[0.196s] Level 5:colcon.colcon_core.verb:set package 'nodes_py' build argument 'catkin_cmake_args' from command line to 'None'
[0.196s] Level 5:colcon.colcon_core.verb:set package 'nodes_py' build argument 'catkin_skip_building_tests' from command line to 'False'
[0.196s] DEBUG:colcon.colcon_core.verb:Building package 'nodes_py' with the following arguments: {'ament_cmake_args': None, 'build_base': '/home/kejun/git_dir/ros2_project/course/node_ws/build/nodes_py', 'catkin_cmake_args': None, 'catkin_skip_building_tests': False, 'cmake_args': None, 'cmake_clean_cache': False, 'cmake_clean_first': False, 'cmake_force_configure': False, 'cmake_target': None, 'cmake_target_skip_unavailable': False, 'install_base': '/home/kejun/git_dir/ros2_project/course/node_ws/install/nodes_py', 'merge_install': False, 'path': '/home/kejun/git_dir/ros2_project/course/node_ws/src/nodes_py', 'symlink_install': False, 'test_result_base': None}
[0.196s] Level 5:colcon.colcon_core.verb:set package 'nodes_bringup' build argument 'cmake_args' from command line to 'None'
[0.196s] Level 5:colcon.colcon_core.verb:set package 'nodes_bringup' build argument 'cmake_target' from command line to 'None'
[0.196s] Level 5:colcon.colcon_core.verb:set package 'nodes_bringup' build argument 'cmake_target_skip_unavailable' from command line to 'False'
[0.196s] Level 5:colcon.colcon_core.verb:set package 'nodes_bringup' build argument 'cmake_clean_cache' from command line to 'False'
[0.196s] Level 5:colcon.colcon_core.verb:set package 'nodes_bringup' build argument 'cmake_clean_first' from command line to 'False'
[0.196s] Level 5:colcon.colcon_core.verb:set package 'nodes_bringup' build argument 'cmake_force_configure' from command line to 'False'
[0.196s] Level 5:colcon.colcon_core.verb:set package 'nodes_bringup' build argument 'ament_cmake_args' from command line to 'None'
[0.196s] Level 5:colcon.colcon_core.verb:set package 'nodes_bringup' build argument 'catkin_cmake_args' from command line to 'None'
[0.196s] Level 5:colcon.colcon_core.verb:set package 'nodes_bringup' build argument 'catkin_skip_building_tests' from command line to 'False'
[0.196s] DEBUG:colcon.colcon_core.verb:Building package 'nodes_bringup' with the following arguments: {'ament_cmake_args': None, 'build_base': '/home/kejun/git_dir/ros2_project/course/node_ws/build/nodes_bringup', 'catkin_cmake_args': None, 'catkin_skip_building_tests': False, 'cmake_args': None, 'cmake_clean_cache': False, 'cmake_clean_first': False, 'cmake_force_configure': False, 'cmake_target': None, 'cmake_target_skip_unavailable': False, 'install_base': '/home/kejun/git_dir/ros2_project/course/node_ws/install/nodes_bringup', 'merge_install': False, 'path': '/home/kejun/git_dir/ros2_project/course/node_ws/src/nodes_bringup', 'symlink_install': False, 'test_result_base': None}
[0.196s] INFO:colcon.colcon_core.executor:Executing jobs using 'parallel' executor
[0.197s] DEBUG:colcon.colcon_parallel_executor.executor.parallel:run_until_complete
[0.197s] INFO:colcon.colcon_ros.task.ament_cmake.build:Building ROS package in '/home/kejun/git_dir/ros2_project/course/node_ws/src/nodes_interfaces' with build type 'ament_cmake'
[0.198s] INFO:colcon.colcon_cmake.task.cmake.build:Building CMake package in '/home/kejun/git_dir/ros2_project/course/node_ws/src/nodes_interfaces'
[0.199s] INFO:colcon.colcon_core.plugin_system:Skipping extension 'colcon_core.shell.bat': Not used on non-Windows systems
[0.199s] INFO:colcon.colcon_core.shell:Skip shell extension 'powershell' for command environment: Not usable outside of PowerShell
[0.199s] DEBUG:colcon.colcon_core.shell:Skip shell extension 'dsv' for command environment
[0.205s] DEBUG:colcon.colcon_core.event_handler.log_command:Invoking command in '/home/kejun/git_dir/ros2_project/course/node_ws/build/nodes_interfaces': CMAKE_PREFIX_PATH=${CMAKE_PREFIX_PATH}:/home/kejun/git_dir/ros2_project/ros2_from_scratch_book/ros2_ws/install/my_py_pkg:/opt/ros/jazzy /usr/bin/cmake /home/kejun/git_dir/ros2_project/course/node_ws/src/nodes_interfaces -DCMAKE_INSTALL_PREFIX=/home/kejun/git_dir/ros2_project/course/node_ws/install/nodes_interfaces
[2.663s] DEBUG:colcon.colcon_core.event_handler.log_command:Invoked command in '/home/kejun/git_dir/ros2_project/course/node_ws/build/nodes_interfaces' returned '0': CMAKE_PREFIX_PATH=${CMAKE_PREFIX_PATH}:/home/kejun/git_dir/ros2_project/ros2_from_scratch_book/ros2_ws/install/my_py_pkg:/opt/ros/jazzy /usr/bin/cmake /home/kejun/git_dir/ros2_project/course/node_ws/src/nodes_interfaces -DCMAKE_INSTALL_PREFIX=/home/kejun/git_dir/ros2_project/course/node_ws/install/nodes_interfaces
[2.664s] DEBUG:colcon.colcon_core.event_handler.log_command:Invoking command in '/home/kejun/git_dir/ros2_project/course/node_ws/build/nodes_interfaces': CMAKE_PREFIX_PATH=${CMAKE_PREFIX_PATH}:/home/kejun/git_dir/ros2_project/ros2_from_scratch_book/ros2_ws/install/my_py_pkg:/opt/ros/jazzy /usr/bin/cmake --build /home/kejun/git_dir/ros2_project/course/node_ws/build/nodes_interfaces -- -j16 -l16
[5.037s] DEBUG:colcon.colcon_core.event_handler.log_command:Invoked command in '/home/kejun/git_dir/ros2_project/course/node_ws/build/nodes_interfaces' returned '0': CMAKE_PREFIX_PATH=${CMAKE_PREFIX_PATH}:/home/kejun/git_dir/ros2_project/ros2_from_scratch_book/ros2_ws/install/my_py_pkg:/opt/ros/jazzy /usr/bin/cmake --build /home/kejun/git_dir/ros2_project/course/node_ws/build/nodes_interfaces -- -j16 -l16
[5.043s] DEBUG:colcon.colcon_core.event_handler.log_command:Invoking command in '/home/kejun/git_dir/ros2_project/course/node_ws/build/nodes_interfaces': CMAKE_PREFIX_PATH=${CMAKE_PREFIX_PATH}:/home/kejun/git_dir/ros2_project/ros2_from_scratch_book/ros2_ws/install/my_py_pkg:/opt/ros/jazzy /usr/bin/cmake --install /home/kejun/git_dir/ros2_project/course/node_ws/build/nodes_interfaces
[5.104s] Level 1:colcon.colcon_core.environment:create_environment_scripts_only(nodes_interfaces)
[5.105s] DEBUG:colcon.colcon_core.event_handler.log_command:Invoked command in '/home/kejun/git_dir/ros2_project/course/node_ws/build/nodes_interfaces' returned '0': CMAKE_PREFIX_PATH=${CMAKE_PREFIX_PATH}:/home/kejun/git_dir/ros2_project/ros2_from_scratch_book/ros2_ws/install/my_py_pkg:/opt/ros/jazzy /usr/bin/cmake --install /home/kejun/git_dir/ros2_project/course/node_ws/build/nodes_interfaces
[5.106s] Level 1:colcon.colcon_core.environment:checking '/home/kejun/git_dir/ros2_project/course/node_ws/install/nodes_interfaces' for CMake module files
[5.107s] Level 1:colcon.colcon_core.environment:checking '/home/kejun/git_dir/ros2_project/course/node_ws/install/nodes_interfaces' for CMake config files
[5.107s] Level 1:colcon.colcon_core.shell:create_environment_hook('nodes_interfaces', 'cmake_prefix_path')
[5.107s] INFO:colcon.colcon_core.shell:Creating environment hook '/home/kejun/git_dir/ros2_project/course/node_ws/install/nodes_interfaces/share/nodes_interfaces/hook/cmake_prefix_path.ps1'
[5.108s] INFO:colcon.colcon_core.shell:Creating environment descriptor '/home/kejun/git_dir/ros2_project/course/node_ws/install/nodes_interfaces/share/nodes_interfaces/hook/cmake_prefix_path.dsv'
[5.108s] INFO:colcon.colcon_core.shell:Creating environment hook '/home/kejun/git_dir/ros2_project/course/node_ws/install/nodes_interfaces/share/nodes_interfaces/hook/cmake_prefix_path.sh'
[5.109s] Level 1:colcon.colcon_core.environment:checking '/home/kejun/git_dir/ros2_project/course/node_ws/install/nodes_interfaces/lib'
[5.109s] Level 1:colcon.colcon_core.shell:create_environment_hook('nodes_interfaces', 'ld_library_path_lib')
[5.109s] INFO:colcon.colcon_core.shell:Creating environment hook '/home/kejun/git_dir/ros2_project/course/node_ws/install/nodes_interfaces/share/nodes_interfaces/hook/ld_library_path_lib.ps1'
[5.109s] INFO:colcon.colcon_core.shell:Creating environment descriptor '/home/kejun/git_dir/ros2_project/course/node_ws/install/nodes_interfaces/share/nodes_interfaces/hook/ld_library_path_lib.dsv'
[5.110s] INFO:colcon.colcon_core.shell:Creating environment hook '/home/kejun/git_dir/ros2_project/course/node_ws/install/nodes_interfaces/share/nodes_interfaces/hook/ld_library_path_lib.sh'
[5.110s] Level 1:colcon.colcon_core.environment:checking '/home/kejun/git_dir/ros2_project/course/node_ws/install/nodes_interfaces/bin'
[5.110s] Level 1:colcon.colcon_core.environment:checking '/home/kejun/git_dir/ros2_project/course/node_ws/install/nodes_interfaces/lib/pkgconfig/nodes_interfaces.pc'
[5.110s] Level 1:colcon.colcon_core.environment:checking '/home/kejun/git_dir/ros2_project/course/node_ws/install/nodes_interfaces/lib/python3.12/site-packages'
[5.110s] Level 1:colcon.colcon_core.shell:create_environment_hook('nodes_interfaces', 'pythonpath')
[5.110s] INFO:colcon.colcon_core.shell:Creating environment hook '/home/kejun/git_dir/ros2_project/course/node_ws/install/nodes_interfaces/share/nodes_interfaces/hook/pythonpath.ps1'
[5.111s] INFO:colcon.colcon_core.shell:Creating environment descriptor '/home/kejun/git_dir/ros2_project/course/node_ws/install/nodes_interfaces/share/nodes_interfaces/hook/pythonpath.dsv'
[5.111s] INFO:colcon.colcon_core.shell:Creating environment hook '/home/kejun/git_dir/ros2_project/course/node_ws/install/nodes_interfaces/share/nodes_interfaces/hook/pythonpath.sh'
[5.111s] Level 1:colcon.colcon_core.environment:checking '/home/kejun/git_dir/ros2_project/course/node_ws/install/nodes_interfaces/bin'
[5.112s] INFO:colcon.colcon_core.shell:Creating package script '/home/kejun/git_dir/ros2_project/course/node_ws/install/nodes_interfaces/share/nodes_interfaces/package.ps1'
[5.112s] INFO:colcon.colcon_core.shell:Creating package descriptor '/home/kejun/git_dir/ros2_project/course/node_ws/install/nodes_interfaces/share/nodes_interfaces/package.dsv'
[5.113s] INFO:colcon.colcon_core.shell:Creating package script '/home/kejun/git_dir/ros2_project/course/node_ws/install/nodes_interfaces/share/nodes_interfaces/package.sh'
[5.113s] INFO:colcon.colcon_core.shell:Creating package script '/home/kejun/git_dir/ros2_project/course/node_ws/install/nodes_interfaces/share/nodes_interfaces/package.bash'
[5.114s] INFO:colcon.colcon_core.shell:Creating package script '/home/kejun/git_dir/ros2_project/course/node_ws/install/nodes_interfaces/share/nodes_interfaces/package.zsh'
[5.114s] Level 1:colcon.colcon_core.environment:create_file_with_runtime_dependencies(/home/kejun/git_dir/ros2_project/course/node_ws/install/nodes_interfaces/share/colcon-core/packages/nodes_interfaces)
[5.115s] Level 1:colcon.colcon_core.environment:create_environment_scripts_only(nodes_interfaces)
[5.115s] Level 1:colcon.colcon_core.environment:checking '/home/kejun/git_dir/ros2_project/course/node_ws/install/nodes_interfaces' for CMake module files
[5.115s] Level 1:colcon.colcon_core.environment:checking '/home/kejun/git_dir/ros2_project/course/node_ws/install/nodes_interfaces' for CMake config files
[5.116s] Level 1:colcon.colcon_core.shell:create_environment_hook('nodes_interfaces', 'cmake_prefix_path')
[5.116s] INFO:colcon.colcon_core.shell:Creating environment hook '/home/kejun/git_dir/ros2_project/course/node_ws/install/nodes_interfaces/share/nodes_interfaces/hook/cmake_prefix_path.ps1'
[5.116s] INFO:colcon.colcon_core.shell:Creating environment descriptor '/home/kejun/git_dir/ros2_project/course/node_ws/install/nodes_interfaces/share/nodes_interfaces/hook/cmake_prefix_path.dsv'
[5.116s] INFO:colcon.colcon_core.shell:Creating environment hook '/home/kejun/git_dir/ros2_project/course/node_ws/install/nodes_interfaces/share/nodes_interfaces/hook/cmake_prefix_path.sh'
[5.117s] Level 1:colcon.colcon_core.environment:checking '/home/kejun/git_dir/ros2_project/course/node_ws/install/nodes_interfaces/lib'
[5.117s] Level 1:colcon.colcon_core.shell:create_environment_hook('nodes_interfaces', 'ld_library_path_lib')
[5.117s] INFO:colcon.colcon_core.shell:Creating environment hook '/home/kejun/git_dir/ros2_project/course/node_ws/install/nodes_interfaces/share/nodes_interfaces/hook/ld_library_path_lib.ps1'
[5.117s] INFO:colcon.colcon_core.shell:Creating environment descriptor '/home/kejun/git_dir/ros2_project/course/node_ws/install/nodes_interfaces/share/nodes_interfaces/hook/ld_library_path_lib.dsv'
[5.118s] INFO:colcon.colcon_core.shell:Creating environment hook '/home/kejun/git_dir/ros2_project/course/node_ws/install/nodes_interfaces/share/nodes_interfaces/hook/ld_library_path_lib.sh'
[5.118s] Level 1:colcon.colcon_core.environment:checking '/home/kejun/git_dir/ros2_project/course/node_ws/install/nodes_interfaces/bin'
[5.118s] Level 1:colcon.colcon_core.environment:checking '/home/kejun/git_dir/ros2_project/course/node_ws/install/nodes_interfaces/lib/pkgconfig/nodes_interfaces.pc'
[5.118s] Level 1:colcon.colcon_core.environment:checking '/home/kejun/git_dir/ros2_project/course/node_ws/install/nodes_interfaces/lib/python3.12/site-packages'
[5.118s] Level 1:colcon.colcon_core.shell:create_environment_hook('nodes_interfaces', 'pythonpath')
[5.118s] INFO:colcon.colcon_core.shell:Creating environment hook '/home/kejun/git_dir/ros2_project/course/node_ws/install/nodes_interfaces/share/nodes_interfaces/hook/pythonpath.ps1'
[5.119s] INFO:colcon.colcon_core.shell:Creating environment descriptor '/home/kejun/git_dir/ros2_project/course/node_ws/install/nodes_interfaces/share/nodes_interfaces/hook/pythonpath.dsv'
[5.119s] INFO:colcon.colcon_core.shell:Creating environment hook '/home/kejun/git_dir/ros2_project/course/node_ws/install/nodes_interfaces/share/nodes_interfaces/hook/pythonpath.sh'
[5.119s] Level 1:colcon.colcon_core.environment:checking '/home/kejun/git_dir/ros2_project/course/node_ws/install/nodes_interfaces/bin'
[5.120s] INFO:colcon.colcon_core.shell:Creating package script '/home/kejun/git_dir/ros2_project/course/node_ws/install/nodes_interfaces/share/nodes_interfaces/package.ps1'
[5.120s] INFO:colcon.colcon_core.shell:Creating package descriptor '/home/kejun/git_dir/ros2_project/course/node_ws/install/nodes_interfaces/share/nodes_interfaces/package.dsv'
[5.120s] INFO:colcon.colcon_core.shell:Creating package script '/home/kejun/git_dir/ros2_project/course/node_ws/install/nodes_interfaces/share/nodes_interfaces/package.sh'
[5.121s] INFO:colcon.colcon_core.shell:Creating package script '/home/kejun/git_dir/ros2_project/course/node_ws/install/nodes_interfaces/share/nodes_interfaces/package.bash'
[5.121s] INFO:colcon.colcon_core.shell:Creating package script '/home/kejun/git_dir/ros2_project/course/node_ws/install/nodes_interfaces/share/nodes_interfaces/package.zsh'
[5.121s] Level 1:colcon.colcon_core.environment:create_file_with_runtime_dependencies(/home/kejun/git_dir/ros2_project/course/node_ws/install/nodes_interfaces/share/colcon-core/packages/nodes_interfaces)
[5.121s] INFO:colcon.colcon_ros.task.ament_python.build:Building ROS package in '/home/kejun/git_dir/ros2_project/course/node_ws/src/nodes_py' with build type 'ament_python'
[5.122s] Level 1:colcon.colcon_core.shell:create_environment_hook('nodes_py', 'ament_prefix_path')
[5.122s] INFO:colcon.colcon_core.shell:Creating environment hook '/home/kejun/git_dir/ros2_project/course/node_ws/install/nodes_py/share/nodes_py/hook/ament_prefix_path.ps1'
[5.122s] INFO:colcon.colcon_core.shell:Creating environment descriptor '/home/kejun/git_dir/ros2_project/course/node_ws/install/nodes_py/share/nodes_py/hook/ament_prefix_path.dsv'
[5.122s] INFO:colcon.colcon_core.shell:Creating environment hook '/home/kejun/git_dir/ros2_project/course/node_ws/install/nodes_py/share/nodes_py/hook/ament_prefix_path.sh'
[5.123s] INFO:colcon.colcon_core.shell:Skip shell extension 'powershell' for command environment: Not usable outside of PowerShell
[5.123s] DEBUG:colcon.colcon_core.shell:Skip shell extension 'dsv' for command environment
[5.304s] INFO:colcon.colcon_core.task.python.build:Building Python package in '/home/kejun/git_dir/ros2_project/course/node_ws/src/nodes_py'
[5.305s] INFO:colcon.colcon_core.shell:Skip shell extension 'powershell' for command environment: Not usable outside of PowerShell
[5.305s] DEBUG:colcon.colcon_core.shell:Skip shell extension 'dsv' for command environment
[5.835s] DEBUG:colcon.colcon_core.event_handler.log_command:Invoking command in '/home/kejun/git_dir/ros2_project/course/node_ws/src/nodes_py': AMENT_PREFIX_PATH=/home/kejun/git_dir/ros2_project/course/node_ws/install/nodes_interfaces:${AMENT_PREFIX_PATH} CMAKE_PREFIX_PATH=/home/kejun/git_dir/ros2_project/course/node_ws/install/nodes_interfaces:${CMAKE_PREFIX_PATH} LD_LIBRARY_PATH=/home/kejun/git_dir/ros2_project/course/node_ws/install/nodes_interfaces/lib:${LD_LIBRARY_PATH} PYTHONPATH=/home/kejun/git_dir/ros2_project/course/node_ws/build/nodes_py/prefix_override:/usr/lib/python3/dist-packages/colcon_core/task/python/colcon_distutils_commands:/home/kejun/git_dir/ros2_project/course/node_ws/install/nodes_py/lib/python3.12/site-packages:/home/kejun/git_dir/ros2_project/course/node_ws/install/nodes_interfaces/lib/python3.12/site-packages:${PYTHONPATH} /usr/bin/python3 -W ignore:setup.py install is deprecated -W ignore:easy_install command is deprecated setup.py egg_info --egg-base ../../build/nodes_py build --build-base /home/kejun/git_dir/ros2_project/course/node_ws/build/nodes_py/build install --record /home/kejun/git_dir/ros2_project/course/node_ws/build/nodes_py/install.log --single-version-externally-managed install_data
[6.299s] Level 1:colcon.colcon_core.environment:checking '/home/kejun/git_dir/ros2_project/course/node_ws/install/nodes_py' for CMake module files
[6.300s] DEBUG:colcon.colcon_core.event_handler.log_command:Invoked command in '/home/kejun/git_dir/ros2_project/course/node_ws/src/nodes_py' returned '0': AMENT_PREFIX_PATH=/home/kejun/git_dir/ros2_project/course/node_ws/install/nodes_interfaces:${AMENT_PREFIX_PATH} CMAKE_PREFIX_PATH=/home/kejun/git_dir/ros2_project/course/node_ws/install/nodes_interfaces:${CMAKE_PREFIX_PATH} LD_LIBRARY_PATH=/home/kejun/git_dir/ros2_project/course/node_ws/install/nodes_interfaces/lib:${LD_LIBRARY_PATH} PYTHONPATH=/home/kejun/git_dir/ros2_project/course/node_ws/build/nodes_py/prefix_override:/usr/lib/python3/dist-packages/colcon_core/task/python/colcon_distutils_commands:/home/kejun/git_dir/ros2_project/course/node_ws/install/nodes_py/lib/python3.12/site-packages:/home/kejun/git_dir/ros2_project/course/node_ws/install/nodes_interfaces/lib/python3.12/site-packages:${PYTHONPATH} /usr/bin/python3 -W ignore:setup.py install is deprecated -W ignore:easy_install command is deprecated setup.py egg_info --egg-base ../../build/nodes_py build --build-base /home/kejun/git_dir/ros2_project/course/node_ws/build/nodes_py/build install --record /home/kejun/git_dir/ros2_project/course/node_ws/build/nodes_py/install.log --single-version-externally-managed install_data
[6.300s] Level 1:colcon.colcon_core.environment:checking '/home/kejun/git_dir/ros2_project/course/node_ws/install/nodes_py' for CMake config files
[6.301s] Level 1:colcon.colcon_core.environment:checking '/home/kejun/git_dir/ros2_project/course/node_ws/install/nodes_py/lib'
[6.301s] Level 1:colcon.colcon_core.environment:checking '/home/kejun/git_dir/ros2_project/course/node_ws/install/nodes_py/bin'
[6.301s] Level 1:colcon.colcon_core.environment:checking '/home/kejun/git_dir/ros2_project/course/node_ws/install/nodes_py/lib/pkgconfig/nodes_py.pc'
[6.301s] Level 1:colcon.colcon_core.environment:checking '/home/kejun/git_dir/ros2_project/course/node_ws/install/nodes_py/lib/python3.12/site-packages'
[6.301s] Level 1:colcon.colcon_core.shell:create_environment_hook('nodes_py', 'pythonpath')
[6.301s] INFO:colcon.colcon_core.shell:Creating environment hook '/home/kejun/git_dir/ros2_project/course/node_ws/install/nodes_py/share/nodes_py/hook/pythonpath.ps1'
[6.302s] INFO:colcon.colcon_core.shell:Creating environment descriptor '/home/kejun/git_dir/ros2_project/course/node_ws/install/nodes_py/share/nodes_py/hook/pythonpath.dsv'
[6.302s] INFO:colcon.colcon_core.shell:Creating environment hook '/home/kejun/git_dir/ros2_project/course/node_ws/install/nodes_py/share/nodes_py/hook/pythonpath.sh'
[6.303s] Level 1:colcon.colcon_core.environment:checking '/home/kejun/git_dir/ros2_project/course/node_ws/install/nodes_py/bin'
[6.303s] Level 1:colcon.colcon_core.environment:create_environment_scripts_only(nodes_py)
[6.303s] INFO:colcon.colcon_core.shell:Creating package script '/home/kejun/git_dir/ros2_project/course/node_ws/install/nodes_py/share/nodes_py/package.ps1'
[6.303s] INFO:colcon.colcon_core.shell:Creating package descriptor '/home/kejun/git_dir/ros2_project/course/node_ws/install/nodes_py/share/nodes_py/package.dsv'
[6.304s] INFO:colcon.colcon_core.shell:Creating package script '/home/kejun/git_dir/ros2_project/course/node_ws/install/nodes_py/share/nodes_py/package.sh'
[6.304s] INFO:colcon.colcon_core.shell:Creating package script '/home/kejun/git_dir/ros2_project/course/node_ws/install/nodes_py/share/nodes_py/package.bash'
[6.304s] INFO:colcon.colcon_core.shell:Creating package script '/home/kejun/git_dir/ros2_project/course/node_ws/install/nodes_py/share/nodes_py/package.zsh'
[6.304s] Level 1:colcon.colcon_core.environment:create_file_with_runtime_dependencies(/home/kejun/git_dir/ros2_project/course/node_ws/install/nodes_py/share/colcon-core/packages/nodes_py)
[6.305s] INFO:colcon.colcon_ros.task.ament_cmake.build:Building ROS package in '/home/kejun/git_dir/ros2_project/course/node_ws/src/nodes_bringup' with build type 'ament_cmake'
[6.305s] INFO:colcon.colcon_cmake.task.cmake.build:Building CMake package in '/home/kejun/git_dir/ros2_project/course/node_ws/src/nodes_bringup'
[6.305s] INFO:colcon.colcon_core.shell:Skip shell extension 'powershell' for command environment: Not usable outside of PowerShell
[6.305s] DEBUG:colcon.colcon_core.shell:Skip shell extension 'dsv' for command environment
[6.314s] DEBUG:colcon.colcon_core.event_handler.log_command:Invoking command in '/home/kejun/git_dir/ros2_project/course/node_ws/build/nodes_bringup': AMENT_PREFIX_PATH=/home/kejun/git_dir/ros2_project/course/node_ws/install/nodes_py:/home/kejun/git_dir/ros2_project/course/node_ws/install/nodes_interfaces:${AMENT_PREFIX_PATH} CMAKE_PREFIX_PATH=/home/kejun/git_dir/ros2_project/course/node_ws/install/nodes_interfaces:/home/kejun/git_dir/ros2_project/ros2_from_scratch_book/ros2_ws/install/my_cpp_pkg:/home/kejun/git_dir/ros2_project/ros2_from_scratch_book/ros2_ws/install/my_robot_interfaces:/opt/ros/jazzy/opt/gz_math_vendor:/opt/ros/jazzy/opt/gz_utils_vendor:/opt/ros/jazzy/opt/gz_cmake_vendor:/home/kejun/git_dir/ros2_project/ros2_from_scratch_book/ros2_ws/install/my_py_pkg:/opt/ros/jazzy LD_LIBRARY_PATH=/home/kejun/git_dir/ros2_project/course/node_ws/install/nodes_interfaces/lib:${LD_LIBRARY_PATH} PYTHONPATH=/home/kejun/git_dir/ros2_project/course/node_ws/install/nodes_py/lib/python3.12/site-packages:/home/kejun/git_dir/ros2_project/course/node_ws/install/nodes_interfaces/lib/python3.12/site-packages:${PYTHONPATH} /usr/bin/cmake /home/kejun/git_dir/ros2_project/course/node_ws/src/nodes_bringup -DCMAKE_INSTALL_PREFIX=/home/kejun/git_dir/ros2_project/course/node_ws/install/nodes_bringup
[6.850s] DEBUG:colcon.colcon_core.event_handler.log_command:Invoked command in '/home/kejun/git_dir/ros2_project/course/node_ws/build/nodes_bringup' returned '0': AMENT_PREFIX_PATH=/home/kejun/git_dir/ros2_project/course/node_ws/install/nodes_py:/home/kejun/git_dir/ros2_project/course/node_ws/install/nodes_interfaces:${AMENT_PREFIX_PATH} CMAKE_PREFIX_PATH=/home/kejun/git_dir/ros2_project/course/node_ws/install/nodes_interfaces:/home/kejun/git_dir/ros2_project/ros2_from_scratch_book/ros2_ws/install/my_cpp_pkg:/home/kejun/git_dir/ros2_project/ros2_from_scratch_book/ros2_ws/install/my_robot_interfaces:/opt/ros/jazzy/opt/gz_math_vendor:/opt/ros/jazzy/opt/gz_utils_vendor:/opt/ros/jazzy/opt/gz_cmake_vendor:/home/kejun/git_dir/ros2_project/ros2_from_scratch_book/ros2_ws/install/my_py_pkg:/opt/ros/jazzy LD_LIBRARY_PATH=/home/kejun/git_dir/ros2_project/course/node_ws/install/nodes_interfaces/lib:${LD_LIBRARY_PATH} PYTHONPATH=/home/kejun/git_dir/ros2_project/course/node_ws/install/nodes_py/lib/python3.12/site-packages:/home/kejun/git_dir/ros2_project/course/node_ws/install/nodes_interfaces/lib/python3.12/site-packages:${PYTHONPATH} /usr/bin/cmake /home/kejun/git_dir/ros2_project/course/node_ws/src/nodes_bringup -DCMAKE_INSTALL_PREFIX=/home/kejun/git_dir/ros2_project/course/node_ws/install/nodes_bringup
[6.851s] DEBUG:colcon.colcon_core.event_handler.log_command:Invoking command in '/home/kejun/git_dir/ros2_project/course/node_ws/build/nodes_bringup': AMENT_PREFIX_PATH=/home/kejun/git_dir/ros2_project/course/node_ws/install/nodes_py:/home/kejun/git_dir/ros2_project/course/node_ws/install/nodes_interfaces:${AMENT_PREFIX_PATH} CMAKE_PREFIX_PATH=/home/kejun/git_dir/ros2_project/course/node_ws/install/nodes_interfaces:/home/kejun/git_dir/ros2_project/ros2_from_scratch_book/ros2_ws/install/my_cpp_pkg:/home/kejun/git_dir/ros2_project/ros2_from_scratch_book/ros2_ws/install/my_robot_interfaces:/opt/ros/jazzy/opt/gz_math_vendor:/opt/ros/jazzy/opt/gz_utils_vendor:/opt/ros/jazzy/opt/gz_cmake_vendor:/home/kejun/git_dir/ros2_project/ros2_from_scratch_book/ros2_ws/install/my_py_pkg:/opt/ros/jazzy LD_LIBRARY_PATH=/home/kejun/git_dir/ros2_project/course/node_ws/install/nodes_interfaces/lib:${LD_LIBRARY_PATH} PYTHONPATH=/home/kejun/git_dir/ros2_project/course/node_ws/install/nodes_py/lib/python3.12/site-packages:/home/kejun/git_dir/ros2_project/course/node_ws/install/nodes_interfaces/lib/python3.12/site-packages:${PYTHONPATH} /usr/bin/cmake --build /home/kejun/git_dir/ros2_project/course/node_ws/build/nodes_bringup -- -j16 -l16
[6.876s] DEBUG:colcon.colcon_core.event_handler.log_command:Invoked command in '/home/kejun/git_dir/ros2_project/course/node_ws/build/nodes_bringup' returned '0': AMENT_PREFIX_PATH=/home/kejun/git_dir/ros2_project/course/node_ws/install/nodes_py:/home/kejun/git_dir/ros2_project/course/node_ws/install/nodes_interfaces:${AMENT_PREFIX_PATH} CMAKE_PREFIX_PATH=/home/kejun/git_dir/ros2_project/course/node_ws/install/nodes_interfaces:/home/kejun/git_dir/ros2_project/ros2_from_scratch_book/ros2_ws/install/my_cpp_pkg:/home/kejun/git_dir/ros2_project/ros2_from_scratch_book/ros2_ws/install/my_robot_interfaces:/opt/ros/jazzy/opt/gz_math_vendor:/opt/ros/jazzy/opt/gz_utils_vendor:/opt/ros/jazzy/opt/gz_cmake_vendor:/home/kejun/git_dir/ros2_project/ros2_from_scratch_book/ros2_ws/install/my_py_pkg:/opt/ros/jazzy LD_LIBRARY_PATH=/home/kejun/git_dir/ros2_project/course/node_ws/install/nodes_interfaces/lib:${LD_LIBRARY_PATH} PYTHONPATH=/home/kejun/git_dir/ros2_project/course/node_ws/install/nodes_py/lib/python3.12/site-packages:/home/kejun/git_dir/ros2_project/course/node_ws/install/nodes_interfaces/lib/python3.12/site-packages:${PYTHONPATH} /usr/bin/cmake --build /home/kejun/git_dir/ros2_project/course/node_ws/build/nodes_bringup -- -j16 -l16
[6.878s] DEBUG:colcon.colcon_core.event_handler.log_command:Invoking command in '/home/kejun/git_dir/ros2_project/course/node_ws/build/nodes_bringup': AMENT_PREFIX_PATH=/home/kejun/git_dir/ros2_project/course/node_ws/install/nodes_py:/home/kejun/git_dir/ros2_project/course/node_ws/install/nodes_interfaces:${AMENT_PREFIX_PATH} CMAKE_PREFIX_PATH=/home/kejun/git_dir/ros2_project/course/node_ws/install/nodes_interfaces:/home/kejun/git_dir/ros2_project/ros2_from_scratch_book/ros2_ws/install/my_cpp_pkg:/home/kejun/git_dir/ros2_project/ros2_from_scratch_book/ros2_ws/install/my_robot_interfaces:/opt/ros/jazzy/opt/gz_math_vendor:/opt/ros/jazzy/opt/gz_utils_vendor:/opt/ros/jazzy/opt/gz_cmake_vendor:/home/kejun/git_dir/ros2_project/ros2_from_scratch_book/ros2_ws/install/my_py_pkg:/opt/ros/jazzy LD_LIBRARY_PATH=/home/kejun/git_dir/ros2_project/course/node_ws/install/nodes_interfaces/lib:${LD_LIBRARY_PATH} PYTHONPATH=/home/kejun/git_dir/ros2_project/course/node_ws/install/nodes_py/lib/python3.12/site-packages:/home/kejun/git_dir/ros2_project/course/node_ws/install/nodes_interfaces/lib/python3.12/site-packages:${PYTHONPATH} /usr/bin/cmake --install /home/kejun/git_dir/ros2_project/course/node_ws/build/nodes_bringup
[6.886s] Level 1:colcon.colcon_core.environment:create_environment_scripts_only(nodes_bringup)
[6.886s] Level 1:colcon.colcon_core.environment:checking '/home/kejun/git_dir/ros2_project/course/node_ws/install/nodes_bringup' for CMake module files
[6.887s] DEBUG:colcon.colcon_core.event_handler.log_command:Invoked command in '/home/kejun/git_dir/ros2_project/course/node_ws/build/nodes_bringup' returned '0': AMENT_PREFIX_PATH=/home/kejun/git_dir/ros2_project/course/node_ws/install/nodes_py:/home/kejun/git_dir/ros2_project/course/node_ws/install/nodes_interfaces:${AMENT_PREFIX_PATH} CMAKE_PREFIX_PATH=/home/kejun/git_dir/ros2_project/course/node_ws/install/nodes_interfaces:/home/kejun/git_dir/ros2_project/ros2_from_scratch_book/ros2_ws/install/my_cpp_pkg:/home/kejun/git_dir/ros2_project/ros2_from_scratch_book/ros2_ws/install/my_robot_interfaces:/opt/ros/jazzy/opt/gz_math_vendor:/opt/ros/jazzy/opt/gz_utils_vendor:/opt/ros/jazzy/opt/gz_cmake_vendor:/home/kejun/git_dir/ros2_project/ros2_from_scratch_book/ros2_ws/install/my_py_pkg:/opt/ros/jazzy LD_LIBRARY_PATH=/home/kejun/git_dir/ros2_project/course/node_ws/install/nodes_interfaces/lib:${LD_LIBRARY_PATH} PYTHONPATH=/home/kejun/git_dir/ros2_project/course/node_ws/install/nodes_py/lib/python3.12/site-packages:/home/kejun/git_dir/ros2_project/course/node_ws/install/nodes_interfaces/lib/python3.12/site-packages:${PYTHONPATH} /usr/bin/cmake --install /home/kejun/git_dir/ros2_project/course/node_ws/build/nodes_bringup
[6.887s] Level 1:colcon.colcon_core.environment:checking '/home/kejun/git_dir/ros2_project/course/node_ws/install/nodes_bringup' for CMake config files
[6.887s] Level 1:colcon.colcon_core.shell:create_environment_hook('nodes_bringup', 'cmake_prefix_path')
[6.887s] INFO:colcon.colcon_core.shell:Creating environment hook '/home/kejun/git_dir/ros2_project/course/node_ws/install/nodes_bringup/share/nodes_bringup/hook/cmake_prefix_path.ps1'
[6.888s] INFO:colcon.colcon_core.shell:Creating environment descriptor '/home/kejun/git_dir/ros2_project/course/node_ws/install/nodes_bringup/share/nodes_bringup/hook/cmake_prefix_path.dsv'
[6.888s] INFO:colcon.colcon_core.shell:Creating environment hook '/home/kejun/git_dir/ros2_project/course/node_ws/install/nodes_bringup/share/nodes_bringup/hook/cmake_prefix_path.sh'
[6.888s] Level 1:colcon.colcon_core.environment:checking '/home/kejun/git_dir/ros2_project/course/node_ws/install/nodes_bringup/bin'
[6.888s] Level 1:colcon.colcon_core.environment:checking '/home/kejun/git_dir/ros2_project/course/node_ws/install/nodes_bringup/lib/pkgconfig/nodes_bringup.pc'
[6.889s] Level 1:colcon.colcon_core.environment:checking '/home/kejun/git_dir/ros2_project/course/node_ws/install/nodes_bringup/lib/python3.12/site-packages'
[6.889s] Level 1:colcon.colcon_core.environment:checking '/home/kejun/git_dir/ros2_project/course/node_ws/install/nodes_bringup/bin'
[6.889s] INFO:colcon.colcon_core.shell:Creating package script '/home/kejun/git_dir/ros2_project/course/node_ws/install/nodes_bringup/share/nodes_bringup/package.ps1'
[6.889s] INFO:colcon.colcon_core.shell:Creating package descriptor '/home/kejun/git_dir/ros2_project/course/node_ws/install/nodes_bringup/share/nodes_bringup/package.dsv'
[6.890s] INFO:colcon.colcon_core.shell:Creating package script '/home/kejun/git_dir/ros2_project/course/node_ws/install/nodes_bringup/share/nodes_bringup/package.sh'
[6.890s] INFO:colcon.colcon_core.shell:Creating package script '/home/kejun/git_dir/ros2_project/course/node_ws/install/nodes_bringup/share/nodes_bringup/package.bash'
[6.890s] INFO:colcon.colcon_core.shell:Creating package script '/home/kejun/git_dir/ros2_project/course/node_ws/install/nodes_bringup/share/nodes_bringup/package.zsh'
[6.890s] Level 1:colcon.colcon_core.environment:create_file_with_runtime_dependencies(/home/kejun/git_dir/ros2_project/course/node_ws/install/nodes_bringup/share/colcon-core/packages/nodes_bringup)
[6.891s] Level 1:colcon.colcon_core.environment:create_environment_scripts_only(nodes_bringup)
[6.891s] Level 1:colcon.colcon_core.environment:checking '/home/kejun/git_dir/ros2_project/course/node_ws/install/nodes_bringup' for CMake module files
[6.891s] Level 1:colcon.colcon_core.environment:checking '/home/kejun/git_dir/ros2_project/course/node_ws/install/nodes_bringup' for CMake config files
[6.891s] Level 1:colcon.colcon_core.shell:create_environment_hook('nodes_bringup', 'cmake_prefix_path')
[6.891s] INFO:colcon.colcon_core.shell:Creating environment hook '/home/kejun/git_dir/ros2_project/course/node_ws/install/nodes_bringup/share/nodes_bringup/hook/cmake_prefix_path.ps1'
[6.892s] INFO:colcon.colcon_core.shell:Creating environment descriptor '/home/kejun/git_dir/ros2_project/course/node_ws/install/nodes_bringup/share/nodes_bringup/hook/cmake_prefix_path.dsv'
[6.892s] INFO:colcon.colcon_core.shell:Creating environment hook '/home/kejun/git_dir/ros2_project/course/node_ws/install/nodes_bringup/share/nodes_bringup/hook/cmake_prefix_path.sh'
[6.893s] Level 1:colcon.colcon_core.environment:checking '/home/kejun/git_dir/ros2_project/course/node_ws/install/nodes_bringup/bin'
[6.893s] Level 1:colcon.colcon_core.environment:checking '/home/kejun/git_dir/ros2_project/course/node_ws/install/nodes_bringup/lib/pkgconfig/nodes_bringup.pc'
[6.893s] Level 1:colcon.colcon_core.environment:checking '/home/kejun/git_dir/ros2_project/course/node_ws/install/nodes_bringup/lib/python3.12/site-packages'
[6.893s] Level 1:colcon.colcon_core.environment:checking '/home/kejun/git_dir/ros2_project/course/node_ws/install/nodes_bringup/bin'
[6.893s] INFO:colcon.colcon_core.shell:Creating package script '/home/kejun/git_dir/ros2_project/course/node_ws/install/nodes_bringup/share/nodes_bringup/package.ps1'
[6.894s] INFO:colcon.colcon_core.shell:Creating package descriptor '/home/kejun/git_dir/ros2_project/course/node_ws/install/nodes_bringup/share/nodes_bringup/package.dsv'
[6.894s] INFO:colcon.colcon_core.shell:Creating package script '/home/kejun/git_dir/ros2_project/course/node_ws/install/nodes_bringup/share/nodes_bringup/package.sh'
[6.894s] INFO:colcon.colcon_core.shell:Creating package script '/home/kejun/git_dir/ros2_project/course/node_ws/install/nodes_bringup/share/nodes_bringup/package.bash'
[6.894s] INFO:colcon.colcon_core.shell:Creating package script '/home/kejun/git_dir/ros2_project/course/node_ws/install/nodes_bringup/share/nodes_bringup/package.zsh'
[6.895s] Level 1:colcon.colcon_core.environment:create_file_with_runtime_dependencies(/home/kejun/git_dir/ros2_project/course/node_ws/install/nodes_bringup/share/colcon-core/packages/nodes_bringup)
[6.895s] DEBUG:colcon.colcon_parallel_executor.executor.parallel:closing loop
[6.895s] DEBUG:colcon.colcon_parallel_executor.executor.parallel:loop closed
[6.895s] DEBUG:colcon.colcon_parallel_executor.executor.parallel:run_until_complete finished with '0'
[6.895s] DEBUG:colcon.colcon_core.event_reactor:joining thread
[6.900s] INFO:colcon.colcon_core.plugin_system:Skipping extension 'colcon_notification.desktop_notification.terminal_notifier': Not used on non-Darwin systems
[6.900s] INFO:colcon.colcon_core.plugin_system:Skipping extension 'colcon_notification.desktop_notification.win32': Not used on non-Windows systems
[6.900s] INFO:colcon.colcon_notification.desktop_notification:Sending desktop notification using 'notify2'
[6.911s] DEBUG:colcon.colcon_core.event_reactor:joined thread
[6.911s] INFO:colcon.colcon_core.shell:Creating prefix script '/home/kejun/git_dir/ros2_project/course/node_ws/install/local_setup.ps1'
[6.912s] INFO:colcon.colcon_core.shell:Creating prefix util module '/home/kejun/git_dir/ros2_project/course/node_ws/install/_local_setup_util_ps1.py'
[6.913s] INFO:colcon.colcon_core.shell:Creating prefix chain script '/home/kejun/git_dir/ros2_project/course/node_ws/install/setup.ps1'
[6.913s] INFO:colcon.colcon_core.shell:Creating prefix script '/home/kejun/git_dir/ros2_project/course/node_ws/install/local_setup.sh'
[6.914s] INFO:colcon.colcon_core.shell:Creating prefix util module '/home/kejun/git_dir/ros2_project/course/node_ws/install/_local_setup_util_sh.py'
[6.914s] INFO:colcon.colcon_core.shell:Creating prefix chain script '/home/kejun/git_dir/ros2_project/course/node_ws/install/setup.sh'
[6.915s] INFO:colcon.colcon_core.shell:Creating prefix script '/home/kejun/git_dir/ros2_project/course/node_ws/install/local_setup.bash'
[6.915s] INFO:colcon.colcon_core.shell:Creating prefix chain script '/home/kejun/git_dir/ros2_project/course/node_ws/install/setup.bash'
[6.916s] INFO:colcon.colcon_core.shell:Creating prefix script '/home/kejun/git_dir/ros2_project/course/node_ws/install/local_setup.zsh'
[6.916s] INFO:colcon.colcon_core.shell:Creating prefix chain script '/home/kejun/git_dir/ros2_project/course/node_ws/install/setup.zsh'
