[0.010s] Invoking command in '/home/kejun/git_dir/ros2_project/course/node_ws/build/nodes_bringup': AMENT_PREFIX_PATH=/home/kejun/git_dir/ros2_project/course/node_ws/install/nodes_py:${AMENT_PREFIX_PATH} CMAKE_PREFIX_PATH=${CMAKE_PREFIX_PATH}:/home/kejun/git_dir/ros2_project/ros2_from_scratch_book/ros2_ws/install/my_py_pkg:/opt/ros/jazzy DEBUGINFOD_URLS=https://debuginfod.ubuntu.com PYTHONPATH=/home/kejun/git_dir/ros2_project/course/node_ws/install/nodes_py/lib/python3.12/site-packages:${PYTHONPATH} /usr/bin/cmake --build /home/kejun/git_dir/ros2_project/course/node_ws/build/nodes_bringup -- -j1 -l1
[0.066s] Invoked command in '/home/kejun/git_dir/ros2_project/course/node_ws/build/nodes_bringup' returned '0': AMENT_PREFIX_PATH=/home/kejun/git_dir/ros2_project/course/node_ws/install/nodes_py:${AMENT_PREFIX_PATH} CMAKE_PREFIX_PATH=${CMAKE_PREFIX_PATH}:/home/kejun/git_dir/ros2_project/ros2_from_scratch_book/ros2_ws/install/my_py_pkg:/opt/ros/jazzy DEBUGINFOD_URLS=https://debuginfod.ubuntu.com PYTHONPATH=/home/kejun/git_dir/ros2_project/course/node_ws/install/nodes_py/lib/python3.12/site-packages:${PYTHONPATH} /usr/bin/cmake --build /home/kejun/git_dir/ros2_project/course/node_ws/build/nodes_bringup -- -j1 -l1
[0.068s] Invoking command in '/home/kejun/git_dir/ros2_project/course/node_ws/build/nodes_bringup': AMENT_PREFIX_PATH=/home/kejun/git_dir/ros2_project/course/node_ws/install/nodes_py:${AMENT_PREFIX_PATH} CMAKE_PREFIX_PATH=${CMAKE_PREFIX_PATH}:/home/kejun/git_dir/ros2_project/ros2_from_scratch_book/ros2_ws/install/my_py_pkg:/opt/ros/jazzy DEBUGINFOD_URLS=https://debuginfod.ubuntu.com PYTHONPATH=/home/kejun/git_dir/ros2_project/course/node_ws/install/nodes_py/lib/python3.12/site-packages:${PYTHONPATH} /usr/bin/cmake --install /home/kejun/git_dir/ros2_project/course/node_ws/build/nodes_bringup
[0.073s] -- Install configuration: ""
[0.073s] -- Up-to-date: /home/kejun/git_dir/ros2_project/course/node_ws/install/nodes_bringup/share/nodes_bringup/launch
[0.073s] -- Installing: /home/kejun/git_dir/ros2_project/course/node_ws/install/nodes_bringup/share/nodes_bringup/launch/nodes.launch.py
[0.074s] -- Up-to-date: /home/kejun/git_dir/ros2_project/course/node_ws/install/nodes_bringup/share/ament_index/resource_index/package_run_dependencies/nodes_bringup
[0.074s] -- Up-to-date: /home/kejun/git_dir/ros2_project/course/node_ws/install/nodes_bringup/share/ament_index/resource_index/parent_prefix_path/nodes_bringup
[0.074s] -- Up-to-date: /home/kejun/git_dir/ros2_project/course/node_ws/install/nodes_bringup/share/nodes_bringup/environment/ament_prefix_path.sh
[0.074s] -- Up-to-date: /home/kejun/git_dir/ros2_project/course/node_ws/install/nodes_bringup/share/nodes_bringup/environment/ament_prefix_path.dsv
[0.074s] -- Up-to-date: /home/kejun/git_dir/ros2_project/course/node_ws/install/nodes_bringup/share/nodes_bringup/environment/path.sh
[0.074s] -- Up-to-date: /home/kejun/git_dir/ros2_project/course/node_ws/install/nodes_bringup/share/nodes_bringup/environment/path.dsv
[0.074s] -- Up-to-date: /home/kejun/git_dir/ros2_project/course/node_ws/install/nodes_bringup/share/nodes_bringup/local_setup.bash
[0.075s] -- Up-to-date: /home/kejun/git_dir/ros2_project/course/node_ws/install/nodes_bringup/share/nodes_bringup/local_setup.sh
[0.075s] -- Up-to-date: /home/kejun/git_dir/ros2_project/course/node_ws/install/nodes_bringup/share/nodes_bringup/local_setup.zsh
[0.075s] -- Up-to-date: /home/kejun/git_dir/ros2_project/course/node_ws/install/nodes_bringup/share/nodes_bringup/local_setup.dsv
[0.075s] -- Up-to-date: /home/kejun/git_dir/ros2_project/course/node_ws/install/nodes_bringup/share/nodes_bringup/package.dsv
[0.075s] -- Up-to-date: /home/kejun/git_dir/ros2_project/course/node_ws/install/nodes_bringup/share/ament_index/resource_index/packages/nodes_bringup
[0.075s] -- Up-to-date: /home/kejun/git_dir/ros2_project/course/node_ws/install/nodes_bringup/share/nodes_bringup/cmake/nodes_bringupConfig.cmake
[0.075s] -- Up-to-date: /home/kejun/git_dir/ros2_project/course/node_ws/install/nodes_bringup/share/nodes_bringup/cmake/nodes_bringupConfig-version.cmake
[0.075s] -- Up-to-date: /home/kejun/git_dir/ros2_project/course/node_ws/install/nodes_bringup/share/nodes_bringup/package.xml
[0.077s] Invoked command in '/home/kejun/git_dir/ros2_project/course/node_ws/build/nodes_bringup' returned '0': AMENT_PREFIX_PATH=/home/kejun/git_dir/ros2_project/course/node_ws/install/nodes_py:${AMENT_PREFIX_PATH} CMAKE_PREFIX_PATH=${CMAKE_PREFIX_PATH}:/home/kejun/git_dir/ros2_project/ros2_from_scratch_book/ros2_ws/install/my_py_pkg:/opt/ros/jazzy DEBUGINFOD_URLS=https://debuginfod.ubuntu.com PYTHONPATH=/home/kejun/git_dir/ros2_project/course/node_ws/install/nodes_py/lib/python3.12/site-packages:${PYTHONPATH} /usr/bin/cmake --install /home/kejun/git_dir/ros2_project/course/node_ws/build/nodes_bringup
