[0.084s] DEBUG:colcon:Command line arguments: ['/usr/bin/colcon', 'build']
[0.084s] DEBUG:colcon:Parsed command line arguments: Namespace(log_base=None, log_level=None, verb_name='build', build_base='build', install_base='install', merge_install=False, symlink_install=False, test_result_base=None, continue_on_error=False, executor='parallel', parallel_workers=16, event_handlers=None, ignore_user_meta=False, metas=['./colcon.meta'], base_paths=['.'], packages_ignore=None, packages_ignore_regex=None, paths=None, packages_up_to=None, packages_up_to_regex=None, packages_above=None, packages_above_and_dependencies=None, packages_above_depth=None, packages_select_by_dep=None, packages_skip_by_dep=None, packages_skip_up_to=None, packages_select_build_failed=False, packages_skip_build_finished=False, packages_select_test_failures=False, packages_skip_test_passed=False, packages_select=None, packages_skip=None, packages_select_regex=None, packages_skip_regex=None, packages_start=None, packages_end=None, allow_overriding=[], cmake_args=None, cmake_target=None, cmake_target_skip_unavailable=False, cmake_clean_cache=False, cmake_clean_first=False, cmake_force_configure=False, ament_cmake_args=None, catkin_cmake_args=None, catkin_skip_building_tests=False, mixin_files=None, mixin=None, verb_parser=<colcon_mixin.mixin.mixin_argument.MixinArgumentDecorator object at 0x79eeaff852b0>, verb_extension=<colcon_core.verb.build.BuildVerb object at 0x79eeaff84f20>, main=<bound method BuildVerb.main of <colcon_core.verb.build.BuildVerb object at 0x79eeaff84f20>>, mixin_verb=('build',))
[0.112s] Level 1:colcon.colcon_core.package_discovery:discover_packages(colcon_meta) check parameters
[0.112s] Level 1:colcon.colcon_core.package_discovery:discover_packages(recursive) check parameters
[0.112s] Level 1:colcon.colcon_core.package_discovery:discover_packages(ignore) check parameters
[0.112s] Level 1:colcon.colcon_core.package_discovery:discover_packages(path) check parameters
[0.112s] Level 1:colcon.colcon_core.package_discovery:discover_packages(colcon_meta) discover
[0.112s] Level 1:colcon.colcon_core.package_discovery:discover_packages(recursive) discover
[0.112s] INFO:colcon.colcon_core.package_discovery:Crawling recursively for packages in '/home/kejun/git_dir/ros2_project/course/node_ws'
[0.112s] Level 1:colcon.colcon_core.package_identification:_identify(.) by extensions ['ignore', 'ignore_ament_install']
[0.112s] Level 1:colcon.colcon_core.package_identification:_identify(.) by extension 'ignore'
[0.113s] Level 1:colcon.colcon_core.package_identification:_identify(.) by extension 'ignore_ament_install'
[0.113s] Level 1:colcon.colcon_core.package_identification:_identify(.) by extensions ['colcon_pkg']
[0.113s] Level 1:colcon.colcon_core.package_identification:_identify(.) by extension 'colcon_pkg'
[0.113s] Level 1:colcon.colcon_core.package_identification:_identify(.) by extensions ['colcon_meta']
[0.113s] Level 1:colcon.colcon_core.package_identification:_identify(.) by extension 'colcon_meta'
[0.113s] Level 1:colcon.colcon_core.package_identification:_identify(.) by extensions ['ros']
[0.113s] Level 1:colcon.colcon_core.package_identification:_identify(.) by extension 'ros'
[0.131s] Level 1:colcon.colcon_core.package_identification:_identify(.) by extensions ['cmake', 'python']
[0.131s] Level 1:colcon.colcon_core.package_identification:_identify(.) by extension 'cmake'
[0.132s] Level 1:colcon.colcon_core.package_identification:_identify(.) by extension 'python'
[0.132s] Level 1:colcon.colcon_core.package_identification:_identify(.) by extensions ['python_setup_py']
[0.132s] Level 1:colcon.colcon_core.package_identification:_identify(.) by extension 'python_setup_py'
[0.132s] Level 1:colcon.colcon_core.package_identification:_identify(build) by extensions ['ignore', 'ignore_ament_install']
[0.132s] Level 1:colcon.colcon_core.package_identification:_identify(build) by extension 'ignore'
[0.132s] Level 1:colcon.colcon_core.package_identification:_identify(build) ignored
[0.132s] Level 1:colcon.colcon_core.package_identification:_identify(install) by extensions ['ignore', 'ignore_ament_install']
[0.132s] Level 1:colcon.colcon_core.package_identification:_identify(install) by extension 'ignore'
[0.132s] Level 1:colcon.colcon_core.package_identification:_identify(install) ignored
[0.132s] Level 1:colcon.colcon_core.package_identification:_identify(log) by extensions ['ignore', 'ignore_ament_install']
[0.132s] Level 1:colcon.colcon_core.package_identification:_identify(log) by extension 'ignore'
[0.132s] Level 1:colcon.colcon_core.package_identification:_identify(log) ignored
[0.132s] Level 1:colcon.colcon_core.package_identification:_identify(src) by extensions ['ignore', 'ignore_ament_install']
[0.133s] Level 1:colcon.colcon_core.package_identification:_identify(src) by extension 'ignore'
[0.133s] Level 1:colcon.colcon_core.package_identification:_identify(src) by extension 'ignore_ament_install'
[0.133s] Level 1:colcon.colcon_core.package_identification:_identify(src) by extensions ['colcon_pkg']
[0.133s] Level 1:colcon.colcon_core.package_identification:_identify(src) by extension 'colcon_pkg'
[0.133s] Level 1:colcon.colcon_core.package_identification:_identify(src) by extensions ['colcon_meta']
[0.133s] Level 1:colcon.colcon_core.package_identification:_identify(src) by extension 'colcon_meta'
[0.133s] Level 1:colcon.colcon_core.package_identification:_identify(src) by extensions ['ros']
[0.133s] Level 1:colcon.colcon_core.package_identification:_identify(src) by extension 'ros'
[0.133s] Level 1:colcon.colcon_core.package_identification:_identify(src) by extensions ['cmake', 'python']
[0.133s] Level 1:colcon.colcon_core.package_identification:_identify(src) by extension 'cmake'
[0.133s] Level 1:colcon.colcon_core.package_identification:_identify(src) by extension 'python'
[0.133s] Level 1:colcon.colcon_core.package_identification:_identify(src) by extensions ['python_setup_py']
[0.133s] Level 1:colcon.colcon_core.package_identification:_identify(src) by extension 'python_setup_py'
[0.133s] Level 1:colcon.colcon_core.package_identification:_identify(src/nodes_bringup) by extensions ['ignore', 'ignore_ament_install']
[0.133s] Level 1:colcon.colcon_core.package_identification:_identify(src/nodes_bringup) by extension 'ignore'
[0.133s] Level 1:colcon.colcon_core.package_identification:_identify(src/nodes_bringup) by extension 'ignore_ament_install'
[0.133s] Level 1:colcon.colcon_core.package_identification:_identify(src/nodes_bringup) by extensions ['colcon_pkg']
[0.133s] Level 1:colcon.colcon_core.package_identification:_identify(src/nodes_bringup) by extension 'colcon_pkg'
[0.133s] Level 1:colcon.colcon_core.package_identification:_identify(src/nodes_bringup) by extensions ['colcon_meta']
[0.133s] Level 1:colcon.colcon_core.package_identification:_identify(src/nodes_bringup) by extension 'colcon_meta'
[0.133s] Level 1:colcon.colcon_core.package_identification:_identify(src/nodes_bringup) by extensions ['ros']
[0.133s] Level 1:colcon.colcon_core.package_identification:_identify(src/nodes_bringup) by extension 'ros'
[0.135s] DEBUG:colcon.colcon_core.package_identification:Package 'src/nodes_bringup' with type 'ros.ament_cmake' and name 'nodes_bringup'
[0.135s] Level 1:colcon.colcon_core.package_identification:_identify(src/nodes_interfaces) by extensions ['ignore', 'ignore_ament_install']
[0.135s] Level 1:colcon.colcon_core.package_identification:_identify(src/nodes_interfaces) by extension 'ignore'
[0.135s] Level 1:colcon.colcon_core.package_identification:_identify(src/nodes_interfaces) by extension 'ignore_ament_install'
[0.135s] Level 1:colcon.colcon_core.package_identification:_identify(src/nodes_interfaces) by extensions ['colcon_pkg']
[0.135s] Level 1:colcon.colcon_core.package_identification:_identify(src/nodes_interfaces) by extension 'colcon_pkg'
[0.135s] Level 1:colcon.colcon_core.package_identification:_identify(src/nodes_interfaces) by extensions ['colcon_meta']
[0.136s] Level 1:colcon.colcon_core.package_identification:_identify(src/nodes_interfaces) by extension 'colcon_meta'
[0.136s] Level 1:colcon.colcon_core.package_identification:_identify(src/nodes_interfaces) by extensions ['ros']
[0.136s] Level 1:colcon.colcon_core.package_identification:_identify(src/nodes_interfaces) by extension 'ros'
[0.136s] DEBUG:colcon.colcon_core.package_identification:Package 'src/nodes_interfaces' with type 'ros.ament_cmake' and name 'nodes_interfaces'
[0.136s] Level 1:colcon.colcon_core.package_identification:_identify(src/nodes_py) by extensions ['ignore', 'ignore_ament_install']
[0.136s] Level 1:colcon.colcon_core.package_identification:_identify(src/nodes_py) by extension 'ignore'
[0.136s] Level 1:colcon.colcon_core.package_identification:_identify(src/nodes_py) by extension 'ignore_ament_install'
[0.136s] Level 1:colcon.colcon_core.package_identification:_identify(src/nodes_py) by extensions ['colcon_pkg']
[0.136s] Level 1:colcon.colcon_core.package_identification:_identify(src/nodes_py) by extension 'colcon_pkg'
[0.136s] Level 1:colcon.colcon_core.package_identification:_identify(src/nodes_py) by extensions ['colcon_meta']
[0.136s] Level 1:colcon.colcon_core.package_identification:_identify(src/nodes_py) by extension 'colcon_meta'
[0.136s] Level 1:colcon.colcon_core.package_identification:_identify(src/nodes_py) by extensions ['ros']
[0.136s] Level 1:colcon.colcon_core.package_identification:_identify(src/nodes_py) by extension 'ros'
[0.137s] DEBUG:colcon.colcon_core.package_identification:Package 'src/nodes_py' with type 'ros.ament_python' and name 'nodes_py'
[0.137s] Level 1:colcon.colcon_core.package_discovery:discover_packages(recursive) using defaults
[0.137s] Level 1:colcon.colcon_core.package_discovery:discover_packages(ignore) discover
[0.137s] Level 1:colcon.colcon_core.package_discovery:discover_packages(ignore) using defaults
[0.137s] Level 1:colcon.colcon_core.package_discovery:discover_packages(path) discover
[0.137s] Level 1:colcon.colcon_core.package_discovery:discover_packages(path) using defaults
[0.150s] Level 1:colcon.colcon_core.package_discovery:discover_packages(prefix_path) check parameters
[0.150s] Level 1:colcon.colcon_core.package_discovery:discover_packages(prefix_path) discover
[0.152s] DEBUG:colcon.colcon_installed_package_information.package_discovery:Found 3 installed packages in /home/kejun/git_dir/ros2_project/course/node_ws/install
[0.152s] DEBUG:colcon.colcon_installed_package_information.package_discovery:Found 3 installed packages in /home/kejun/git_dir/ros2_project/ros2_from_scratch_book/ros2_ws/install
[0.153s] DEBUG:colcon.colcon_installed_package_information.package_discovery:Found 285 installed packages in /opt/ros/jazzy
[0.153s] Level 1:colcon.colcon_core.package_discovery:discover_packages(prefix_path) using defaults
[0.190s] Level 5:colcon.colcon_core.verb:set package 'nodes_interfaces' build argument 'cmake_args' from command line to 'None'
[0.190s] Level 5:colcon.colcon_core.verb:set package 'nodes_interfaces' build argument 'cmake_target' from command line to 'None'
[0.190s] Level 5:colcon.colcon_core.verb:set package 'nodes_interfaces' build argument 'cmake_target_skip_unavailable' from command line to 'False'
[0.190s] Level 5:colcon.colcon_core.verb:set package 'nodes_interfaces' build argument 'cmake_clean_cache' from command line to 'False'
[0.190s] Level 5:colcon.colcon_core.verb:set package 'nodes_interfaces' build argument 'cmake_clean_first' from command line to 'False'
[0.190s] Level 5:colcon.colcon_core.verb:set package 'nodes_interfaces' build argument 'cmake_force_configure' from command line to 'False'
[0.190s] Level 5:colcon.colcon_core.verb:set package 'nodes_interfaces' build argument 'ament_cmake_args' from command line to 'None'
[0.190s] Level 5:colcon.colcon_core.verb:set package 'nodes_interfaces' build argument 'catkin_cmake_args' from command line to 'None'
[0.190s] Level 5:colcon.colcon_core.verb:set package 'nodes_interfaces' build argument 'catkin_skip_building_tests' from command line to 'False'
[0.190s] DEBUG:colcon.colcon_core.verb:Building package 'nodes_interfaces' with the following arguments: {'ament_cmake_args': None, 'build_base': '/home/kejun/git_dir/ros2_project/course/node_ws/build/nodes_interfaces', 'catkin_cmake_args': None, 'catkin_skip_building_tests': False, 'cmake_args': None, 'cmake_clean_cache': False, 'cmake_clean_first': False, 'cmake_force_configure': False, 'cmake_target': None, 'cmake_target_skip_unavailable': False, 'install_base': '/home/kejun/git_dir/ros2_project/course/node_ws/install/nodes_interfaces', 'merge_install': False, 'path': '/home/kejun/git_dir/ros2_project/course/node_ws/src/nodes_interfaces', 'symlink_install': False, 'test_result_base': None}
[0.190s] Level 5:colcon.colcon_core.verb:set package 'nodes_py' build argument 'cmake_args' from command line to 'None'
[0.190s] Level 5:colcon.colcon_core.verb:set package 'nodes_py' build argument 'cmake_target' from command line to 'None'
[0.190s] Level 5:colcon.colcon_core.verb:set package 'nodes_py' build argument 'cmake_target_skip_unavailable' from command line to 'False'
[0.190s] Level 5:colcon.colcon_core.verb:set package 'nodes_py' build argument 'cmake_clean_cache' from command line to 'False'
[0.190s] Level 5:colcon.colcon_core.verb:set package 'nodes_py' build argument 'cmake_clean_first' from command line to 'False'
[0.190s] Level 5:colcon.colcon_core.verb:set package 'nodes_py' build argument 'cmake_force_configure' from command line to 'False'
[0.190s] Level 5:colcon.colcon_core.verb:set package 'nodes_py' build argument 'ament_cmake_args' from command line to 'None'
[0.190s] Level 5:colcon.colcon_core.verb:set package 'nodes_py' build argument 'catkin_cmake_args' from command line to 'None'
[0.190s] Level 5:colcon.colcon_core.verb:set package 'nodes_py' build argument 'catkin_skip_building_tests' from command line to 'False'
[0.190s] DEBUG:colcon.colcon_core.verb:Building package 'nodes_py' with the following arguments: {'ament_cmake_args': None, 'build_base': '/home/kejun/git_dir/ros2_project/course/node_ws/build/nodes_py', 'catkin_cmake_args': None, 'catkin_skip_building_tests': False, 'cmake_args': None, 'cmake_clean_cache': False, 'cmake_clean_first': False, 'cmake_force_configure': False, 'cmake_target': None, 'cmake_target_skip_unavailable': False, 'install_base': '/home/kejun/git_dir/ros2_project/course/node_ws/install/nodes_py', 'merge_install': False, 'path': '/home/kejun/git_dir/ros2_project/course/node_ws/src/nodes_py', 'symlink_install': False, 'test_result_base': None}
[0.191s] Level 5:colcon.colcon_core.verb:set package 'nodes_bringup' build argument 'cmake_args' from command line to 'None'
[0.191s] Level 5:colcon.colcon_core.verb:set package 'nodes_bringup' build argument 'cmake_target' from command line to 'None'
[0.191s] Level 5:colcon.colcon_core.verb:set package 'nodes_bringup' build argument 'cmake_target_skip_unavailable' from command line to 'False'
[0.191s] Level 5:colcon.colcon_core.verb:set package 'nodes_bringup' build argument 'cmake_clean_cache' from command line to 'False'
[0.191s] Level 5:colcon.colcon_core.verb:set package 'nodes_bringup' build argument 'cmake_clean_first' from command line to 'False'
[0.191s] Level 5:colcon.colcon_core.verb:set package 'nodes_bringup' build argument 'cmake_force_configure' from command line to 'False'
[0.191s] Level 5:colcon.colcon_core.verb:set package 'nodes_bringup' build argument 'ament_cmake_args' from command line to 'None'
[0.191s] Level 5:colcon.colcon_core.verb:set package 'nodes_bringup' build argument 'catkin_cmake_args' from command line to 'None'
[0.191s] Level 5:colcon.colcon_core.verb:set package 'nodes_bringup' build argument 'catkin_skip_building_tests' from command line to 'False'
[0.191s] DEBUG:colcon.colcon_core.verb:Building package 'nodes_bringup' with the following arguments: {'ament_cmake_args': None, 'build_base': '/home/kejun/git_dir/ros2_project/course/node_ws/build/nodes_bringup', 'catkin_cmake_args': None, 'catkin_skip_building_tests': False, 'cmake_args': None, 'cmake_clean_cache': False, 'cmake_clean_first': False, 'cmake_force_configure': False, 'cmake_target': None, 'cmake_target_skip_unavailable': False, 'install_base': '/home/kejun/git_dir/ros2_project/course/node_ws/install/nodes_bringup', 'merge_install': False, 'path': '/home/kejun/git_dir/ros2_project/course/node_ws/src/nodes_bringup', 'symlink_install': False, 'test_result_base': None}
[0.191s] INFO:colcon.colcon_core.executor:Executing jobs using 'parallel' executor
[0.192s] DEBUG:colcon.colcon_parallel_executor.executor.parallel:run_until_complete
[0.192s] INFO:colcon.colcon_ros.task.ament_cmake.build:Building ROS package in '/home/kejun/git_dir/ros2_project/course/node_ws/src/nodes_interfaces' with build type 'ament_cmake'
[0.192s] INFO:colcon.colcon_cmake.task.cmake.build:Building CMake package in '/home/kejun/git_dir/ros2_project/course/node_ws/src/nodes_interfaces'
[0.194s] INFO:colcon.colcon_core.plugin_system:Skipping extension 'colcon_core.shell.bat': Not used on non-Windows systems
[0.194s] INFO:colcon.colcon_core.shell:Skip shell extension 'powershell' for command environment: Not usable outside of PowerShell
[0.194s] DEBUG:colcon.colcon_core.shell:Skip shell extension 'dsv' for command environment
[0.202s] DEBUG:colcon.colcon_core.event_handler.log_command:Invoking command in '/home/kejun/git_dir/ros2_project/course/node_ws/build/nodes_interfaces': CMAKE_PREFIX_PATH=${CMAKE_PREFIX_PATH}:/home/kejun/git_dir/ros2_project/course/node_ws/install/nodes_py:/home/kejun/git_dir/ros2_project/ros2_from_scratch_book/ros2_ws/install/my_py_pkg:/opt/ros/jazzy /usr/bin/cmake --build /home/kejun/git_dir/ros2_project/course/node_ws/build/nodes_interfaces -- -j16 -l16
[0.554s] DEBUG:colcon.colcon_core.event_handler.log_command:Invoked command in '/home/kejun/git_dir/ros2_project/course/node_ws/build/nodes_interfaces' returned '0': CMAKE_PREFIX_PATH=${CMAKE_PREFIX_PATH}:/home/kejun/git_dir/ros2_project/course/node_ws/install/nodes_py:/home/kejun/git_dir/ros2_project/ros2_from_scratch_book/ros2_ws/install/my_py_pkg:/opt/ros/jazzy /usr/bin/cmake --build /home/kejun/git_dir/ros2_project/course/node_ws/build/nodes_interfaces -- -j16 -l16
[0.560s] DEBUG:colcon.colcon_core.event_handler.log_command:Invoking command in '/home/kejun/git_dir/ros2_project/course/node_ws/build/nodes_interfaces': CMAKE_PREFIX_PATH=${CMAKE_PREFIX_PATH}:/home/kejun/git_dir/ros2_project/course/node_ws/install/nodes_py:/home/kejun/git_dir/ros2_project/ros2_from_scratch_book/ros2_ws/install/my_py_pkg:/opt/ros/jazzy /usr/bin/cmake --install /home/kejun/git_dir/ros2_project/course/node_ws/build/nodes_interfaces
[0.608s] Level 1:colcon.colcon_core.environment:create_environment_scripts_only(nodes_interfaces)
[0.609s] DEBUG:colcon.colcon_core.event_handler.log_command:Invoked command in '/home/kejun/git_dir/ros2_project/course/node_ws/build/nodes_interfaces' returned '0': CMAKE_PREFIX_PATH=${CMAKE_PREFIX_PATH}:/home/kejun/git_dir/ros2_project/course/node_ws/install/nodes_py:/home/kejun/git_dir/ros2_project/ros2_from_scratch_book/ros2_ws/install/my_py_pkg:/opt/ros/jazzy /usr/bin/cmake --install /home/kejun/git_dir/ros2_project/course/node_ws/build/nodes_interfaces
[0.610s] Level 1:colcon.colcon_core.environment:checking '/home/kejun/git_dir/ros2_project/course/node_ws/install/nodes_interfaces' for CMake module files
[0.611s] Level 1:colcon.colcon_core.environment:checking '/home/kejun/git_dir/ros2_project/course/node_ws/install/nodes_interfaces' for CMake config files
[0.611s] Level 1:colcon.colcon_core.shell:create_environment_hook('nodes_interfaces', 'cmake_prefix_path')
[0.611s] INFO:colcon.colcon_core.shell:Creating environment hook '/home/kejun/git_dir/ros2_project/course/node_ws/install/nodes_interfaces/share/nodes_interfaces/hook/cmake_prefix_path.ps1'
[0.612s] INFO:colcon.colcon_core.shell:Creating environment descriptor '/home/kejun/git_dir/ros2_project/course/node_ws/install/nodes_interfaces/share/nodes_interfaces/hook/cmake_prefix_path.dsv'
[0.612s] INFO:colcon.colcon_core.shell:Creating environment hook '/home/kejun/git_dir/ros2_project/course/node_ws/install/nodes_interfaces/share/nodes_interfaces/hook/cmake_prefix_path.sh'
[0.613s] Level 1:colcon.colcon_core.environment:checking '/home/kejun/git_dir/ros2_project/course/node_ws/install/nodes_interfaces/lib'
[0.613s] Level 1:colcon.colcon_core.shell:create_environment_hook('nodes_interfaces', 'ld_library_path_lib')
[0.613s] INFO:colcon.colcon_core.shell:Creating environment hook '/home/kejun/git_dir/ros2_project/course/node_ws/install/nodes_interfaces/share/nodes_interfaces/hook/ld_library_path_lib.ps1'
[0.613s] INFO:colcon.colcon_core.shell:Creating environment descriptor '/home/kejun/git_dir/ros2_project/course/node_ws/install/nodes_interfaces/share/nodes_interfaces/hook/ld_library_path_lib.dsv'
[0.614s] INFO:colcon.colcon_core.shell:Creating environment hook '/home/kejun/git_dir/ros2_project/course/node_ws/install/nodes_interfaces/share/nodes_interfaces/hook/ld_library_path_lib.sh'
[0.614s] Level 1:colcon.colcon_core.environment:checking '/home/kejun/git_dir/ros2_project/course/node_ws/install/nodes_interfaces/bin'
[0.614s] Level 1:colcon.colcon_core.environment:checking '/home/kejun/git_dir/ros2_project/course/node_ws/install/nodes_interfaces/lib/pkgconfig/nodes_interfaces.pc'
[0.614s] Level 1:colcon.colcon_core.environment:checking '/home/kejun/git_dir/ros2_project/course/node_ws/install/nodes_interfaces/lib/python3.12/site-packages'
[0.615s] Level 1:colcon.colcon_core.shell:create_environment_hook('nodes_interfaces', 'pythonpath')
[0.615s] INFO:colcon.colcon_core.shell:Creating environment hook '/home/kejun/git_dir/ros2_project/course/node_ws/install/nodes_interfaces/share/nodes_interfaces/hook/pythonpath.ps1'
[0.615s] INFO:colcon.colcon_core.shell:Creating environment descriptor '/home/kejun/git_dir/ros2_project/course/node_ws/install/nodes_interfaces/share/nodes_interfaces/hook/pythonpath.dsv'
[0.615s] INFO:colcon.colcon_core.shell:Creating environment hook '/home/kejun/git_dir/ros2_project/course/node_ws/install/nodes_interfaces/share/nodes_interfaces/hook/pythonpath.sh'
[0.616s] Level 1:colcon.colcon_core.environment:checking '/home/kejun/git_dir/ros2_project/course/node_ws/install/nodes_interfaces/bin'
[0.616s] INFO:colcon.colcon_core.shell:Creating package script '/home/kejun/git_dir/ros2_project/course/node_ws/install/nodes_interfaces/share/nodes_interfaces/package.ps1'
[0.616s] INFO:colcon.colcon_core.shell:Creating package descriptor '/home/kejun/git_dir/ros2_project/course/node_ws/install/nodes_interfaces/share/nodes_interfaces/package.dsv'
[0.617s] INFO:colcon.colcon_core.shell:Creating package script '/home/kejun/git_dir/ros2_project/course/node_ws/install/nodes_interfaces/share/nodes_interfaces/package.sh'
[0.618s] INFO:colcon.colcon_core.shell:Creating package script '/home/kejun/git_dir/ros2_project/course/node_ws/install/nodes_interfaces/share/nodes_interfaces/package.bash'
[0.618s] INFO:colcon.colcon_core.shell:Creating package script '/home/kejun/git_dir/ros2_project/course/node_ws/install/nodes_interfaces/share/nodes_interfaces/package.zsh'
[0.618s] Level 1:colcon.colcon_core.environment:create_file_with_runtime_dependencies(/home/kejun/git_dir/ros2_project/course/node_ws/install/nodes_interfaces/share/colcon-core/packages/nodes_interfaces)
[0.619s] Level 1:colcon.colcon_core.environment:create_environment_scripts_only(nodes_interfaces)
[0.619s] Level 1:colcon.colcon_core.environment:checking '/home/kejun/git_dir/ros2_project/course/node_ws/install/nodes_interfaces' for CMake module files
[0.620s] Level 1:colcon.colcon_core.environment:checking '/home/kejun/git_dir/ros2_project/course/node_ws/install/nodes_interfaces' for CMake config files
[0.620s] Level 1:colcon.colcon_core.shell:create_environment_hook('nodes_interfaces', 'cmake_prefix_path')
[0.620s] INFO:colcon.colcon_core.shell:Creating environment hook '/home/kejun/git_dir/ros2_project/course/node_ws/install/nodes_interfaces/share/nodes_interfaces/hook/cmake_prefix_path.ps1'
[0.620s] INFO:colcon.colcon_core.shell:Creating environment descriptor '/home/kejun/git_dir/ros2_project/course/node_ws/install/nodes_interfaces/share/nodes_interfaces/hook/cmake_prefix_path.dsv'
[0.621s] INFO:colcon.colcon_core.shell:Creating environment hook '/home/kejun/git_dir/ros2_project/course/node_ws/install/nodes_interfaces/share/nodes_interfaces/hook/cmake_prefix_path.sh'
[0.621s] Level 1:colcon.colcon_core.environment:checking '/home/kejun/git_dir/ros2_project/course/node_ws/install/nodes_interfaces/lib'
[0.621s] Level 1:colcon.colcon_core.shell:create_environment_hook('nodes_interfaces', 'ld_library_path_lib')
[0.621s] INFO:colcon.colcon_core.shell:Creating environment hook '/home/kejun/git_dir/ros2_project/course/node_ws/install/nodes_interfaces/share/nodes_interfaces/hook/ld_library_path_lib.ps1'
[0.622s] INFO:colcon.colcon_core.shell:Creating environment descriptor '/home/kejun/git_dir/ros2_project/course/node_ws/install/nodes_interfaces/share/nodes_interfaces/hook/ld_library_path_lib.dsv'
[0.622s] INFO:colcon.colcon_core.shell:Creating environment hook '/home/kejun/git_dir/ros2_project/course/node_ws/install/nodes_interfaces/share/nodes_interfaces/hook/ld_library_path_lib.sh'
[0.622s] Level 1:colcon.colcon_core.environment:checking '/home/kejun/git_dir/ros2_project/course/node_ws/install/nodes_interfaces/bin'
[0.622s] Level 1:colcon.colcon_core.environment:checking '/home/kejun/git_dir/ros2_project/course/node_ws/install/nodes_interfaces/lib/pkgconfig/nodes_interfaces.pc'
[0.623s] Level 1:colcon.colcon_core.environment:checking '/home/kejun/git_dir/ros2_project/course/node_ws/install/nodes_interfaces/lib/python3.12/site-packages'
[0.623s] Level 1:colcon.colcon_core.shell:create_environment_hook('nodes_interfaces', 'pythonpath')
[0.623s] INFO:colcon.colcon_core.shell:Creating environment hook '/home/kejun/git_dir/ros2_project/course/node_ws/install/nodes_interfaces/share/nodes_interfaces/hook/pythonpath.ps1'
[0.623s] INFO:colcon.colcon_core.shell:Creating environment descriptor '/home/kejun/git_dir/ros2_project/course/node_ws/install/nodes_interfaces/share/nodes_interfaces/hook/pythonpath.dsv'
[0.623s] INFO:colcon.colcon_core.shell:Creating environment hook '/home/kejun/git_dir/ros2_project/course/node_ws/install/nodes_interfaces/share/nodes_interfaces/hook/pythonpath.sh'
[0.624s] Level 1:colcon.colcon_core.environment:checking '/home/kejun/git_dir/ros2_project/course/node_ws/install/nodes_interfaces/bin'
[0.624s] INFO:colcon.colcon_core.shell:Creating package script '/home/kejun/git_dir/ros2_project/course/node_ws/install/nodes_interfaces/share/nodes_interfaces/package.ps1'
[0.625s] INFO:colcon.colcon_core.shell:Creating package descriptor '/home/kejun/git_dir/ros2_project/course/node_ws/install/nodes_interfaces/share/nodes_interfaces/package.dsv'
[0.625s] INFO:colcon.colcon_core.shell:Creating package script '/home/kejun/git_dir/ros2_project/course/node_ws/install/nodes_interfaces/share/nodes_interfaces/package.sh'
[0.625s] INFO:colcon.colcon_core.shell:Creating package script '/home/kejun/git_dir/ros2_project/course/node_ws/install/nodes_interfaces/share/nodes_interfaces/package.bash'
[0.626s] INFO:colcon.colcon_core.shell:Creating package script '/home/kejun/git_dir/ros2_project/course/node_ws/install/nodes_interfaces/share/nodes_interfaces/package.zsh'
[0.626s] Level 1:colcon.colcon_core.environment:create_file_with_runtime_dependencies(/home/kejun/git_dir/ros2_project/course/node_ws/install/nodes_interfaces/share/colcon-core/packages/nodes_interfaces)
[0.627s] INFO:colcon.colcon_ros.task.ament_python.build:Building ROS package in '/home/kejun/git_dir/ros2_project/course/node_ws/src/nodes_py' with build type 'ament_python'
[0.627s] Level 1:colcon.colcon_core.shell:create_environment_hook('nodes_py', 'ament_prefix_path')
[0.627s] INFO:colcon.colcon_core.shell:Creating environment hook '/home/kejun/git_dir/ros2_project/course/node_ws/install/nodes_py/share/nodes_py/hook/ament_prefix_path.ps1'
[0.628s] INFO:colcon.colcon_core.shell:Creating environment descriptor '/home/kejun/git_dir/ros2_project/course/node_ws/install/nodes_py/share/nodes_py/hook/ament_prefix_path.dsv'
[0.628s] INFO:colcon.colcon_core.shell:Creating environment hook '/home/kejun/git_dir/ros2_project/course/node_ws/install/nodes_py/share/nodes_py/hook/ament_prefix_path.sh'
[0.628s] INFO:colcon.colcon_core.shell:Skip shell extension 'powershell' for command environment: Not usable outside of PowerShell
[0.628s] DEBUG:colcon.colcon_core.shell:Skip shell extension 'dsv' for command environment
[0.808s] INFO:colcon.colcon_core.task.python.build:Building Python package in '/home/kejun/git_dir/ros2_project/course/node_ws/src/nodes_py'
[0.809s] INFO:colcon.colcon_core.shell:Skip shell extension 'powershell' for command environment: Not usable outside of PowerShell
[0.809s] DEBUG:colcon.colcon_core.shell:Skip shell extension 'dsv' for command environment
[1.282s] DEBUG:colcon.colcon_core.event_handler.log_command:Invoking command in '/home/kejun/git_dir/ros2_project/course/node_ws/src/nodes_py': CMAKE_PREFIX_PATH=/home/kejun/git_dir/ros2_project/course/node_ws/install/nodes_interfaces:/home/kejun/git_dir/ros2_project/course/node_ws/install/nodes_bringup:/home/kejun/git_dir/ros2_project/ros2_from_scratch_book/ros2_ws/install/my_cpp_pkg:/home/kejun/git_dir/ros2_project/ros2_from_scratch_book/ros2_ws/install/my_robot_interfaces:/opt/ros/jazzy/opt/gz_math_vendor:/opt/ros/jazzy/opt/gz_utils_vendor:/opt/ros/jazzy/opt/gz_cmake_vendor PYTHONPATH=/home/kejun/git_dir/ros2_project/course/node_ws/build/nodes_py/prefix_override:/usr/lib/python3/dist-packages/colcon_core/task/python/colcon_distutils_commands:/home/kejun/git_dir/ros2_project/course/node_ws/install/nodes_py/lib/python3.12/site-packages:/home/kejun/git_dir/ros2_project/course/node_ws/install/nodes_interfaces/lib/python3.12/site-packages:/home/kejun/git_dir/ros2_project/course/node_ws/install/nodes_py/lib/python3.12/site-packages:/home/kejun/git_dir/ros2_project/ros2_from_scratch_book/ros2_ws/install/my_py_pkg/lib/python3.12/site-packages:/home/kejun/git_dir/ros2_project/ros2_from_scratch_book/ros2_ws/install/my_robot_interfaces/lib/python3.12/site-packages:/opt/ros/jazzy/lib/python3.12/site-packages /usr/bin/python3 -W ignore:setup.py install is deprecated -W ignore:easy_install command is deprecated setup.py egg_info --egg-base ../../build/nodes_py build --build-base /home/kejun/git_dir/ros2_project/course/node_ws/build/nodes_py/build install --record /home/kejun/git_dir/ros2_project/course/node_ws/build/nodes_py/install.log --single-version-externally-managed install_data
[1.727s] Level 1:colcon.colcon_core.environment:checking '/home/kejun/git_dir/ros2_project/course/node_ws/install/nodes_py' for CMake module files
[1.728s] DEBUG:colcon.colcon_core.event_handler.log_command:Invoked command in '/home/kejun/git_dir/ros2_project/course/node_ws/src/nodes_py' returned '0': CMAKE_PREFIX_PATH=/home/kejun/git_dir/ros2_project/course/node_ws/install/nodes_interfaces:/home/kejun/git_dir/ros2_project/course/node_ws/install/nodes_bringup:/home/kejun/git_dir/ros2_project/ros2_from_scratch_book/ros2_ws/install/my_cpp_pkg:/home/kejun/git_dir/ros2_project/ros2_from_scratch_book/ros2_ws/install/my_robot_interfaces:/opt/ros/jazzy/opt/gz_math_vendor:/opt/ros/jazzy/opt/gz_utils_vendor:/opt/ros/jazzy/opt/gz_cmake_vendor PYTHONPATH=/home/kejun/git_dir/ros2_project/course/node_ws/build/nodes_py/prefix_override:/usr/lib/python3/dist-packages/colcon_core/task/python/colcon_distutils_commands:/home/kejun/git_dir/ros2_project/course/node_ws/install/nodes_py/lib/python3.12/site-packages:/home/kejun/git_dir/ros2_project/course/node_ws/install/nodes_interfaces/lib/python3.12/site-packages:/home/kejun/git_dir/ros2_project/course/node_ws/install/nodes_py/lib/python3.12/site-packages:/home/kejun/git_dir/ros2_project/ros2_from_scratch_book/ros2_ws/install/my_py_pkg/lib/python3.12/site-packages:/home/kejun/git_dir/ros2_project/ros2_from_scratch_book/ros2_ws/install/my_robot_interfaces/lib/python3.12/site-packages:/opt/ros/jazzy/lib/python3.12/site-packages /usr/bin/python3 -W ignore:setup.py install is deprecated -W ignore:easy_install command is deprecated setup.py egg_info --egg-base ../../build/nodes_py build --build-base /home/kejun/git_dir/ros2_project/course/node_ws/build/nodes_py/build install --record /home/kejun/git_dir/ros2_project/course/node_ws/build/nodes_py/install.log --single-version-externally-managed install_data
[1.728s] Level 1:colcon.colcon_core.environment:checking '/home/kejun/git_dir/ros2_project/course/node_ws/install/nodes_py' for CMake config files
[1.728s] Level 1:colcon.colcon_core.environment:checking '/home/kejun/git_dir/ros2_project/course/node_ws/install/nodes_py/lib'
[1.729s] Level 1:colcon.colcon_core.environment:checking '/home/kejun/git_dir/ros2_project/course/node_ws/install/nodes_py/bin'
[1.729s] Level 1:colcon.colcon_core.environment:checking '/home/kejun/git_dir/ros2_project/course/node_ws/install/nodes_py/lib/pkgconfig/nodes_py.pc'
[1.729s] Level 1:colcon.colcon_core.environment:checking '/home/kejun/git_dir/ros2_project/course/node_ws/install/nodes_py/lib/python3.12/site-packages'
[1.729s] Level 1:colcon.colcon_core.shell:create_environment_hook('nodes_py', 'pythonpath')
[1.729s] INFO:colcon.colcon_core.shell:Creating environment hook '/home/kejun/git_dir/ros2_project/course/node_ws/install/nodes_py/share/nodes_py/hook/pythonpath.ps1'
[1.730s] INFO:colcon.colcon_core.shell:Creating environment descriptor '/home/kejun/git_dir/ros2_project/course/node_ws/install/nodes_py/share/nodes_py/hook/pythonpath.dsv'
[1.730s] INFO:colcon.colcon_core.shell:Creating environment hook '/home/kejun/git_dir/ros2_project/course/node_ws/install/nodes_py/share/nodes_py/hook/pythonpath.sh'
[1.731s] Level 1:colcon.colcon_core.environment:checking '/home/kejun/git_dir/ros2_project/course/node_ws/install/nodes_py/bin'
[1.731s] Level 1:colcon.colcon_core.environment:create_environment_scripts_only(nodes_py)
[1.731s] INFO:colcon.colcon_core.shell:Creating package script '/home/kejun/git_dir/ros2_project/course/node_ws/install/nodes_py/share/nodes_py/package.ps1'
[1.731s] INFO:colcon.colcon_core.shell:Creating package descriptor '/home/kejun/git_dir/ros2_project/course/node_ws/install/nodes_py/share/nodes_py/package.dsv'
[1.732s] INFO:colcon.colcon_core.shell:Creating package script '/home/kejun/git_dir/ros2_project/course/node_ws/install/nodes_py/share/nodes_py/package.sh'
[1.732s] INFO:colcon.colcon_core.shell:Creating package script '/home/kejun/git_dir/ros2_project/course/node_ws/install/nodes_py/share/nodes_py/package.bash'
[1.732s] INFO:colcon.colcon_core.shell:Creating package script '/home/kejun/git_dir/ros2_project/course/node_ws/install/nodes_py/share/nodes_py/package.zsh'
[1.733s] Level 1:colcon.colcon_core.environment:create_file_with_runtime_dependencies(/home/kejun/git_dir/ros2_project/course/node_ws/install/nodes_py/share/colcon-core/packages/nodes_py)
[1.733s] INFO:colcon.colcon_ros.task.ament_cmake.build:Building ROS package in '/home/kejun/git_dir/ros2_project/course/node_ws/src/nodes_bringup' with build type 'ament_cmake'
[1.733s] INFO:colcon.colcon_cmake.task.cmake.build:Building CMake package in '/home/kejun/git_dir/ros2_project/course/node_ws/src/nodes_bringup'
[1.733s] INFO:colcon.colcon_core.shell:Skip shell extension 'powershell' for command environment: Not usable outside of PowerShell
[1.733s] DEBUG:colcon.colcon_core.shell:Skip shell extension 'dsv' for command environment
[1.743s] DEBUG:colcon.colcon_core.event_handler.log_command:Invoking command in '/home/kejun/git_dir/ros2_project/course/node_ws/build/nodes_bringup': AMENT_PREFIX_PATH=/home/kejun/git_dir/ros2_project/course/node_ws/install/nodes_py:/home/kejun/git_dir/ros2_project/course/node_ws/install/nodes_bringup:/home/kejun/git_dir/ros2_project/course/node_ws/install/nodes_interfaces:/home/kejun/git_dir/ros2_project/ros2_from_scratch_book/ros2_ws/install/my_py_pkg:/home/kejun/git_dir/ros2_project/ros2_from_scratch_book/ros2_ws/install/my_cpp_pkg:/home/kejun/git_dir/ros2_project/ros2_from_scratch_book/ros2_ws/install/my_robot_interfaces:/opt/ros/jazzy CMAKE_PREFIX_PATH=/home/kejun/git_dir/ros2_project/course/node_ws/install/nodes_interfaces:/home/kejun/git_dir/ros2_project/course/node_ws/install/nodes_bringup:/home/kejun/git_dir/ros2_project/ros2_from_scratch_book/ros2_ws/install/my_cpp_pkg:/home/kejun/git_dir/ros2_project/ros2_from_scratch_book/ros2_ws/install/my_robot_interfaces:/opt/ros/jazzy/opt/gz_math_vendor:/opt/ros/jazzy/opt/gz_utils_vendor:/opt/ros/jazzy/opt/gz_cmake_vendor:/home/kejun/git_dir/ros2_project/course/node_ws/install/nodes_py:/home/kejun/git_dir/ros2_project/ros2_from_scratch_book/ros2_ws/install/my_py_pkg:/opt/ros/jazzy /usr/bin/cmake --build /home/kejun/git_dir/ros2_project/course/node_ws/build/nodes_bringup -- -j16 -l16
[1.767s] DEBUG:colcon.colcon_core.event_handler.log_command:Invoked command in '/home/kejun/git_dir/ros2_project/course/node_ws/build/nodes_bringup' returned '0': AMENT_PREFIX_PATH=/home/kejun/git_dir/ros2_project/course/node_ws/install/nodes_py:/home/kejun/git_dir/ros2_project/course/node_ws/install/nodes_bringup:/home/kejun/git_dir/ros2_project/course/node_ws/install/nodes_interfaces:/home/kejun/git_dir/ros2_project/ros2_from_scratch_book/ros2_ws/install/my_py_pkg:/home/kejun/git_dir/ros2_project/ros2_from_scratch_book/ros2_ws/install/my_cpp_pkg:/home/kejun/git_dir/ros2_project/ros2_from_scratch_book/ros2_ws/install/my_robot_interfaces:/opt/ros/jazzy CMAKE_PREFIX_PATH=/home/kejun/git_dir/ros2_project/course/node_ws/install/nodes_interfaces:/home/kejun/git_dir/ros2_project/course/node_ws/install/nodes_bringup:/home/kejun/git_dir/ros2_project/ros2_from_scratch_book/ros2_ws/install/my_cpp_pkg:/home/kejun/git_dir/ros2_project/ros2_from_scratch_book/ros2_ws/install/my_robot_interfaces:/opt/ros/jazzy/opt/gz_math_vendor:/opt/ros/jazzy/opt/gz_utils_vendor:/opt/ros/jazzy/opt/gz_cmake_vendor:/home/kejun/git_dir/ros2_project/course/node_ws/install/nodes_py:/home/kejun/git_dir/ros2_project/ros2_from_scratch_book/ros2_ws/install/my_py_pkg:/opt/ros/jazzy /usr/bin/cmake --build /home/kejun/git_dir/ros2_project/course/node_ws/build/nodes_bringup -- -j16 -l16
[1.768s] DEBUG:colcon.colcon_core.event_handler.log_command:Invoking command in '/home/kejun/git_dir/ros2_project/course/node_ws/build/nodes_bringup': AMENT_PREFIX_PATH=/home/kejun/git_dir/ros2_project/course/node_ws/install/nodes_py:/home/kejun/git_dir/ros2_project/course/node_ws/install/nodes_bringup:/home/kejun/git_dir/ros2_project/course/node_ws/install/nodes_interfaces:/home/kejun/git_dir/ros2_project/ros2_from_scratch_book/ros2_ws/install/my_py_pkg:/home/kejun/git_dir/ros2_project/ros2_from_scratch_book/ros2_ws/install/my_cpp_pkg:/home/kejun/git_dir/ros2_project/ros2_from_scratch_book/ros2_ws/install/my_robot_interfaces:/opt/ros/jazzy CMAKE_PREFIX_PATH=/home/kejun/git_dir/ros2_project/course/node_ws/install/nodes_interfaces:/home/kejun/git_dir/ros2_project/course/node_ws/install/nodes_bringup:/home/kejun/git_dir/ros2_project/ros2_from_scratch_book/ros2_ws/install/my_cpp_pkg:/home/kejun/git_dir/ros2_project/ros2_from_scratch_book/ros2_ws/install/my_robot_interfaces:/opt/ros/jazzy/opt/gz_math_vendor:/opt/ros/jazzy/opt/gz_utils_vendor:/opt/ros/jazzy/opt/gz_cmake_vendor:/home/kejun/git_dir/ros2_project/course/node_ws/install/nodes_py:/home/kejun/git_dir/ros2_project/ros2_from_scratch_book/ros2_ws/install/my_py_pkg:/opt/ros/jazzy /usr/bin/cmake --install /home/kejun/git_dir/ros2_project/course/node_ws/build/nodes_bringup
[1.774s] Level 1:colcon.colcon_core.environment:create_environment_scripts_only(nodes_bringup)
[1.775s] Level 1:colcon.colcon_core.environment:checking '/home/kejun/git_dir/ros2_project/course/node_ws/install/nodes_bringup' for CMake module files
[1.775s] Level 1:colcon.colcon_core.environment:checking '/home/kejun/git_dir/ros2_project/course/node_ws/install/nodes_bringup' for CMake config files
[1.775s] DEBUG:colcon.colcon_core.event_handler.log_command:Invoked command in '/home/kejun/git_dir/ros2_project/course/node_ws/build/nodes_bringup' returned '0': AMENT_PREFIX_PATH=/home/kejun/git_dir/ros2_project/course/node_ws/install/nodes_py:/home/kejun/git_dir/ros2_project/course/node_ws/install/nodes_bringup:/home/kejun/git_dir/ros2_project/course/node_ws/install/nodes_interfaces:/home/kejun/git_dir/ros2_project/ros2_from_scratch_book/ros2_ws/install/my_py_pkg:/home/kejun/git_dir/ros2_project/ros2_from_scratch_book/ros2_ws/install/my_cpp_pkg:/home/kejun/git_dir/ros2_project/ros2_from_scratch_book/ros2_ws/install/my_robot_interfaces:/opt/ros/jazzy CMAKE_PREFIX_PATH=/home/kejun/git_dir/ros2_project/course/node_ws/install/nodes_interfaces:/home/kejun/git_dir/ros2_project/course/node_ws/install/nodes_bringup:/home/kejun/git_dir/ros2_project/ros2_from_scratch_book/ros2_ws/install/my_cpp_pkg:/home/kejun/git_dir/ros2_project/ros2_from_scratch_book/ros2_ws/install/my_robot_interfaces:/opt/ros/jazzy/opt/gz_math_vendor:/opt/ros/jazzy/opt/gz_utils_vendor:/opt/ros/jazzy/opt/gz_cmake_vendor:/home/kejun/git_dir/ros2_project/course/node_ws/install/nodes_py:/home/kejun/git_dir/ros2_project/ros2_from_scratch_book/ros2_ws/install/my_py_pkg:/opt/ros/jazzy /usr/bin/cmake --install /home/kejun/git_dir/ros2_project/course/node_ws/build/nodes_bringup
[1.776s] Level 1:colcon.colcon_core.shell:create_environment_hook('nodes_bringup', 'cmake_prefix_path')
[1.776s] INFO:colcon.colcon_core.shell:Creating environment hook '/home/kejun/git_dir/ros2_project/course/node_ws/install/nodes_bringup/share/nodes_bringup/hook/cmake_prefix_path.ps1'
[1.776s] INFO:colcon.colcon_core.shell:Creating environment descriptor '/home/kejun/git_dir/ros2_project/course/node_ws/install/nodes_bringup/share/nodes_bringup/hook/cmake_prefix_path.dsv'
[1.776s] INFO:colcon.colcon_core.shell:Creating environment hook '/home/kejun/git_dir/ros2_project/course/node_ws/install/nodes_bringup/share/nodes_bringup/hook/cmake_prefix_path.sh'
[1.777s] Level 1:colcon.colcon_core.environment:checking '/home/kejun/git_dir/ros2_project/course/node_ws/install/nodes_bringup/bin'
[1.777s] Level 1:colcon.colcon_core.environment:checking '/home/kejun/git_dir/ros2_project/course/node_ws/install/nodes_bringup/lib/pkgconfig/nodes_bringup.pc'
[1.777s] Level 1:colcon.colcon_core.environment:checking '/home/kejun/git_dir/ros2_project/course/node_ws/install/nodes_bringup/lib/python3.12/site-packages'
[1.777s] Level 1:colcon.colcon_core.environment:checking '/home/kejun/git_dir/ros2_project/course/node_ws/install/nodes_bringup/bin'
[1.777s] INFO:colcon.colcon_core.shell:Creating package script '/home/kejun/git_dir/ros2_project/course/node_ws/install/nodes_bringup/share/nodes_bringup/package.ps1'
[1.778s] INFO:colcon.colcon_core.shell:Creating package descriptor '/home/kejun/git_dir/ros2_project/course/node_ws/install/nodes_bringup/share/nodes_bringup/package.dsv'
[1.778s] INFO:colcon.colcon_core.shell:Creating package script '/home/kejun/git_dir/ros2_project/course/node_ws/install/nodes_bringup/share/nodes_bringup/package.sh'
[1.778s] INFO:colcon.colcon_core.shell:Creating package script '/home/kejun/git_dir/ros2_project/course/node_ws/install/nodes_bringup/share/nodes_bringup/package.bash'
[1.779s] INFO:colcon.colcon_core.shell:Creating package script '/home/kejun/git_dir/ros2_project/course/node_ws/install/nodes_bringup/share/nodes_bringup/package.zsh'
[1.779s] Level 1:colcon.colcon_core.environment:create_file_with_runtime_dependencies(/home/kejun/git_dir/ros2_project/course/node_ws/install/nodes_bringup/share/colcon-core/packages/nodes_bringup)
[1.779s] Level 1:colcon.colcon_core.environment:create_environment_scripts_only(nodes_bringup)
[1.779s] Level 1:colcon.colcon_core.environment:checking '/home/kejun/git_dir/ros2_project/course/node_ws/install/nodes_bringup' for CMake module files
[1.780s] Level 1:colcon.colcon_core.environment:checking '/home/kejun/git_dir/ros2_project/course/node_ws/install/nodes_bringup' for CMake config files
[1.780s] Level 1:colcon.colcon_core.shell:create_environment_hook('nodes_bringup', 'cmake_prefix_path')
[1.780s] INFO:colcon.colcon_core.shell:Creating environment hook '/home/kejun/git_dir/ros2_project/course/node_ws/install/nodes_bringup/share/nodes_bringup/hook/cmake_prefix_path.ps1'
[1.781s] INFO:colcon.colcon_core.shell:Creating environment descriptor '/home/kejun/git_dir/ros2_project/course/node_ws/install/nodes_bringup/share/nodes_bringup/hook/cmake_prefix_path.dsv'
[1.781s] INFO:colcon.colcon_core.shell:Creating environment hook '/home/kejun/git_dir/ros2_project/course/node_ws/install/nodes_bringup/share/nodes_bringup/hook/cmake_prefix_path.sh'
[1.781s] Level 1:colcon.colcon_core.environment:checking '/home/kejun/git_dir/ros2_project/course/node_ws/install/nodes_bringup/bin'
[1.781s] Level 1:colcon.colcon_core.environment:checking '/home/kejun/git_dir/ros2_project/course/node_ws/install/nodes_bringup/lib/pkgconfig/nodes_bringup.pc'
[1.782s] Level 1:colcon.colcon_core.environment:checking '/home/kejun/git_dir/ros2_project/course/node_ws/install/nodes_bringup/lib/python3.12/site-packages'
[1.782s] Level 1:colcon.colcon_core.environment:checking '/home/kejun/git_dir/ros2_project/course/node_ws/install/nodes_bringup/bin'
[1.782s] INFO:colcon.colcon_core.shell:Creating package script '/home/kejun/git_dir/ros2_project/course/node_ws/install/nodes_bringup/share/nodes_bringup/package.ps1'
[1.782s] INFO:colcon.colcon_core.shell:Creating package descriptor '/home/kejun/git_dir/ros2_project/course/node_ws/install/nodes_bringup/share/nodes_bringup/package.dsv'
[1.783s] INFO:colcon.colcon_core.shell:Creating package script '/home/kejun/git_dir/ros2_project/course/node_ws/install/nodes_bringup/share/nodes_bringup/package.sh'
[1.783s] INFO:colcon.colcon_core.shell:Creating package script '/home/kejun/git_dir/ros2_project/course/node_ws/install/nodes_bringup/share/nodes_bringup/package.bash'
[1.783s] INFO:colcon.colcon_core.shell:Creating package script '/home/kejun/git_dir/ros2_project/course/node_ws/install/nodes_bringup/share/nodes_bringup/package.zsh'
[1.784s] Level 1:colcon.colcon_core.environment:create_file_with_runtime_dependencies(/home/kejun/git_dir/ros2_project/course/node_ws/install/nodes_bringup/share/colcon-core/packages/nodes_bringup)
[1.784s] DEBUG:colcon.colcon_parallel_executor.executor.parallel:closing loop
[1.784s] DEBUG:colcon.colcon_parallel_executor.executor.parallel:loop closed
[1.784s] DEBUG:colcon.colcon_parallel_executor.executor.parallel:run_until_complete finished with '0'
[1.785s] DEBUG:colcon.colcon_core.event_reactor:joining thread
[1.789s] INFO:colcon.colcon_core.plugin_system:Skipping extension 'colcon_notification.desktop_notification.terminal_notifier': Not used on non-Darwin systems
[1.789s] INFO:colcon.colcon_core.plugin_system:Skipping extension 'colcon_notification.desktop_notification.win32': Not used on non-Windows systems
[1.789s] INFO:colcon.colcon_notification.desktop_notification:Sending desktop notification using 'notify2'
[1.800s] DEBUG:colcon.colcon_core.event_reactor:joined thread
[1.800s] INFO:colcon.colcon_core.shell:Creating prefix script '/home/kejun/git_dir/ros2_project/course/node_ws/install/local_setup.ps1'
[1.801s] INFO:colcon.colcon_core.shell:Creating prefix util module '/home/kejun/git_dir/ros2_project/course/node_ws/install/_local_setup_util_ps1.py'
[1.802s] INFO:colcon.colcon_core.shell:Creating prefix chain script '/home/kejun/git_dir/ros2_project/course/node_ws/install/setup.ps1'
[1.803s] INFO:colcon.colcon_core.shell:Creating prefix script '/home/kejun/git_dir/ros2_project/course/node_ws/install/local_setup.sh'
[1.803s] INFO:colcon.colcon_core.shell:Creating prefix util module '/home/kejun/git_dir/ros2_project/course/node_ws/install/_local_setup_util_sh.py'
[1.804s] INFO:colcon.colcon_core.shell:Creating prefix chain script '/home/kejun/git_dir/ros2_project/course/node_ws/install/setup.sh'
[1.805s] INFO:colcon.colcon_core.shell:Creating prefix script '/home/kejun/git_dir/ros2_project/course/node_ws/install/local_setup.bash'
[1.805s] INFO:colcon.colcon_core.shell:Creating prefix chain script '/home/kejun/git_dir/ros2_project/course/node_ws/install/setup.bash'
[1.806s] INFO:colcon.colcon_core.shell:Creating prefix script '/home/kejun/git_dir/ros2_project/course/node_ws/install/local_setup.zsh'
[1.807s] INFO:colcon.colcon_core.shell:Creating prefix chain script '/home/kejun/git_dir/ros2_project/course/node_ws/install/setup.zsh'
