[0.013s] Invoking command in '/home/kejun/git_dir/ros2_project/ros2_from_scratch_book/ros2_ws/build/my_cpp_pkg': CMAKE_PREFIX_PATH=${CMAKE_PREFIX_PATH}:/home/kejun/study/node_ws/install/nodes_py:/home/kejun/study/ros2_ws/install/my_py_pkg:/opt/ros/jazzy DEBUGINFOD_URLS=https://debuginfod.ubuntu.com /usr/bin/cmake /home/kejun/git_dir/ros2_project/ros2_from_scratch_book/ros2_ws/src/my_cpp_pkg -DCMAKE_INSTALL_PREFIX=/home/kejun/git_dir/ros2_project/ros2_from_scratch_book/ros2_ws/install/my_cpp_pkg
[0.080s] -- The C compiler identification is GNU 13.3.0
[0.131s] -- The CXX compiler identification is GNU 13.3.0
[0.147s] -- Detecting C compiler ABI info
[0.226s] -- Detecting C compiler ABI info - done
[0.231s] -- Check for working C compiler: /usr/bin/cc - skipped
[0.232s] -- Detecting C compile features
[0.232s] -- Detecting C compile features - done
[0.239s] -- Detecting CXX compiler ABI info
[0.330s] -- Detecting CXX compiler ABI info - done
[0.335s] -- Check for working CXX compiler: /usr/bin/c++ - skipped
[0.335s] -- Detecting CXX compile features
[0.336s] -- Detecting CXX compile features - done
[0.338s] -- Found ament_cmake: 2.5.4 (/opt/ros/jazzy/share/ament_cmake/cmake)
[0.445s] -- Found Python3: /usr/bin/python3 (found version "3.12.3") found components: Interpreter 
[0.536s] -- Found rclcpp: 28.1.11 (/opt/ros/jazzy/share/rclcpp/cmake)
[0.566s] -- Found rosidl_generator_c: 4.6.6 (/opt/ros/jazzy/share/rosidl_generator_c/cmake)
[0.573s] -- Found rosidl_generator_cpp: 4.6.6 (/opt/ros/jazzy/share/rosidl_generator_cpp/cmake)
[0.583s] -- Using all available rosidl_typesupport_c: rosidl_typesupport_fastrtps_c;rosidl_typesupport_introspection_c
[0.594s] -- Using all available rosidl_typesupport_cpp: rosidl_typesupport_fastrtps_cpp;rosidl_typesupport_introspection_cpp
[0.646s] -- Found rmw_implementation_cmake: 7.3.2 (/opt/ros/jazzy/share/rmw_implementation_cmake/cmake)
[0.647s] -- Found rmw_fastrtps_cpp: 8.4.3 (/opt/ros/jazzy/share/rmw_fastrtps_cpp/cmake)
[0.718s] -- Found OpenSSL: /usr/lib/x86_64-linux-gnu/libcrypto.so (found version "3.0.13")  
[0.731s] -- Found FastRTPS: /opt/ros/jazzy/include (Required is at least version "2.13") 
[0.746s] -- Using RMW implementation 'rmw_fastrtps_cpp' as default
[0.794s] -- Found example_interfaces: 0.12.0 (/opt/ros/jazzy/share/example_interfaces/cmake)
[0.838s] -- Found ament_lint_auto: 0.17.3 (/opt/ros/jazzy/share/ament_lint_auto/cmake)
[0.910s] -- Added test 'cppcheck' to perform static code analysis on C / C++ code
[0.911s] -- Configured cppcheck include dirs: 
[0.911s] -- Configured cppcheck exclude dirs and/or files: 
[0.911s] -- Added test 'lint_cmake' to check CMake code style
[0.912s] -- Added test 'uncrustify' to check C / C++ code style
[0.912s] -- Configured uncrustify additional arguments: 
[0.913s] -- Added test 'xmllint' to check XML markup files
[0.914s] -- Configuring done (0.9s)
[0.927s] -- Generating done (0.0s)
[0.931s] -- Build files have been written to: /home/kejun/git_dir/ros2_project/ros2_from_scratch_book/ros2_ws/build/my_cpp_pkg
[0.940s] Invoked command in '/home/kejun/git_dir/ros2_project/ros2_from_scratch_book/ros2_ws/build/my_cpp_pkg' returned '0': CMAKE_PREFIX_PATH=${CMAKE_PREFIX_PATH}:/home/kejun/study/node_ws/install/nodes_py:/home/kejun/study/ros2_ws/install/my_py_pkg:/opt/ros/jazzy DEBUGINFOD_URLS=https://debuginfod.ubuntu.com /usr/bin/cmake /home/kejun/git_dir/ros2_project/ros2_from_scratch_book/ros2_ws/src/my_cpp_pkg -DCMAKE_INSTALL_PREFIX=/home/kejun/git_dir/ros2_project/ros2_from_scratch_book/ros2_ws/install/my_cpp_pkg
[0.941s] Invoking command in '/home/kejun/git_dir/ros2_project/ros2_from_scratch_book/ros2_ws/build/my_cpp_pkg': CMAKE_PREFIX_PATH=${CMAKE_PREFIX_PATH}:/home/kejun/study/node_ws/install/nodes_py:/home/kejun/study/ros2_ws/install/my_py_pkg:/opt/ros/jazzy DEBUGINFOD_URLS=https://debuginfod.ubuntu.com /usr/bin/cmake --build /home/kejun/git_dir/ros2_project/ros2_from_scratch_book/ros2_ws/build/my_cpp_pkg -- -j1 -l1
[0.985s] [ 16%] [32mBuilding CXX object CMakeFiles/test_node.dir/src/my_first_node.cpp.o[0m
[3.128s] [ 33%] [32m[1mLinking CXX executable test_node[0m
[3.225s] [ 33%] Built target test_node
[3.242s] [ 50%] [32mBuilding CXX object CMakeFiles/number_publisher.dir/src/number_publisher.cpp.o[0m
[6.096s] [ 66%] [32m[1mLinking CXX executable number_publisher[0m
[6.218s] [ 66%] Built target number_publisher
[6.235s] [ 83%] [32mBuilding CXX object CMakeFiles/number_counter.dir/src/number_counter.cpp.o[0m
[11.149s] [100%] [32m[1mLinking CXX executable number_counter[0m
[11.335s] [100%] Built target number_counter
[11.344s] Invoked command in '/home/kejun/git_dir/ros2_project/ros2_from_scratch_book/ros2_ws/build/my_cpp_pkg' returned '0': CMAKE_PREFIX_PATH=${CMAKE_PREFIX_PATH}:/home/kejun/study/node_ws/install/nodes_py:/home/kejun/study/ros2_ws/install/my_py_pkg:/opt/ros/jazzy DEBUGINFOD_URLS=https://debuginfod.ubuntu.com /usr/bin/cmake --build /home/kejun/git_dir/ros2_project/ros2_from_scratch_book/ros2_ws/build/my_cpp_pkg -- -j1 -l1
[11.351s] Invoking command in '/home/kejun/git_dir/ros2_project/ros2_from_scratch_book/ros2_ws/build/my_cpp_pkg': CMAKE_PREFIX_PATH=${CMAKE_PREFIX_PATH}:/home/kejun/study/node_ws/install/nodes_py:/home/kejun/study/ros2_ws/install/my_py_pkg:/opt/ros/jazzy DEBUGINFOD_URLS=https://debuginfod.ubuntu.com /usr/bin/cmake --install /home/kejun/git_dir/ros2_project/ros2_from_scratch_book/ros2_ws/build/my_cpp_pkg
[11.357s] -- Install configuration: ""
[11.358s] -- Installing: /home/kejun/git_dir/ros2_project/ros2_from_scratch_book/ros2_ws/install/my_cpp_pkg/lib/my_cpp_pkg/test_node
[11.361s] -- Set non-toolchain portion of runtime path of "/home/kejun/git_dir/ros2_project/ros2_from_scratch_book/ros2_ws/install/my_cpp_pkg/lib/my_cpp_pkg/test_node" to ""
[11.361s] -- Installing: /home/kejun/git_dir/ros2_project/ros2_from_scratch_book/ros2_ws/install/my_cpp_pkg/lib/my_cpp_pkg/number_publisher
[11.362s] -- Set non-toolchain portion of runtime path of "/home/kejun/git_dir/ros2_project/ros2_from_scratch_book/ros2_ws/install/my_cpp_pkg/lib/my_cpp_pkg/number_publisher" to ""
[11.362s] -- Installing: /home/kejun/git_dir/ros2_project/ros2_from_scratch_book/ros2_ws/install/my_cpp_pkg/lib/my_cpp_pkg/number_counter
[11.366s] -- Set non-toolchain portion of runtime path of "/home/kejun/git_dir/ros2_project/ros2_from_scratch_book/ros2_ws/install/my_cpp_pkg/lib/my_cpp_pkg/number_counter" to ""
[11.367s] -- Installing: /home/kejun/git_dir/ros2_project/ros2_from_scratch_book/ros2_ws/install/my_cpp_pkg/share/ament_index/resource_index/package_run_dependencies/my_cpp_pkg
[11.367s] -- Installing: /home/kejun/git_dir/ros2_project/ros2_from_scratch_book/ros2_ws/install/my_cpp_pkg/share/ament_index/resource_index/parent_prefix_path/my_cpp_pkg
[11.367s] -- Installing: /home/kejun/git_dir/ros2_project/ros2_from_scratch_book/ros2_ws/install/my_cpp_pkg/share/my_cpp_pkg/environment/ament_prefix_path.sh
[11.367s] -- Installing: /home/kejun/git_dir/ros2_project/ros2_from_scratch_book/ros2_ws/install/my_cpp_pkg/share/my_cpp_pkg/environment/ament_prefix_path.dsv
[11.367s] -- Installing: /home/kejun/git_dir/ros2_project/ros2_from_scratch_book/ros2_ws/install/my_cpp_pkg/share/my_cpp_pkg/environment/path.sh
[11.368s] -- Installing: /home/kejun/git_dir/ros2_project/ros2_from_scratch_book/ros2_ws/install/my_cpp_pkg/share/my_cpp_pkg/environment/path.dsv
[11.368s] -- Installing: /home/kejun/git_dir/ros2_project/ros2_from_scratch_book/ros2_ws/install/my_cpp_pkg/share/my_cpp_pkg/local_setup.bash
[11.368s] -- Installing: /home/kejun/git_dir/ros2_project/ros2_from_scratch_book/ros2_ws/install/my_cpp_pkg/share/my_cpp_pkg/local_setup.sh
[11.368s] -- Installing: /home/kejun/git_dir/ros2_project/ros2_from_scratch_book/ros2_ws/install/my_cpp_pkg/share/my_cpp_pkg/local_setup.zsh
[11.369s] -- Installing: /home/kejun/git_dir/ros2_project/ros2_from_scratch_book/ros2_ws/install/my_cpp_pkg/share/my_cpp_pkg/local_setup.dsv
[11.369s] -- Installing: /home/kejun/git_dir/ros2_project/ros2_from_scratch_book/ros2_ws/install/my_cpp_pkg/share/my_cpp_pkg/package.dsv
[11.369s] -- Installing: /home/kejun/git_dir/ros2_project/ros2_from_scratch_book/ros2_ws/install/my_cpp_pkg/share/ament_index/resource_index/packages/my_cpp_pkg
[11.369s] -- Installing: /home/kejun/git_dir/ros2_project/ros2_from_scratch_book/ros2_ws/install/my_cpp_pkg/share/my_cpp_pkg/cmake/my_cpp_pkgConfig.cmake
[11.369s] -- Installing: /home/kejun/git_dir/ros2_project/ros2_from_scratch_book/ros2_ws/install/my_cpp_pkg/share/my_cpp_pkg/cmake/my_cpp_pkgConfig-version.cmake
[11.370s] -- Installing: /home/kejun/git_dir/ros2_project/ros2_from_scratch_book/ros2_ws/install/my_cpp_pkg/share/my_cpp_pkg/package.xml
[11.372s] Invoked command in '/home/kejun/git_dir/ros2_project/ros2_from_scratch_book/ros2_ws/build/my_cpp_pkg' returned '0': CMAKE_PREFIX_PATH=${CMAKE_PREFIX_PATH}:/home/kejun/study/node_ws/install/nodes_py:/home/kejun/study/ros2_ws/install/my_py_pkg:/opt/ros/jazzy DEBUGINFOD_URLS=https://debuginfod.ubuntu.com /usr/bin/cmake --install /home/kejun/git_dir/ros2_project/ros2_from_scratch_book/ros2_ws/build/my_cpp_pkg
