[0.412s] Invoking command in '/home/kejun/study/node_ws/src/nodes_py': DEBUGINFOD_URLS=https://debuginfod.ubuntu.com PYTHONPATH=/home/kejun/study/node_ws/build/nodes_py/prefix_override:/usr/lib/python3/dist-packages/colcon_core/task/python/colcon_distutils_commands:/home/kejun/study/node_ws/install/nodes_py/lib/python3.12/site-packages:${PYTHONPATH} /usr/bin/python3 -W ignore:setup.py install is deprecated -W ignore:easy_install command is deprecated setup.py egg_info --egg-base ../../build/nodes_py build --build-base /home/kejun/study/node_ws/build/nodes_py/build install --record /home/kejun/study/node_ws/build/nodes_py/install.log --single-version-externally-managed install_data
[0.563s] running egg_info
[0.570s] writing ../../build/nodes_py/nodes_py.egg-info/PKG-INFO
[0.571s] writing dependency_links to ../../build/nodes_py/nodes_py.egg-info/dependency_links.txt
[0.571s] writing entry points to ../../build/nodes_py/nodes_py.egg-info/entry_points.txt
[0.571s] writing requirements to ../../build/nodes_py/nodes_py.egg-info/requires.txt
[0.571s] writing top-level names to ../../build/nodes_py/nodes_py.egg-info/top_level.txt
[0.586s] reading manifest file '../../build/nodes_py/nodes_py.egg-info/SOURCES.txt'
[0.587s] writing manifest file '../../build/nodes_py/nodes_py.egg-info/SOURCES.txt'
[0.588s] running build
[0.588s] running build_py
[0.588s] running install
[0.591s] running install_lib
[0.599s] running install_data
[0.599s] running install_egg_info
[0.617s] removing '/home/kejun/study/node_ws/install/nodes_py/lib/python3.12/site-packages/nodes_py-0.0.0-py3.12.egg-info' (and everything under it)
[0.618s] Copying ../../build/nodes_py/nodes_py.egg-info to /home/kejun/study/node_ws/install/nodes_py/lib/python3.12/site-packages/nodes_py-0.0.0-py3.12.egg-info
[0.620s] running install_scripts
[0.689s] Installing receiverExe script to /home/kejun/study/node_ws/install/nodes_py/lib/nodes_py
[0.689s] Installing senderExe script to /home/kejun/study/node_ws/install/nodes_py/lib/nodes_py
[0.690s] writing list of installed files to '/home/kejun/study/node_ws/build/nodes_py/install.log'
[0.721s] Invoked command in '/home/kejun/study/node_ws/src/nodes_py' returned '0': DEBUGINFOD_URLS=https://debuginfod.ubuntu.com PYTHONPATH=/home/kejun/study/node_ws/build/nodes_py/prefix_override:/usr/lib/python3/dist-packages/colcon_core/task/python/colcon_distutils_commands:/home/kejun/study/node_ws/install/nodes_py/lib/python3.12/site-packages:${PYTHONPATH} /usr/bin/python3 -W ignore:setup.py install is deprecated -W ignore:easy_install command is deprecated setup.py egg_info --egg-base ../../build/nodes_py build --build-base /home/kejun/study/node_ws/build/nodes_py/build install --record /home/kejun/study/node_ws/build/nodes_py/install.log --single-version-externally-managed install_data
