[0.434s] Invoking command in '/home/kejun/git_dir/ros2_project/course/node_ws/src/nodes_py': DEBUGINFOD_URLS=https://debuginfod.ubuntu.com PYTHONPATH=/home/kejun/git_dir/ros2_project/course/node_ws/build/nodes_py/prefix_override:/usr/lib/python3/dist-packages/colcon_core/task/python/colcon_distutils_commands:/home/kejun/git_dir/ros2_project/course/node_ws/install/nodes_py/lib/python3.12/site-packages:${PYTHONPATH} /usr/bin/python3 -W ignore:setup.py install is deprecated -W ignore:easy_install command is deprecated setup.py egg_info --egg-base ../../build/nodes_py build --build-base /home/kejun/git_dir/ros2_project/course/node_ws/build/nodes_py/build install --record /home/kejun/git_dir/ros2_project/course/node_ws/build/nodes_py/install.log --single-version-externally-managed install_data
[0.568s] running egg_info
[0.574s] writing ../../build/nodes_py/nodes_py.egg-info/PKG-INFO
[0.575s] writing dependency_links to ../../build/nodes_py/nodes_py.egg-info/dependency_links.txt
[0.575s] writing entry points to ../../build/nodes_py/nodes_py.egg-info/entry_points.txt
[0.575s] writing requirements to ../../build/nodes_py/nodes_py.egg-info/requires.txt
[0.576s] writing top-level names to ../../build/nodes_py/nodes_py.egg-info/top_level.txt
[0.590s] reading manifest file '../../build/nodes_py/nodes_py.egg-info/SOURCES.txt'
[0.590s] writing manifest file '../../build/nodes_py/nodes_py.egg-info/SOURCES.txt'
[0.591s] running build
[0.591s] running build_py
[0.591s] copying nodes_py/sender.py -> /home/kejun/git_dir/ros2_project/course/node_ws/build/nodes_py/build/lib/nodes_py
[0.591s] running install
[0.595s] running install_lib
[0.601s] copying /home/kejun/git_dir/ros2_project/course/node_ws/build/nodes_py/build/lib/nodes_py/sender.py -> /home/kejun/git_dir/ros2_project/course/node_ws/install/nodes_py/lib/python3.12/site-packages/nodes_py
[0.603s] byte-compiling /home/kejun/git_dir/ros2_project/course/node_ws/install/nodes_py/lib/python3.12/site-packages/nodes_py/sender.py to sender.cpython-312.pyc
[0.604s] running install_data
[0.605s] running install_egg_info
[0.617s] removing '/home/kejun/git_dir/ros2_project/course/node_ws/install/nodes_py/lib/python3.12/site-packages/nodes_py-0.0.0-py3.12.egg-info' (and everything under it)
[0.620s] Copying ../../build/nodes_py/nodes_py.egg-info to /home/kejun/git_dir/ros2_project/course/node_ws/install/nodes_py/lib/python3.12/site-packages/nodes_py-0.0.0-py3.12.egg-info
[0.620s] running install_scripts
[0.696s] Installing receiverExe script to /home/kejun/git_dir/ros2_project/course/node_ws/install/nodes_py/lib/nodes_py
[0.696s] Installing senderExe script to /home/kejun/git_dir/ros2_project/course/node_ws/install/nodes_py/lib/nodes_py
[0.700s] writing list of installed files to '/home/kejun/git_dir/ros2_project/course/node_ws/build/nodes_py/install.log'
[0.740s] Invoked command in '/home/kejun/git_dir/ros2_project/course/node_ws/src/nodes_py' returned '0': DEBUGINFOD_URLS=https://debuginfod.ubuntu.com PYTHONPATH=/home/kejun/git_dir/ros2_project/course/node_ws/build/nodes_py/prefix_override:/usr/lib/python3/dist-packages/colcon_core/task/python/colcon_distutils_commands:/home/kejun/git_dir/ros2_project/course/node_ws/install/nodes_py/lib/python3.12/site-packages:${PYTHONPATH} /usr/bin/python3 -W ignore:setup.py install is deprecated -W ignore:easy_install command is deprecated setup.py egg_info --egg-base ../../build/nodes_py build --build-base /home/kejun/git_dir/ros2_project/course/node_ws/build/nodes_py/build install --record /home/kejun/git_dir/ros2_project/course/node_ws/build/nodes_py/install.log --single-version-externally-managed install_data
