[0.817s] Invoking command in '/home/kejun/git_dir/ros2_project/ros2_from_scratch_book/ros2_ws/src/my_py_pkg': AMENT_PREFIX_PATH=/home/kejun/git_dir/ros2_project/ros2_from_scratch_book/ros2_ws/install/my_robot_interfaces:${AMENT_PREFIX_PATH} CMAKE_PREFIX_PATH=/home/kejun/git_dir/ros2_project/ros2_from_scratch_book/ros2_ws/install/my_robot_interfaces:${CMAKE_PREFIX_PATH} LD_LIBRARY_PATH=/home/kejun/git_dir/ros2_project/ros2_from_scratch_book/ros2_ws/install/my_robot_interfaces/lib:${LD_LIBRARY_PATH} PYTHONPATH=/home/kejun/git_dir/ros2_project/ros2_from_scratch_book/ros2_ws/build/my_py_pkg/prefix_override:/usr/lib/python3/dist-packages/colcon_core/task/python/colcon_distutils_commands:/home/kejun/git_dir/ros2_project/ros2_from_scratch_book/ros2_ws/install/my_py_pkg/lib/python3.12/site-packages:/home/kejun/git_dir/ros2_project/ros2_from_scratch_book/ros2_ws/install/my_robot_interfaces/lib/python3.12/site-packages:${PYTHONPATH} /usr/bin/python3 -W ignore:setup.py install is deprecated -W ignore:easy_install command is deprecated setup.py egg_info --egg-base ../../build/my_py_pkg build --build-base /home/kejun/git_dir/ros2_project/ros2_from_scratch_book/ros2_ws/build/my_py_pkg/build install --record /home/kejun/git_dir/ros2_project/ros2_from_scratch_book/ros2_ws/build/my_py_pkg/install.log --single-version-externally-managed install_data
[1.045s] running egg_info
[1.063s] writing ../../build/my_py_pkg/my_py_pkg.egg-info/PKG-INFO
[1.063s] writing dependency_links to ../../build/my_py_pkg/my_py_pkg.egg-info/dependency_links.txt
[1.063s] writing entry points to ../../build/my_py_pkg/my_py_pkg.egg-info/entry_points.txt
[1.064s] writing requirements to ../../build/my_py_pkg/my_py_pkg.egg-info/requires.txt
[1.064s] writing top-level names to ../../build/my_py_pkg/my_py_pkg.egg-info/top_level.txt
[1.099s] reading manifest file '../../build/my_py_pkg/my_py_pkg.egg-info/SOURCES.txt'
[1.100s] writing manifest file '../../build/my_py_pkg/my_py_pkg.egg-info/SOURCES.txt'
[1.100s] running build
[1.100s] running build_py
[1.101s] copying my_py_pkg/reset_counter_client.py -> /home/kejun/git_dir/ros2_project/ros2_from_scratch_book/ros2_ws/build/my_py_pkg/build/lib/my_py_pkg
[1.101s] running install
[1.106s] running install_lib
[1.125s] copying /home/kejun/git_dir/ros2_project/ros2_from_scratch_book/ros2_ws/build/my_py_pkg/build/lib/my_py_pkg/reset_counter_client.py -> /home/kejun/git_dir/ros2_project/ros2_from_scratch_book/ros2_ws/install/my_py_pkg/lib/python3.12/site-packages/my_py_pkg
[1.125s] byte-compiling /home/kejun/git_dir/ros2_project/ros2_from_scratch_book/ros2_ws/install/my_py_pkg/lib/python3.12/site-packages/my_py_pkg/reset_counter_client.py to reset_counter_client.cpython-312.pyc
[1.126s] running install_data
[1.126s] running install_egg_info
[1.145s] removing '/home/kejun/git_dir/ros2_project/ros2_from_scratch_book/ros2_ws/install/my_py_pkg/lib/python3.12/site-packages/my_py_pkg-0.0.0-py3.12.egg-info' (and everything under it)
[1.145s] Copying ../../build/my_py_pkg/my_py_pkg.egg-info to /home/kejun/git_dir/ros2_project/ros2_from_scratch_book/ros2_ws/install/my_py_pkg/lib/python3.12/site-packages/my_py_pkg-0.0.0-py3.12.egg-info
[1.146s] running install_scripts
[1.257s] Installing number_counter script to /home/kejun/git_dir/ros2_project/ros2_from_scratch_book/ros2_ws/install/my_py_pkg/lib/my_py_pkg
[1.257s] Installing number_publisher script to /home/kejun/git_dir/ros2_project/ros2_from_scratch_book/ros2_ws/install/my_py_pkg/lib/my_py_pkg
[1.257s] Installing reset_counter_client script to /home/kejun/git_dir/ros2_project/ros2_from_scratch_book/ros2_ws/install/my_py_pkg/lib/my_py_pkg
[1.258s] Installing test_node script to /home/kejun/git_dir/ros2_project/ros2_from_scratch_book/ros2_ws/install/my_py_pkg/lib/my_py_pkg
[1.258s] writing list of installed files to '/home/kejun/git_dir/ros2_project/ros2_from_scratch_book/ros2_ws/build/my_py_pkg/install.log'
[1.278s] Invoked command in '/home/kejun/git_dir/ros2_project/ros2_from_scratch_book/ros2_ws/src/my_py_pkg' returned '0': AMENT_PREFIX_PATH=/home/kejun/git_dir/ros2_project/ros2_from_scratch_book/ros2_ws/install/my_robot_interfaces:${AMENT_PREFIX_PATH} CMAKE_PREFIX_PATH=/home/kejun/git_dir/ros2_project/ros2_from_scratch_book/ros2_ws/install/my_robot_interfaces:${CMAKE_PREFIX_PATH} LD_LIBRARY_PATH=/home/kejun/git_dir/ros2_project/ros2_from_scratch_book/ros2_ws/install/my_robot_interfaces/lib:${LD_LIBRARY_PATH} PYTHONPATH=/home/kejun/git_dir/ros2_project/ros2_from_scratch_book/ros2_ws/build/my_py_pkg/prefix_override:/usr/lib/python3/dist-packages/colcon_core/task/python/colcon_distutils_commands:/home/kejun/git_dir/ros2_project/ros2_from_scratch_book/ros2_ws/install/my_py_pkg/lib/python3.12/site-packages:/home/kejun/git_dir/ros2_project/ros2_from_scratch_book/ros2_ws/install/my_robot_interfaces/lib/python3.12/site-packages:${PYTHONPATH} /usr/bin/python3 -W ignore:setup.py install is deprecated -W ignore:easy_install command is deprecated setup.py egg_info --egg-base ../../build/my_py_pkg build --build-base /home/kejun/git_dir/ros2_project/ros2_from_scratch_book/ros2_ws/build/my_py_pkg/build install --record /home/kejun/git_dir/ros2_project/ros2_from_scratch_book/ros2_ws/build/my_py_pkg/install.log --single-version-externally-managed install_data
