[0.639s] Invoking command in '/home/kejun/git_dir/ros2_project/assignments/assign01/assn01_ws/src/heatControl_py': DEBUGINFOD_URLS=https://debuginfod.ubuntu.com PYTHONPATH=/home/kejun/git_dir/ros2_project/assignments/assign01/assn01_ws/build/heatControl_py/prefix_override:/usr/lib/python3/dist-packages/colcon_core/task/python/colcon_distutils_commands:/home/kejun/git_dir/ros2_project/assignments/assign01/assn01_ws/install/heatControl_py/lib/python3.12/site-packages:${PYTHONPATH} /usr/bin/python3 -W ignore:setup.py install is deprecated -W ignore:easy_install command is deprecated setup.py egg_info --egg-base ../../build/heatControl_py build --build-base /home/kejun/git_dir/ros2_project/assignments/assign01/assn01_ws/build/heatControl_py/build install --record /home/kejun/git_dir/ros2_project/assignments/assign01/assn01_ws/build/heatControl_py/install.log --single-version-externally-managed install_data
[0.853s] running egg_info
[0.869s] writing ../../build/heatControl_py/heatControl_py.egg-info/PKG-INFO
[0.869s] writing dependency_links to ../../build/heatControl_py/heatControl_py.egg-info/dependency_links.txt
[0.870s] writing entry points to ../../build/heatControl_py/heatControl_py.egg-info/entry_points.txt
[0.870s] writing requirements to ../../build/heatControl_py/heatControl_py.egg-info/requires.txt
[0.870s] writing top-level names to ../../build/heatControl_py/heatControl_py.egg-info/top_level.txt
[0.905s] reading manifest file '../../build/heatControl_py/heatControl_py.egg-info/SOURCES.txt'
[0.906s] writing manifest file '../../build/heatControl_py/heatControl_py.egg-info/SOURCES.txt'
[0.906s] running build
[0.906s] running build_py
[0.906s] copying heatControl_py/tempSensor.py -> /home/kejun/git_dir/ros2_project/assignments/assign01/assn01_ws/build/heatControl_py/build/lib/heatControl_py
[0.907s] running install
[0.912s] running install_lib
[0.928s] copying /home/kejun/git_dir/ros2_project/assignments/assign01/assn01_ws/build/heatControl_py/build/lib/heatControl_py/tempSensor.py -> /home/kejun/git_dir/ros2_project/assignments/assign01/assn01_ws/install/heatControl_py/lib/python3.12/site-packages/heatControl_py
[0.929s] byte-compiling /home/kejun/git_dir/ros2_project/assignments/assign01/assn01_ws/install/heatControl_py/lib/python3.12/site-packages/heatControl_py/tempSensor.py to tempSensor.cpython-312.pyc
[0.930s] running install_data
[0.930s] running install_egg_info
[0.947s] removing '/home/kejun/git_dir/ros2_project/assignments/assign01/assn01_ws/install/heatControl_py/lib/python3.12/site-packages/heatControl_py-0.0.0-py3.12.egg-info' (and everything under it)
[0.947s] Copying ../../build/heatControl_py/heatControl_py.egg-info to /home/kejun/git_dir/ros2_project/assignments/assign01/assn01_ws/install/heatControl_py/lib/python3.12/site-packages/heatControl_py-0.0.0-py3.12.egg-info
[0.948s] running install_scripts
[1.054s] Installing heater script to /home/kejun/git_dir/ros2_project/assignments/assign01/assn01_ws/install/heatControl_py/lib/heatControl_py
[1.054s] Installing tempSensor script to /home/kejun/git_dir/ros2_project/assignments/assign01/assn01_ws/install/heatControl_py/lib/heatControl_py
[1.054s] Installing thermostat script to /home/kejun/git_dir/ros2_project/assignments/assign01/assn01_ws/install/heatControl_py/lib/heatControl_py
[1.055s] writing list of installed files to '/home/kejun/git_dir/ros2_project/assignments/assign01/assn01_ws/build/heatControl_py/install.log'
[1.071s] Invoked command in '/home/kejun/git_dir/ros2_project/assignments/assign01/assn01_ws/src/heatControl_py' returned '0': DEBUGINFOD_URLS=https://debuginfod.ubuntu.com PYTHONPATH=/home/kejun/git_dir/ros2_project/assignments/assign01/assn01_ws/build/heatControl_py/prefix_override:/usr/lib/python3/dist-packages/colcon_core/task/python/colcon_distutils_commands:/home/kejun/git_dir/ros2_project/assignments/assign01/assn01_ws/install/heatControl_py/lib/python3.12/site-packages:${PYTHONPATH} /usr/bin/python3 -W ignore:setup.py install is deprecated -W ignore:easy_install command is deprecated setup.py egg_info --egg-base ../../build/heatControl_py build --build-base /home/kejun/git_dir/ros2_project/assignments/assign01/assn01_ws/build/heatControl_py/build install --record /home/kejun/git_dir/ros2_project/assignments/assign01/assn01_ws/build/heatControl_py/install.log --single-version-externally-managed install_data
