[ 83%] Built target tempSensor
[ 83%] [32mBuilding CXX object CMakeFiles/heater.dir/src/heater.cpp.o[0m
[ 83%] Built target thermostat
[100%] [32m[1mLinking CXX executable heater[0m
[100%] Built target heater
-- Install configuration: ""
-- Up-to-date: /home/kejun/git_dir/ros2_project/assignments/assign01/assn01_ws/install/heatControl_cpp/lib/heatControl_cpp/tempSensor
-- Up-to-date: /home/kejun/git_dir/ros2_project/assignments/assign01/assn01_ws/install/heatControl_cpp/lib/heatControl_cpp/thermostat
-- Installing: /home/kejun/git_dir/ros2_project/assignments/assign01/assn01_ws/install/heatControl_cpp/lib/heatControl_cpp/heater
-- Set non-toolchain portion of runtime path of "/home/kejun/git_dir/ros2_project/assignments/assign01/assn01_ws/install/heatControl_cpp/lib/heatControl_cpp/heater" to ""
-- Up-to-date: /home/kejun/git_dir/ros2_project/assignments/assign01/assn01_ws/install/heatControl_cpp/share/ament_index/resource_index/package_run_dependencies/heatControl_cpp
-- Up-to-date: /home/kejun/git_dir/ros2_project/assignments/assign01/assn01_ws/install/heatControl_cpp/share/ament_index/resource_index/parent_prefix_path/heatControl_cpp
-- Up-to-date: /home/kejun/git_dir/ros2_project/assignments/assign01/assn01_ws/install/heatControl_cpp/share/heatControl_cpp/environment/ament_prefix_path.sh
-- Up-to-date: /home/kejun/git_dir/ros2_project/assignments/assign01/assn01_ws/install/heatControl_cpp/share/heatControl_cpp/environment/ament_prefix_path.dsv
-- Up-to-date: /home/kejun/git_dir/ros2_project/assignments/assign01/assn01_ws/install/heatControl_cpp/share/heatControl_cpp/environment/path.sh
-- Up-to-date: /home/kejun/git_dir/ros2_project/assignments/assign01/assn01_ws/install/heatControl_cpp/share/heatControl_cpp/environment/path.dsv
-- Up-to-date: /home/kejun/git_dir/ros2_project/assignments/assign01/assn01_ws/install/heatControl_cpp/share/heatControl_cpp/local_setup.bash
-- Up-to-date: /home/kejun/git_dir/ros2_project/assignments/assign01/assn01_ws/install/heatControl_cpp/share/heatControl_cpp/local_setup.sh
-- Up-to-date: /home/kejun/git_dir/ros2_project/assignments/assign01/assn01_ws/install/heatControl_cpp/share/heatControl_cpp/local_setup.zsh
-- Up-to-date: /home/kejun/git_dir/ros2_project/assignments/assign01/assn01_ws/install/heatControl_cpp/share/heatControl_cpp/local_setup.dsv
-- Installing: /home/kejun/git_dir/ros2_project/assignments/assign01/assn01_ws/install/heatControl_cpp/share/heatControl_cpp/package.dsv
-- Up-to-date: /home/kejun/git_dir/ros2_project/assignments/assign01/assn01_ws/install/heatControl_cpp/share/ament_index/resource_index/packages/heatControl_cpp
-- Up-to-date: /home/kejun/git_dir/ros2_project/assignments/assign01/assn01_ws/install/heatControl_cpp/share/heatControl_cpp/cmake/heatControl_cppConfig.cmake
-- Up-to-date: /home/kejun/git_dir/ros2_project/assignments/assign01/assn01_ws/install/heatControl_cpp/share/heatControl_cpp/cmake/heatControl_cppConfig-version.cmake
-- Up-to-date: /home/kejun/git_dir/ros2_project/assignments/assign01/assn01_ws/install/heatControl_cpp/share/heatControl_cpp/package.xml
