[0.172s] Invoking command in '/home/kejun/git_dir/ros2_project/assignments/assign01/assn01_ws/build/heatControl_cpp': CMAKE_PREFIX_PATH=${CMAKE_PREFIX_PATH}:/opt/ros/jazzy DEBUGINFOD_URLS=https://debuginfod.ubuntu.com /usr/bin/cmake --build /home/kejun/git_dir/ros2_project/assignments/assign01/assn01_ws/build/heatControl_cpp -- -j16 -l16
[0.213s] [ 83%] Built target tempSensor
[0.213s] [ 83%] [32mBuilding CXX object CMakeFiles/heater.dir/src/heater.cpp.o[0m
[0.213s] [ 83%] Built target thermostat
[6.398s] [100%] [32m[1mLinking CXX executable heater[0m
[6.624s] [100%] Built target heater
[6.631s] Invoked command in '/home/kejun/git_dir/ros2_project/assignments/assign01/assn01_ws/build/heatControl_cpp' returned '0': CMAKE_PREFIX_PATH=${CMAKE_PREFIX_PATH}:/opt/ros/jazzy DEBUGINFOD_URLS=https://debuginfod.ubuntu.com /usr/bin/cmake --build /home/kejun/git_dir/ros2_project/assignments/assign01/assn01_ws/build/heatControl_cpp -- -j16 -l16
[6.632s] Invoking command in '/home/kejun/git_dir/ros2_project/assignments/assign01/assn01_ws/build/heatControl_cpp': CMAKE_PREFIX_PATH=${CMAKE_PREFIX_PATH}:/opt/ros/jazzy DEBUGINFOD_URLS=https://debuginfod.ubuntu.com /usr/bin/cmake --install /home/kejun/git_dir/ros2_project/assignments/assign01/assn01_ws/build/heatControl_cpp
[6.638s] -- Install configuration: ""
[6.638s] -- Up-to-date: /home/kejun/git_dir/ros2_project/assignments/assign01/assn01_ws/install/heatControl_cpp/lib/heatControl_cpp/tempSensor
[6.638s] -- Up-to-date: /home/kejun/git_dir/ros2_project/assignments/assign01/assn01_ws/install/heatControl_cpp/lib/heatControl_cpp/thermostat
[6.638s] -- Installing: /home/kejun/git_dir/ros2_project/assignments/assign01/assn01_ws/install/heatControl_cpp/lib/heatControl_cpp/heater
[6.641s] -- Set non-toolchain portion of runtime path of "/home/kejun/git_dir/ros2_project/assignments/assign01/assn01_ws/install/heatControl_cpp/lib/heatControl_cpp/heater" to ""
[6.641s] -- Up-to-date: /home/kejun/git_dir/ros2_project/assignments/assign01/assn01_ws/install/heatControl_cpp/share/ament_index/resource_index/package_run_dependencies/heatControl_cpp
[6.641s] -- Up-to-date: /home/kejun/git_dir/ros2_project/assignments/assign01/assn01_ws/install/heatControl_cpp/share/ament_index/resource_index/parent_prefix_path/heatControl_cpp
[6.641s] -- Up-to-date: /home/kejun/git_dir/ros2_project/assignments/assign01/assn01_ws/install/heatControl_cpp/share/heatControl_cpp/environment/ament_prefix_path.sh
[6.642s] -- Up-to-date: /home/kejun/git_dir/ros2_project/assignments/assign01/assn01_ws/install/heatControl_cpp/share/heatControl_cpp/environment/ament_prefix_path.dsv
[6.642s] -- Up-to-date: /home/kejun/git_dir/ros2_project/assignments/assign01/assn01_ws/install/heatControl_cpp/share/heatControl_cpp/environment/path.sh
[6.642s] -- Up-to-date: /home/kejun/git_dir/ros2_project/assignments/assign01/assn01_ws/install/heatControl_cpp/share/heatControl_cpp/environment/path.dsv
[6.642s] -- Up-to-date: /home/kejun/git_dir/ros2_project/assignments/assign01/assn01_ws/install/heatControl_cpp/share/heatControl_cpp/local_setup.bash
[6.642s] -- Up-to-date: /home/kejun/git_dir/ros2_project/assignments/assign01/assn01_ws/install/heatControl_cpp/share/heatControl_cpp/local_setup.sh
[6.642s] -- Up-to-date: /home/kejun/git_dir/ros2_project/assignments/assign01/assn01_ws/install/heatControl_cpp/share/heatControl_cpp/local_setup.zsh
[6.642s] -- Up-to-date: /home/kejun/git_dir/ros2_project/assignments/assign01/assn01_ws/install/heatControl_cpp/share/heatControl_cpp/local_setup.dsv
[6.642s] -- Installing: /home/kejun/git_dir/ros2_project/assignments/assign01/assn01_ws/install/heatControl_cpp/share/heatControl_cpp/package.dsv
[6.642s] -- Up-to-date: /home/kejun/git_dir/ros2_project/assignments/assign01/assn01_ws/install/heatControl_cpp/share/ament_index/resource_index/packages/heatControl_cpp
[6.642s] -- Up-to-date: /home/kejun/git_dir/ros2_project/assignments/assign01/assn01_ws/install/heatControl_cpp/share/heatControl_cpp/cmake/heatControl_cppConfig.cmake
[6.642s] -- Up-to-date: /home/kejun/git_dir/ros2_project/assignments/assign01/assn01_ws/install/heatControl_cpp/share/heatControl_cpp/cmake/heatControl_cppConfig-version.cmake
[6.642s] -- Up-to-date: /home/kejun/git_dir/ros2_project/assignments/assign01/assn01_ws/install/heatControl_cpp/share/heatControl_cpp/package.xml
[6.643s] Invoked command in '/home/kejun/git_dir/ros2_project/assignments/assign01/assn01_ws/build/heatControl_cpp' returned '0': CMAKE_PREFIX_PATH=${CMAKE_PREFIX_PATH}:/opt/ros/jazzy DEBUGINFOD_URLS=https://debuginfod.ubuntu.com /usr/bin/cmake --install /home/kejun/git_dir/ros2_project/assignments/assign01/assn01_ws/build/heatControl_cpp
