[0.470s] Invoking command in '/home/kejun/git_dir/ros2_project/course/node_ws/src/nodes_py': CMAKE_PREFIX_PATH=/home/kejun/git_dir/ros2_project/course/node_ws/install/nodes_interfaces:/home/kejun/git_dir/ros2_project/course/node_ws/install/nodes_bringup:/home/kejun/git_dir/ros2_project/ros2_from_scratch_book/ros2_ws/install/my_robot_interfaces:/home/kejun/git_dir/ros2_project/ros2_from_scratch_book/ros2_ws/install/my_cpp_pkg:/opt/ros/jazzy/opt/gz_math_vendor:/opt/ros/jazzy/opt/gz_utils_vendor:/opt/ros/jazzy/opt/gz_cmake_vendor DEBUGINFOD_URLS=https://debuginfod.ubuntu.com PYTHONPATH=/home/kejun/git_dir/ros2_project/course/node_ws/build/nodes_py/prefix_override:/usr/lib/python3/dist-packages/colcon_core/task/python/colcon_distutils_commands:/home/kejun/git_dir/ros2_project/course/node_ws/install/nodes_py/lib/python3.12/site-packages:/home/kejun/git_dir/ros2_project/course/node_ws/install/nodes_interfaces/lib/python3.12/site-packages:/home/kejun/git_dir/ros2_project/course/node_ws/install/nodes_py/lib/python3.12/site-packages:/home/kejun/git_dir/ros2_project/ros2_from_scratch_book/ros2_ws/install/my_robot_interfaces/lib/python3.12/site-packages:/home/kejun/git_dir/ros2_project/ros2_from_scratch_book/ros2_ws/install/my_py_pkg/lib/python3.12/site-packages:/opt/ros/jazzy/lib/python3.12/site-packages /usr/bin/python3 -W ignore:setup.py install is deprecated -W ignore:easy_install command is deprecated setup.py egg_info --egg-base ../../build/nodes_py build --build-base /home/kejun/git_dir/ros2_project/course/node_ws/build/nodes_py/build install --record /home/kejun/git_dir/ros2_project/course/node_ws/build/nodes_py/install.log --single-version-externally-managed install_data
[0.626s] running egg_info
[0.634s] writing ../../build/nodes_py/nodes_py.egg-info/PKG-INFO
[0.634s] writing dependency_links to ../../build/nodes_py/nodes_py.egg-info/dependency_links.txt
[0.634s] writing entry points to ../../build/nodes_py/nodes_py.egg-info/entry_points.txt
[0.635s] writing requirements to ../../build/nodes_py/nodes_py.egg-info/requires.txt
[0.635s] writing top-level names to ../../build/nodes_py/nodes_py.egg-info/top_level.txt
[0.650s] reading manifest file '../../build/nodes_py/nodes_py.egg-info/SOURCES.txt'
[0.651s] writing manifest file '../../build/nodes_py/nodes_py.egg-info/SOURCES.txt'
[0.651s] running build
[0.651s] running build_py
[0.651s] copying nodes_py/sender.py -> /home/kejun/git_dir/ros2_project/course/node_ws/build/nodes_py/build/lib/nodes_py
[0.652s] copying nodes_py/receiver.py -> /home/kejun/git_dir/ros2_project/course/node_ws/build/nodes_py/build/lib/nodes_py
[0.652s] running install
[0.655s] running install_lib
[0.663s] copying /home/kejun/git_dir/ros2_project/course/node_ws/build/nodes_py/build/lib/nodes_py/sender.py -> /home/kejun/git_dir/ros2_project/course/node_ws/install/nodes_py/lib/python3.12/site-packages/nodes_py
[0.663s] copying /home/kejun/git_dir/ros2_project/course/node_ws/build/nodes_py/build/lib/nodes_py/receiver.py -> /home/kejun/git_dir/ros2_project/course/node_ws/install/nodes_py/lib/python3.12/site-packages/nodes_py
[0.663s] byte-compiling /home/kejun/git_dir/ros2_project/course/node_ws/install/nodes_py/lib/python3.12/site-packages/nodes_py/sender.py to sender.cpython-312.pyc
[0.664s] byte-compiling /home/kejun/git_dir/ros2_project/course/node_ws/install/nodes_py/lib/python3.12/site-packages/nodes_py/receiver.py to receiver.cpython-312.pyc
[0.665s] running install_data
[0.665s] copying package.xml -> /home/kejun/git_dir/ros2_project/course/node_ws/install/nodes_py/share/nodes_py
[0.665s] running install_egg_info
[0.686s] removing '/home/kejun/git_dir/ros2_project/course/node_ws/install/nodes_py/lib/python3.12/site-packages/nodes_py-0.0.0-py3.12.egg-info' (and everything under it)
[0.686s] Copying ../../build/nodes_py/nodes_py.egg-info to /home/kejun/git_dir/ros2_project/course/node_ws/install/nodes_py/lib/python3.12/site-packages/nodes_py-0.0.0-py3.12.egg-info
[0.687s] running install_scripts
[0.753s] Installing receiverExe script to /home/kejun/git_dir/ros2_project/course/node_ws/install/nodes_py/lib/nodes_py
[0.753s] Installing senderExe script to /home/kejun/git_dir/ros2_project/course/node_ws/install/nodes_py/lib/nodes_py
[0.754s] writing list of installed files to '/home/kejun/git_dir/ros2_project/course/node_ws/build/nodes_py/install.log'
[0.785s] Invoked command in '/home/kejun/git_dir/ros2_project/course/node_ws/src/nodes_py' returned '0': CMAKE_PREFIX_PATH=/home/kejun/git_dir/ros2_project/course/node_ws/install/nodes_interfaces:/home/kejun/git_dir/ros2_project/course/node_ws/install/nodes_bringup:/home/kejun/git_dir/ros2_project/ros2_from_scratch_book/ros2_ws/install/my_robot_interfaces:/home/kejun/git_dir/ros2_project/ros2_from_scratch_book/ros2_ws/install/my_cpp_pkg:/opt/ros/jazzy/opt/gz_math_vendor:/opt/ros/jazzy/opt/gz_utils_vendor:/opt/ros/jazzy/opt/gz_cmake_vendor DEBUGINFOD_URLS=https://debuginfod.ubuntu.com PYTHONPATH=/home/kejun/git_dir/ros2_project/course/node_ws/build/nodes_py/prefix_override:/usr/lib/python3/dist-packages/colcon_core/task/python/colcon_distutils_commands:/home/kejun/git_dir/ros2_project/course/node_ws/install/nodes_py/lib/python3.12/site-packages:/home/kejun/git_dir/ros2_project/course/node_ws/install/nodes_interfaces/lib/python3.12/site-packages:/home/kejun/git_dir/ros2_project/course/node_ws/install/nodes_py/lib/python3.12/site-packages:/home/kejun/git_dir/ros2_project/ros2_from_scratch_book/ros2_ws/install/my_robot_interfaces/lib/python3.12/site-packages:/home/kejun/git_dir/ros2_project/ros2_from_scratch_book/ros2_ws/install/my_py_pkg/lib/python3.12/site-packages:/opt/ros/jazzy/lib/python3.12/site-packages /usr/bin/python3 -W ignore:setup.py install is deprecated -W ignore:easy_install command is deprecated setup.py egg_info --egg-base ../../build/nodes_py build --build-base /home/kejun/git_dir/ros2_project/course/node_ws/build/nodes_py/build install --record /home/kejun/git_dir/ros2_project/course/node_ws/build/nodes_py/install.log --single-version-externally-managed install_data
