[0.174s] Invoking command in '/home/kejun/git_dir/ros2_project/assignments/assign01/assn01_ws/build/heatControl_cpp': CMAKE_PREFIX_PATH=${CMAKE_PREFIX_PATH}:/opt/ros/jazzy DEBUGINFOD_URLS=https://debuginfod.ubuntu.com /usr/bin/cmake --build /home/kejun/git_dir/ros2_project/assignments/assign01/assn01_ws/build/heatControl_cpp -- -j16 -l16
[0.192s] -- Found ament_cmake: 2.5.4 (/opt/ros/jazzy/share/ament_cmake/cmake)
[0.354s] -- Found rclcpp: 28.1.11 (/opt/ros/jazzy/share/rclcpp/cmake)
[0.376s] -- Found rosidl_generator_c: 4.6.6 (/opt/ros/jazzy/share/rosidl_generator_c/cmake)
[0.384s] -- Found rosidl_generator_cpp: 4.6.6 (/opt/ros/jazzy/share/rosidl_generator_cpp/cmake)
[0.393s] -- Using all available rosidl_typesupport_c: rosidl_typesupport_fastrtps_c;rosidl_typesupport_introspection_c
[0.405s] -- Using all available rosidl_typesupport_cpp: rosidl_typesupport_fastrtps_cpp;rosidl_typesupport_introspection_cpp
[0.460s] -- Found rmw_implementation_cmake: 7.3.2 (/opt/ros/jazzy/share/rmw_implementation_cmake/cmake)
[0.461s] -- Found rmw_fastrtps_cpp: 8.4.3 (/opt/ros/jazzy/share/rmw_fastrtps_cpp/cmake)
[0.512s] -- Using RMW implementation 'rmw_fastrtps_cpp' as default
[0.570s] -- Found example_interfaces: 0.12.0 (/opt/ros/jazzy/share/example_interfaces/cmake)
[0.631s] -- Found ament_lint_auto: 0.17.3 (/opt/ros/jazzy/share/ament_lint_auto/cmake)
[0.692s] WARNING: Package name "heatControl_cpp" does not follow the naming conventions. It should start with a lower case letter and only contain lower case letters, digits, underscores, and dashes.
[0.711s] -- Added test 'cppcheck' to perform static code analysis on C / C++ code
[0.711s] -- Configured cppcheck include dirs: 
[0.711s] -- Configured cppcheck exclude dirs and/or files: 
[0.712s] -- Added test 'lint_cmake' to check CMake code style
[0.712s] -- Added test 'uncrustify' to check C / C++ code style
[0.712s] -- Configured uncrustify additional arguments: 
[0.713s] -- Added test 'xmllint' to check XML markup files
[0.714s] -- Configuring done (0.5s)
[0.730s] -- Generating done (0.0s)
[0.736s] -- Build files have been written to: /home/kejun/git_dir/ros2_project/assignments/assign01/assn01_ws/build/heatControl_cpp
[0.761s] [ 50%] [32mBuilding CXX object CMakeFiles/tempSensor.dir/src/tempSensor.cpp.o[0m
[0.761s] [ 50%] [32mBuilding CXX object CMakeFiles/heater.dir/src/heater.cpp.o[0m
[0.761s] [ 50%] [32mBuilding CXX object CMakeFiles/thermostat.dir/src/thermostat.cpp.o[0m
[2.573s] In file included from [01m[K/opt/ros/jazzy/include/rclcpp/rclcpp/logging.hpp:24[m[K,
[2.573s]                  from [01m[K/opt/ros/jazzy/include/rclcpp/rclcpp/copy_all_parameter_values.hpp:27[m[K,
[2.573s]                  from [01m[K/opt/ros/jazzy/include/rclcpp/rclcpp/rclcpp.hpp:171[m[K,
[2.573s]                  from [01m[K/home/kejun/git_dir/ros2_project/assignments/assign01/assn01_ws/src/heatControl_cpp/src/heater.cpp:1[m[K:
[2.574s] [01m[K/home/kejun/git_dir/ros2_project/assignments/assign01/assn01_ws/src/heatControl_cpp/src/heater.cpp:[m[K In member function ‘[01m[Kvoid Heater::[01;32m[Kcallback_handleCmd[m[K(example_interfaces::msg::String_<std::allocator<void> >::SharedPtr)[m[K’:
[2.574s] [01m[K/home/kejun/git_dir/ros2_project/assignments/assign01/assn01_ws/src/heatControl_cpp/src/heater.cpp:19:41:[m[K [01;35m[Kwarning: [m[Kformat ‘[01m[K%s[m[K’ expects argument of type ‘[01m[Kchar*[m[K’, but argument 5 has type ‘[01m[Kstd::string[m[K’ {aka ‘[01m[Kstd::__cxx11::basic_string<char>[m[K’} [[01;35m[K]8;;https://gcc.gnu.org/onlinedocs/gcc/Warning-Options.html#index-Wformat=-Wformat=]8;;[m[K]
[2.574s]    19 |         RCLCPP_INFO(this->get_logger(), [01;35m[K"the received cmd is %s\n"[m[K, cmd_);
[2.574s]       |                                         [01;35m[K^~~~~~~~~~~~~~~~~~~~~~~~~~[m[K
[2.574s] [01m[K/home/kejun/git_dir/ros2_project/assignments/assign01/assn01_ws/src/heatControl_cpp/src/heater.cpp:19:63:[m[K [01;36m[Knote: [m[Kformat string is defined here
[2.574s]    19 |         RCLCPP_INFO(this->get_logger(), "the received cmd is [01;36m[K%s[m[K\n", cmd_);
[2.574s]       |                                                              [01;36m[K~^[m[K
[2.574s]       |                                                               [01;36m[K|[m[K
[2.574s]       |                                                               [01;36m[Kchar*[m[K
[4.260s] [ 66%] [32m[1mLinking CXX executable tempSensor[0m
[4.430s] [ 66%] Built target tempSensor
[6.959s] [ 83%] [32m[1mLinking CXX executable heater[0m
[7.145s] [ 83%] Built target heater
[7.370s] [100%] [32m[1mLinking CXX executable thermostat[0m
[7.569s] [100%] Built target thermostat
[7.576s] Invoked command in '/home/kejun/git_dir/ros2_project/assignments/assign01/assn01_ws/build/heatControl_cpp' returned '0': CMAKE_PREFIX_PATH=${CMAKE_PREFIX_PATH}:/opt/ros/jazzy DEBUGINFOD_URLS=https://debuginfod.ubuntu.com /usr/bin/cmake --build /home/kejun/git_dir/ros2_project/assignments/assign01/assn01_ws/build/heatControl_cpp -- -j16 -l16
[7.577s] Invoking command in '/home/kejun/git_dir/ros2_project/assignments/assign01/assn01_ws/build/heatControl_cpp': CMAKE_PREFIX_PATH=${CMAKE_PREFIX_PATH}:/opt/ros/jazzy DEBUGINFOD_URLS=https://debuginfod.ubuntu.com /usr/bin/cmake --install /home/kejun/git_dir/ros2_project/assignments/assign01/assn01_ws/build/heatControl_cpp
[7.582s] -- Install configuration: ""
[7.582s] -- Installing: /home/kejun/git_dir/ros2_project/assignments/assign01/assn01_ws/install/heatControl_cpp/lib/heatControl_cpp/tempSensor
[7.583s] -- Set non-toolchain portion of runtime path of "/home/kejun/git_dir/ros2_project/assignments/assign01/assn01_ws/install/heatControl_cpp/lib/heatControl_cpp/tempSensor" to ""
[7.583s] -- Installing: /home/kejun/git_dir/ros2_project/assignments/assign01/assn01_ws/install/heatControl_cpp/lib/heatControl_cpp/thermostat
[7.585s] -- Set non-toolchain portion of runtime path of "/home/kejun/git_dir/ros2_project/assignments/assign01/assn01_ws/install/heatControl_cpp/lib/heatControl_cpp/thermostat" to ""
[7.585s] -- Installing: /home/kejun/git_dir/ros2_project/assignments/assign01/assn01_ws/install/heatControl_cpp/lib/heatControl_cpp/heater
[7.588s] -- Set non-toolchain portion of runtime path of "/home/kejun/git_dir/ros2_project/assignments/assign01/assn01_ws/install/heatControl_cpp/lib/heatControl_cpp/heater" to ""
[7.588s] -- Installing: /home/kejun/git_dir/ros2_project/assignments/assign01/assn01_ws/install/heatControl_cpp/share/ament_index/resource_index/package_run_dependencies/heatControl_cpp
[7.588s] -- Up-to-date: /home/kejun/git_dir/ros2_project/assignments/assign01/assn01_ws/install/heatControl_cpp/share/ament_index/resource_index/parent_prefix_path/heatControl_cpp
[7.588s] -- Up-to-date: /home/kejun/git_dir/ros2_project/assignments/assign01/assn01_ws/install/heatControl_cpp/share/heatControl_cpp/environment/ament_prefix_path.sh
[7.588s] -- Up-to-date: /home/kejun/git_dir/ros2_project/assignments/assign01/assn01_ws/install/heatControl_cpp/share/heatControl_cpp/environment/ament_prefix_path.dsv
[7.588s] -- Up-to-date: /home/kejun/git_dir/ros2_project/assignments/assign01/assn01_ws/install/heatControl_cpp/share/heatControl_cpp/environment/path.sh
[7.588s] -- Up-to-date: /home/kejun/git_dir/ros2_project/assignments/assign01/assn01_ws/install/heatControl_cpp/share/heatControl_cpp/environment/path.dsv
[7.588s] -- Up-to-date: /home/kejun/git_dir/ros2_project/assignments/assign01/assn01_ws/install/heatControl_cpp/share/heatControl_cpp/local_setup.bash
[7.588s] -- Up-to-date: /home/kejun/git_dir/ros2_project/assignments/assign01/assn01_ws/install/heatControl_cpp/share/heatControl_cpp/local_setup.sh
[7.588s] -- Up-to-date: /home/kejun/git_dir/ros2_project/assignments/assign01/assn01_ws/install/heatControl_cpp/share/heatControl_cpp/local_setup.zsh
[7.588s] -- Up-to-date: /home/kejun/git_dir/ros2_project/assignments/assign01/assn01_ws/install/heatControl_cpp/share/heatControl_cpp/local_setup.dsv
[7.588s] -- Installing: /home/kejun/git_dir/ros2_project/assignments/assign01/assn01_ws/install/heatControl_cpp/share/heatControl_cpp/package.dsv
[7.589s] -- Up-to-date: /home/kejun/git_dir/ros2_project/assignments/assign01/assn01_ws/install/heatControl_cpp/share/ament_index/resource_index/packages/heatControl_cpp
[7.589s] -- Up-to-date: /home/kejun/git_dir/ros2_project/assignments/assign01/assn01_ws/install/heatControl_cpp/share/heatControl_cpp/cmake/heatControl_cppConfig.cmake
[7.589s] -- Up-to-date: /home/kejun/git_dir/ros2_project/assignments/assign01/assn01_ws/install/heatControl_cpp/share/heatControl_cpp/cmake/heatControl_cppConfig-version.cmake
[7.589s] -- Installing: /home/kejun/git_dir/ros2_project/assignments/assign01/assn01_ws/install/heatControl_cpp/share/heatControl_cpp/package.xml
[7.589s] Invoked command in '/home/kejun/git_dir/ros2_project/assignments/assign01/assn01_ws/build/heatControl_cpp' returned '0': CMAKE_PREFIX_PATH=${CMAKE_PREFIX_PATH}:/opt/ros/jazzy DEBUGINFOD_URLS=https://debuginfod.ubuntu.com /usr/bin/cmake --install /home/kejun/git_dir/ros2_project/assignments/assign01/assn01_ws/build/heatControl_cpp
