[0.008s] Invoking command in '/home/kejun/git_dir/ros2_project/course/node_ws/build/nodes_interfaces': CMAKE_PREFIX_PATH=${CMAKE_PREFIX_PATH}:/home/kejun/git_dir/ros2_project/ros2_from_scratch_book/ros2_ws/install/my_py_pkg:/opt/ros/jazzy /usr/bin/cmake /home/kejun/git_dir/ros2_project/course/node_ws/src/nodes_interfaces -DCMAKE_INSTALL_PREFIX=/home/kejun/git_dir/ros2_project/course/node_ws/install/nodes_interfaces
[0.107s] -- The C compiler identification is GNU 13.3.0
[0.166s] -- The CXX compiler identification is GNU 13.3.0
[0.178s] -- Detecting C compiler ABI info
[0.275s] -- Detecting C compiler ABI info - done
[0.297s] -- Check for working C compiler: /usr/bin/cc - skipped
[0.298s] -- Detecting C compile features
[0.299s] -- Detecting C compile features - done
[0.315s] -- Detecting CXX compiler ABI info
[0.433s] -- Detecting CXX compiler ABI info - done
[0.443s] -- Check for working CXX compiler: /usr/bin/c++ - skipped
[0.443s] -- Detecting CXX compile features
[0.444s] -- Detecting CXX compile features - done
[0.448s] -- Found ament_cmake: 2.5.4 (/opt/ros/jazzy/share/ament_cmake/cmake)
[0.567s] -- Found Python3: /usr/bin/python3 (found version "3.12.3") found components: Interpreter 
[0.645s] -- Found rosidl_default_generators: 1.6.0 (/opt/ros/jazzy/share/rosidl_default_generators/cmake)
[0.651s] -- Using all available rosidl_typesupport_c: rosidl_typesupport_fastrtps_c;rosidl_typesupport_introspection_c
[0.689s] -- Using all available rosidl_typesupport_cpp: rosidl_typesupport_fastrtps_cpp;rosidl_typesupport_introspection_cpp
[0.727s] -- Found rosidl_adapter: 4.6.6 (/opt/ros/jazzy/share/rosidl_adapter/cmake)
[1.192s] -- Found ament_cmake_ros: 0.12.0 (/opt/ros/jazzy/share/ament_cmake_ros/cmake)
[1.529s] -- Using all available rosidl_typesupport_c: rosidl_typesupport_fastrtps_c;rosidl_typesupport_introspection_c
[1.942s] -- Using all available rosidl_typesupport_cpp: rosidl_typesupport_fastrtps_cpp;rosidl_typesupport_introspection_cpp
[1.945s] -- Found python_cmake_module: 0.11.1 (/opt/ros/jazzy/share/python_cmake_module/cmake)
[2.046s] -- Found PythonExtra: /usr/bin/python3  
[2.370s] -- Found Python3: /usr/bin/python3 (found version "3.12.3") found components: Interpreter Development NumPy Development.Module Development.Embed 
[2.397s] -- Found ament_lint_auto: 0.17.3 (/opt/ros/jazzy/share/ament_lint_auto/cmake)
[2.416s] -- Added test 'lint_cmake' to check CMake code style
[2.417s] -- Added test 'xmllint' to check XML markup files
[2.419s] -- Configuring done (2.4s)
[2.449s] -- Generating done (0.0s)
[2.459s] -- Build files have been written to: /home/kejun/git_dir/ros2_project/course/node_ws/build/nodes_interfaces
[2.465s] Invoked command in '/home/kejun/git_dir/ros2_project/course/node_ws/build/nodes_interfaces' returned '0': CMAKE_PREFIX_PATH=${CMAKE_PREFIX_PATH}:/home/kejun/git_dir/ros2_project/ros2_from_scratch_book/ros2_ws/install/my_py_pkg:/opt/ros/jazzy /usr/bin/cmake /home/kejun/git_dir/ros2_project/course/node_ws/src/nodes_interfaces -DCMAKE_INSTALL_PREFIX=/home/kejun/git_dir/ros2_project/course/node_ws/install/nodes_interfaces
[2.467s] Invoking command in '/home/kejun/git_dir/ros2_project/course/node_ws/build/nodes_interfaces': CMAKE_PREFIX_PATH=${CMAKE_PREFIX_PATH}:/home/kejun/git_dir/ros2_project/ros2_from_scratch_book/ros2_ws/install/my_py_pkg:/opt/ros/jazzy /usr/bin/cmake --build /home/kejun/git_dir/ros2_project/course/node_ws/build/nodes_interfaces -- -j16 -l16
[2.499s] [  2%] [34m[1mGenerating type hashes for ROS interfaces[0m
[2.505s] [  2%] Built target ament_cmake_python_copy_nodes_interfaces
[2.689s] running egg_info
[2.690s] creating nodes_interfaces.egg-info
[2.699s] [  2%] Built target nodes_interfaces__rosidl_generator_type_description
[2.706s] [  4%] [34m[1mGenerating C code for ROS interfaces[0m
[2.710s] writing nodes_interfaces.egg-info/PKG-INFO
[2.710s] writing dependency_links to nodes_interfaces.egg-info/dependency_links.txt
[2.711s] writing top-level names to nodes_interfaces.egg-info/top_level.txt
[2.711s] writing manifest file 'nodes_interfaces.egg-info/SOURCES.txt'
[2.717s] [  6%] [34m[1mGenerating C++ code for ROS interfaces[0m
[2.765s] reading manifest file 'nodes_interfaces.egg-info/SOURCES.txt'
[2.766s] writing manifest file 'nodes_interfaces.egg-info/SOURCES.txt'
[2.785s] [  6%] Built target ament_cmake_python_build_nodes_interfaces_egg
[3.003s] [  6%] Built target nodes_interfaces__cpp
[3.029s] [ 13%] [32mBuilding C object CMakeFiles/nodes_interfaces__rosidl_generator_c.dir/rosidl_generator_c/nodes_interfaces/msg/detail/count_delta__description.c.o[0m
[3.029s] [ 13%] [32mBuilding C object CMakeFiles/nodes_interfaces__rosidl_generator_c.dir/rosidl_generator_c/nodes_interfaces/msg/detail/count_delta__functions.c.o[0m
[3.029s] [ 13%] [32mBuilding C object CMakeFiles/nodes_interfaces__rosidl_generator_c.dir/rosidl_generator_c/nodes_interfaces/msg/detail/count_delta__type_support.c.o[0m
[3.030s] [ 15%] [32mBuilding C object CMakeFiles/nodes_interfaces__rosidl_generator_c.dir/rosidl_generator_c/nodes_interfaces/srv/detail/reset_count__description.c.o[0m
[3.030s] [ 18%] [32mBuilding C object CMakeFiles/nodes_interfaces__rosidl_generator_c.dir/rosidl_generator_c/nodes_interfaces/srv/detail/reset_count__functions.c.o[0m
[3.030s] [ 20%] [32mBuilding C object CMakeFiles/nodes_interfaces__rosidl_generator_c.dir/rosidl_generator_c/nodes_interfaces/srv/detail/reset_count__type_support.c.o[0m
[3.090s] [ 22%] [32m[1mLinking C shared library libnodes_interfaces__rosidl_generator_c.so[0m
[3.117s] [ 22%] Built target nodes_interfaces__rosidl_generator_c
[3.125s] [ 29%] [34m[1mGenerating C introspection for ROS interfaces[0m
[3.125s] [ 29%] [34m[1mGenerating C type support for eProsima Fast-RTPS[0m
[3.125s] [ 29%] [34m[1mGenerating C type support dispatch for ROS interfaces[0m
[3.125s] [ 31%] [34m[1mGenerating C++ type support for eProsima Fast-RTPS[0m
[3.126s] [ 36%] [34m[1mGenerating C++ introspection for ROS interfaces[0m
[3.126s] [ 36%] [34m[1mGenerating C++ type support dispatch for ROS interfaces[0m
[3.390s] [ 45%] [32mBuilding CXX object CMakeFiles/nodes_interfaces__rosidl_typesupport_c.dir/rosidl_typesupport_c/nodes_interfaces/msg/count_delta__type_support.cpp.o[0m
[3.390s] [ 45%] [32mBuilding CXX object CMakeFiles/nodes_interfaces__rosidl_typesupport_cpp.dir/rosidl_typesupport_cpp/nodes_interfaces/msg/count_delta__type_support.cpp.o[0m
[3.390s] [ 45%] [32mBuilding CXX object CMakeFiles/nodes_interfaces__rosidl_typesupport_c.dir/rosidl_typesupport_c/nodes_interfaces/srv/reset_count__type_support.cpp.o[0m
[3.391s] [ 45%] [32mBuilding CXX object CMakeFiles/nodes_interfaces__rosidl_typesupport_cpp.dir/rosidl_typesupport_cpp/nodes_interfaces/srv/reset_count__type_support.cpp.o[0m
[3.412s] [ 50%] [32mBuilding CXX object CMakeFiles/nodes_interfaces__rosidl_typesupport_introspection_cpp.dir/rosidl_typesupport_introspection_cpp/nodes_interfaces/msg/detail/count_delta__type_support.cpp.o[0m
[3.412s] [ 50%] [32mBuilding CXX object CMakeFiles/nodes_interfaces__rosidl_typesupport_introspection_cpp.dir/rosidl_typesupport_introspection_cpp/nodes_interfaces/srv/detail/reset_count__type_support.cpp.o[0m
[3.419s] [ 54%] [32mBuilding C object CMakeFiles/nodes_interfaces__rosidl_typesupport_introspection_c.dir/rosidl_typesupport_introspection_c/nodes_interfaces/msg/detail/count_delta__type_support.c.o[0m
[3.419s] [ 54%] [32mBuilding C object CMakeFiles/nodes_interfaces__rosidl_typesupport_introspection_c.dir/rosidl_typesupport_introspection_c/nodes_interfaces/srv/detail/reset_count__type_support.c.o[0m
[3.451s] [ 56%] [32m[1mLinking CXX shared library libnodes_interfaces__rosidl_typesupport_c.so[0m
[3.461s] [ 59%] [32m[1mLinking C shared library libnodes_interfaces__rosidl_typesupport_introspection_c.so[0m
[3.473s] [ 61%] [32mBuilding CXX object CMakeFiles/nodes_interfaces__rosidl_typesupport_fastrtps_cpp.dir/rosidl_typesupport_fastrtps_cpp/nodes_interfaces/msg/detail/dds_fastrtps/count_delta__type_support.cpp.o[0m
[3.476s] [ 63%] [32mBuilding CXX object CMakeFiles/nodes_interfaces__rosidl_typesupport_fastrtps_cpp.dir/rosidl_typesupport_fastrtps_cpp/nodes_interfaces/srv/detail/dds_fastrtps/reset_count__type_support.cpp.o[0m
[3.484s] [ 63%] Built target nodes_interfaces__rosidl_typesupport_introspection_c
[3.487s] [ 63%] Built target nodes_interfaces__rosidl_typesupport_c
[3.507s] [ 65%] [32mBuilding CXX object CMakeFiles/nodes_interfaces__rosidl_typesupport_fastrtps_c.dir/rosidl_typesupport_fastrtps_c/nodes_interfaces/srv/detail/reset_count__type_support_c.cpp.o[0m
[3.507s] [ 68%] [32mBuilding CXX object CMakeFiles/nodes_interfaces__rosidl_typesupport_fastrtps_c.dir/rosidl_typesupport_fastrtps_c/nodes_interfaces/msg/detail/count_delta__type_support_c.cpp.o[0m
[3.749s] [ 70%] [32m[1mLinking CXX shared library libnodes_interfaces__rosidl_typesupport_cpp.so[0m
[3.787s] [ 72%] [32m[1mLinking CXX shared library libnodes_interfaces__rosidl_typesupport_introspection_cpp.so[0m
[3.813s] [ 72%] Built target nodes_interfaces__rosidl_typesupport_cpp
[3.847s] [ 72%] Built target nodes_interfaces__rosidl_typesupport_introspection_cpp
[3.943s] [ 75%] [32m[1mLinking CXX shared library libnodes_interfaces__rosidl_typesupport_fastrtps_c.so[0m
[3.978s] [ 75%] Built target nodes_interfaces__rosidl_typesupport_fastrtps_c
[4.089s] [ 77%] [32m[1mLinking CXX shared library libnodes_interfaces__rosidl_typesupport_fastrtps_cpp.so[0m
[4.139s] [ 77%] Built target nodes_interfaces__rosidl_typesupport_fastrtps_cpp
[4.151s] [ 77%] Built target nodes_interfaces
[4.163s] [ 79%] [34m[1mGenerating Python code for ROS interfaces[0m
[4.551s] [ 79%] Built target nodes_interfaces__py
[4.564s] [ 84%] [32mBuilding C object CMakeFiles/nodes_interfaces__rosidl_generator_py.dir/rosidl_generator_py/nodes_interfaces/srv/_reset_count_s.c.o[0m
[4.564s] [ 84%] [32mBuilding C object CMakeFiles/nodes_interfaces__rosidl_generator_py.dir/rosidl_generator_py/nodes_interfaces/msg/_count_delta_s.c.o[0m
[4.678s] [ 86%] [32m[1mLinking C shared library libnodes_interfaces__rosidl_generator_py.so[0m
[4.707s] [ 86%] Built target nodes_interfaces__rosidl_generator_py
[4.721s] [ 93%] [32mBuilding C object CMakeFiles/nodes_interfaces_s__rosidl_typesupport_fastrtps_c.dir/rosidl_generator_py/nodes_interfaces/_nodes_interfaces_s.ep.rosidl_typesupport_fastrtps_c.c.o[0m
[4.721s] [ 93%] [32mBuilding C object CMakeFiles/nodes_interfaces_s__rosidl_typesupport_c.dir/rosidl_generator_py/nodes_interfaces/_nodes_interfaces_s.ep.rosidl_typesupport_c.c.o[0m
[4.721s] [ 93%] [32mBuilding C object CMakeFiles/nodes_interfaces_s__rosidl_typesupport_introspection_c.dir/rosidl_generator_py/nodes_interfaces/_nodes_interfaces_s.ep.rosidl_typesupport_introspection_c.c.o[0m
[4.809s] [ 95%] [32m[1mLinking C shared module rosidl_generator_py/nodes_interfaces/nodes_interfaces_s__rosidl_typesupport_c.so[0m
[4.809s] [ 97%] [32m[1mLinking C shared module rosidl_generator_py/nodes_interfaces/nodes_interfaces_s__rosidl_typesupport_introspection_c.so[0m
[4.810s] [100%] [32m[1mLinking C shared module rosidl_generator_py/nodes_interfaces/nodes_interfaces_s__rosidl_typesupport_fastrtps_c.so[0m
[4.831s] [100%] Built target nodes_interfaces_s__rosidl_typesupport_c
[4.831s] [100%] Built target nodes_interfaces_s__rosidl_typesupport_introspection_c
[4.831s] [100%] Built target nodes_interfaces_s__rosidl_typesupport_fastrtps_c
[4.839s] Invoked command in '/home/kejun/git_dir/ros2_project/course/node_ws/build/nodes_interfaces' returned '0': CMAKE_PREFIX_PATH=${CMAKE_PREFIX_PATH}:/home/kejun/git_dir/ros2_project/ros2_from_scratch_book/ros2_ws/install/my_py_pkg:/opt/ros/jazzy /usr/bin/cmake --build /home/kejun/git_dir/ros2_project/course/node_ws/build/nodes_interfaces -- -j16 -l16
[4.845s] Invoking command in '/home/kejun/git_dir/ros2_project/course/node_ws/build/nodes_interfaces': CMAKE_PREFIX_PATH=${CMAKE_PREFIX_PATH}:/home/kejun/git_dir/ros2_project/ros2_from_scratch_book/ros2_ws/install/my_py_pkg:/opt/ros/jazzy /usr/bin/cmake --install /home/kejun/git_dir/ros2_project/course/node_ws/build/nodes_interfaces
[4.851s] -- Install configuration: ""
[4.851s] -- Installing: /home/kejun/git_dir/ros2_project/course/node_ws/install/nodes_interfaces/share/ament_index/resource_index/rosidl_interfaces/nodes_interfaces
[4.851s] -- Installing: /home/kejun/git_dir/ros2_project/course/node_ws/install/nodes_interfaces/share/nodes_interfaces/msg/CountDelta.json
[4.851s] -- Installing: /home/kejun/git_dir/ros2_project/course/node_ws/install/nodes_interfaces/share/nodes_interfaces/srv/ResetCount.json
[4.851s] -- Up-to-date: /home/kejun/git_dir/ros2_project/course/node_ws/install/nodes_interfaces/include/nodes_interfaces/nodes_interfaces
[4.851s] -- Up-to-date: /home/kejun/git_dir/ros2_project/course/node_ws/install/nodes_interfaces/include/nodes_interfaces/nodes_interfaces/msg
[4.851s] -- Installing: /home/kejun/git_dir/ros2_project/course/node_ws/install/nodes_interfaces/include/nodes_interfaces/nodes_interfaces/msg/rosidl_generator_c__visibility_control.h
[4.852s] -- Installing: /home/kejun/git_dir/ros2_project/course/node_ws/install/nodes_interfaces/include/nodes_interfaces/nodes_interfaces/msg/count_delta.h
[4.852s] -- Up-to-date: /home/kejun/git_dir/ros2_project/course/node_ws/install/nodes_interfaces/include/nodes_interfaces/nodes_interfaces/msg/detail
[4.852s] -- Installing: /home/kejun/git_dir/ros2_project/course/node_ws/install/nodes_interfaces/include/nodes_interfaces/nodes_interfaces/msg/detail/count_delta__struct.h
[4.852s] -- Installing: /home/kejun/git_dir/ros2_project/course/node_ws/install/nodes_interfaces/include/nodes_interfaces/nodes_interfaces/msg/detail/count_delta__functions.h
[4.852s] -- Installing: /home/kejun/git_dir/ros2_project/course/node_ws/install/nodes_interfaces/include/nodes_interfaces/nodes_interfaces/msg/detail/count_delta__type_support.c
[4.852s] -- Installing: /home/kejun/git_dir/ros2_project/course/node_ws/install/nodes_interfaces/include/nodes_interfaces/nodes_interfaces/msg/detail/count_delta__functions.c
[4.852s] -- Installing: /home/kejun/git_dir/ros2_project/course/node_ws/install/nodes_interfaces/include/nodes_interfaces/nodes_interfaces/msg/detail/count_delta__type_support.h
[4.852s] -- Installing: /home/kejun/git_dir/ros2_project/course/node_ws/install/nodes_interfaces/include/nodes_interfaces/nodes_interfaces/msg/detail/count_delta__description.c
[4.852s] -- Up-to-date: /home/kejun/git_dir/ros2_project/course/node_ws/install/nodes_interfaces/include/nodes_interfaces/nodes_interfaces/srv
[4.852s] -- Installing: /home/kejun/git_dir/ros2_project/course/node_ws/install/nodes_interfaces/include/nodes_interfaces/nodes_interfaces/srv/reset_count.h
[4.852s] -- Up-to-date: /home/kejun/git_dir/ros2_project/course/node_ws/install/nodes_interfaces/include/nodes_interfaces/nodes_interfaces/srv/detail
[4.852s] -- Installing: /home/kejun/git_dir/ros2_project/course/node_ws/install/nodes_interfaces/include/nodes_interfaces/nodes_interfaces/srv/detail/reset_count__type_support.h
[4.853s] -- Installing: /home/kejun/git_dir/ros2_project/course/node_ws/install/nodes_interfaces/include/nodes_interfaces/nodes_interfaces/srv/detail/reset_count__description.c
[4.853s] -- Installing: /home/kejun/git_dir/ros2_project/course/node_ws/install/nodes_interfaces/include/nodes_interfaces/nodes_interfaces/srv/detail/reset_count__functions.c
[4.853s] -- Installing: /home/kejun/git_dir/ros2_project/course/node_ws/install/nodes_interfaces/include/nodes_interfaces/nodes_interfaces/srv/detail/reset_count__struct.h
[4.853s] -- Installing: /home/kejun/git_dir/ros2_project/course/node_ws/install/nodes_interfaces/include/nodes_interfaces/nodes_interfaces/srv/detail/reset_count__type_support.c
[4.853s] -- Installing: /home/kejun/git_dir/ros2_project/course/node_ws/install/nodes_interfaces/include/nodes_interfaces/nodes_interfaces/srv/detail/reset_count__functions.h
[4.853s] -- Installing: /home/kejun/git_dir/ros2_project/course/node_ws/install/nodes_interfaces/share/nodes_interfaces/environment/library_path.sh
[4.853s] -- Installing: /home/kejun/git_dir/ros2_project/course/node_ws/install/nodes_interfaces/share/nodes_interfaces/environment/library_path.dsv
[4.853s] -- Installing: /home/kejun/git_dir/ros2_project/course/node_ws/install/nodes_interfaces/lib/libnodes_interfaces__rosidl_generator_c.so
[4.853s] -- Set non-toolchain portion of runtime path of "/home/kejun/git_dir/ros2_project/course/node_ws/install/nodes_interfaces/lib/libnodes_interfaces__rosidl_generator_c.so" to ""
[4.853s] -- Up-to-date: /home/kejun/git_dir/ros2_project/course/node_ws/install/nodes_interfaces/include/nodes_interfaces/nodes_interfaces
[4.853s] -- Up-to-date: /home/kejun/git_dir/ros2_project/course/node_ws/install/nodes_interfaces/include/nodes_interfaces/nodes_interfaces/msg
[4.853s] -- Installing: /home/kejun/git_dir/ros2_project/course/node_ws/install/nodes_interfaces/include/nodes_interfaces/nodes_interfaces/msg/rosidl_typesupport_fastrtps_c__visibility_control.h
[4.854s] -- Up-to-date: /home/kejun/git_dir/ros2_project/course/node_ws/install/nodes_interfaces/include/nodes_interfaces/nodes_interfaces/msg/detail
[4.854s] -- Installing: /home/kejun/git_dir/ros2_project/course/node_ws/install/nodes_interfaces/include/nodes_interfaces/nodes_interfaces/msg/detail/count_delta__rosidl_typesupport_fastrtps_c.h
[4.854s] -- Up-to-date: /home/kejun/git_dir/ros2_project/course/node_ws/install/nodes_interfaces/include/nodes_interfaces/nodes_interfaces/srv
[4.854s] -- Up-to-date: /home/kejun/git_dir/ros2_project/course/node_ws/install/nodes_interfaces/include/nodes_interfaces/nodes_interfaces/srv/detail
[4.854s] -- Installing: /home/kejun/git_dir/ros2_project/course/node_ws/install/nodes_interfaces/include/nodes_interfaces/nodes_interfaces/srv/detail/reset_count__rosidl_typesupport_fastrtps_c.h
[4.854s] -- Installing: /home/kejun/git_dir/ros2_project/course/node_ws/install/nodes_interfaces/lib/libnodes_interfaces__rosidl_typesupport_fastrtps_c.so
[4.854s] -- Set non-toolchain portion of runtime path of "/home/kejun/git_dir/ros2_project/course/node_ws/install/nodes_interfaces/lib/libnodes_interfaces__rosidl_typesupport_fastrtps_c.so" to ""
[4.854s] -- Up-to-date: /home/kejun/git_dir/ros2_project/course/node_ws/install/nodes_interfaces/include/nodes_interfaces/nodes_interfaces
[4.854s] -- Up-to-date: /home/kejun/git_dir/ros2_project/course/node_ws/install/nodes_interfaces/include/nodes_interfaces/nodes_interfaces/msg
[4.854s] -- Installing: /home/kejun/git_dir/ros2_project/course/node_ws/install/nodes_interfaces/include/nodes_interfaces/nodes_interfaces/msg/rosidl_typesupport_introspection_c__visibility_control.h
[4.854s] -- Up-to-date: /home/kejun/git_dir/ros2_project/course/node_ws/install/nodes_interfaces/include/nodes_interfaces/nodes_interfaces/msg/detail
[4.854s] -- Up-to-date: /home/kejun/git_dir/ros2_project/course/node_ws/install/nodes_interfaces/include/nodes_interfaces/nodes_interfaces/msg/detail/count_delta__type_support.c
[4.854s] -- Installing: /home/kejun/git_dir/ros2_project/course/node_ws/install/nodes_interfaces/include/nodes_interfaces/nodes_interfaces/msg/detail/count_delta__rosidl_typesupport_introspection_c.h
[4.855s] -- Up-to-date: /home/kejun/git_dir/ros2_project/course/node_ws/install/nodes_interfaces/include/nodes_interfaces/nodes_interfaces/srv
[4.855s] -- Up-to-date: /home/kejun/git_dir/ros2_project/course/node_ws/install/nodes_interfaces/include/nodes_interfaces/nodes_interfaces/srv/detail
[4.855s] -- Installing: /home/kejun/git_dir/ros2_project/course/node_ws/install/nodes_interfaces/include/nodes_interfaces/nodes_interfaces/srv/detail/reset_count__rosidl_typesupport_introspection_c.h
[4.855s] -- Up-to-date: /home/kejun/git_dir/ros2_project/course/node_ws/install/nodes_interfaces/include/nodes_interfaces/nodes_interfaces/srv/detail/reset_count__type_support.c
[4.855s] -- Installing: /home/kejun/git_dir/ros2_project/course/node_ws/install/nodes_interfaces/lib/libnodes_interfaces__rosidl_typesupport_introspection_c.so
[4.855s] -- Set non-toolchain portion of runtime path of "/home/kejun/git_dir/ros2_project/course/node_ws/install/nodes_interfaces/lib/libnodes_interfaces__rosidl_typesupport_introspection_c.so" to ""
[4.855s] -- Installing: /home/kejun/git_dir/ros2_project/course/node_ws/install/nodes_interfaces/lib/libnodes_interfaces__rosidl_typesupport_c.so
[4.855s] -- Set non-toolchain portion of runtime path of "/home/kejun/git_dir/ros2_project/course/node_ws/install/nodes_interfaces/lib/libnodes_interfaces__rosidl_typesupport_c.so" to ""
[4.855s] -- Up-to-date: /home/kejun/git_dir/ros2_project/course/node_ws/install/nodes_interfaces/include/nodes_interfaces/nodes_interfaces
[4.855s] -- Up-to-date: /home/kejun/git_dir/ros2_project/course/node_ws/install/nodes_interfaces/include/nodes_interfaces/nodes_interfaces/msg
[4.855s] -- Installing: /home/kejun/git_dir/ros2_project/course/node_ws/install/nodes_interfaces/include/nodes_interfaces/nodes_interfaces/msg/count_delta.hpp
[4.855s] -- Installing: /home/kejun/git_dir/ros2_project/course/node_ws/install/nodes_interfaces/include/nodes_interfaces/nodes_interfaces/msg/rosidl_generator_cpp__visibility_control.hpp
[4.856s] -- Up-to-date: /home/kejun/git_dir/ros2_project/course/node_ws/install/nodes_interfaces/include/nodes_interfaces/nodes_interfaces/msg/detail
[4.856s] -- Installing: /home/kejun/git_dir/ros2_project/course/node_ws/install/nodes_interfaces/include/nodes_interfaces/nodes_interfaces/msg/detail/count_delta__struct.hpp
[4.856s] -- Installing: /home/kejun/git_dir/ros2_project/course/node_ws/install/nodes_interfaces/include/nodes_interfaces/nodes_interfaces/msg/detail/count_delta__type_support.hpp
[4.856s] -- Installing: /home/kejun/git_dir/ros2_project/course/node_ws/install/nodes_interfaces/include/nodes_interfaces/nodes_interfaces/msg/detail/count_delta__builder.hpp
[4.856s] -- Installing: /home/kejun/git_dir/ros2_project/course/node_ws/install/nodes_interfaces/include/nodes_interfaces/nodes_interfaces/msg/detail/count_delta__traits.hpp
[4.856s] -- Up-to-date: /home/kejun/git_dir/ros2_project/course/node_ws/install/nodes_interfaces/include/nodes_interfaces/nodes_interfaces/srv
[4.856s] -- Installing: /home/kejun/git_dir/ros2_project/course/node_ws/install/nodes_interfaces/include/nodes_interfaces/nodes_interfaces/srv/reset_count.hpp
[4.856s] -- Up-to-date: /home/kejun/git_dir/ros2_project/course/node_ws/install/nodes_interfaces/include/nodes_interfaces/nodes_interfaces/srv/detail
[4.856s] -- Installing: /home/kejun/git_dir/ros2_project/course/node_ws/install/nodes_interfaces/include/nodes_interfaces/nodes_interfaces/srv/detail/reset_count__struct.hpp
[4.856s] -- Installing: /home/kejun/git_dir/ros2_project/course/node_ws/install/nodes_interfaces/include/nodes_interfaces/nodes_interfaces/srv/detail/reset_count__traits.hpp
[4.856s] -- Installing: /home/kejun/git_dir/ros2_project/course/node_ws/install/nodes_interfaces/include/nodes_interfaces/nodes_interfaces/srv/detail/reset_count__builder.hpp
[4.856s] -- Installing: /home/kejun/git_dir/ros2_project/course/node_ws/install/nodes_interfaces/include/nodes_interfaces/nodes_interfaces/srv/detail/reset_count__type_support.hpp
[4.856s] -- Up-to-date: /home/kejun/git_dir/ros2_project/course/node_ws/install/nodes_interfaces/include/nodes_interfaces/nodes_interfaces
[4.857s] -- Up-to-date: /home/kejun/git_dir/ros2_project/course/node_ws/install/nodes_interfaces/include/nodes_interfaces/nodes_interfaces/msg
[4.857s] -- Installing: /home/kejun/git_dir/ros2_project/course/node_ws/install/nodes_interfaces/include/nodes_interfaces/nodes_interfaces/msg/rosidl_typesupport_fastrtps_cpp__visibility_control.h
[4.857s] -- Up-to-date: /home/kejun/git_dir/ros2_project/course/node_ws/install/nodes_interfaces/include/nodes_interfaces/nodes_interfaces/msg/detail
[4.857s] -- Installing: /home/kejun/git_dir/ros2_project/course/node_ws/install/nodes_interfaces/include/nodes_interfaces/nodes_interfaces/msg/detail/dds_fastrtps
[4.857s] -- Installing: /home/kejun/git_dir/ros2_project/course/node_ws/install/nodes_interfaces/include/nodes_interfaces/nodes_interfaces/msg/detail/count_delta__rosidl_typesupport_fastrtps_cpp.hpp
[4.857s] -- Up-to-date: /home/kejun/git_dir/ros2_project/course/node_ws/install/nodes_interfaces/include/nodes_interfaces/nodes_interfaces/srv
[4.857s] -- Up-to-date: /home/kejun/git_dir/ros2_project/course/node_ws/install/nodes_interfaces/include/nodes_interfaces/nodes_interfaces/srv/detail
[4.857s] -- Installing: /home/kejun/git_dir/ros2_project/course/node_ws/install/nodes_interfaces/include/nodes_interfaces/nodes_interfaces/srv/detail/dds_fastrtps
[4.857s] -- Installing: /home/kejun/git_dir/ros2_project/course/node_ws/install/nodes_interfaces/include/nodes_interfaces/nodes_interfaces/srv/detail/reset_count__rosidl_typesupport_fastrtps_cpp.hpp
[4.857s] -- Installing: /home/kejun/git_dir/ros2_project/course/node_ws/install/nodes_interfaces/lib/libnodes_interfaces__rosidl_typesupport_fastrtps_cpp.so
[4.857s] -- Set non-toolchain portion of runtime path of "/home/kejun/git_dir/ros2_project/course/node_ws/install/nodes_interfaces/lib/libnodes_interfaces__rosidl_typesupport_fastrtps_cpp.so" to ""
[4.857s] -- Up-to-date: /home/kejun/git_dir/ros2_project/course/node_ws/install/nodes_interfaces/include/nodes_interfaces/nodes_interfaces
[4.858s] -- Up-to-date: /home/kejun/git_dir/ros2_project/course/node_ws/install/nodes_interfaces/include/nodes_interfaces/nodes_interfaces/msg
[4.858s] -- Up-to-date: /home/kejun/git_dir/ros2_project/course/node_ws/install/nodes_interfaces/include/nodes_interfaces/nodes_interfaces/msg/detail
[4.858s] -- Installing: /home/kejun/git_dir/ros2_project/course/node_ws/install/nodes_interfaces/include/nodes_interfaces/nodes_interfaces/msg/detail/count_delta__type_support.cpp
[4.858s] -- Installing: /home/kejun/git_dir/ros2_project/course/node_ws/install/nodes_interfaces/include/nodes_interfaces/nodes_interfaces/msg/detail/count_delta__rosidl_typesupport_introspection_cpp.hpp
[4.858s] -- Up-to-date: /home/kejun/git_dir/ros2_project/course/node_ws/install/nodes_interfaces/include/nodes_interfaces/nodes_interfaces/srv
[4.858s] -- Up-to-date: /home/kejun/git_dir/ros2_project/course/node_ws/install/nodes_interfaces/include/nodes_interfaces/nodes_interfaces/srv/detail
[4.858s] -- Installing: /home/kejun/git_dir/ros2_project/course/node_ws/install/nodes_interfaces/include/nodes_interfaces/nodes_interfaces/srv/detail/reset_count__rosidl_typesupport_introspection_cpp.hpp
[4.858s] -- Installing: /home/kejun/git_dir/ros2_project/course/node_ws/install/nodes_interfaces/include/nodes_interfaces/nodes_interfaces/srv/detail/reset_count__type_support.cpp
[4.858s] -- Installing: /home/kejun/git_dir/ros2_project/course/node_ws/install/nodes_interfaces/lib/libnodes_interfaces__rosidl_typesupport_introspection_cpp.so
[4.858s] -- Set non-toolchain portion of runtime path of "/home/kejun/git_dir/ros2_project/course/node_ws/install/nodes_interfaces/lib/libnodes_interfaces__rosidl_typesupport_introspection_cpp.so" to ""
[4.858s] -- Installing: /home/kejun/git_dir/ros2_project/course/node_ws/install/nodes_interfaces/lib/libnodes_interfaces__rosidl_typesupport_cpp.so
[4.858s] -- Set non-toolchain portion of runtime path of "/home/kejun/git_dir/ros2_project/course/node_ws/install/nodes_interfaces/lib/libnodes_interfaces__rosidl_typesupport_cpp.so" to ""
[4.859s] -- Installing: /home/kejun/git_dir/ros2_project/course/node_ws/install/nodes_interfaces/share/nodes_interfaces/environment/pythonpath.sh
[4.859s] -- Installing: /home/kejun/git_dir/ros2_project/course/node_ws/install/nodes_interfaces/share/nodes_interfaces/environment/pythonpath.dsv
[4.859s] -- Installing: /home/kejun/git_dir/ros2_project/course/node_ws/install/nodes_interfaces/lib/python3.12/site-packages/nodes_interfaces-0.0.0-py3.12.egg-info
[4.859s] -- Installing: /home/kejun/git_dir/ros2_project/course/node_ws/install/nodes_interfaces/lib/python3.12/site-packages/nodes_interfaces-0.0.0-py3.12.egg-info/SOURCES.txt
[4.859s] -- Installing: /home/kejun/git_dir/ros2_project/course/node_ws/install/nodes_interfaces/lib/python3.12/site-packages/nodes_interfaces-0.0.0-py3.12.egg-info/PKG-INFO
[4.859s] -- Installing: /home/kejun/git_dir/ros2_project/course/node_ws/install/nodes_interfaces/lib/python3.12/site-packages/nodes_interfaces-0.0.0-py3.12.egg-info/dependency_links.txt
[4.859s] -- Installing: /home/kejun/git_dir/ros2_project/course/node_ws/install/nodes_interfaces/lib/python3.12/site-packages/nodes_interfaces-0.0.0-py3.12.egg-info/top_level.txt
[4.859s] -- Installing: /home/kejun/git_dir/ros2_project/course/node_ws/install/nodes_interfaces/lib/python3.12/site-packages/nodes_interfaces
[4.859s] -- Installing: /home/kejun/git_dir/ros2_project/course/node_ws/install/nodes_interfaces/lib/python3.12/site-packages/nodes_interfaces/nodes_interfaces_s__rosidl_typesupport_fastrtps_c.so
[4.859s] -- Installing: /home/kejun/git_dir/ros2_project/course/node_ws/install/nodes_interfaces/lib/python3.12/site-packages/nodes_interfaces/nodes_interfaces_s__rosidl_typesupport_c.so
[4.859s] -- Installing: /home/kejun/git_dir/ros2_project/course/node_ws/install/nodes_interfaces/lib/python3.12/site-packages/nodes_interfaces/_nodes_interfaces_s.ep.rosidl_typesupport_fastrtps_c.c
[4.859s] -- Installing: /home/kejun/git_dir/ros2_project/course/node_ws/install/nodes_interfaces/lib/python3.12/site-packages/nodes_interfaces/msg
[4.860s] -- Installing: /home/kejun/git_dir/ros2_project/course/node_ws/install/nodes_interfaces/lib/python3.12/site-packages/nodes_interfaces/msg/_count_delta_s.c
[4.860s] -- Installing: /home/kejun/git_dir/ros2_project/course/node_ws/install/nodes_interfaces/lib/python3.12/site-packages/nodes_interfaces/msg/__init__.py
[4.860s] -- Installing: /home/kejun/git_dir/ros2_project/course/node_ws/install/nodes_interfaces/lib/python3.12/site-packages/nodes_interfaces/msg/_count_delta.py
[4.860s] -- Installing: /home/kejun/git_dir/ros2_project/course/node_ws/install/nodes_interfaces/lib/python3.12/site-packages/nodes_interfaces/__init__.py
[4.860s] -- Installing: /home/kejun/git_dir/ros2_project/course/node_ws/install/nodes_interfaces/lib/python3.12/site-packages/nodes_interfaces/srv
[4.860s] -- Installing: /home/kejun/git_dir/ros2_project/course/node_ws/install/nodes_interfaces/lib/python3.12/site-packages/nodes_interfaces/srv/_reset_count_s.c
[4.860s] -- Installing: /home/kejun/git_dir/ros2_project/course/node_ws/install/nodes_interfaces/lib/python3.12/site-packages/nodes_interfaces/srv/__init__.py
[4.860s] -- Installing: /home/kejun/git_dir/ros2_project/course/node_ws/install/nodes_interfaces/lib/python3.12/site-packages/nodes_interfaces/srv/_reset_count.py
[4.860s] -- Installing: /home/kejun/git_dir/ros2_project/course/node_ws/install/nodes_interfaces/lib/python3.12/site-packages/nodes_interfaces/_nodes_interfaces_s.ep.rosidl_typesupport_c.c
[4.860s] -- Installing: /home/kejun/git_dir/ros2_project/course/node_ws/install/nodes_interfaces/lib/python3.12/site-packages/nodes_interfaces/_nodes_interfaces_s.ep.rosidl_typesupport_introspection_c.c
[4.860s] -- Installing: /home/kejun/git_dir/ros2_project/course/node_ws/install/nodes_interfaces/lib/python3.12/site-packages/nodes_interfaces/nodes_interfaces_s__rosidl_typesupport_introspection_c.so
[4.893s] Listing '/home/kejun/git_dir/ros2_project/course/node_ws/install/nodes_interfaces/lib/python3.12/site-packages/nodes_interfaces'...
[4.893s] Compiling '/home/kejun/git_dir/ros2_project/course/node_ws/install/nodes_interfaces/lib/python3.12/site-packages/nodes_interfaces/__init__.py'...
[4.893s] Listing '/home/kejun/git_dir/ros2_project/course/node_ws/install/nodes_interfaces/lib/python3.12/site-packages/nodes_interfaces/msg'...
[4.893s] Compiling '/home/kejun/git_dir/ros2_project/course/node_ws/install/nodes_interfaces/lib/python3.12/site-packages/nodes_interfaces/msg/__init__.py'...
[4.893s] Compiling '/home/kejun/git_dir/ros2_project/course/node_ws/install/nodes_interfaces/lib/python3.12/site-packages/nodes_interfaces/msg/_count_delta.py'...
[4.893s] Listing '/home/kejun/git_dir/ros2_project/course/node_ws/install/nodes_interfaces/lib/python3.12/site-packages/nodes_interfaces/srv'...
[4.893s] Compiling '/home/kejun/git_dir/ros2_project/course/node_ws/install/nodes_interfaces/lib/python3.12/site-packages/nodes_interfaces/srv/__init__.py'...
[4.893s] Compiling '/home/kejun/git_dir/ros2_project/course/node_ws/install/nodes_interfaces/lib/python3.12/site-packages/nodes_interfaces/srv/_reset_count.py'...
[4.897s] -- Installing: /home/kejun/git_dir/ros2_project/course/node_ws/install/nodes_interfaces/lib/python3.12/site-packages/nodes_interfaces/nodes_interfaces_s__rosidl_typesupport_fastrtps_c.so
[4.897s] -- Set non-toolchain portion of runtime path of "/home/kejun/git_dir/ros2_project/course/node_ws/install/nodes_interfaces/lib/python3.12/site-packages/nodes_interfaces/nodes_interfaces_s__rosidl_typesupport_fastrtps_c.so" to ""
[4.898s] -- Installing: /home/kejun/git_dir/ros2_project/course/node_ws/install/nodes_interfaces/lib/python3.12/site-packages/nodes_interfaces/nodes_interfaces_s__rosidl_typesupport_introspection_c.so
[4.898s] -- Set non-toolchain portion of runtime path of "/home/kejun/git_dir/ros2_project/course/node_ws/install/nodes_interfaces/lib/python3.12/site-packages/nodes_interfaces/nodes_interfaces_s__rosidl_typesupport_introspection_c.so" to ""
[4.898s] -- Installing: /home/kejun/git_dir/ros2_project/course/node_ws/install/nodes_interfaces/lib/python3.12/site-packages/nodes_interfaces/nodes_interfaces_s__rosidl_typesupport_c.so
[4.898s] -- Set non-toolchain portion of runtime path of "/home/kejun/git_dir/ros2_project/course/node_ws/install/nodes_interfaces/lib/python3.12/site-packages/nodes_interfaces/nodes_interfaces_s__rosidl_typesupport_c.so" to ""
[4.898s] -- Installing: /home/kejun/git_dir/ros2_project/course/node_ws/install/nodes_interfaces/lib/libnodes_interfaces__rosidl_generator_py.so
[4.898s] -- Set non-toolchain portion of runtime path of "/home/kejun/git_dir/ros2_project/course/node_ws/install/nodes_interfaces/lib/libnodes_interfaces__rosidl_generator_py.so" to ""
[4.898s] -- Installing: /home/kejun/git_dir/ros2_project/course/node_ws/install/nodes_interfaces/share/nodes_interfaces/msg/CountDelta.idl
[4.898s] -- Installing: /home/kejun/git_dir/ros2_project/course/node_ws/install/nodes_interfaces/share/nodes_interfaces/srv/ResetCount.idl
[4.899s] -- Up-to-date: /home/kejun/git_dir/ros2_project/course/node_ws/install/nodes_interfaces/share/nodes_interfaces/msg/CountDelta.msg
[4.899s] -- Up-to-date: /home/kejun/git_dir/ros2_project/course/node_ws/install/nodes_interfaces/share/nodes_interfaces/srv/ResetCount.srv
[4.899s] -- Installing: /home/kejun/git_dir/ros2_project/course/node_ws/install/nodes_interfaces/share/ament_index/resource_index/package_run_dependencies/nodes_interfaces
[4.899s] -- Installing: /home/kejun/git_dir/ros2_project/course/node_ws/install/nodes_interfaces/share/ament_index/resource_index/parent_prefix_path/nodes_interfaces
[4.899s] -- Installing: /home/kejun/git_dir/ros2_project/course/node_ws/install/nodes_interfaces/share/nodes_interfaces/environment/ament_prefix_path.sh
[4.899s] -- Installing: /home/kejun/git_dir/ros2_project/course/node_ws/install/nodes_interfaces/share/nodes_interfaces/environment/ament_prefix_path.dsv
[4.899s] -- Installing: /home/kejun/git_dir/ros2_project/course/node_ws/install/nodes_interfaces/share/nodes_interfaces/environment/path.sh
[4.899s] -- Installing: /home/kejun/git_dir/ros2_project/course/node_ws/install/nodes_interfaces/share/nodes_interfaces/environment/path.dsv
[4.899s] -- Installing: /home/kejun/git_dir/ros2_project/course/node_ws/install/nodes_interfaces/share/nodes_interfaces/local_setup.bash
[4.899s] -- Installing: /home/kejun/git_dir/ros2_project/course/node_ws/install/nodes_interfaces/share/nodes_interfaces/local_setup.sh
[4.899s] -- Installing: /home/kejun/git_dir/ros2_project/course/node_ws/install/nodes_interfaces/share/nodes_interfaces/local_setup.zsh
[4.900s] -- Installing: /home/kejun/git_dir/ros2_project/course/node_ws/install/nodes_interfaces/share/nodes_interfaces/local_setup.dsv
[4.900s] -- Installing: /home/kejun/git_dir/ros2_project/course/node_ws/install/nodes_interfaces/share/nodes_interfaces/package.dsv
[4.900s] -- Installing: /home/kejun/git_dir/ros2_project/course/node_ws/install/nodes_interfaces/share/ament_index/resource_index/packages/nodes_interfaces
[4.900s] -- Installing: /home/kejun/git_dir/ros2_project/course/node_ws/install/nodes_interfaces/share/nodes_interfaces/cmake/export_nodes_interfaces__rosidl_generator_cExport.cmake
[4.900s] -- Installing: /home/kejun/git_dir/ros2_project/course/node_ws/install/nodes_interfaces/share/nodes_interfaces/cmake/export_nodes_interfaces__rosidl_generator_cExport-noconfig.cmake
[4.901s] -- Installing: /home/kejun/git_dir/ros2_project/course/node_ws/install/nodes_interfaces/share/nodes_interfaces/cmake/export_nodes_interfaces__rosidl_typesupport_fastrtps_cExport.cmake
[4.901s] -- Installing: /home/kejun/git_dir/ros2_project/course/node_ws/install/nodes_interfaces/share/nodes_interfaces/cmake/export_nodes_interfaces__rosidl_typesupport_fastrtps_cExport-noconfig.cmake
[4.902s] -- Installing: /home/kejun/git_dir/ros2_project/course/node_ws/install/nodes_interfaces/share/nodes_interfaces/cmake/nodes_interfaces__rosidl_typesupport_introspection_cExport.cmake
[4.902s] -- Installing: /home/kejun/git_dir/ros2_project/course/node_ws/install/nodes_interfaces/share/nodes_interfaces/cmake/nodes_interfaces__rosidl_typesupport_introspection_cExport-noconfig.cmake
[4.902s] -- Installing: /home/kejun/git_dir/ros2_project/course/node_ws/install/nodes_interfaces/share/nodes_interfaces/cmake/nodes_interfaces__rosidl_typesupport_cExport.cmake
[4.903s] -- Installing: /home/kejun/git_dir/ros2_project/course/node_ws/install/nodes_interfaces/share/nodes_interfaces/cmake/nodes_interfaces__rosidl_typesupport_cExport-noconfig.cmake
[4.903s] -- Installing: /home/kejun/git_dir/ros2_project/course/node_ws/install/nodes_interfaces/share/nodes_interfaces/cmake/export_nodes_interfaces__rosidl_generator_cppExport.cmake
[4.903s] -- Installing: /home/kejun/git_dir/ros2_project/course/node_ws/install/nodes_interfaces/share/nodes_interfaces/cmake/export_nodes_interfaces__rosidl_typesupport_fastrtps_cppExport.cmake
[4.903s] -- Installing: /home/kejun/git_dir/ros2_project/course/node_ws/install/nodes_interfaces/share/nodes_interfaces/cmake/export_nodes_interfaces__rosidl_typesupport_fastrtps_cppExport-noconfig.cmake
[4.904s] -- Installing: /home/kejun/git_dir/ros2_project/course/node_ws/install/nodes_interfaces/share/nodes_interfaces/cmake/nodes_interfaces__rosidl_typesupport_introspection_cppExport.cmake
[4.904s] -- Installing: /home/kejun/git_dir/ros2_project/course/node_ws/install/nodes_interfaces/share/nodes_interfaces/cmake/nodes_interfaces__rosidl_typesupport_introspection_cppExport-noconfig.cmake
[4.904s] -- Installing: /home/kejun/git_dir/ros2_project/course/node_ws/install/nodes_interfaces/share/nodes_interfaces/cmake/nodes_interfaces__rosidl_typesupport_cppExport.cmake
[4.904s] -- Installing: /home/kejun/git_dir/ros2_project/course/node_ws/install/nodes_interfaces/share/nodes_interfaces/cmake/nodes_interfaces__rosidl_typesupport_cppExport-noconfig.cmake
[4.904s] -- Installing: /home/kejun/git_dir/ros2_project/course/node_ws/install/nodes_interfaces/share/nodes_interfaces/cmake/export_nodes_interfaces__rosidl_generator_pyExport.cmake
[4.905s] -- Installing: /home/kejun/git_dir/ros2_project/course/node_ws/install/nodes_interfaces/share/nodes_interfaces/cmake/export_nodes_interfaces__rosidl_generator_pyExport-noconfig.cmake
[4.905s] -- Installing: /home/kejun/git_dir/ros2_project/course/node_ws/install/nodes_interfaces/share/nodes_interfaces/cmake/rosidl_cmake-extras.cmake
[4.905s] -- Installing: /home/kejun/git_dir/ros2_project/course/node_ws/install/nodes_interfaces/share/nodes_interfaces/cmake/ament_cmake_export_dependencies-extras.cmake
[4.905s] -- Installing: /home/kejun/git_dir/ros2_project/course/node_ws/install/nodes_interfaces/share/nodes_interfaces/cmake/ament_cmake_export_include_directories-extras.cmake
[4.905s] -- Installing: /home/kejun/git_dir/ros2_project/course/node_ws/install/nodes_interfaces/share/nodes_interfaces/cmake/ament_cmake_export_libraries-extras.cmake
[4.905s] -- Installing: /home/kejun/git_dir/ros2_project/course/node_ws/install/nodes_interfaces/share/nodes_interfaces/cmake/ament_cmake_export_targets-extras.cmake
[4.905s] -- Installing: /home/kejun/git_dir/ros2_project/course/node_ws/install/nodes_interfaces/share/nodes_interfaces/cmake/rosidl_cmake_export_typesupport_targets-extras.cmake
[4.905s] -- Installing: /home/kejun/git_dir/ros2_project/course/node_ws/install/nodes_interfaces/share/nodes_interfaces/cmake/rosidl_cmake_export_typesupport_libraries-extras.cmake
[4.905s] -- Installing: /home/kejun/git_dir/ros2_project/course/node_ws/install/nodes_interfaces/share/nodes_interfaces/cmake/nodes_interfacesConfig.cmake
[4.905s] -- Installing: /home/kejun/git_dir/ros2_project/course/node_ws/install/nodes_interfaces/share/nodes_interfaces/cmake/nodes_interfacesConfig-version.cmake
[4.905s] -- Up-to-date: /home/kejun/git_dir/ros2_project/course/node_ws/install/nodes_interfaces/share/nodes_interfaces/package.xml
[4.907s] Invoked command in '/home/kejun/git_dir/ros2_project/course/node_ws/build/nodes_interfaces' returned '0': CMAKE_PREFIX_PATH=${CMAKE_PREFIX_PATH}:/home/kejun/git_dir/ros2_project/ros2_from_scratch_book/ros2_ws/install/my_py_pkg:/opt/ros/jazzy /usr/bin/cmake --install /home/kejun/git_dir/ros2_project/course/node_ws/build/nodes_interfaces
