[0.009s] Invoking command in '/home/kejun/git_dir/ros2_project/ros2_from_scratch_book/ros2_ws/build/my_robot_interfaces': CMAKE_PREFIX_PATH=${CMAKE_PREFIX_PATH}:/home/kejun/git_dir/ros2_project/ros2_from_scratch_book/ros2_ws/install/my_py_pkg:/opt/ros/jazzy /usr/bin/cmake --build /home/kejun/git_dir/ros2_project/ros2_from_scratch_book/ros2_ws/build/my_robot_interfaces -- -j16 -l16
[0.042s] [  2%] Built target my_robot_interfaces__rosidl_generator_type_description
[0.048s] [  2%] Built target ament_cmake_python_copy_my_robot_interfaces
[0.055s] [  4%] Built target my_robot_interfaces__cpp
[0.058s] [ 22%] Built target my_robot_interfaces__rosidl_generator_c
[0.075s] [ 31%] Built target my_robot_interfaces__rosidl_typesupport_c
[0.075s] [ 47%] Built target my_robot_interfaces__rosidl_typesupport_introspection_cpp
[0.075s] [ 59%] Built target my_robot_interfaces__rosidl_typesupport_fastrtps_cpp
[0.075s] [ 59%] Built target my_robot_interfaces__rosidl_typesupport_introspection_c
[0.075s] [ 77%] Built target my_robot_interfaces__rosidl_typesupport_cpp
[0.076s] [ 77%] Built target my_robot_interfaces__rosidl_typesupport_fastrtps_c
[0.089s] [ 77%] Built target my_robot_interfaces
[0.103s] [ 79%] Built target my_robot_interfaces__py
[0.119s] [ 86%] Built target my_robot_interfaces__rosidl_generator_py
[0.135s] [100%] Built target my_robot_interfaces_s__rosidl_typesupport_c
[0.135s] [100%] Built target my_robot_interfaces_s__rosidl_typesupport_introspection_c
[0.135s] [100%] Built target my_robot_interfaces_s__rosidl_typesupport_fastrtps_c
[0.237s] running egg_info
[0.254s] writing my_robot_interfaces.egg-info/PKG-INFO
[0.254s] writing dependency_links to my_robot_interfaces.egg-info/dependency_links.txt
[0.254s] writing top-level names to my_robot_interfaces.egg-info/top_level.txt
[0.310s] reading manifest file 'my_robot_interfaces.egg-info/SOURCES.txt'
[0.310s] writing manifest file 'my_robot_interfaces.egg-info/SOURCES.txt'
[0.329s] [100%] Built target ament_cmake_python_build_my_robot_interfaces_egg
[0.337s] Invoked command in '/home/kejun/git_dir/ros2_project/ros2_from_scratch_book/ros2_ws/build/my_robot_interfaces' returned '0': CMAKE_PREFIX_PATH=${CMAKE_PREFIX_PATH}:/home/kejun/git_dir/ros2_project/ros2_from_scratch_book/ros2_ws/install/my_py_pkg:/opt/ros/jazzy /usr/bin/cmake --build /home/kejun/git_dir/ros2_project/ros2_from_scratch_book/ros2_ws/build/my_robot_interfaces -- -j16 -l16
[0.343s] Invoking command in '/home/kejun/git_dir/ros2_project/ros2_from_scratch_book/ros2_ws/build/my_robot_interfaces': CMAKE_PREFIX_PATH=${CMAKE_PREFIX_PATH}:/home/kejun/git_dir/ros2_project/ros2_from_scratch_book/ros2_ws/install/my_py_pkg:/opt/ros/jazzy /usr/bin/cmake --install /home/kejun/git_dir/ros2_project/ros2_from_scratch_book/ros2_ws/build/my_robot_interfaces
[0.350s] -- Install configuration: ""
[0.350s] -- Up-to-date: /home/kejun/git_dir/ros2_project/ros2_from_scratch_book/ros2_ws/install/my_robot_interfaces/share/ament_index/resource_index/rosidl_interfaces/my_robot_interfaces
[0.350s] -- Up-to-date: /home/kejun/git_dir/ros2_project/ros2_from_scratch_book/ros2_ws/install/my_robot_interfaces/share/my_robot_interfaces/msg/HardwareStatus.json
[0.350s] -- Up-to-date: /home/kejun/git_dir/ros2_project/ros2_from_scratch_book/ros2_ws/install/my_robot_interfaces/share/my_robot_interfaces/srv/ResetCounter.json
[0.350s] -- Up-to-date: /home/kejun/git_dir/ros2_project/ros2_from_scratch_book/ros2_ws/install/my_robot_interfaces/include/my_robot_interfaces/my_robot_interfaces
[0.350s] -- Up-to-date: /home/kejun/git_dir/ros2_project/ros2_from_scratch_book/ros2_ws/install/my_robot_interfaces/include/my_robot_interfaces/my_robot_interfaces/msg
[0.350s] -- Up-to-date: /home/kejun/git_dir/ros2_project/ros2_from_scratch_book/ros2_ws/install/my_robot_interfaces/include/my_robot_interfaces/my_robot_interfaces/msg/rosidl_generator_c__visibility_control.h
[0.351s] -- Up-to-date: /home/kejun/git_dir/ros2_project/ros2_from_scratch_book/ros2_ws/install/my_robot_interfaces/include/my_robot_interfaces/my_robot_interfaces/msg/hardware_status.h
[0.351s] -- Up-to-date: /home/kejun/git_dir/ros2_project/ros2_from_scratch_book/ros2_ws/install/my_robot_interfaces/include/my_robot_interfaces/my_robot_interfaces/msg/detail
[0.351s] -- Up-to-date: /home/kejun/git_dir/ros2_project/ros2_from_scratch_book/ros2_ws/install/my_robot_interfaces/include/my_robot_interfaces/my_robot_interfaces/msg/detail/hardware_status__functions.h
[0.351s] -- Up-to-date: /home/kejun/git_dir/ros2_project/ros2_from_scratch_book/ros2_ws/install/my_robot_interfaces/include/my_robot_interfaces/my_robot_interfaces/msg/detail/hardware_status__description.c
[0.351s] -- Up-to-date: /home/kejun/git_dir/ros2_project/ros2_from_scratch_book/ros2_ws/install/my_robot_interfaces/include/my_robot_interfaces/my_robot_interfaces/msg/detail/hardware_status__struct.h
[0.351s] -- Up-to-date: /home/kejun/git_dir/ros2_project/ros2_from_scratch_book/ros2_ws/install/my_robot_interfaces/include/my_robot_interfaces/my_robot_interfaces/msg/detail/hardware_status__functions.c
[0.351s] -- Up-to-date: /home/kejun/git_dir/ros2_project/ros2_from_scratch_book/ros2_ws/install/my_robot_interfaces/include/my_robot_interfaces/my_robot_interfaces/msg/detail/hardware_status__type_support.c
[0.351s] -- Up-to-date: /home/kejun/git_dir/ros2_project/ros2_from_scratch_book/ros2_ws/install/my_robot_interfaces/include/my_robot_interfaces/my_robot_interfaces/msg/detail/hardware_status__type_support.h
[0.351s] -- Up-to-date: /home/kejun/git_dir/ros2_project/ros2_from_scratch_book/ros2_ws/install/my_robot_interfaces/include/my_robot_interfaces/my_robot_interfaces/srv
[0.351s] -- Up-to-date: /home/kejun/git_dir/ros2_project/ros2_from_scratch_book/ros2_ws/install/my_robot_interfaces/include/my_robot_interfaces/my_robot_interfaces/srv/reset_counter.h
[0.351s] -- Up-to-date: /home/kejun/git_dir/ros2_project/ros2_from_scratch_book/ros2_ws/install/my_robot_interfaces/include/my_robot_interfaces/my_robot_interfaces/srv/detail
[0.352s] -- Up-to-date: /home/kejun/git_dir/ros2_project/ros2_from_scratch_book/ros2_ws/install/my_robot_interfaces/include/my_robot_interfaces/my_robot_interfaces/srv/detail/reset_counter__description.c
[0.352s] -- Up-to-date: /home/kejun/git_dir/ros2_project/ros2_from_scratch_book/ros2_ws/install/my_robot_interfaces/include/my_robot_interfaces/my_robot_interfaces/srv/detail/reset_counter__functions.c
[0.352s] -- Up-to-date: /home/kejun/git_dir/ros2_project/ros2_from_scratch_book/ros2_ws/install/my_robot_interfaces/include/my_robot_interfaces/my_robot_interfaces/srv/detail/reset_counter__type_support.h
[0.352s] -- Up-to-date: /home/kejun/git_dir/ros2_project/ros2_from_scratch_book/ros2_ws/install/my_robot_interfaces/include/my_robot_interfaces/my_robot_interfaces/srv/detail/reset_counter__type_support.c
[0.352s] -- Up-to-date: /home/kejun/git_dir/ros2_project/ros2_from_scratch_book/ros2_ws/install/my_robot_interfaces/include/my_robot_interfaces/my_robot_interfaces/srv/detail/reset_counter__functions.h
[0.352s] -- Up-to-date: /home/kejun/git_dir/ros2_project/ros2_from_scratch_book/ros2_ws/install/my_robot_interfaces/include/my_robot_interfaces/my_robot_interfaces/srv/detail/reset_counter__struct.h
[0.352s] -- Up-to-date: /home/kejun/git_dir/ros2_project/ros2_from_scratch_book/ros2_ws/install/my_robot_interfaces/share/my_robot_interfaces/environment/library_path.sh
[0.352s] -- Up-to-date: /home/kejun/git_dir/ros2_project/ros2_from_scratch_book/ros2_ws/install/my_robot_interfaces/share/my_robot_interfaces/environment/library_path.dsv
[0.352s] -- Up-to-date: /home/kejun/git_dir/ros2_project/ros2_from_scratch_book/ros2_ws/install/my_robot_interfaces/lib/libmy_robot_interfaces__rosidl_generator_c.so
[0.352s] -- Up-to-date: /home/kejun/git_dir/ros2_project/ros2_from_scratch_book/ros2_ws/install/my_robot_interfaces/include/my_robot_interfaces/my_robot_interfaces
[0.353s] -- Up-to-date: /home/kejun/git_dir/ros2_project/ros2_from_scratch_book/ros2_ws/install/my_robot_interfaces/include/my_robot_interfaces/my_robot_interfaces/msg
[0.353s] -- Up-to-date: /home/kejun/git_dir/ros2_project/ros2_from_scratch_book/ros2_ws/install/my_robot_interfaces/include/my_robot_interfaces/my_robot_interfaces/msg/rosidl_typesupport_fastrtps_c__visibility_control.h
[0.353s] -- Up-to-date: /home/kejun/git_dir/ros2_project/ros2_from_scratch_book/ros2_ws/install/my_robot_interfaces/include/my_robot_interfaces/my_robot_interfaces/msg/detail
[0.353s] -- Up-to-date: /home/kejun/git_dir/ros2_project/ros2_from_scratch_book/ros2_ws/install/my_robot_interfaces/include/my_robot_interfaces/my_robot_interfaces/msg/detail/hardware_status__rosidl_typesupport_fastrtps_c.h
[0.353s] -- Up-to-date: /home/kejun/git_dir/ros2_project/ros2_from_scratch_book/ros2_ws/install/my_robot_interfaces/include/my_robot_interfaces/my_robot_interfaces/srv
[0.353s] -- Up-to-date: /home/kejun/git_dir/ros2_project/ros2_from_scratch_book/ros2_ws/install/my_robot_interfaces/include/my_robot_interfaces/my_robot_interfaces/srv/detail
[0.353s] -- Up-to-date: /home/kejun/git_dir/ros2_project/ros2_from_scratch_book/ros2_ws/install/my_robot_interfaces/include/my_robot_interfaces/my_robot_interfaces/srv/detail/reset_counter__rosidl_typesupport_fastrtps_c.h
[0.353s] -- Up-to-date: /home/kejun/git_dir/ros2_project/ros2_from_scratch_book/ros2_ws/install/my_robot_interfaces/lib/libmy_robot_interfaces__rosidl_typesupport_fastrtps_c.so
[0.353s] -- Up-to-date: /home/kejun/git_dir/ros2_project/ros2_from_scratch_book/ros2_ws/install/my_robot_interfaces/include/my_robot_interfaces/my_robot_interfaces
[0.353s] -- Up-to-date: /home/kejun/git_dir/ros2_project/ros2_from_scratch_book/ros2_ws/install/my_robot_interfaces/include/my_robot_interfaces/my_robot_interfaces/msg
[0.354s] -- Up-to-date: /home/kejun/git_dir/ros2_project/ros2_from_scratch_book/ros2_ws/install/my_robot_interfaces/include/my_robot_interfaces/my_robot_interfaces/msg/rosidl_typesupport_introspection_c__visibility_control.h
[0.354s] -- Up-to-date: /home/kejun/git_dir/ros2_project/ros2_from_scratch_book/ros2_ws/install/my_robot_interfaces/include/my_robot_interfaces/my_robot_interfaces/msg/detail
[0.354s] -- Up-to-date: /home/kejun/git_dir/ros2_project/ros2_from_scratch_book/ros2_ws/install/my_robot_interfaces/include/my_robot_interfaces/my_robot_interfaces/msg/detail/hardware_status__type_support.c
[0.354s] -- Up-to-date: /home/kejun/git_dir/ros2_project/ros2_from_scratch_book/ros2_ws/install/my_robot_interfaces/include/my_robot_interfaces/my_robot_interfaces/msg/detail/hardware_status__rosidl_typesupport_introspection_c.h
[0.354s] -- Up-to-date: /home/kejun/git_dir/ros2_project/ros2_from_scratch_book/ros2_ws/install/my_robot_interfaces/include/my_robot_interfaces/my_robot_interfaces/srv
[0.354s] -- Up-to-date: /home/kejun/git_dir/ros2_project/ros2_from_scratch_book/ros2_ws/install/my_robot_interfaces/include/my_robot_interfaces/my_robot_interfaces/srv/detail
[0.354s] -- Up-to-date: /home/kejun/git_dir/ros2_project/ros2_from_scratch_book/ros2_ws/install/my_robot_interfaces/include/my_robot_interfaces/my_robot_interfaces/srv/detail/reset_counter__rosidl_typesupport_introspection_c.h
[0.354s] -- Up-to-date: /home/kejun/git_dir/ros2_project/ros2_from_scratch_book/ros2_ws/install/my_robot_interfaces/include/my_robot_interfaces/my_robot_interfaces/srv/detail/reset_counter__type_support.c
[0.354s] -- Up-to-date: /home/kejun/git_dir/ros2_project/ros2_from_scratch_book/ros2_ws/install/my_robot_interfaces/lib/libmy_robot_interfaces__rosidl_typesupport_introspection_c.so
[0.354s] -- Up-to-date: /home/kejun/git_dir/ros2_project/ros2_from_scratch_book/ros2_ws/install/my_robot_interfaces/lib/libmy_robot_interfaces__rosidl_typesupport_c.so
[0.355s] -- Up-to-date: /home/kejun/git_dir/ros2_project/ros2_from_scratch_book/ros2_ws/install/my_robot_interfaces/include/my_robot_interfaces/my_robot_interfaces
[0.355s] -- Up-to-date: /home/kejun/git_dir/ros2_project/ros2_from_scratch_book/ros2_ws/install/my_robot_interfaces/include/my_robot_interfaces/my_robot_interfaces/msg
[0.355s] -- Up-to-date: /home/kejun/git_dir/ros2_project/ros2_from_scratch_book/ros2_ws/install/my_robot_interfaces/include/my_robot_interfaces/my_robot_interfaces/msg/hardware_status.hpp
[0.355s] -- Up-to-date: /home/kejun/git_dir/ros2_project/ros2_from_scratch_book/ros2_ws/install/my_robot_interfaces/include/my_robot_interfaces/my_robot_interfaces/msg/rosidl_generator_cpp__visibility_control.hpp
[0.355s] -- Up-to-date: /home/kejun/git_dir/ros2_project/ros2_from_scratch_book/ros2_ws/install/my_robot_interfaces/include/my_robot_interfaces/my_robot_interfaces/msg/detail
[0.355s] -- Up-to-date: /home/kejun/git_dir/ros2_project/ros2_from_scratch_book/ros2_ws/install/my_robot_interfaces/include/my_robot_interfaces/my_robot_interfaces/msg/detail/hardware_status__traits.hpp
[0.355s] -- Up-to-date: /home/kejun/git_dir/ros2_project/ros2_from_scratch_book/ros2_ws/install/my_robot_interfaces/include/my_robot_interfaces/my_robot_interfaces/msg/detail/hardware_status__type_support.hpp
[0.355s] -- Up-to-date: /home/kejun/git_dir/ros2_project/ros2_from_scratch_book/ros2_ws/install/my_robot_interfaces/include/my_robot_interfaces/my_robot_interfaces/msg/detail/hardware_status__struct.hpp
[0.355s] -- Up-to-date: /home/kejun/git_dir/ros2_project/ros2_from_scratch_book/ros2_ws/install/my_robot_interfaces/include/my_robot_interfaces/my_robot_interfaces/msg/detail/hardware_status__builder.hpp
[0.355s] -- Up-to-date: /home/kejun/git_dir/ros2_project/ros2_from_scratch_book/ros2_ws/install/my_robot_interfaces/include/my_robot_interfaces/my_robot_interfaces/srv
[0.355s] -- Up-to-date: /home/kejun/git_dir/ros2_project/ros2_from_scratch_book/ros2_ws/install/my_robot_interfaces/include/my_robot_interfaces/my_robot_interfaces/srv/reset_counter.hpp
[0.355s] -- Up-to-date: /home/kejun/git_dir/ros2_project/ros2_from_scratch_book/ros2_ws/install/my_robot_interfaces/include/my_robot_interfaces/my_robot_interfaces/srv/detail
[0.355s] -- Up-to-date: /home/kejun/git_dir/ros2_project/ros2_from_scratch_book/ros2_ws/install/my_robot_interfaces/include/my_robot_interfaces/my_robot_interfaces/srv/detail/reset_counter__struct.hpp
[0.355s] -- Up-to-date: /home/kejun/git_dir/ros2_project/ros2_from_scratch_book/ros2_ws/install/my_robot_interfaces/include/my_robot_interfaces/my_robot_interfaces/srv/detail/reset_counter__builder.hpp
[0.356s] -- Up-to-date: /home/kejun/git_dir/ros2_project/ros2_from_scratch_book/ros2_ws/install/my_robot_interfaces/include/my_robot_interfaces/my_robot_interfaces/srv/detail/reset_counter__type_support.hpp
[0.356s] -- Up-to-date: /home/kejun/git_dir/ros2_project/ros2_from_scratch_book/ros2_ws/install/my_robot_interfaces/include/my_robot_interfaces/my_robot_interfaces/srv/detail/reset_counter__traits.hpp
[0.356s] -- Up-to-date: /home/kejun/git_dir/ros2_project/ros2_from_scratch_book/ros2_ws/install/my_robot_interfaces/include/my_robot_interfaces/my_robot_interfaces
[0.356s] -- Up-to-date: /home/kejun/git_dir/ros2_project/ros2_from_scratch_book/ros2_ws/install/my_robot_interfaces/include/my_robot_interfaces/my_robot_interfaces/msg
[0.356s] -- Up-to-date: /home/kejun/git_dir/ros2_project/ros2_from_scratch_book/ros2_ws/install/my_robot_interfaces/include/my_robot_interfaces/my_robot_interfaces/msg/rosidl_typesupport_fastrtps_cpp__visibility_control.h
[0.356s] -- Up-to-date: /home/kejun/git_dir/ros2_project/ros2_from_scratch_book/ros2_ws/install/my_robot_interfaces/include/my_robot_interfaces/my_robot_interfaces/msg/detail
[0.356s] -- Up-to-date: /home/kejun/git_dir/ros2_project/ros2_from_scratch_book/ros2_ws/install/my_robot_interfaces/include/my_robot_interfaces/my_robot_interfaces/msg/detail/hardware_status__rosidl_typesupport_fastrtps_cpp.hpp
[0.356s] -- Up-to-date: /home/kejun/git_dir/ros2_project/ros2_from_scratch_book/ros2_ws/install/my_robot_interfaces/include/my_robot_interfaces/my_robot_interfaces/msg/detail/dds_fastrtps
[0.356s] -- Up-to-date: /home/kejun/git_dir/ros2_project/ros2_from_scratch_book/ros2_ws/install/my_robot_interfaces/include/my_robot_interfaces/my_robot_interfaces/srv
[0.356s] -- Up-to-date: /home/kejun/git_dir/ros2_project/ros2_from_scratch_book/ros2_ws/install/my_robot_interfaces/include/my_robot_interfaces/my_robot_interfaces/srv/detail
[0.356s] -- Up-to-date: /home/kejun/git_dir/ros2_project/ros2_from_scratch_book/ros2_ws/install/my_robot_interfaces/include/my_robot_interfaces/my_robot_interfaces/srv/detail/reset_counter__rosidl_typesupport_fastrtps_cpp.hpp
[0.356s] -- Up-to-date: /home/kejun/git_dir/ros2_project/ros2_from_scratch_book/ros2_ws/install/my_robot_interfaces/include/my_robot_interfaces/my_robot_interfaces/srv/detail/dds_fastrtps
[0.356s] -- Up-to-date: /home/kejun/git_dir/ros2_project/ros2_from_scratch_book/ros2_ws/install/my_robot_interfaces/lib/libmy_robot_interfaces__rosidl_typesupport_fastrtps_cpp.so
[0.356s] -- Up-to-date: /home/kejun/git_dir/ros2_project/ros2_from_scratch_book/ros2_ws/install/my_robot_interfaces/include/my_robot_interfaces/my_robot_interfaces
[0.356s] -- Up-to-date: /home/kejun/git_dir/ros2_project/ros2_from_scratch_book/ros2_ws/install/my_robot_interfaces/include/my_robot_interfaces/my_robot_interfaces/msg
[0.357s] -- Up-to-date: /home/kejun/git_dir/ros2_project/ros2_from_scratch_book/ros2_ws/install/my_robot_interfaces/include/my_robot_interfaces/my_robot_interfaces/msg/detail
[0.357s] -- Up-to-date: /home/kejun/git_dir/ros2_project/ros2_from_scratch_book/ros2_ws/install/my_robot_interfaces/include/my_robot_interfaces/my_robot_interfaces/msg/detail/hardware_status__rosidl_typesupport_introspection_cpp.hpp
[0.357s] -- Up-to-date: /home/kejun/git_dir/ros2_project/ros2_from_scratch_book/ros2_ws/install/my_robot_interfaces/include/my_robot_interfaces/my_robot_interfaces/msg/detail/hardware_status__type_support.cpp
[0.357s] -- Up-to-date: /home/kejun/git_dir/ros2_project/ros2_from_scratch_book/ros2_ws/install/my_robot_interfaces/include/my_robot_interfaces/my_robot_interfaces/srv
[0.357s] -- Up-to-date: /home/kejun/git_dir/ros2_project/ros2_from_scratch_book/ros2_ws/install/my_robot_interfaces/include/my_robot_interfaces/my_robot_interfaces/srv/detail
[0.357s] -- Up-to-date: /home/kejun/git_dir/ros2_project/ros2_from_scratch_book/ros2_ws/install/my_robot_interfaces/include/my_robot_interfaces/my_robot_interfaces/srv/detail/reset_counter__rosidl_typesupport_introspection_cpp.hpp
[0.357s] -- Up-to-date: /home/kejun/git_dir/ros2_project/ros2_from_scratch_book/ros2_ws/install/my_robot_interfaces/include/my_robot_interfaces/my_robot_interfaces/srv/detail/reset_counter__type_support.cpp
[0.357s] -- Up-to-date: /home/kejun/git_dir/ros2_project/ros2_from_scratch_book/ros2_ws/install/my_robot_interfaces/lib/libmy_robot_interfaces__rosidl_typesupport_introspection_cpp.so
[0.357s] -- Up-to-date: /home/kejun/git_dir/ros2_project/ros2_from_scratch_book/ros2_ws/install/my_robot_interfaces/lib/libmy_robot_interfaces__rosidl_typesupport_cpp.so
[0.357s] -- Up-to-date: /home/kejun/git_dir/ros2_project/ros2_from_scratch_book/ros2_ws/install/my_robot_interfaces/share/my_robot_interfaces/environment/pythonpath.sh
[0.357s] -- Up-to-date: /home/kejun/git_dir/ros2_project/ros2_from_scratch_book/ros2_ws/install/my_robot_interfaces/share/my_robot_interfaces/environment/pythonpath.dsv
[0.357s] -- Up-to-date: /home/kejun/git_dir/ros2_project/ros2_from_scratch_book/ros2_ws/install/my_robot_interfaces/lib/python3.12/site-packages/my_robot_interfaces-0.0.0-py3.12.egg-info
[0.357s] -- Installing: /home/kejun/git_dir/ros2_project/ros2_from_scratch_book/ros2_ws/install/my_robot_interfaces/lib/python3.12/site-packages/my_robot_interfaces-0.0.0-py3.12.egg-info/SOURCES.txt
[0.357s] -- Installing: /home/kejun/git_dir/ros2_project/ros2_from_scratch_book/ros2_ws/install/my_robot_interfaces/lib/python3.12/site-packages/my_robot_interfaces-0.0.0-py3.12.egg-info/PKG-INFO
[0.357s] -- Installing: /home/kejun/git_dir/ros2_project/ros2_from_scratch_book/ros2_ws/install/my_robot_interfaces/lib/python3.12/site-packages/my_robot_interfaces-0.0.0-py3.12.egg-info/dependency_links.txt
[0.358s] -- Installing: /home/kejun/git_dir/ros2_project/ros2_from_scratch_book/ros2_ws/install/my_robot_interfaces/lib/python3.12/site-packages/my_robot_interfaces-0.0.0-py3.12.egg-info/top_level.txt
[0.358s] -- Up-to-date: /home/kejun/git_dir/ros2_project/ros2_from_scratch_book/ros2_ws/install/my_robot_interfaces/lib/python3.12/site-packages/my_robot_interfaces
[0.358s] -- Up-to-date: /home/kejun/git_dir/ros2_project/ros2_from_scratch_book/ros2_ws/install/my_robot_interfaces/lib/python3.12/site-packages/my_robot_interfaces/my_robot_interfaces_s__rosidl_typesupport_c.so
[0.358s] -- Up-to-date: /home/kejun/git_dir/ros2_project/ros2_from_scratch_book/ros2_ws/install/my_robot_interfaces/lib/python3.12/site-packages/my_robot_interfaces/msg
[0.358s] -- Up-to-date: /home/kejun/git_dir/ros2_project/ros2_from_scratch_book/ros2_ws/install/my_robot_interfaces/lib/python3.12/site-packages/my_robot_interfaces/msg/_hardware_status_s.c
[0.358s] -- Up-to-date: /home/kejun/git_dir/ros2_project/ros2_from_scratch_book/ros2_ws/install/my_robot_interfaces/lib/python3.12/site-packages/my_robot_interfaces/msg/__init__.py
[0.358s] -- Up-to-date: /home/kejun/git_dir/ros2_project/ros2_from_scratch_book/ros2_ws/install/my_robot_interfaces/lib/python3.12/site-packages/my_robot_interfaces/msg/_hardware_status.py
[0.358s] -- Up-to-date: /home/kejun/git_dir/ros2_project/ros2_from_scratch_book/ros2_ws/install/my_robot_interfaces/lib/python3.12/site-packages/my_robot_interfaces/my_robot_interfaces_s__rosidl_typesupport_fastrtps_c.so
[0.358s] -- Up-to-date: /home/kejun/git_dir/ros2_project/ros2_from_scratch_book/ros2_ws/install/my_robot_interfaces/lib/python3.12/site-packages/my_robot_interfaces/__init__.py
[0.358s] -- Up-to-date: /home/kejun/git_dir/ros2_project/ros2_from_scratch_book/ros2_ws/install/my_robot_interfaces/lib/python3.12/site-packages/my_robot_interfaces/_my_robot_interfaces_s.ep.rosidl_typesupport_introspection_c.c
[0.358s] -- Up-to-date: /home/kejun/git_dir/ros2_project/ros2_from_scratch_book/ros2_ws/install/my_robot_interfaces/lib/python3.12/site-packages/my_robot_interfaces/srv
[0.358s] -- Up-to-date: /home/kejun/git_dir/ros2_project/ros2_from_scratch_book/ros2_ws/install/my_robot_interfaces/lib/python3.12/site-packages/my_robot_interfaces/srv/_reset_counter_s.c
[0.358s] -- Up-to-date: /home/kejun/git_dir/ros2_project/ros2_from_scratch_book/ros2_ws/install/my_robot_interfaces/lib/python3.12/site-packages/my_robot_interfaces/srv/__init__.py
[0.358s] -- Up-to-date: /home/kejun/git_dir/ros2_project/ros2_from_scratch_book/ros2_ws/install/my_robot_interfaces/lib/python3.12/site-packages/my_robot_interfaces/srv/_reset_counter.py
[0.358s] -- Up-to-date: /home/kejun/git_dir/ros2_project/ros2_from_scratch_book/ros2_ws/install/my_robot_interfaces/lib/python3.12/site-packages/my_robot_interfaces/_my_robot_interfaces_s.ep.rosidl_typesupport_c.c
[0.358s] -- Up-to-date: /home/kejun/git_dir/ros2_project/ros2_from_scratch_book/ros2_ws/install/my_robot_interfaces/lib/python3.12/site-packages/my_robot_interfaces/_my_robot_interfaces_s.ep.rosidl_typesupport_fastrtps_c.c
[0.359s] -- Up-to-date: /home/kejun/git_dir/ros2_project/ros2_from_scratch_book/ros2_ws/install/my_robot_interfaces/lib/python3.12/site-packages/my_robot_interfaces/my_robot_interfaces_s__rosidl_typesupport_introspection_c.so
[0.382s] Listing '/home/kejun/git_dir/ros2_project/ros2_from_scratch_book/ros2_ws/install/my_robot_interfaces/lib/python3.12/site-packages/my_robot_interfaces'...
[0.382s] Listing '/home/kejun/git_dir/ros2_project/ros2_from_scratch_book/ros2_ws/install/my_robot_interfaces/lib/python3.12/site-packages/my_robot_interfaces/msg'...
[0.382s] Listing '/home/kejun/git_dir/ros2_project/ros2_from_scratch_book/ros2_ws/install/my_robot_interfaces/lib/python3.12/site-packages/my_robot_interfaces/srv'...
[0.386s] -- Up-to-date: /home/kejun/git_dir/ros2_project/ros2_from_scratch_book/ros2_ws/install/my_robot_interfaces/lib/python3.12/site-packages/my_robot_interfaces/my_robot_interfaces_s__rosidl_typesupport_fastrtps_c.so
[0.386s] -- Up-to-date: /home/kejun/git_dir/ros2_project/ros2_from_scratch_book/ros2_ws/install/my_robot_interfaces/lib/python3.12/site-packages/my_robot_interfaces/my_robot_interfaces_s__rosidl_typesupport_introspection_c.so
[0.386s] -- Up-to-date: /home/kejun/git_dir/ros2_project/ros2_from_scratch_book/ros2_ws/install/my_robot_interfaces/lib/python3.12/site-packages/my_robot_interfaces/my_robot_interfaces_s__rosidl_typesupport_c.so
[0.387s] -- Up-to-date: /home/kejun/git_dir/ros2_project/ros2_from_scratch_book/ros2_ws/install/my_robot_interfaces/lib/libmy_robot_interfaces__rosidl_generator_py.so
[0.387s] -- Up-to-date: /home/kejun/git_dir/ros2_project/ros2_from_scratch_book/ros2_ws/install/my_robot_interfaces/share/my_robot_interfaces/msg/HardwareStatus.idl
[0.387s] -- Up-to-date: /home/kejun/git_dir/ros2_project/ros2_from_scratch_book/ros2_ws/install/my_robot_interfaces/share/my_robot_interfaces/srv/ResetCounter.idl
[0.387s] -- Up-to-date: /home/kejun/git_dir/ros2_project/ros2_from_scratch_book/ros2_ws/install/my_robot_interfaces/share/my_robot_interfaces/msg/HardwareStatus.msg
[0.387s] -- Up-to-date: /home/kejun/git_dir/ros2_project/ros2_from_scratch_book/ros2_ws/install/my_robot_interfaces/share/my_robot_interfaces/srv/ResetCounter.srv
[0.387s] -- Up-to-date: /home/kejun/git_dir/ros2_project/ros2_from_scratch_book/ros2_ws/install/my_robot_interfaces/share/ament_index/resource_index/package_run_dependencies/my_robot_interfaces
[0.387s] -- Up-to-date: /home/kejun/git_dir/ros2_project/ros2_from_scratch_book/ros2_ws/install/my_robot_interfaces/share/ament_index/resource_index/parent_prefix_path/my_robot_interfaces
[0.387s] -- Up-to-date: /home/kejun/git_dir/ros2_project/ros2_from_scratch_book/ros2_ws/install/my_robot_interfaces/share/my_robot_interfaces/environment/ament_prefix_path.sh
[0.388s] -- Up-to-date: /home/kejun/git_dir/ros2_project/ros2_from_scratch_book/ros2_ws/install/my_robot_interfaces/share/my_robot_interfaces/environment/ament_prefix_path.dsv
[0.388s] -- Up-to-date: /home/kejun/git_dir/ros2_project/ros2_from_scratch_book/ros2_ws/install/my_robot_interfaces/share/my_robot_interfaces/environment/path.sh
[0.388s] -- Up-to-date: /home/kejun/git_dir/ros2_project/ros2_from_scratch_book/ros2_ws/install/my_robot_interfaces/share/my_robot_interfaces/environment/path.dsv
[0.388s] -- Up-to-date: /home/kejun/git_dir/ros2_project/ros2_from_scratch_book/ros2_ws/install/my_robot_interfaces/share/my_robot_interfaces/local_setup.bash
[0.388s] -- Up-to-date: /home/kejun/git_dir/ros2_project/ros2_from_scratch_book/ros2_ws/install/my_robot_interfaces/share/my_robot_interfaces/local_setup.sh
[0.388s] -- Up-to-date: /home/kejun/git_dir/ros2_project/ros2_from_scratch_book/ros2_ws/install/my_robot_interfaces/share/my_robot_interfaces/local_setup.zsh
[0.388s] -- Up-to-date: /home/kejun/git_dir/ros2_project/ros2_from_scratch_book/ros2_ws/install/my_robot_interfaces/share/my_robot_interfaces/local_setup.dsv
[0.388s] -- Installing: /home/kejun/git_dir/ros2_project/ros2_from_scratch_book/ros2_ws/install/my_robot_interfaces/share/my_robot_interfaces/package.dsv
[0.388s] -- Up-to-date: /home/kejun/git_dir/ros2_project/ros2_from_scratch_book/ros2_ws/install/my_robot_interfaces/share/ament_index/resource_index/packages/my_robot_interfaces
[0.388s] -- Up-to-date: /home/kejun/git_dir/ros2_project/ros2_from_scratch_book/ros2_ws/install/my_robot_interfaces/share/my_robot_interfaces/cmake/export_my_robot_interfaces__rosidl_generator_cExport.cmake
[0.388s] -- Up-to-date: /home/kejun/git_dir/ros2_project/ros2_from_scratch_book/ros2_ws/install/my_robot_interfaces/share/my_robot_interfaces/cmake/export_my_robot_interfaces__rosidl_generator_cExport-noconfig.cmake
[0.389s] -- Up-to-date: /home/kejun/git_dir/ros2_project/ros2_from_scratch_book/ros2_ws/install/my_robot_interfaces/share/my_robot_interfaces/cmake/export_my_robot_interfaces__rosidl_typesupport_fastrtps_cExport.cmake
[0.389s] -- Up-to-date: /home/kejun/git_dir/ros2_project/ros2_from_scratch_book/ros2_ws/install/my_robot_interfaces/share/my_robot_interfaces/cmake/export_my_robot_interfaces__rosidl_typesupport_fastrtps_cExport-noconfig.cmake
[0.389s] -- Up-to-date: /home/kejun/git_dir/ros2_project/ros2_from_scratch_book/ros2_ws/install/my_robot_interfaces/share/my_robot_interfaces/cmake/my_robot_interfaces__rosidl_typesupport_introspection_cExport.cmake
[0.389s] -- Up-to-date: /home/kejun/git_dir/ros2_project/ros2_from_scratch_book/ros2_ws/install/my_robot_interfaces/share/my_robot_interfaces/cmake/my_robot_interfaces__rosidl_typesupport_introspection_cExport-noconfig.cmake
[0.389s] -- Up-to-date: /home/kejun/git_dir/ros2_project/ros2_from_scratch_book/ros2_ws/install/my_robot_interfaces/share/my_robot_interfaces/cmake/my_robot_interfaces__rosidl_typesupport_cExport.cmake
[0.389s] -- Up-to-date: /home/kejun/git_dir/ros2_project/ros2_from_scratch_book/ros2_ws/install/my_robot_interfaces/share/my_robot_interfaces/cmake/my_robot_interfaces__rosidl_typesupport_cExport-noconfig.cmake
[0.389s] -- Up-to-date: /home/kejun/git_dir/ros2_project/ros2_from_scratch_book/ros2_ws/install/my_robot_interfaces/share/my_robot_interfaces/cmake/export_my_robot_interfaces__rosidl_generator_cppExport.cmake
[0.389s] -- Up-to-date: /home/kejun/git_dir/ros2_project/ros2_from_scratch_book/ros2_ws/install/my_robot_interfaces/share/my_robot_interfaces/cmake/export_my_robot_interfaces__rosidl_typesupport_fastrtps_cppExport.cmake
[0.389s] -- Up-to-date: /home/kejun/git_dir/ros2_project/ros2_from_scratch_book/ros2_ws/install/my_robot_interfaces/share/my_robot_interfaces/cmake/export_my_robot_interfaces__rosidl_typesupport_fastrtps_cppExport-noconfig.cmake
[0.389s] -- Up-to-date: /home/kejun/git_dir/ros2_project/ros2_from_scratch_book/ros2_ws/install/my_robot_interfaces/share/my_robot_interfaces/cmake/my_robot_interfaces__rosidl_typesupport_introspection_cppExport.cmake
[0.389s] -- Up-to-date: /home/kejun/git_dir/ros2_project/ros2_from_scratch_book/ros2_ws/install/my_robot_interfaces/share/my_robot_interfaces/cmake/my_robot_interfaces__rosidl_typesupport_introspection_cppExport-noconfig.cmake
[0.389s] -- Up-to-date: /home/kejun/git_dir/ros2_project/ros2_from_scratch_book/ros2_ws/install/my_robot_interfaces/share/my_robot_interfaces/cmake/my_robot_interfaces__rosidl_typesupport_cppExport.cmake
[0.389s] -- Up-to-date: /home/kejun/git_dir/ros2_project/ros2_from_scratch_book/ros2_ws/install/my_robot_interfaces/share/my_robot_interfaces/cmake/my_robot_interfaces__rosidl_typesupport_cppExport-noconfig.cmake
[0.389s] -- Up-to-date: /home/kejun/git_dir/ros2_project/ros2_from_scratch_book/ros2_ws/install/my_robot_interfaces/share/my_robot_interfaces/cmake/export_my_robot_interfaces__rosidl_generator_pyExport.cmake
[0.390s] -- Up-to-date: /home/kejun/git_dir/ros2_project/ros2_from_scratch_book/ros2_ws/install/my_robot_interfaces/share/my_robot_interfaces/cmake/export_my_robot_interfaces__rosidl_generator_pyExport-noconfig.cmake
[0.390s] -- Up-to-date: /home/kejun/git_dir/ros2_project/ros2_from_scratch_book/ros2_ws/install/my_robot_interfaces/share/my_robot_interfaces/cmake/rosidl_cmake-extras.cmake
[0.390s] -- Up-to-date: /home/kejun/git_dir/ros2_project/ros2_from_scratch_book/ros2_ws/install/my_robot_interfaces/share/my_robot_interfaces/cmake/ament_cmake_export_dependencies-extras.cmake
[0.390s] -- Up-to-date: /home/kejun/git_dir/ros2_project/ros2_from_scratch_book/ros2_ws/install/my_robot_interfaces/share/my_robot_interfaces/cmake/ament_cmake_export_include_directories-extras.cmake
[0.390s] -- Up-to-date: /home/kejun/git_dir/ros2_project/ros2_from_scratch_book/ros2_ws/install/my_robot_interfaces/share/my_robot_interfaces/cmake/ament_cmake_export_libraries-extras.cmake
[0.390s] -- Up-to-date: /home/kejun/git_dir/ros2_project/ros2_from_scratch_book/ros2_ws/install/my_robot_interfaces/share/my_robot_interfaces/cmake/ament_cmake_export_targets-extras.cmake
[0.390s] -- Up-to-date: /home/kejun/git_dir/ros2_project/ros2_from_scratch_book/ros2_ws/install/my_robot_interfaces/share/my_robot_interfaces/cmake/rosidl_cmake_export_typesupport_targets-extras.cmake
[0.391s] -- Up-to-date: /home/kejun/git_dir/ros2_project/ros2_from_scratch_book/ros2_ws/install/my_robot_interfaces/share/my_robot_interfaces/cmake/rosidl_cmake_export_typesupport_libraries-extras.cmake
[0.391s] -- Up-to-date: /home/kejun/git_dir/ros2_project/ros2_from_scratch_book/ros2_ws/install/my_robot_interfaces/share/my_robot_interfaces/cmake/my_robot_interfacesConfig.cmake
[0.391s] -- Up-to-date: /home/kejun/git_dir/ros2_project/ros2_from_scratch_book/ros2_ws/install/my_robot_interfaces/share/my_robot_interfaces/cmake/my_robot_interfacesConfig-version.cmake
[0.391s] -- Up-to-date: /home/kejun/git_dir/ros2_project/ros2_from_scratch_book/ros2_ws/install/my_robot_interfaces/share/my_robot_interfaces/package.xml
[0.391s] Invoked command in '/home/kejun/git_dir/ros2_project/ros2_from_scratch_book/ros2_ws/build/my_robot_interfaces' returned '0': CMAKE_PREFIX_PATH=${CMAKE_PREFIX_PATH}:/home/kejun/git_dir/ros2_project/ros2_from_scratch_book/ros2_ws/install/my_py_pkg:/opt/ros/jazzy /usr/bin/cmake --install /home/kejun/git_dir/ros2_project/ros2_from_scratch_book/ros2_ws/build/my_robot_interfaces
