[0.008s] Invoking command in '/home/kejun/git_dir/ros2_project/course/node_ws/build/nodes_interfaces': CMAKE_PREFIX_PATH=${CMAKE_PREFIX_PATH}:/home/kejun/git_dir/ros2_project/ros2_from_scratch_book/ros2_ws/install/my_py_pkg:/opt/ros/jazzy DEBUGINFOD_URLS=https://debuginfod.ubuntu.com /usr/bin/cmake /home/kejun/git_dir/ros2_project/course/node_ws/src/nodes_interfaces -DCMAKE_INSTALL_PREFIX=/home/kejun/git_dir/ros2_project/course/node_ws/install/nodes_interfaces
[0.049s] -- The C compiler identification is GNU 13.3.0
[0.093s] -- The CXX compiler identification is GNU 13.3.0
[0.105s] -- Detecting C compiler ABI info
[0.183s] -- Detecting C compiler ABI info - done
[0.187s] -- Check for working C compiler: /usr/bin/cc - skipped
[0.187s] -- Detecting C compile features
[0.188s] -- Detecting C compile features - done
[0.194s] -- Detecting CXX compiler ABI info
[0.274s] -- Detecting CXX compiler ABI info - done
[0.279s] -- Check for working CXX compiler: /usr/bin/c++ - skipped
[0.280s] -- Detecting CXX compile features
[0.282s] -- Detecting CXX compile features - done
[0.286s] -- Found ament_cmake: 2.5.4 (/opt/ros/jazzy/share/ament_cmake/cmake)
[0.394s] -- Found Python3: /usr/bin/python3 (found version "3.12.3") found components: Interpreter 
[0.455s] -- Found rosidl_default_generators: 1.6.0 (/opt/ros/jazzy/share/rosidl_default_generators/cmake)
[0.463s] -- Using all available rosidl_typesupport_c: rosidl_typesupport_fastrtps_c;rosidl_typesupport_introspection_c
[0.493s] -- Using all available rosidl_typesupport_cpp: rosidl_typesupport_fastrtps_cpp;rosidl_typesupport_introspection_cpp
[0.517s] -- Found rosidl_adapter: 4.6.6 (/opt/ros/jazzy/share/rosidl_adapter/cmake)
[0.518s] [31mCMake Error at /opt/ros/jazzy/share/rosidl_cmake/cmake/rosidl_generate_interfaces.cmake:95 (message):
[0.518s]   rosidl_generate_interfaces() the passed file 'msg/Num.msg' doesn't exist
[0.519s]   relative to the CMAKE_CURRENT_SOURCE_DIR
[0.519s]   '/home/kejun/git_dir/ros2_project/course/node_ws/src/nodes_interfaces'
[0.519s] Call Stack (most recent call first):
[0.519s]   CMakeLists.txt:16 (rosidl_generate_interfaces)
[0.519s] 
[0.519s] [0m
[0.519s] -- Configuring incomplete, errors occurred!
[0.525s] Invoked command in '/home/kejun/git_dir/ros2_project/course/node_ws/build/nodes_interfaces' returned '1': CMAKE_PREFIX_PATH=${CMAKE_PREFIX_PATH}:/home/kejun/git_dir/ros2_project/ros2_from_scratch_book/ros2_ws/install/my_py_pkg:/opt/ros/jazzy DEBUGINFOD_URLS=https://debuginfod.ubuntu.com /usr/bin/cmake /home/kejun/git_dir/ros2_project/course/node_ws/src/nodes_interfaces -DCMAKE_INSTALL_PREFIX=/home/kejun/git_dir/ros2_project/course/node_ws/install/nodes_interfaces
