[0.009s] Invoking command in '/home/kejun/git_dir/ros2_project/course/node_ws/build/nodes_bringup': CMAKE_PREFIX_PATH=${CMAKE_PREFIX_PATH}:/home/kejun/git_dir/ros2_project/course/node_ws/install/nodes_py:/home/kejun/study/node_ws/install/nodes_py:/opt/ros/jazzy DEBUGINFOD_URLS=https://debuginfod.ubuntu.com /usr/bin/cmake /home/kejun/git_dir/ros2_project/course/node_ws/src/nodes_bringup -DCMAKE_INSTALL_PREFIX=/home/kejun/git_dir/ros2_project/course/node_ws/install/nodes_bringup
[0.071s] -- The C compiler identification is GNU 13.3.0
[0.109s] -- The CXX compiler identification is GNU 13.3.0
[0.128s] -- Detecting C compiler ABI info
[0.198s] -- Detecting C compiler ABI info - done
[0.203s] -- Check for working C compiler: /usr/bin/cc - skipped
[0.203s] -- Detecting C compile features
[0.203s] -- Detecting C compile features - done
[0.210s] -- Detecting CXX compiler ABI info
[0.313s] -- Detecting CXX compiler ABI info - done
[0.321s] -- Check for working CXX compiler: /usr/bin/c++ - skipped
[0.323s] -- Detecting CXX compile features
[0.323s] -- Detecting CXX compile features - done
[0.328s] -- Found ament_cmake: 2.5.4 (/opt/ros/jazzy/share/ament_cmake/cmake)
[0.439s] -- Found Python3: /usr/bin/python3 (found version "3.12.3") found components: Interpreter 
[0.509s] -- Found ament_lint_auto: 0.17.3 (/opt/ros/jazzy/share/ament_lint_auto/cmake)
[0.585s] -- Added test 'flake8' to check Python code syntax and style conventions
[0.585s] -- Configured 'flake8' exclude dirs and/or files: 
[0.585s] -- Added test 'lint_cmake' to check CMake code style
[0.586s] -- Added test 'pep257' to check Python code against some of the docstring style conventions in PEP 257
[0.587s] -- Added test 'xmllint' to check XML markup files
[0.587s] -- Configuring done (0.6s)
[0.590s] -- Generating done (0.0s)
[0.591s] -- Build files have been written to: /home/kejun/git_dir/ros2_project/course/node_ws/build/nodes_bringup
[0.597s] Invoked command in '/home/kejun/git_dir/ros2_project/course/node_ws/build/nodes_bringup' returned '0': CMAKE_PREFIX_PATH=${CMAKE_PREFIX_PATH}:/home/kejun/git_dir/ros2_project/course/node_ws/install/nodes_py:/home/kejun/study/node_ws/install/nodes_py:/opt/ros/jazzy DEBUGINFOD_URLS=https://debuginfod.ubuntu.com /usr/bin/cmake /home/kejun/git_dir/ros2_project/course/node_ws/src/nodes_bringup -DCMAKE_INSTALL_PREFIX=/home/kejun/git_dir/ros2_project/course/node_ws/install/nodes_bringup
[0.597s] Invoking command in '/home/kejun/git_dir/ros2_project/course/node_ws/build/nodes_bringup': CMAKE_PREFIX_PATH=${CMAKE_PREFIX_PATH}:/home/kejun/git_dir/ros2_project/course/node_ws/install/nodes_py:/home/kejun/study/node_ws/install/nodes_py:/opt/ros/jazzy DEBUGINFOD_URLS=https://debuginfod.ubuntu.com /usr/bin/cmake --build /home/kejun/git_dir/ros2_project/course/node_ws/build/nodes_bringup -- -j1 -l1
[0.648s] Invoked command in '/home/kejun/git_dir/ros2_project/course/node_ws/build/nodes_bringup' returned '0': CMAKE_PREFIX_PATH=${CMAKE_PREFIX_PATH}:/home/kejun/git_dir/ros2_project/course/node_ws/install/nodes_py:/home/kejun/study/node_ws/install/nodes_py:/opt/ros/jazzy DEBUGINFOD_URLS=https://debuginfod.ubuntu.com /usr/bin/cmake --build /home/kejun/git_dir/ros2_project/course/node_ws/build/nodes_bringup -- -j1 -l1
[0.660s] Invoking command in '/home/kejun/git_dir/ros2_project/course/node_ws/build/nodes_bringup': CMAKE_PREFIX_PATH=${CMAKE_PREFIX_PATH}:/home/kejun/git_dir/ros2_project/course/node_ws/install/nodes_py:/home/kejun/study/node_ws/install/nodes_py:/opt/ros/jazzy DEBUGINFOD_URLS=https://debuginfod.ubuntu.com /usr/bin/cmake --install /home/kejun/git_dir/ros2_project/course/node_ws/build/nodes_bringup
[0.671s] -- Install configuration: ""
[0.671s] -- Installing: /home/kejun/git_dir/ros2_project/course/node_ws/install/nodes_bringup/share/nodes_bringup/launch
[0.672s] -- Installing: /home/kejun/git_dir/ros2_project/course/node_ws/install/nodes_bringup/share/nodes_bringup/launch/nodes.launch.py
[0.672s] -- Installing: /home/kejun/git_dir/ros2_project/course/node_ws/install/nodes_bringup/share/ament_index/resource_index/package_run_dependencies/nodes_bringup
[0.672s] -- Installing: /home/kejun/git_dir/ros2_project/course/node_ws/install/nodes_bringup/share/ament_index/resource_index/parent_prefix_path/nodes_bringup
[0.673s] -- Installing: /home/kejun/git_dir/ros2_project/course/node_ws/install/nodes_bringup/share/nodes_bringup/environment/ament_prefix_path.sh
[0.673s] -- Installing: /home/kejun/git_dir/ros2_project/course/node_ws/install/nodes_bringup/share/nodes_bringup/environment/ament_prefix_path.dsv
[0.673s] -- Installing: /home/kejun/git_dir/ros2_project/course/node_ws/install/nodes_bringup/share/nodes_bringup/environment/path.sh
[0.673s] -- Installing: /home/kejun/git_dir/ros2_project/course/node_ws/install/nodes_bringup/share/nodes_bringup/environment/path.dsv
[0.673s] -- Installing: /home/kejun/git_dir/ros2_project/course/node_ws/install/nodes_bringup/share/nodes_bringup/local_setup.bash
[0.674s] -- Installing: /home/kejun/git_dir/ros2_project/course/node_ws/install/nodes_bringup/share/nodes_bringup/local_setup.sh
[0.674s] -- Installing: /home/kejun/git_dir/ros2_project/course/node_ws/install/nodes_bringup/share/nodes_bringup/local_setup.zsh
[0.674s] -- Installing: /home/kejun/git_dir/ros2_project/course/node_ws/install/nodes_bringup/share/nodes_bringup/local_setup.dsv
[0.674s] -- Installing: /home/kejun/git_dir/ros2_project/course/node_ws/install/nodes_bringup/share/nodes_bringup/package.dsv
[0.674s] -- Installing: /home/kejun/git_dir/ros2_project/course/node_ws/install/nodes_bringup/share/ament_index/resource_index/packages/nodes_bringup
[0.675s] -- Installing: /home/kejun/git_dir/ros2_project/course/node_ws/install/nodes_bringup/share/nodes_bringup/cmake/nodes_bringupConfig.cmake
[0.675s] -- Installing: /home/kejun/git_dir/ros2_project/course/node_ws/install/nodes_bringup/share/nodes_bringup/cmake/nodes_bringupConfig-version.cmake
[0.675s] -- Installing: /home/kejun/git_dir/ros2_project/course/node_ws/install/nodes_bringup/share/nodes_bringup/package.xml
[0.677s] Invoked command in '/home/kejun/git_dir/ros2_project/course/node_ws/build/nodes_bringup' returned '0': CMAKE_PREFIX_PATH=${CMAKE_PREFIX_PATH}:/home/kejun/git_dir/ros2_project/course/node_ws/install/nodes_py:/home/kejun/study/node_ws/install/nodes_py:/opt/ros/jazzy DEBUGINFOD_URLS=https://debuginfod.ubuntu.com /usr/bin/cmake --install /home/kejun/git_dir/ros2_project/course/node_ws/build/nodes_bringup
