[0.449s] Invoking command in '/home/kejun/git_dir/ros2_project/ros2_from_scratch_book/ros2_ws/src/my_py_pkg': DEBUGINFOD_URLS=https://debuginfod.ubuntu.com PYTHONPATH=/home/kejun/git_dir/ros2_project/ros2_from_scratch_book/ros2_ws/build/my_py_pkg/prefix_override:/usr/lib/python3/dist-packages/colcon_core/task/python/colcon_distutils_commands:/home/kejun/git_dir/ros2_project/ros2_from_scratch_book/ros2_ws/install/my_py_pkg/lib/python3.12/site-packages:${PYTHONPATH} /usr/bin/python3 -W ignore:setup.py install is deprecated -W ignore:easy_install command is deprecated setup.py egg_info --egg-base ../../build/my_py_pkg build --build-base /home/kejun/git_dir/ros2_project/ros2_from_scratch_book/ros2_ws/build/my_py_pkg/build install --record /home/kejun/git_dir/ros2_project/ros2_from_scratch_book/ros2_ws/build/my_py_pkg/install.log --single-version-externally-managed install_data
[0.587s] running egg_info
[0.595s] writing ../../build/my_py_pkg/my_py_pkg.egg-info/PKG-INFO
[0.596s] writing dependency_links to ../../build/my_py_pkg/my_py_pkg.egg-info/dependency_links.txt
[0.597s] writing entry points to ../../build/my_py_pkg/my_py_pkg.egg-info/entry_points.txt
[0.597s] writing requirements to ../../build/my_py_pkg/my_py_pkg.egg-info/requires.txt
[0.597s] writing top-level names to ../../build/my_py_pkg/my_py_pkg.egg-info/top_level.txt
[0.611s] reading manifest file '../../build/my_py_pkg/my_py_pkg.egg-info/SOURCES.txt'
[0.612s] writing manifest file '../../build/my_py_pkg/my_py_pkg.egg-info/SOURCES.txt'
[0.612s] running build
[0.612s] running build_py
[0.613s] running install
[0.616s] running install_lib
[0.623s] running install_data
[0.624s] running install_egg_info
[0.632s] removing '/home/kejun/git_dir/ros2_project/ros2_from_scratch_book/ros2_ws/install/my_py_pkg/lib/python3.12/site-packages/my_py_pkg-0.0.0-py3.12.egg-info' (and everything under it)
[0.634s] Copying ../../build/my_py_pkg/my_py_pkg.egg-info to /home/kejun/git_dir/ros2_project/ros2_from_scratch_book/ros2_ws/install/my_py_pkg/lib/python3.12/site-packages/my_py_pkg-0.0.0-py3.12.egg-info
[0.635s] running install_scripts
[0.715s] Installing number_counter script to /home/kejun/git_dir/ros2_project/ros2_from_scratch_book/ros2_ws/install/my_py_pkg/lib/my_py_pkg
[0.715s] Installing number_publisher script to /home/kejun/git_dir/ros2_project/ros2_from_scratch_book/ros2_ws/install/my_py_pkg/lib/my_py_pkg
[0.716s] Installing test_node script to /home/kejun/git_dir/ros2_project/ros2_from_scratch_book/ros2_ws/install/my_py_pkg/lib/my_py_pkg
[0.716s] writing list of installed files to '/home/kejun/git_dir/ros2_project/ros2_from_scratch_book/ros2_ws/build/my_py_pkg/install.log'
[0.736s] Invoked command in '/home/kejun/git_dir/ros2_project/ros2_from_scratch_book/ros2_ws/src/my_py_pkg' returned '0': DEBUGINFOD_URLS=https://debuginfod.ubuntu.com PYTHONPATH=/home/kejun/git_dir/ros2_project/ros2_from_scratch_book/ros2_ws/build/my_py_pkg/prefix_override:/usr/lib/python3/dist-packages/colcon_core/task/python/colcon_distutils_commands:/home/kejun/git_dir/ros2_project/ros2_from_scratch_book/ros2_ws/install/my_py_pkg/lib/python3.12/site-packages:${PYTHONPATH} /usr/bin/python3 -W ignore:setup.py install is deprecated -W ignore:easy_install command is deprecated setup.py egg_info --egg-base ../../build/my_py_pkg build --build-base /home/kejun/git_dir/ros2_project/ros2_from_scratch_book/ros2_ws/build/my_py_pkg/build install --record /home/kejun/git_dir/ros2_project/ros2_from_scratch_book/ros2_ws/build/my_py_pkg/install.log --single-version-externally-managed install_data
