[  2%] Built target nodes_interfaces__rosidl_generator_type_description
[  2%] Built target ament_cmake_python_copy_nodes_interfaces
[  4%] Built target nodes_interfaces__cpp
[ 22%] Built target nodes_interfaces__rosidl_generator_c
[ 40%] Built target nodes_interfaces__rosidl_typesupport_introspection_c
[ 40%] Built target nodes_interfaces__rosidl_typesupport_c
[ 59%] Built target nodes_interfaces__rosidl_typesupport_cpp
[ 59%] Built target nodes_interfaces__rosidl_typesupport_introspection_cpp
[ 72%] Built target nodes_interfaces__rosidl_typesupport_fastrtps_c
[ 77%] Built target nodes_interfaces__rosidl_typesupport_fastrtps_cpp
[ 77%] Built target nodes_interfaces
[ 79%] Built target nodes_interfaces__py
[ 86%] Built target nodes_interfaces__rosidl_generator_py
[100%] Built target nodes_interfaces_s__rosidl_typesupport_c
[100%] Built target nodes_interfaces_s__rosidl_typesupport_introspection_c
[100%] Built target nodes_interfaces_s__rosidl_typesupport_fastrtps_c
running egg_info
writing nodes_interfaces.egg-info/PKG-INFO
writing dependency_links to nodes_interfaces.egg-info/dependency_links.txt
writing top-level names to nodes_interfaces.egg-info/top_level.txt
reading manifest file 'nodes_interfaces.egg-info/SOURCES.txt'
writing manifest file 'nodes_interfaces.egg-info/SOURCES.txt'
[100%] Built target ament_cmake_python_build_nodes_interfaces_egg
-- Install configuration: ""
-- Up-to-date: /home/kejun/git_dir/ros2_project/course/node_ws/install/nodes_interfaces/share/ament_index/resource_index/rosidl_interfaces/nodes_interfaces
-- Up-to-date: /home/kejun/git_dir/ros2_project/course/node_ws/install/nodes_interfaces/share/nodes_interfaces/msg/CountDelta.json
-- Up-to-date: /home/kejun/git_dir/ros2_project/course/node_ws/install/nodes_interfaces/share/nodes_interfaces/srv/ResetCount.json
-- Up-to-date: /home/kejun/git_dir/ros2_project/course/node_ws/install/nodes_interfaces/include/nodes_interfaces/nodes_interfaces
-- Up-to-date: /home/kejun/git_dir/ros2_project/course/node_ws/install/nodes_interfaces/include/nodes_interfaces/nodes_interfaces/msg
-- Up-to-date: /home/kejun/git_dir/ros2_project/course/node_ws/install/nodes_interfaces/include/nodes_interfaces/nodes_interfaces/msg/rosidl_generator_c__visibility_control.h
-- Up-to-date: /home/kejun/git_dir/ros2_project/course/node_ws/install/nodes_interfaces/include/nodes_interfaces/nodes_interfaces/msg/count_delta.h
-- Up-to-date: /home/kejun/git_dir/ros2_project/course/node_ws/install/nodes_interfaces/include/nodes_interfaces/nodes_interfaces/msg/detail
-- Up-to-date: /home/kejun/git_dir/ros2_project/course/node_ws/install/nodes_interfaces/include/nodes_interfaces/nodes_interfaces/msg/detail/count_delta__struct.h
-- Up-to-date: /home/kejun/git_dir/ros2_project/course/node_ws/install/nodes_interfaces/include/nodes_interfaces/nodes_interfaces/msg/detail/count_delta__functions.h
-- Up-to-date: /home/kejun/git_dir/ros2_project/course/node_ws/install/nodes_interfaces/include/nodes_interfaces/nodes_interfaces/msg/detail/count_delta__type_support.c
-- Up-to-date: /home/kejun/git_dir/ros2_project/course/node_ws/install/nodes_interfaces/include/nodes_interfaces/nodes_interfaces/msg/detail/count_delta__functions.c
-- Up-to-date: /home/kejun/git_dir/ros2_project/course/node_ws/install/nodes_interfaces/include/nodes_interfaces/nodes_interfaces/msg/detail/count_delta__type_support.h
-- Up-to-date: /home/kejun/git_dir/ros2_project/course/node_ws/install/nodes_interfaces/include/nodes_interfaces/nodes_interfaces/msg/detail/count_delta__description.c
-- Up-to-date: /home/kejun/git_dir/ros2_project/course/node_ws/install/nodes_interfaces/include/nodes_interfaces/nodes_interfaces/srv
-- Up-to-date: /home/kejun/git_dir/ros2_project/course/node_ws/install/nodes_interfaces/include/nodes_interfaces/nodes_interfaces/srv/reset_count.h
-- Up-to-date: /home/kejun/git_dir/ros2_project/course/node_ws/install/nodes_interfaces/include/nodes_interfaces/nodes_interfaces/srv/detail
-- Up-to-date: /home/kejun/git_dir/ros2_project/course/node_ws/install/nodes_interfaces/include/nodes_interfaces/nodes_interfaces/srv/detail/reset_count__type_support.h
-- Up-to-date: /home/kejun/git_dir/ros2_project/course/node_ws/install/nodes_interfaces/include/nodes_interfaces/nodes_interfaces/srv/detail/reset_count__description.c
-- Up-to-date: /home/kejun/git_dir/ros2_project/course/node_ws/install/nodes_interfaces/include/nodes_interfaces/nodes_interfaces/srv/detail/reset_count__functions.c
-- Up-to-date: /home/kejun/git_dir/ros2_project/course/node_ws/install/nodes_interfaces/include/nodes_interfaces/nodes_interfaces/srv/detail/reset_count__struct.h
-- Up-to-date: /home/kejun/git_dir/ros2_project/course/node_ws/install/nodes_interfaces/include/nodes_interfaces/nodes_interfaces/srv/detail/reset_count__type_support.c
-- Up-to-date: /home/kejun/git_dir/ros2_project/course/node_ws/install/nodes_interfaces/include/nodes_interfaces/nodes_interfaces/srv/detail/reset_count__functions.h
-- Up-to-date: /home/kejun/git_dir/ros2_project/course/node_ws/install/nodes_interfaces/share/nodes_interfaces/environment/library_path.sh
-- Up-to-date: /home/kejun/git_dir/ros2_project/course/node_ws/install/nodes_interfaces/share/nodes_interfaces/environment/library_path.dsv
-- Up-to-date: /home/kejun/git_dir/ros2_project/course/node_ws/install/nodes_interfaces/lib/libnodes_interfaces__rosidl_generator_c.so
-- Up-to-date: /home/kejun/git_dir/ros2_project/course/node_ws/install/nodes_interfaces/include/nodes_interfaces/nodes_interfaces
-- Up-to-date: /home/kejun/git_dir/ros2_project/course/node_ws/install/nodes_interfaces/include/nodes_interfaces/nodes_interfaces/msg
-- Up-to-date: /home/kejun/git_dir/ros2_project/course/node_ws/install/nodes_interfaces/include/nodes_interfaces/nodes_interfaces/msg/rosidl_typesupport_fastrtps_c__visibility_control.h
-- Up-to-date: /home/kejun/git_dir/ros2_project/course/node_ws/install/nodes_interfaces/include/nodes_interfaces/nodes_interfaces/msg/detail
-- Up-to-date: /home/kejun/git_dir/ros2_project/course/node_ws/install/nodes_interfaces/include/nodes_interfaces/nodes_interfaces/msg/detail/count_delta__rosidl_typesupport_fastrtps_c.h
-- Up-to-date: /home/kejun/git_dir/ros2_project/course/node_ws/install/nodes_interfaces/include/nodes_interfaces/nodes_interfaces/srv
-- Up-to-date: /home/kejun/git_dir/ros2_project/course/node_ws/install/nodes_interfaces/include/nodes_interfaces/nodes_interfaces/srv/detail
-- Up-to-date: /home/kejun/git_dir/ros2_project/course/node_ws/install/nodes_interfaces/include/nodes_interfaces/nodes_interfaces/srv/detail/reset_count__rosidl_typesupport_fastrtps_c.h
-- Up-to-date: /home/kejun/git_dir/ros2_project/course/node_ws/install/nodes_interfaces/lib/libnodes_interfaces__rosidl_typesupport_fastrtps_c.so
-- Up-to-date: /home/kejun/git_dir/ros2_project/course/node_ws/install/nodes_interfaces/include/nodes_interfaces/nodes_interfaces
-- Up-to-date: /home/kejun/git_dir/ros2_project/course/node_ws/install/nodes_interfaces/include/nodes_interfaces/nodes_interfaces/msg
-- Up-to-date: /home/kejun/git_dir/ros2_project/course/node_ws/install/nodes_interfaces/include/nodes_interfaces/nodes_interfaces/msg/rosidl_typesupport_introspection_c__visibility_control.h
-- Up-to-date: /home/kejun/git_dir/ros2_project/course/node_ws/install/nodes_interfaces/include/nodes_interfaces/nodes_interfaces/msg/detail
-- Up-to-date: /home/kejun/git_dir/ros2_project/course/node_ws/install/nodes_interfaces/include/nodes_interfaces/nodes_interfaces/msg/detail/count_delta__type_support.c
-- Up-to-date: /home/kejun/git_dir/ros2_project/course/node_ws/install/nodes_interfaces/include/nodes_interfaces/nodes_interfaces/msg/detail/count_delta__rosidl_typesupport_introspection_c.h
-- Up-to-date: /home/kejun/git_dir/ros2_project/course/node_ws/install/nodes_interfaces/include/nodes_interfaces/nodes_interfaces/srv
-- Up-to-date: /home/kejun/git_dir/ros2_project/course/node_ws/install/nodes_interfaces/include/nodes_interfaces/nodes_interfaces/srv/detail
-- Up-to-date: /home/kejun/git_dir/ros2_project/course/node_ws/install/nodes_interfaces/include/nodes_interfaces/nodes_interfaces/srv/detail/reset_count__rosidl_typesupport_introspection_c.h
-- Up-to-date: /home/kejun/git_dir/ros2_project/course/node_ws/install/nodes_interfaces/include/nodes_interfaces/nodes_interfaces/srv/detail/reset_count__type_support.c
-- Up-to-date: /home/kejun/git_dir/ros2_project/course/node_ws/install/nodes_interfaces/lib/libnodes_interfaces__rosidl_typesupport_introspection_c.so
-- Up-to-date: /home/kejun/git_dir/ros2_project/course/node_ws/install/nodes_interfaces/lib/libnodes_interfaces__rosidl_typesupport_c.so
-- Up-to-date: /home/kejun/git_dir/ros2_project/course/node_ws/install/nodes_interfaces/include/nodes_interfaces/nodes_interfaces
-- Up-to-date: /home/kejun/git_dir/ros2_project/course/node_ws/install/nodes_interfaces/include/nodes_interfaces/nodes_interfaces/msg
-- Up-to-date: /home/kejun/git_dir/ros2_project/course/node_ws/install/nodes_interfaces/include/nodes_interfaces/nodes_interfaces/msg/count_delta.hpp
-- Up-to-date: /home/kejun/git_dir/ros2_project/course/node_ws/install/nodes_interfaces/include/nodes_interfaces/nodes_interfaces/msg/rosidl_generator_cpp__visibility_control.hpp
-- Up-to-date: /home/kejun/git_dir/ros2_project/course/node_ws/install/nodes_interfaces/include/nodes_interfaces/nodes_interfaces/msg/detail
-- Up-to-date: /home/kejun/git_dir/ros2_project/course/node_ws/install/nodes_interfaces/include/nodes_interfaces/nodes_interfaces/msg/detail/count_delta__struct.hpp
-- Up-to-date: /home/kejun/git_dir/ros2_project/course/node_ws/install/nodes_interfaces/include/nodes_interfaces/nodes_interfaces/msg/detail/count_delta__type_support.hpp
-- Up-to-date: /home/kejun/git_dir/ros2_project/course/node_ws/install/nodes_interfaces/include/nodes_interfaces/nodes_interfaces/msg/detail/count_delta__builder.hpp
-- Up-to-date: /home/kejun/git_dir/ros2_project/course/node_ws/install/nodes_interfaces/include/nodes_interfaces/nodes_interfaces/msg/detail/count_delta__traits.hpp
-- Up-to-date: /home/kejun/git_dir/ros2_project/course/node_ws/install/nodes_interfaces/include/nodes_interfaces/nodes_interfaces/srv
-- Up-to-date: /home/kejun/git_dir/ros2_project/course/node_ws/install/nodes_interfaces/include/nodes_interfaces/nodes_interfaces/srv/reset_count.hpp
-- Up-to-date: /home/kejun/git_dir/ros2_project/course/node_ws/install/nodes_interfaces/include/nodes_interfaces/nodes_interfaces/srv/detail
-- Up-to-date: /home/kejun/git_dir/ros2_project/course/node_ws/install/nodes_interfaces/include/nodes_interfaces/nodes_interfaces/srv/detail/reset_count__struct.hpp
-- Up-to-date: /home/kejun/git_dir/ros2_project/course/node_ws/install/nodes_interfaces/include/nodes_interfaces/nodes_interfaces/srv/detail/reset_count__traits.hpp
-- Up-to-date: /home/kejun/git_dir/ros2_project/course/node_ws/install/nodes_interfaces/include/nodes_interfaces/nodes_interfaces/srv/detail/reset_count__builder.hpp
-- Up-to-date: /home/kejun/git_dir/ros2_project/course/node_ws/install/nodes_interfaces/include/nodes_interfaces/nodes_interfaces/srv/detail/reset_count__type_support.hpp
-- Up-to-date: /home/kejun/git_dir/ros2_project/course/node_ws/install/nodes_interfaces/include/nodes_interfaces/nodes_interfaces
-- Up-to-date: /home/kejun/git_dir/ros2_project/course/node_ws/install/nodes_interfaces/include/nodes_interfaces/nodes_interfaces/msg
-- Up-to-date: /home/kejun/git_dir/ros2_project/course/node_ws/install/nodes_interfaces/include/nodes_interfaces/nodes_interfaces/msg/rosidl_typesupport_fastrtps_cpp__visibility_control.h
-- Up-to-date: /home/kejun/git_dir/ros2_project/course/node_ws/install/nodes_interfaces/include/nodes_interfaces/nodes_interfaces/msg/detail
-- Up-to-date: /home/kejun/git_dir/ros2_project/course/node_ws/install/nodes_interfaces/include/nodes_interfaces/nodes_interfaces/msg/detail/dds_fastrtps
-- Up-to-date: /home/kejun/git_dir/ros2_project/course/node_ws/install/nodes_interfaces/include/nodes_interfaces/nodes_interfaces/msg/detail/count_delta__rosidl_typesupport_fastrtps_cpp.hpp
-- Up-to-date: /home/kejun/git_dir/ros2_project/course/node_ws/install/nodes_interfaces/include/nodes_interfaces/nodes_interfaces/srv
-- Up-to-date: /home/kejun/git_dir/ros2_project/course/node_ws/install/nodes_interfaces/include/nodes_interfaces/nodes_interfaces/srv/detail
-- Up-to-date: /home/kejun/git_dir/ros2_project/course/node_ws/install/nodes_interfaces/include/nodes_interfaces/nodes_interfaces/srv/detail/dds_fastrtps
-- Up-to-date: /home/kejun/git_dir/ros2_project/course/node_ws/install/nodes_interfaces/include/nodes_interfaces/nodes_interfaces/srv/detail/reset_count__rosidl_typesupport_fastrtps_cpp.hpp
-- Up-to-date: /home/kejun/git_dir/ros2_project/course/node_ws/install/nodes_interfaces/lib/libnodes_interfaces__rosidl_typesupport_fastrtps_cpp.so
-- Up-to-date: /home/kejun/git_dir/ros2_project/course/node_ws/install/nodes_interfaces/include/nodes_interfaces/nodes_interfaces
-- Up-to-date: /home/kejun/git_dir/ros2_project/course/node_ws/install/nodes_interfaces/include/nodes_interfaces/nodes_interfaces/msg
-- Up-to-date: /home/kejun/git_dir/ros2_project/course/node_ws/install/nodes_interfaces/include/nodes_interfaces/nodes_interfaces/msg/detail
-- Up-to-date: /home/kejun/git_dir/ros2_project/course/node_ws/install/nodes_interfaces/include/nodes_interfaces/nodes_interfaces/msg/detail/count_delta__type_support.cpp
-- Up-to-date: /home/kejun/git_dir/ros2_project/course/node_ws/install/nodes_interfaces/include/nodes_interfaces/nodes_interfaces/msg/detail/count_delta__rosidl_typesupport_introspection_cpp.hpp
-- Up-to-date: /home/kejun/git_dir/ros2_project/course/node_ws/install/nodes_interfaces/include/nodes_interfaces/nodes_interfaces/srv
-- Up-to-date: /home/kejun/git_dir/ros2_project/course/node_ws/install/nodes_interfaces/include/nodes_interfaces/nodes_interfaces/srv/detail
-- Up-to-date: /home/kejun/git_dir/ros2_project/course/node_ws/install/nodes_interfaces/include/nodes_interfaces/nodes_interfaces/srv/detail/reset_count__rosidl_typesupport_introspection_cpp.hpp
-- Up-to-date: /home/kejun/git_dir/ros2_project/course/node_ws/install/nodes_interfaces/include/nodes_interfaces/nodes_interfaces/srv/detail/reset_count__type_support.cpp
-- Up-to-date: /home/kejun/git_dir/ros2_project/course/node_ws/install/nodes_interfaces/lib/libnodes_interfaces__rosidl_typesupport_introspection_cpp.so
-- Up-to-date: /home/kejun/git_dir/ros2_project/course/node_ws/install/nodes_interfaces/lib/libnodes_interfaces__rosidl_typesupport_cpp.so
-- Up-to-date: /home/kejun/git_dir/ros2_project/course/node_ws/install/nodes_interfaces/share/nodes_interfaces/environment/pythonpath.sh
-- Up-to-date: /home/kejun/git_dir/ros2_project/course/node_ws/install/nodes_interfaces/share/nodes_interfaces/environment/pythonpath.dsv
-- Up-to-date: /home/kejun/git_dir/ros2_project/course/node_ws/install/nodes_interfaces/lib/python3.12/site-packages/nodes_interfaces-0.0.0-py3.12.egg-info
-- Installing: /home/kejun/git_dir/ros2_project/course/node_ws/install/nodes_interfaces/lib/python3.12/site-packages/nodes_interfaces-0.0.0-py3.12.egg-info/SOURCES.txt
-- Installing: /home/kejun/git_dir/ros2_project/course/node_ws/install/nodes_interfaces/lib/python3.12/site-packages/nodes_interfaces-0.0.0-py3.12.egg-info/PKG-INFO
-- Installing: /home/kejun/git_dir/ros2_project/course/node_ws/install/nodes_interfaces/lib/python3.12/site-packages/nodes_interfaces-0.0.0-py3.12.egg-info/dependency_links.txt
-- Installing: /home/kejun/git_dir/ros2_project/course/node_ws/install/nodes_interfaces/lib/python3.12/site-packages/nodes_interfaces-0.0.0-py3.12.egg-info/top_level.txt
-- Up-to-date: /home/kejun/git_dir/ros2_project/course/node_ws/install/nodes_interfaces/lib/python3.12/site-packages/nodes_interfaces
-- Up-to-date: /home/kejun/git_dir/ros2_project/course/node_ws/install/nodes_interfaces/lib/python3.12/site-packages/nodes_interfaces/nodes_interfaces_s__rosidl_typesupport_fastrtps_c.so
-- Up-to-date: /home/kejun/git_dir/ros2_project/course/node_ws/install/nodes_interfaces/lib/python3.12/site-packages/nodes_interfaces/nodes_interfaces_s__rosidl_typesupport_c.so
-- Up-to-date: /home/kejun/git_dir/ros2_project/course/node_ws/install/nodes_interfaces/lib/python3.12/site-packages/nodes_interfaces/_nodes_interfaces_s.ep.rosidl_typesupport_fastrtps_c.c
-- Up-to-date: /home/kejun/git_dir/ros2_project/course/node_ws/install/nodes_interfaces/lib/python3.12/site-packages/nodes_interfaces/msg
-- Up-to-date: /home/kejun/git_dir/ros2_project/course/node_ws/install/nodes_interfaces/lib/python3.12/site-packages/nodes_interfaces/msg/_count_delta_s.c
-- Up-to-date: /home/kejun/git_dir/ros2_project/course/node_ws/install/nodes_interfaces/lib/python3.12/site-packages/nodes_interfaces/msg/__init__.py
-- Up-to-date: /home/kejun/git_dir/ros2_project/course/node_ws/install/nodes_interfaces/lib/python3.12/site-packages/nodes_interfaces/msg/_count_delta.py
-- Up-to-date: /home/kejun/git_dir/ros2_project/course/node_ws/install/nodes_interfaces/lib/python3.12/site-packages/nodes_interfaces/__init__.py
-- Up-to-date: /home/kejun/git_dir/ros2_project/course/node_ws/install/nodes_interfaces/lib/python3.12/site-packages/nodes_interfaces/srv
-- Up-to-date: /home/kejun/git_dir/ros2_project/course/node_ws/install/nodes_interfaces/lib/python3.12/site-packages/nodes_interfaces/srv/_reset_count_s.c
-- Up-to-date: /home/kejun/git_dir/ros2_project/course/node_ws/install/nodes_interfaces/lib/python3.12/site-packages/nodes_interfaces/srv/__init__.py
-- Up-to-date: /home/kejun/git_dir/ros2_project/course/node_ws/install/nodes_interfaces/lib/python3.12/site-packages/nodes_interfaces/srv/_reset_count.py
-- Up-to-date: /home/kejun/git_dir/ros2_project/course/node_ws/install/nodes_interfaces/lib/python3.12/site-packages/nodes_interfaces/_nodes_interfaces_s.ep.rosidl_typesupport_c.c
-- Up-to-date: /home/kejun/git_dir/ros2_project/course/node_ws/install/nodes_interfaces/lib/python3.12/site-packages/nodes_interfaces/_nodes_interfaces_s.ep.rosidl_typesupport_introspection_c.c
-- Up-to-date: /home/kejun/git_dir/ros2_project/course/node_ws/install/nodes_interfaces/lib/python3.12/site-packages/nodes_interfaces/nodes_interfaces_s__rosidl_typesupport_introspection_c.so
Listing '/home/kejun/git_dir/ros2_project/course/node_ws/install/nodes_interfaces/lib/python3.12/site-packages/nodes_interfaces'...
Listing '/home/kejun/git_dir/ros2_project/course/node_ws/install/nodes_interfaces/lib/python3.12/site-packages/nodes_interfaces/msg'...
Listing '/home/kejun/git_dir/ros2_project/course/node_ws/install/nodes_interfaces/lib/python3.12/site-packages/nodes_interfaces/srv'...
-- Up-to-date: /home/kejun/git_dir/ros2_project/course/node_ws/install/nodes_interfaces/lib/python3.12/site-packages/nodes_interfaces/nodes_interfaces_s__rosidl_typesupport_fastrtps_c.so
-- Up-to-date: /home/kejun/git_dir/ros2_project/course/node_ws/install/nodes_interfaces/lib/python3.12/site-packages/nodes_interfaces/nodes_interfaces_s__rosidl_typesupport_introspection_c.so
-- Up-to-date: /home/kejun/git_dir/ros2_project/course/node_ws/install/nodes_interfaces/lib/python3.12/site-packages/nodes_interfaces/nodes_interfaces_s__rosidl_typesupport_c.so
-- Up-to-date: /home/kejun/git_dir/ros2_project/course/node_ws/install/nodes_interfaces/lib/libnodes_interfaces__rosidl_generator_py.so
-- Up-to-date: /home/kejun/git_dir/ros2_project/course/node_ws/install/nodes_interfaces/share/nodes_interfaces/msg/CountDelta.idl
-- Up-to-date: /home/kejun/git_dir/ros2_project/course/node_ws/install/nodes_interfaces/share/nodes_interfaces/srv/ResetCount.idl
-- Up-to-date: /home/kejun/git_dir/ros2_project/course/node_ws/install/nodes_interfaces/share/nodes_interfaces/msg/CountDelta.msg
-- Up-to-date: /home/kejun/git_dir/ros2_project/course/node_ws/install/nodes_interfaces/share/nodes_interfaces/srv/ResetCount.srv
-- Up-to-date: /home/kejun/git_dir/ros2_project/course/node_ws/install/nodes_interfaces/share/ament_index/resource_index/package_run_dependencies/nodes_interfaces
-- Up-to-date: /home/kejun/git_dir/ros2_project/course/node_ws/install/nodes_interfaces/share/ament_index/resource_index/parent_prefix_path/nodes_interfaces
-- Up-to-date: /home/kejun/git_dir/ros2_project/course/node_ws/install/nodes_interfaces/share/nodes_interfaces/environment/ament_prefix_path.sh
-- Up-to-date: /home/kejun/git_dir/ros2_project/course/node_ws/install/nodes_interfaces/share/nodes_interfaces/environment/ament_prefix_path.dsv
-- Up-to-date: /home/kejun/git_dir/ros2_project/course/node_ws/install/nodes_interfaces/share/nodes_interfaces/environment/path.sh
-- Up-to-date: /home/kejun/git_dir/ros2_project/course/node_ws/install/nodes_interfaces/share/nodes_interfaces/environment/path.dsv
-- Up-to-date: /home/kejun/git_dir/ros2_project/course/node_ws/install/nodes_interfaces/share/nodes_interfaces/local_setup.bash
-- Up-to-date: /home/kejun/git_dir/ros2_project/course/node_ws/install/nodes_interfaces/share/nodes_interfaces/local_setup.sh
-- Up-to-date: /home/kejun/git_dir/ros2_project/course/node_ws/install/nodes_interfaces/share/nodes_interfaces/local_setup.zsh
-- Up-to-date: /home/kejun/git_dir/ros2_project/course/node_ws/install/nodes_interfaces/share/nodes_interfaces/local_setup.dsv
-- Installing: /home/kejun/git_dir/ros2_project/course/node_ws/install/nodes_interfaces/share/nodes_interfaces/package.dsv
-- Up-to-date: /home/kejun/git_dir/ros2_project/course/node_ws/install/nodes_interfaces/share/ament_index/resource_index/packages/nodes_interfaces
-- Up-to-date: /home/kejun/git_dir/ros2_project/course/node_ws/install/nodes_interfaces/share/nodes_interfaces/cmake/export_nodes_interfaces__rosidl_generator_cExport.cmake
-- Up-to-date: /home/kejun/git_dir/ros2_project/course/node_ws/install/nodes_interfaces/share/nodes_interfaces/cmake/export_nodes_interfaces__rosidl_generator_cExport-noconfig.cmake
-- Up-to-date: /home/kejun/git_dir/ros2_project/course/node_ws/install/nodes_interfaces/share/nodes_interfaces/cmake/export_nodes_interfaces__rosidl_typesupport_fastrtps_cExport.cmake
-- Up-to-date: /home/kejun/git_dir/ros2_project/course/node_ws/install/nodes_interfaces/share/nodes_interfaces/cmake/export_nodes_interfaces__rosidl_typesupport_fastrtps_cExport-noconfig.cmake
-- Up-to-date: /home/kejun/git_dir/ros2_project/course/node_ws/install/nodes_interfaces/share/nodes_interfaces/cmake/nodes_interfaces__rosidl_typesupport_introspection_cExport.cmake
-- Up-to-date: /home/kejun/git_dir/ros2_project/course/node_ws/install/nodes_interfaces/share/nodes_interfaces/cmake/nodes_interfaces__rosidl_typesupport_introspection_cExport-noconfig.cmake
-- Up-to-date: /home/kejun/git_dir/ros2_project/course/node_ws/install/nodes_interfaces/share/nodes_interfaces/cmake/nodes_interfaces__rosidl_typesupport_cExport.cmake
-- Up-to-date: /home/kejun/git_dir/ros2_project/course/node_ws/install/nodes_interfaces/share/nodes_interfaces/cmake/nodes_interfaces__rosidl_typesupport_cExport-noconfig.cmake
-- Up-to-date: /home/kejun/git_dir/ros2_project/course/node_ws/install/nodes_interfaces/share/nodes_interfaces/cmake/export_nodes_interfaces__rosidl_generator_cppExport.cmake
-- Up-to-date: /home/kejun/git_dir/ros2_project/course/node_ws/install/nodes_interfaces/share/nodes_interfaces/cmake/export_nodes_interfaces__rosidl_typesupport_fastrtps_cppExport.cmake
-- Up-to-date: /home/kejun/git_dir/ros2_project/course/node_ws/install/nodes_interfaces/share/nodes_interfaces/cmake/export_nodes_interfaces__rosidl_typesupport_fastrtps_cppExport-noconfig.cmake
-- Up-to-date: /home/kejun/git_dir/ros2_project/course/node_ws/install/nodes_interfaces/share/nodes_interfaces/cmake/nodes_interfaces__rosidl_typesupport_introspection_cppExport.cmake
-- Up-to-date: /home/kejun/git_dir/ros2_project/course/node_ws/install/nodes_interfaces/share/nodes_interfaces/cmake/nodes_interfaces__rosidl_typesupport_introspection_cppExport-noconfig.cmake
-- Up-to-date: /home/kejun/git_dir/ros2_project/course/node_ws/install/nodes_interfaces/share/nodes_interfaces/cmake/nodes_interfaces__rosidl_typesupport_cppExport.cmake
-- Up-to-date: /home/kejun/git_dir/ros2_project/course/node_ws/install/nodes_interfaces/share/nodes_interfaces/cmake/nodes_interfaces__rosidl_typesupport_cppExport-noconfig.cmake
-- Up-to-date: /home/kejun/git_dir/ros2_project/course/node_ws/install/nodes_interfaces/share/nodes_interfaces/cmake/export_nodes_interfaces__rosidl_generator_pyExport.cmake
-- Up-to-date: /home/kejun/git_dir/ros2_project/course/node_ws/install/nodes_interfaces/share/nodes_interfaces/cmake/export_nodes_interfaces__rosidl_generator_pyExport-noconfig.cmake
-- Up-to-date: /home/kejun/git_dir/ros2_project/course/node_ws/install/nodes_interfaces/share/nodes_interfaces/cmake/rosidl_cmake-extras.cmake
-- Up-to-date: /home/kejun/git_dir/ros2_project/course/node_ws/install/nodes_interfaces/share/nodes_interfaces/cmake/ament_cmake_export_dependencies-extras.cmake
-- Up-to-date: /home/kejun/git_dir/ros2_project/course/node_ws/install/nodes_interfaces/share/nodes_interfaces/cmake/ament_cmake_export_include_directories-extras.cmake
-- Up-to-date: /home/kejun/git_dir/ros2_project/course/node_ws/install/nodes_interfaces/share/nodes_interfaces/cmake/ament_cmake_export_libraries-extras.cmake
-- Up-to-date: /home/kejun/git_dir/ros2_project/course/node_ws/install/nodes_interfaces/share/nodes_interfaces/cmake/ament_cmake_export_targets-extras.cmake
-- Up-to-date: /home/kejun/git_dir/ros2_project/course/node_ws/install/nodes_interfaces/share/nodes_interfaces/cmake/rosidl_cmake_export_typesupport_targets-extras.cmake
-- Up-to-date: /home/kejun/git_dir/ros2_project/course/node_ws/install/nodes_interfaces/share/nodes_interfaces/cmake/rosidl_cmake_export_typesupport_libraries-extras.cmake
-- Up-to-date: /home/kejun/git_dir/ros2_project/course/node_ws/install/nodes_interfaces/share/nodes_interfaces/cmake/nodes_interfacesConfig.cmake
-- Up-to-date: /home/kejun/git_dir/ros2_project/course/node_ws/install/nodes_interfaces/share/nodes_interfaces/cmake/nodes_interfacesConfig-version.cmake
-- Up-to-date: /home/kejun/git_dir/ros2_project/course/node_ws/install/nodes_interfaces/share/nodes_interfaces/package.xml
