[0.055s] DEBUG:colcon:Command line arguments: ['/usr/bin/colcon', 'build']
[0.055s] DEBUG:colcon:Parsed command line arguments: Namespace(log_base=None, log_level=None, verb_name='build', build_base='build', install_base='install', merge_install=False, symlink_install=False, test_result_base=None, continue_on_error=False, executor='parallel', parallel_workers=1, event_handlers=None, ignore_user_meta=False, metas=['./colcon.meta'], base_paths=['.'], packages_ignore=None, packages_ignore_regex=None, paths=None, packages_up_to=None, packages_up_to_regex=None, packages_above=None, packages_above_and_dependencies=None, packages_above_depth=None, packages_select_by_dep=None, packages_skip_by_dep=None, packages_skip_up_to=None, packages_select_build_failed=False, packages_skip_build_finished=False, packages_select_test_failures=False, packages_skip_test_passed=False, packages_select=None, packages_skip=None, packages_select_regex=None, packages_skip_regex=None, packages_start=None, packages_end=None, allow_overriding=[], cmake_args=None, cmake_target=None, cmake_target_skip_unavailable=False, cmake_clean_cache=False, cmake_clean_first=False, cmake_force_configure=False, ament_cmake_args=None, catkin_cmake_args=None, catkin_skip_building_tests=False, mixin_files=None, mixin=None, verb_parser=<colcon_mixin.mixin.mixin_argument.MixinArgumentDecorator object at 0x730d40788260>, verb_extension=<colcon_core.verb.build.BuildVerb object at 0x730d40706000>, main=<bound method BuildVerb.main of <colcon_core.verb.build.BuildVerb object at 0x730d40706000>>, mixin_verb=('build',))
[0.078s] Level 1:colcon.colcon_core.package_discovery:discover_packages(colcon_meta) check parameters
[0.078s] Level 1:colcon.colcon_core.package_discovery:discover_packages(recursive) check parameters
[0.078s] Level 1:colcon.colcon_core.package_discovery:discover_packages(ignore) check parameters
[0.078s] Level 1:colcon.colcon_core.package_discovery:discover_packages(path) check parameters
[0.078s] Level 1:colcon.colcon_core.package_discovery:discover_packages(colcon_meta) discover
[0.078s] Level 1:colcon.colcon_core.package_discovery:discover_packages(recursive) discover
[0.078s] INFO:colcon.colcon_core.package_discovery:Crawling recursively for packages in '/home/kejun/git_dir/ros2_project/assignments/assign01/assn01_ws'
[0.079s] Level 1:colcon.colcon_core.package_identification:_identify(.) by extensions ['ignore', 'ignore_ament_install']
[0.079s] Level 1:colcon.colcon_core.package_identification:_identify(.) by extension 'ignore'
[0.079s] Level 1:colcon.colcon_core.package_identification:_identify(.) by extension 'ignore_ament_install'
[0.079s] Level 1:colcon.colcon_core.package_identification:_identify(.) by extensions ['colcon_pkg']
[0.079s] Level 1:colcon.colcon_core.package_identification:_identify(.) by extension 'colcon_pkg'
[0.079s] Level 1:colcon.colcon_core.package_identification:_identify(.) by extensions ['colcon_meta']
[0.079s] Level 1:colcon.colcon_core.package_identification:_identify(.) by extension 'colcon_meta'
[0.079s] Level 1:colcon.colcon_core.package_identification:_identify(.) by extensions ['ros']
[0.079s] Level 1:colcon.colcon_core.package_identification:_identify(.) by extension 'ros'
[0.093s] Level 1:colcon.colcon_core.package_identification:_identify(.) by extensions ['cmake', 'python']
[0.093s] Level 1:colcon.colcon_core.package_identification:_identify(.) by extension 'cmake'
[0.093s] Level 1:colcon.colcon_core.package_identification:_identify(.) by extension 'python'
[0.093s] Level 1:colcon.colcon_core.package_identification:_identify(.) by extensions ['python_setup_py']
[0.093s] Level 1:colcon.colcon_core.package_identification:_identify(.) by extension 'python_setup_py'
[0.094s] Level 1:colcon.colcon_core.package_identification:_identify(build) by extensions ['ignore', 'ignore_ament_install']
[0.094s] Level 1:colcon.colcon_core.package_identification:_identify(build) by extension 'ignore'
[0.094s] Level 1:colcon.colcon_core.package_identification:_identify(build) ignored
[0.094s] Level 1:colcon.colcon_core.package_identification:_identify(install) by extensions ['ignore', 'ignore_ament_install']
[0.094s] Level 1:colcon.colcon_core.package_identification:_identify(install) by extension 'ignore'
[0.094s] Level 1:colcon.colcon_core.package_identification:_identify(install) ignored
[0.094s] Level 1:colcon.colcon_core.package_identification:_identify(log) by extensions ['ignore', 'ignore_ament_install']
[0.094s] Level 1:colcon.colcon_core.package_identification:_identify(log) by extension 'ignore'
[0.094s] Level 1:colcon.colcon_core.package_identification:_identify(log) ignored
[0.094s] Level 1:colcon.colcon_core.package_identification:_identify(src) by extensions ['ignore', 'ignore_ament_install']
[0.094s] Level 1:colcon.colcon_core.package_identification:_identify(src) by extension 'ignore'
[0.094s] Level 1:colcon.colcon_core.package_identification:_identify(src) by extension 'ignore_ament_install'
[0.094s] Level 1:colcon.colcon_core.package_identification:_identify(src) by extensions ['colcon_pkg']
[0.094s] Level 1:colcon.colcon_core.package_identification:_identify(src) by extension 'colcon_pkg'
[0.094s] Level 1:colcon.colcon_core.package_identification:_identify(src) by extensions ['colcon_meta']
[0.094s] Level 1:colcon.colcon_core.package_identification:_identify(src) by extension 'colcon_meta'
[0.094s] Level 1:colcon.colcon_core.package_identification:_identify(src) by extensions ['ros']
[0.094s] Level 1:colcon.colcon_core.package_identification:_identify(src) by extension 'ros'
[0.095s] Level 1:colcon.colcon_core.package_identification:_identify(src) by extensions ['cmake', 'python']
[0.095s] Level 1:colcon.colcon_core.package_identification:_identify(src) by extension 'cmake'
[0.095s] Level 1:colcon.colcon_core.package_identification:_identify(src) by extension 'python'
[0.095s] Level 1:colcon.colcon_core.package_identification:_identify(src) by extensions ['python_setup_py']
[0.095s] Level 1:colcon.colcon_core.package_identification:_identify(src) by extension 'python_setup_py'
[0.095s] Level 1:colcon.colcon_core.package_identification:_identify(src/heatControl_bringup) by extensions ['ignore', 'ignore_ament_install']
[0.095s] Level 1:colcon.colcon_core.package_identification:_identify(src/heatControl_bringup) by extension 'ignore'
[0.095s] Level 1:colcon.colcon_core.package_identification:_identify(src/heatControl_bringup) by extension 'ignore_ament_install'
[0.095s] Level 1:colcon.colcon_core.package_identification:_identify(src/heatControl_bringup) by extensions ['colcon_pkg']
[0.095s] Level 1:colcon.colcon_core.package_identification:_identify(src/heatControl_bringup) by extension 'colcon_pkg'
[0.095s] Level 1:colcon.colcon_core.package_identification:_identify(src/heatControl_bringup) by extensions ['colcon_meta']
[0.095s] Level 1:colcon.colcon_core.package_identification:_identify(src/heatControl_bringup) by extension 'colcon_meta'
[0.095s] Level 1:colcon.colcon_core.package_identification:_identify(src/heatControl_bringup) by extensions ['ros']
[0.095s] Level 1:colcon.colcon_core.package_identification:_identify(src/heatControl_bringup) by extension 'ros'
[0.099s] DEBUG:colcon.colcon_core.package_identification:Package 'src/heatControl_bringup' with type 'ros.ament_cmake' and name 'heatControl_bringup'
[0.099s] Level 1:colcon.colcon_core.package_identification:_identify(src/heatControl_cpp) by extensions ['ignore', 'ignore_ament_install']
[0.099s] Level 1:colcon.colcon_core.package_identification:_identify(src/heatControl_cpp) by extension 'ignore'
[0.099s] Level 1:colcon.colcon_core.package_identification:_identify(src/heatControl_cpp) by extension 'ignore_ament_install'
[0.099s] Level 1:colcon.colcon_core.package_identification:_identify(src/heatControl_cpp) by extensions ['colcon_pkg']
[0.099s] Level 1:colcon.colcon_core.package_identification:_identify(src/heatControl_cpp) by extension 'colcon_pkg'
[0.099s] Level 1:colcon.colcon_core.package_identification:_identify(src/heatControl_cpp) by extensions ['colcon_meta']
[0.099s] Level 1:colcon.colcon_core.package_identification:_identify(src/heatControl_cpp) by extension 'colcon_meta'
[0.099s] Level 1:colcon.colcon_core.package_identification:_identify(src/heatControl_cpp) by extensions ['ros']
[0.099s] Level 1:colcon.colcon_core.package_identification:_identify(src/heatControl_cpp) by extension 'ros'
[0.100s] DEBUG:colcon.colcon_core.package_identification:Package 'src/heatControl_cpp' with type 'ros.ament_cmake' and name 'heatControl_cpp'
[0.100s] Level 1:colcon.colcon_core.package_identification:_identify(src/heatControl_py) by extensions ['ignore', 'ignore_ament_install']
[0.100s] Level 1:colcon.colcon_core.package_identification:_identify(src/heatControl_py) by extension 'ignore'
[0.100s] Level 1:colcon.colcon_core.package_identification:_identify(src/heatControl_py) by extension 'ignore_ament_install'
[0.100s] Level 1:colcon.colcon_core.package_identification:_identify(src/heatControl_py) by extensions ['colcon_pkg']
[0.100s] Level 1:colcon.colcon_core.package_identification:_identify(src/heatControl_py) by extension 'colcon_pkg'
[0.100s] Level 1:colcon.colcon_core.package_identification:_identify(src/heatControl_py) by extensions ['colcon_meta']
[0.100s] Level 1:colcon.colcon_core.package_identification:_identify(src/heatControl_py) by extension 'colcon_meta'
[0.100s] Level 1:colcon.colcon_core.package_identification:_identify(src/heatControl_py) by extensions ['ros']
[0.101s] Level 1:colcon.colcon_core.package_identification:_identify(src/heatControl_py) by extension 'ros'
[0.101s] DEBUG:colcon.colcon_core.package_identification:Package 'src/heatControl_py' with type 'ros.ament_python' and name 'heatControl_py'
[0.101s] Level 1:colcon.colcon_core.package_discovery:discover_packages(recursive) using defaults
[0.102s] Level 1:colcon.colcon_core.package_discovery:discover_packages(ignore) discover
[0.102s] Level 1:colcon.colcon_core.package_discovery:discover_packages(ignore) using defaults
[0.103s] Level 1:colcon.colcon_core.package_discovery:discover_packages(path) discover
[0.103s] Level 1:colcon.colcon_core.package_discovery:discover_packages(path) using defaults
[0.120s] Level 1:colcon.colcon_core.package_discovery:discover_packages(prefix_path) check parameters
[0.120s] Level 1:colcon.colcon_core.package_discovery:discover_packages(prefix_path) discover
[0.121s] DEBUG:colcon.colcon_installed_package_information.package_discovery:Found 3 installed packages in /home/kejun/git_dir/ros2_project/course/node_ws/install
[0.121s] DEBUG:colcon.colcon_installed_package_information.package_discovery:Found 3 installed packages in /home/kejun/git_dir/ros2_project/ros2_from_scratch_book/ros2_ws/install
[0.122s] DEBUG:colcon.colcon_installed_package_information.package_discovery:Found 285 installed packages in /opt/ros/jazzy
[0.123s] Level 1:colcon.colcon_core.package_discovery:discover_packages(prefix_path) using defaults
[0.149s] Level 5:colcon.colcon_core.verb:set package 'heatControl_cpp' build argument 'cmake_args' from command line to 'None'
[0.149s] Level 5:colcon.colcon_core.verb:set package 'heatControl_cpp' build argument 'cmake_target' from command line to 'None'
[0.149s] Level 5:colcon.colcon_core.verb:set package 'heatControl_cpp' build argument 'cmake_target_skip_unavailable' from command line to 'False'
[0.149s] Level 5:colcon.colcon_core.verb:set package 'heatControl_cpp' build argument 'cmake_clean_cache' from command line to 'False'
[0.149s] Level 5:colcon.colcon_core.verb:set package 'heatControl_cpp' build argument 'cmake_clean_first' from command line to 'False'
[0.149s] Level 5:colcon.colcon_core.verb:set package 'heatControl_cpp' build argument 'cmake_force_configure' from command line to 'False'
[0.150s] Level 5:colcon.colcon_core.verb:set package 'heatControl_cpp' build argument 'ament_cmake_args' from command line to 'None'
[0.150s] Level 5:colcon.colcon_core.verb:set package 'heatControl_cpp' build argument 'catkin_cmake_args' from command line to 'None'
[0.150s] Level 5:colcon.colcon_core.verb:set package 'heatControl_cpp' build argument 'catkin_skip_building_tests' from command line to 'False'
[0.150s] DEBUG:colcon.colcon_core.verb:Building package 'heatControl_cpp' with the following arguments: {'ament_cmake_args': None, 'build_base': '/home/kejun/git_dir/ros2_project/assignments/assign01/assn01_ws/build/heatControl_cpp', 'catkin_cmake_args': None, 'catkin_skip_building_tests': False, 'cmake_args': None, 'cmake_clean_cache': False, 'cmake_clean_first': False, 'cmake_force_configure': False, 'cmake_target': None, 'cmake_target_skip_unavailable': False, 'install_base': '/home/kejun/git_dir/ros2_project/assignments/assign01/assn01_ws/install/heatControl_cpp', 'merge_install': False, 'path': '/home/kejun/git_dir/ros2_project/assignments/assign01/assn01_ws/src/heatControl_cpp', 'symlink_install': False, 'test_result_base': None}
[0.150s] Level 5:colcon.colcon_core.verb:set package 'heatControl_py' build argument 'cmake_args' from command line to 'None'
[0.150s] Level 5:colcon.colcon_core.verb:set package 'heatControl_py' build argument 'cmake_target' from command line to 'None'
[0.150s] Level 5:colcon.colcon_core.verb:set package 'heatControl_py' build argument 'cmake_target_skip_unavailable' from command line to 'False'
[0.150s] Level 5:colcon.colcon_core.verb:set package 'heatControl_py' build argument 'cmake_clean_cache' from command line to 'False'
[0.150s] Level 5:colcon.colcon_core.verb:set package 'heatControl_py' build argument 'cmake_clean_first' from command line to 'False'
[0.150s] Level 5:colcon.colcon_core.verb:set package 'heatControl_py' build argument 'cmake_force_configure' from command line to 'False'
[0.150s] Level 5:colcon.colcon_core.verb:set package 'heatControl_py' build argument 'ament_cmake_args' from command line to 'None'
[0.150s] Level 5:colcon.colcon_core.verb:set package 'heatControl_py' build argument 'catkin_cmake_args' from command line to 'None'
[0.150s] Level 5:colcon.colcon_core.verb:set package 'heatControl_py' build argument 'catkin_skip_building_tests' from command line to 'False'
[0.150s] DEBUG:colcon.colcon_core.verb:Building package 'heatControl_py' with the following arguments: {'ament_cmake_args': None, 'build_base': '/home/kejun/git_dir/ros2_project/assignments/assign01/assn01_ws/build/heatControl_py', 'catkin_cmake_args': None, 'catkin_skip_building_tests': False, 'cmake_args': None, 'cmake_clean_cache': False, 'cmake_clean_first': False, 'cmake_force_configure': False, 'cmake_target': None, 'cmake_target_skip_unavailable': False, 'install_base': '/home/kejun/git_dir/ros2_project/assignments/assign01/assn01_ws/install/heatControl_py', 'merge_install': False, 'path': '/home/kejun/git_dir/ros2_project/assignments/assign01/assn01_ws/src/heatControl_py', 'symlink_install': False, 'test_result_base': None}
[0.150s] Level 5:colcon.colcon_core.verb:set package 'heatControl_bringup' build argument 'cmake_args' from command line to 'None'
[0.150s] Level 5:colcon.colcon_core.verb:set package 'heatControl_bringup' build argument 'cmake_target' from command line to 'None'
[0.150s] Level 5:colcon.colcon_core.verb:set package 'heatControl_bringup' build argument 'cmake_target_skip_unavailable' from command line to 'False'
[0.150s] Level 5:colcon.colcon_core.verb:set package 'heatControl_bringup' build argument 'cmake_clean_cache' from command line to 'False'
[0.150s] Level 5:colcon.colcon_core.verb:set package 'heatControl_bringup' build argument 'cmake_clean_first' from command line to 'False'
[0.150s] Level 5:colcon.colcon_core.verb:set package 'heatControl_bringup' build argument 'cmake_force_configure' from command line to 'False'
[0.150s] Level 5:colcon.colcon_core.verb:set package 'heatControl_bringup' build argument 'ament_cmake_args' from command line to 'None'
[0.150s] Level 5:colcon.colcon_core.verb:set package 'heatControl_bringup' build argument 'catkin_cmake_args' from command line to 'None'
[0.150s] Level 5:colcon.colcon_core.verb:set package 'heatControl_bringup' build argument 'catkin_skip_building_tests' from command line to 'False'
[0.150s] DEBUG:colcon.colcon_core.verb:Building package 'heatControl_bringup' with the following arguments: {'ament_cmake_args': None, 'build_base': '/home/kejun/git_dir/ros2_project/assignments/assign01/assn01_ws/build/heatControl_bringup', 'catkin_cmake_args': None, 'catkin_skip_building_tests': False, 'cmake_args': None, 'cmake_clean_cache': False, 'cmake_clean_first': False, 'cmake_force_configure': False, 'cmake_target': None, 'cmake_target_skip_unavailable': False, 'install_base': '/home/kejun/git_dir/ros2_project/assignments/assign01/assn01_ws/install/heatControl_bringup', 'merge_install': False, 'path': '/home/kejun/git_dir/ros2_project/assignments/assign01/assn01_ws/src/heatControl_bringup', 'symlink_install': False, 'test_result_base': None}
[0.150s] INFO:colcon.colcon_core.executor:Executing jobs using 'parallel' executor
[0.154s] DEBUG:colcon.colcon_parallel_executor.executor.parallel:run_until_complete
[0.154s] INFO:colcon.colcon_ros.task.ament_python.build:Building ROS package in '/home/kejun/git_dir/ros2_project/assignments/assign01/assn01_ws/src/heatControl_py' with build type 'ament_python'
[0.154s] Level 1:colcon.colcon_core.shell:create_environment_hook('heatControl_py', 'ament_prefix_path')
[0.158s] INFO:colcon.colcon_core.plugin_system:Skipping extension 'colcon_core.shell.bat': Not used on non-Windows systems
[0.158s] INFO:colcon.colcon_core.shell:Creating environment hook '/home/kejun/git_dir/ros2_project/assignments/assign01/assn01_ws/install/heatControl_py/share/heatControl_py/hook/ament_prefix_path.ps1'
[0.160s] INFO:colcon.colcon_core.shell:Creating environment descriptor '/home/kejun/git_dir/ros2_project/assignments/assign01/assn01_ws/install/heatControl_py/share/heatControl_py/hook/ament_prefix_path.dsv'
[0.162s] INFO:colcon.colcon_core.shell:Creating environment hook '/home/kejun/git_dir/ros2_project/assignments/assign01/assn01_ws/install/heatControl_py/share/heatControl_py/hook/ament_prefix_path.sh'
[0.163s] INFO:colcon.colcon_core.shell:Skip shell extension 'powershell' for command environment: Not usable outside of PowerShell
[0.163s] DEBUG:colcon.colcon_core.shell:Skip shell extension 'dsv' for command environment
[0.291s] INFO:colcon.colcon_core.task.python.build:Building Python package in '/home/kejun/git_dir/ros2_project/assignments/assign01/assn01_ws/src/heatControl_py'
[0.292s] INFO:colcon.colcon_core.shell:Skip shell extension 'powershell' for command environment: Not usable outside of PowerShell
[0.292s] DEBUG:colcon.colcon_core.shell:Skip shell extension 'dsv' for command environment
[0.660s] DEBUG:colcon.colcon_core.event_handler.log_command:Invoking command in '/home/kejun/git_dir/ros2_project/assignments/assign01/assn01_ws/src/heatControl_py': DEBUGINFOD_URLS=https://debuginfod.ubuntu.com PYTHONPATH=/home/kejun/git_dir/ros2_project/assignments/assign01/assn01_ws/build/heatControl_py/prefix_override:/usr/lib/python3/dist-packages/colcon_core/task/python/colcon_distutils_commands:/home/kejun/git_dir/ros2_project/assignments/assign01/assn01_ws/install/heatControl_py/lib/python3.12/site-packages:${PYTHONPATH} /usr/bin/python3 -W ignore:setup.py install is deprecated -W ignore:easy_install command is deprecated setup.py egg_info --egg-base ../../build/heatControl_py build --build-base /home/kejun/git_dir/ros2_project/assignments/assign01/assn01_ws/build/heatControl_py/build install --record /home/kejun/git_dir/ros2_project/assignments/assign01/assn01_ws/build/heatControl_py/install.log --single-version-externally-managed install_data
[1.132s] DEBUG:colcon.colcon_core.event_handler.log_command:Invoked command in '/home/kejun/git_dir/ros2_project/assignments/assign01/assn01_ws/src/heatControl_py' returned '0': DEBUGINFOD_URLS=https://debuginfod.ubuntu.com PYTHONPATH=/home/kejun/git_dir/ros2_project/assignments/assign01/assn01_ws/build/heatControl_py/prefix_override:/usr/lib/python3/dist-packages/colcon_core/task/python/colcon_distutils_commands:/home/kejun/git_dir/ros2_project/assignments/assign01/assn01_ws/install/heatControl_py/lib/python3.12/site-packages:${PYTHONPATH} /usr/bin/python3 -W ignore:setup.py install is deprecated -W ignore:easy_install command is deprecated setup.py egg_info --egg-base ../../build/heatControl_py build --build-base /home/kejun/git_dir/ros2_project/assignments/assign01/assn01_ws/build/heatControl_py/build install --record /home/kejun/git_dir/ros2_project/assignments/assign01/assn01_ws/build/heatControl_py/install.log --single-version-externally-managed install_data
[1.133s] Level 1:colcon.colcon_core.environment:checking '/home/kejun/git_dir/ros2_project/assignments/assign01/assn01_ws/install/heatControl_py' for CMake module files
[1.133s] Level 1:colcon.colcon_core.environment:checking '/home/kejun/git_dir/ros2_project/assignments/assign01/assn01_ws/install/heatControl_py' for CMake config files
[1.134s] Level 1:colcon.colcon_core.environment:checking '/home/kejun/git_dir/ros2_project/assignments/assign01/assn01_ws/install/heatControl_py/lib'
[1.134s] Level 1:colcon.colcon_core.environment:checking '/home/kejun/git_dir/ros2_project/assignments/assign01/assn01_ws/install/heatControl_py/bin'
[1.134s] Level 1:colcon.colcon_core.environment:checking '/home/kejun/git_dir/ros2_project/assignments/assign01/assn01_ws/install/heatControl_py/lib/pkgconfig/heatControl_py.pc'
[1.134s] Level 1:colcon.colcon_core.environment:checking '/home/kejun/git_dir/ros2_project/assignments/assign01/assn01_ws/install/heatControl_py/lib/python3.12/site-packages'
[1.134s] Level 1:colcon.colcon_core.shell:create_environment_hook('heatControl_py', 'pythonpath')
[1.134s] INFO:colcon.colcon_core.shell:Creating environment hook '/home/kejun/git_dir/ros2_project/assignments/assign01/assn01_ws/install/heatControl_py/share/heatControl_py/hook/pythonpath.ps1'
[1.135s] INFO:colcon.colcon_core.shell:Creating environment descriptor '/home/kejun/git_dir/ros2_project/assignments/assign01/assn01_ws/install/heatControl_py/share/heatControl_py/hook/pythonpath.dsv'
[1.135s] INFO:colcon.colcon_core.shell:Creating environment hook '/home/kejun/git_dir/ros2_project/assignments/assign01/assn01_ws/install/heatControl_py/share/heatControl_py/hook/pythonpath.sh'
[1.136s] Level 1:colcon.colcon_core.environment:checking '/home/kejun/git_dir/ros2_project/assignments/assign01/assn01_ws/install/heatControl_py/bin'
[1.136s] Level 1:colcon.colcon_core.environment:create_environment_scripts_only(heatControl_py)
[1.136s] INFO:colcon.colcon_core.shell:Creating package script '/home/kejun/git_dir/ros2_project/assignments/assign01/assn01_ws/install/heatControl_py/share/heatControl_py/package.ps1'
[1.137s] INFO:colcon.colcon_core.shell:Creating package descriptor '/home/kejun/git_dir/ros2_project/assignments/assign01/assn01_ws/install/heatControl_py/share/heatControl_py/package.dsv'
[1.137s] INFO:colcon.colcon_core.shell:Creating package script '/home/kejun/git_dir/ros2_project/assignments/assign01/assn01_ws/install/heatControl_py/share/heatControl_py/package.sh'
[1.138s] INFO:colcon.colcon_core.shell:Creating package script '/home/kejun/git_dir/ros2_project/assignments/assign01/assn01_ws/install/heatControl_py/share/heatControl_py/package.bash'
[1.139s] INFO:colcon.colcon_core.shell:Creating package script '/home/kejun/git_dir/ros2_project/assignments/assign01/assn01_ws/install/heatControl_py/share/heatControl_py/package.zsh'
[1.139s] Level 1:colcon.colcon_core.environment:create_file_with_runtime_dependencies(/home/kejun/git_dir/ros2_project/assignments/assign01/assn01_ws/install/heatControl_py/share/colcon-core/packages/heatControl_py)
[1.140s] INFO:colcon.colcon_ros.task.ament_cmake.build:Building ROS package in '/home/kejun/git_dir/ros2_project/assignments/assign01/assn01_ws/src/heatControl_cpp' with build type 'ament_cmake'
[1.140s] INFO:colcon.colcon_cmake.task.cmake.build:Building CMake package in '/home/kejun/git_dir/ros2_project/assignments/assign01/assn01_ws/src/heatControl_cpp'
[1.140s] INFO:colcon.colcon_core.shell:Skip shell extension 'powershell' for command environment: Not usable outside of PowerShell
[1.140s] DEBUG:colcon.colcon_core.shell:Skip shell extension 'dsv' for command environment
[1.158s] DEBUG:colcon.colcon_core.event_handler.log_command:Invoking command in '/home/kejun/git_dir/ros2_project/assignments/assign01/assn01_ws/build/heatControl_cpp': CMAKE_PREFIX_PATH=${CMAKE_PREFIX_PATH}:/home/kejun/git_dir/ros2_project/course/node_ws/install/nodes_py:/home/kejun/git_dir/ros2_project/ros2_from_scratch_book/ros2_ws/install/my_py_pkg:/opt/ros/jazzy DEBUGINFOD_URLS=https://debuginfod.ubuntu.com /usr/bin/cmake /home/kejun/git_dir/ros2_project/assignments/assign01/assn01_ws/src/heatControl_cpp -DCMAKE_INSTALL_PREFIX=/home/kejun/git_dir/ros2_project/assignments/assign01/assn01_ws/install/heatControl_cpp
[2.471s] DEBUG:colcon.colcon_core.event_handler.log_command:Invoked command in '/home/kejun/git_dir/ros2_project/assignments/assign01/assn01_ws/build/heatControl_cpp' returned '0': CMAKE_PREFIX_PATH=${CMAKE_PREFIX_PATH}:/home/kejun/git_dir/ros2_project/course/node_ws/install/nodes_py:/home/kejun/git_dir/ros2_project/ros2_from_scratch_book/ros2_ws/install/my_py_pkg:/opt/ros/jazzy DEBUGINFOD_URLS=https://debuginfod.ubuntu.com /usr/bin/cmake /home/kejun/git_dir/ros2_project/assignments/assign01/assn01_ws/src/heatControl_cpp -DCMAKE_INSTALL_PREFIX=/home/kejun/git_dir/ros2_project/assignments/assign01/assn01_ws/install/heatControl_cpp
[2.473s] DEBUG:colcon.colcon_core.event_handler.log_command:Invoking command in '/home/kejun/git_dir/ros2_project/assignments/assign01/assn01_ws/build/heatControl_cpp': CMAKE_PREFIX_PATH=${CMAKE_PREFIX_PATH}:/home/kejun/git_dir/ros2_project/course/node_ws/install/nodes_py:/home/kejun/git_dir/ros2_project/ros2_from_scratch_book/ros2_ws/install/my_py_pkg:/opt/ros/jazzy DEBUGINFOD_URLS=https://debuginfod.ubuntu.com /usr/bin/cmake --build /home/kejun/git_dir/ros2_project/assignments/assign01/assn01_ws/build/heatControl_cpp -- -j1 -l1
[2.526s] DEBUG:colcon.colcon_core.event_handler.log_command:Invoked command in '/home/kejun/git_dir/ros2_project/assignments/assign01/assn01_ws/build/heatControl_cpp' returned '0': CMAKE_PREFIX_PATH=${CMAKE_PREFIX_PATH}:/home/kejun/git_dir/ros2_project/course/node_ws/install/nodes_py:/home/kejun/git_dir/ros2_project/ros2_from_scratch_book/ros2_ws/install/my_py_pkg:/opt/ros/jazzy DEBUGINFOD_URLS=https://debuginfod.ubuntu.com /usr/bin/cmake --build /home/kejun/git_dir/ros2_project/assignments/assign01/assn01_ws/build/heatControl_cpp -- -j1 -l1
[2.536s] DEBUG:colcon.colcon_core.event_handler.log_command:Invoking command in '/home/kejun/git_dir/ros2_project/assignments/assign01/assn01_ws/build/heatControl_cpp': CMAKE_PREFIX_PATH=${CMAKE_PREFIX_PATH}:/home/kejun/git_dir/ros2_project/course/node_ws/install/nodes_py:/home/kejun/git_dir/ros2_project/ros2_from_scratch_book/ros2_ws/install/my_py_pkg:/opt/ros/jazzy DEBUGINFOD_URLS=https://debuginfod.ubuntu.com /usr/bin/cmake --install /home/kejun/git_dir/ros2_project/assignments/assign01/assn01_ws/build/heatControl_cpp
[2.551s] Level 1:colcon.colcon_core.environment:create_environment_scripts_only(heatControl_cpp)
[2.552s] Level 1:colcon.colcon_core.environment:checking '/home/kejun/git_dir/ros2_project/assignments/assign01/assn01_ws/install/heatControl_cpp' for CMake module files
[2.552s] Level 1:colcon.colcon_core.environment:checking '/home/kejun/git_dir/ros2_project/assignments/assign01/assn01_ws/install/heatControl_cpp' for CMake config files
[2.552s] Level 1:colcon.colcon_core.shell:create_environment_hook('heatControl_cpp', 'cmake_prefix_path')
[2.553s] INFO:colcon.colcon_core.shell:Creating environment hook '/home/kejun/git_dir/ros2_project/assignments/assign01/assn01_ws/install/heatControl_cpp/share/heatControl_cpp/hook/cmake_prefix_path.ps1'
[2.553s] DEBUG:colcon.colcon_core.event_handler.log_command:Invoked command in '/home/kejun/git_dir/ros2_project/assignments/assign01/assn01_ws/build/heatControl_cpp' returned '0': CMAKE_PREFIX_PATH=${CMAKE_PREFIX_PATH}:/home/kejun/git_dir/ros2_project/course/node_ws/install/nodes_py:/home/kejun/git_dir/ros2_project/ros2_from_scratch_book/ros2_ws/install/my_py_pkg:/opt/ros/jazzy DEBUGINFOD_URLS=https://debuginfod.ubuntu.com /usr/bin/cmake --install /home/kejun/git_dir/ros2_project/assignments/assign01/assn01_ws/build/heatControl_cpp
[2.554s] INFO:colcon.colcon_core.shell:Creating environment descriptor '/home/kejun/git_dir/ros2_project/assignments/assign01/assn01_ws/install/heatControl_cpp/share/heatControl_cpp/hook/cmake_prefix_path.dsv'
[2.555s] INFO:colcon.colcon_core.shell:Creating environment hook '/home/kejun/git_dir/ros2_project/assignments/assign01/assn01_ws/install/heatControl_cpp/share/heatControl_cpp/hook/cmake_prefix_path.sh'
[2.555s] Level 1:colcon.colcon_core.environment:checking '/home/kejun/git_dir/ros2_project/assignments/assign01/assn01_ws/install/heatControl_cpp/bin'
[2.555s] Level 1:colcon.colcon_core.environment:checking '/home/kejun/git_dir/ros2_project/assignments/assign01/assn01_ws/install/heatControl_cpp/lib/pkgconfig/heatControl_cpp.pc'
[2.556s] Level 1:colcon.colcon_core.environment:checking '/home/kejun/git_dir/ros2_project/assignments/assign01/assn01_ws/install/heatControl_cpp/lib/python3.12/site-packages'
[2.556s] Level 1:colcon.colcon_core.environment:checking '/home/kejun/git_dir/ros2_project/assignments/assign01/assn01_ws/install/heatControl_cpp/bin'
[2.556s] INFO:colcon.colcon_core.shell:Creating package script '/home/kejun/git_dir/ros2_project/assignments/assign01/assn01_ws/install/heatControl_cpp/share/heatControl_cpp/package.ps1'
[2.557s] INFO:colcon.colcon_core.shell:Creating package descriptor '/home/kejun/git_dir/ros2_project/assignments/assign01/assn01_ws/install/heatControl_cpp/share/heatControl_cpp/package.dsv'
[2.557s] INFO:colcon.colcon_core.shell:Creating package script '/home/kejun/git_dir/ros2_project/assignments/assign01/assn01_ws/install/heatControl_cpp/share/heatControl_cpp/package.sh'
[2.558s] INFO:colcon.colcon_core.shell:Creating package script '/home/kejun/git_dir/ros2_project/assignments/assign01/assn01_ws/install/heatControl_cpp/share/heatControl_cpp/package.bash'
[2.558s] INFO:colcon.colcon_core.shell:Creating package script '/home/kejun/git_dir/ros2_project/assignments/assign01/assn01_ws/install/heatControl_cpp/share/heatControl_cpp/package.zsh'
[2.558s] Level 1:colcon.colcon_core.environment:create_file_with_runtime_dependencies(/home/kejun/git_dir/ros2_project/assignments/assign01/assn01_ws/install/heatControl_cpp/share/colcon-core/packages/heatControl_cpp)
[2.559s] Level 1:colcon.colcon_core.environment:create_environment_scripts_only(heatControl_cpp)
[2.559s] Level 1:colcon.colcon_core.environment:checking '/home/kejun/git_dir/ros2_project/assignments/assign01/assn01_ws/install/heatControl_cpp' for CMake module files
[2.559s] Level 1:colcon.colcon_core.environment:checking '/home/kejun/git_dir/ros2_project/assignments/assign01/assn01_ws/install/heatControl_cpp' for CMake config files
[2.559s] Level 1:colcon.colcon_core.shell:create_environment_hook('heatControl_cpp', 'cmake_prefix_path')
[2.559s] INFO:colcon.colcon_core.shell:Creating environment hook '/home/kejun/git_dir/ros2_project/assignments/assign01/assn01_ws/install/heatControl_cpp/share/heatControl_cpp/hook/cmake_prefix_path.ps1'
[2.560s] INFO:colcon.colcon_core.shell:Creating environment descriptor '/home/kejun/git_dir/ros2_project/assignments/assign01/assn01_ws/install/heatControl_cpp/share/heatControl_cpp/hook/cmake_prefix_path.dsv'
[2.560s] INFO:colcon.colcon_core.shell:Creating environment hook '/home/kejun/git_dir/ros2_project/assignments/assign01/assn01_ws/install/heatControl_cpp/share/heatControl_cpp/hook/cmake_prefix_path.sh'
[2.560s] Level 1:colcon.colcon_core.environment:checking '/home/kejun/git_dir/ros2_project/assignments/assign01/assn01_ws/install/heatControl_cpp/bin'
[2.561s] Level 1:colcon.colcon_core.environment:checking '/home/kejun/git_dir/ros2_project/assignments/assign01/assn01_ws/install/heatControl_cpp/lib/pkgconfig/heatControl_cpp.pc'
[2.561s] Level 1:colcon.colcon_core.environment:checking '/home/kejun/git_dir/ros2_project/assignments/assign01/assn01_ws/install/heatControl_cpp/lib/python3.12/site-packages'
[2.561s] Level 1:colcon.colcon_core.environment:checking '/home/kejun/git_dir/ros2_project/assignments/assign01/assn01_ws/install/heatControl_cpp/bin'
[2.561s] INFO:colcon.colcon_core.shell:Creating package script '/home/kejun/git_dir/ros2_project/assignments/assign01/assn01_ws/install/heatControl_cpp/share/heatControl_cpp/package.ps1'
[2.561s] INFO:colcon.colcon_core.shell:Creating package descriptor '/home/kejun/git_dir/ros2_project/assignments/assign01/assn01_ws/install/heatControl_cpp/share/heatControl_cpp/package.dsv'
[2.562s] INFO:colcon.colcon_core.shell:Creating package script '/home/kejun/git_dir/ros2_project/assignments/assign01/assn01_ws/install/heatControl_cpp/share/heatControl_cpp/package.sh'
[2.562s] INFO:colcon.colcon_core.shell:Creating package script '/home/kejun/git_dir/ros2_project/assignments/assign01/assn01_ws/install/heatControl_cpp/share/heatControl_cpp/package.bash'
[2.563s] INFO:colcon.colcon_core.shell:Creating package script '/home/kejun/git_dir/ros2_project/assignments/assign01/assn01_ws/install/heatControl_cpp/share/heatControl_cpp/package.zsh'
[2.563s] Level 1:colcon.colcon_core.environment:create_file_with_runtime_dependencies(/home/kejun/git_dir/ros2_project/assignments/assign01/assn01_ws/install/heatControl_cpp/share/colcon-core/packages/heatControl_cpp)
[2.569s] INFO:colcon.colcon_ros.task.ament_cmake.build:Building ROS package in '/home/kejun/git_dir/ros2_project/assignments/assign01/assn01_ws/src/heatControl_bringup' with build type 'ament_cmake'
[2.569s] INFO:colcon.colcon_cmake.task.cmake.build:Building CMake package in '/home/kejun/git_dir/ros2_project/assignments/assign01/assn01_ws/src/heatControl_bringup'
[2.569s] INFO:colcon.colcon_core.shell:Skip shell extension 'powershell' for command environment: Not usable outside of PowerShell
[2.569s] DEBUG:colcon.colcon_core.shell:Skip shell extension 'dsv' for command environment
[2.586s] DEBUG:colcon.colcon_core.event_handler.log_command:Invoking command in '/home/kejun/git_dir/ros2_project/assignments/assign01/assn01_ws/build/heatControl_bringup': AMENT_PREFIX_PATH=/home/kejun/git_dir/ros2_project/assignments/assign01/assn01_ws/install/heatControl_py:${AMENT_PREFIX_PATH} CMAKE_PREFIX_PATH=${CMAKE_PREFIX_PATH}:/home/kejun/git_dir/ros2_project/course/node_ws/install/nodes_py:/home/kejun/git_dir/ros2_project/ros2_from_scratch_book/ros2_ws/install/my_py_pkg:/opt/ros/jazzy DEBUGINFOD_URLS=https://debuginfod.ubuntu.com PYTHONPATH=/home/kejun/git_dir/ros2_project/assignments/assign01/assn01_ws/install/heatControl_py/lib/python3.12/site-packages:${PYTHONPATH} /usr/bin/cmake /home/kejun/git_dir/ros2_project/assignments/assign01/assn01_ws/src/heatControl_bringup -DCMAKE_INSTALL_PREFIX=/home/kejun/git_dir/ros2_project/assignments/assign01/assn01_ws/install/heatControl_bringup
[3.328s] DEBUG:colcon.colcon_core.event_handler.log_command:Invoked command in '/home/kejun/git_dir/ros2_project/assignments/assign01/assn01_ws/build/heatControl_bringup' returned '0': AMENT_PREFIX_PATH=/home/kejun/git_dir/ros2_project/assignments/assign01/assn01_ws/install/heatControl_py:${AMENT_PREFIX_PATH} CMAKE_PREFIX_PATH=${CMAKE_PREFIX_PATH}:/home/kejun/git_dir/ros2_project/course/node_ws/install/nodes_py:/home/kejun/git_dir/ros2_project/ros2_from_scratch_book/ros2_ws/install/my_py_pkg:/opt/ros/jazzy DEBUGINFOD_URLS=https://debuginfod.ubuntu.com PYTHONPATH=/home/kejun/git_dir/ros2_project/assignments/assign01/assn01_ws/install/heatControl_py/lib/python3.12/site-packages:${PYTHONPATH} /usr/bin/cmake /home/kejun/git_dir/ros2_project/assignments/assign01/assn01_ws/src/heatControl_bringup -DCMAKE_INSTALL_PREFIX=/home/kejun/git_dir/ros2_project/assignments/assign01/assn01_ws/install/heatControl_bringup
[3.329s] DEBUG:colcon.colcon_core.event_handler.log_command:Invoking command in '/home/kejun/git_dir/ros2_project/assignments/assign01/assn01_ws/build/heatControl_bringup': AMENT_PREFIX_PATH=/home/kejun/git_dir/ros2_project/assignments/assign01/assn01_ws/install/heatControl_py:${AMENT_PREFIX_PATH} CMAKE_PREFIX_PATH=${CMAKE_PREFIX_PATH}:/home/kejun/git_dir/ros2_project/course/node_ws/install/nodes_py:/home/kejun/git_dir/ros2_project/ros2_from_scratch_book/ros2_ws/install/my_py_pkg:/opt/ros/jazzy DEBUGINFOD_URLS=https://debuginfod.ubuntu.com PYTHONPATH=/home/kejun/git_dir/ros2_project/assignments/assign01/assn01_ws/install/heatControl_py/lib/python3.12/site-packages:${PYTHONPATH} /usr/bin/cmake --build /home/kejun/git_dir/ros2_project/assignments/assign01/assn01_ws/build/heatControl_bringup -- -j1 -l1
[3.450s] DEBUG:colcon.colcon_core.event_handler.log_command:Invoked command in '/home/kejun/git_dir/ros2_project/assignments/assign01/assn01_ws/build/heatControl_bringup' returned '0': AMENT_PREFIX_PATH=/home/kejun/git_dir/ros2_project/assignments/assign01/assn01_ws/install/heatControl_py:${AMENT_PREFIX_PATH} CMAKE_PREFIX_PATH=${CMAKE_PREFIX_PATH}:/home/kejun/git_dir/ros2_project/course/node_ws/install/nodes_py:/home/kejun/git_dir/ros2_project/ros2_from_scratch_book/ros2_ws/install/my_py_pkg:/opt/ros/jazzy DEBUGINFOD_URLS=https://debuginfod.ubuntu.com PYTHONPATH=/home/kejun/git_dir/ros2_project/assignments/assign01/assn01_ws/install/heatControl_py/lib/python3.12/site-packages:${PYTHONPATH} /usr/bin/cmake --build /home/kejun/git_dir/ros2_project/assignments/assign01/assn01_ws/build/heatControl_bringup -- -j1 -l1
[3.453s] DEBUG:colcon.colcon_core.event_handler.log_command:Invoking command in '/home/kejun/git_dir/ros2_project/assignments/assign01/assn01_ws/build/heatControl_bringup': AMENT_PREFIX_PATH=/home/kejun/git_dir/ros2_project/assignments/assign01/assn01_ws/install/heatControl_py:${AMENT_PREFIX_PATH} CMAKE_PREFIX_PATH=${CMAKE_PREFIX_PATH}:/home/kejun/git_dir/ros2_project/course/node_ws/install/nodes_py:/home/kejun/git_dir/ros2_project/ros2_from_scratch_book/ros2_ws/install/my_py_pkg:/opt/ros/jazzy DEBUGINFOD_URLS=https://debuginfod.ubuntu.com PYTHONPATH=/home/kejun/git_dir/ros2_project/assignments/assign01/assn01_ws/install/heatControl_py/lib/python3.12/site-packages:${PYTHONPATH} /usr/bin/cmake --install /home/kejun/git_dir/ros2_project/assignments/assign01/assn01_ws/build/heatControl_bringup
[3.544s] Level 1:colcon.colcon_core.environment:create_environment_scripts_only(heatControl_bringup)
[3.544s] Level 1:colcon.colcon_core.environment:checking '/home/kejun/git_dir/ros2_project/assignments/assign01/assn01_ws/install/heatControl_bringup' for CMake module files
[3.544s] Level 1:colcon.colcon_core.environment:checking '/home/kejun/git_dir/ros2_project/assignments/assign01/assn01_ws/install/heatControl_bringup' for CMake config files
[3.545s] Level 1:colcon.colcon_core.shell:create_environment_hook('heatControl_bringup', 'cmake_prefix_path')
[3.545s] INFO:colcon.colcon_core.shell:Creating environment hook '/home/kejun/git_dir/ros2_project/assignments/assign01/assn01_ws/install/heatControl_bringup/share/heatControl_bringup/hook/cmake_prefix_path.ps1'
[3.544s] DEBUG:colcon.colcon_core.event_handler.log_command:Invoked command in '/home/kejun/git_dir/ros2_project/assignments/assign01/assn01_ws/build/heatControl_bringup' returned '0': AMENT_PREFIX_PATH=/home/kejun/git_dir/ros2_project/assignments/assign01/assn01_ws/install/heatControl_py:${AMENT_PREFIX_PATH} CMAKE_PREFIX_PATH=${CMAKE_PREFIX_PATH}:/home/kejun/git_dir/ros2_project/course/node_ws/install/nodes_py:/home/kejun/git_dir/ros2_project/ros2_from_scratch_book/ros2_ws/install/my_py_pkg:/opt/ros/jazzy DEBUGINFOD_URLS=https://debuginfod.ubuntu.com PYTHONPATH=/home/kejun/git_dir/ros2_project/assignments/assign01/assn01_ws/install/heatControl_py/lib/python3.12/site-packages:${PYTHONPATH} /usr/bin/cmake --install /home/kejun/git_dir/ros2_project/assignments/assign01/assn01_ws/build/heatControl_bringup
[3.545s] INFO:colcon.colcon_core.shell:Creating environment descriptor '/home/kejun/git_dir/ros2_project/assignments/assign01/assn01_ws/install/heatControl_bringup/share/heatControl_bringup/hook/cmake_prefix_path.dsv'
[3.545s] INFO:colcon.colcon_core.shell:Creating environment hook '/home/kejun/git_dir/ros2_project/assignments/assign01/assn01_ws/install/heatControl_bringup/share/heatControl_bringup/hook/cmake_prefix_path.sh'
[3.546s] Level 1:colcon.colcon_core.environment:checking '/home/kejun/git_dir/ros2_project/assignments/assign01/assn01_ws/install/heatControl_bringup/bin'
[3.546s] Level 1:colcon.colcon_core.environment:checking '/home/kejun/git_dir/ros2_project/assignments/assign01/assn01_ws/install/heatControl_bringup/lib/pkgconfig/heatControl_bringup.pc'
[3.546s] Level 1:colcon.colcon_core.environment:checking '/home/kejun/git_dir/ros2_project/assignments/assign01/assn01_ws/install/heatControl_bringup/lib/python3.12/site-packages'
[3.546s] Level 1:colcon.colcon_core.environment:checking '/home/kejun/git_dir/ros2_project/assignments/assign01/assn01_ws/install/heatControl_bringup/bin'
[3.547s] INFO:colcon.colcon_core.shell:Creating package script '/home/kejun/git_dir/ros2_project/assignments/assign01/assn01_ws/install/heatControl_bringup/share/heatControl_bringup/package.ps1'
[3.547s] INFO:colcon.colcon_core.shell:Creating package descriptor '/home/kejun/git_dir/ros2_project/assignments/assign01/assn01_ws/install/heatControl_bringup/share/heatControl_bringup/package.dsv'
[3.547s] INFO:colcon.colcon_core.shell:Creating package script '/home/kejun/git_dir/ros2_project/assignments/assign01/assn01_ws/install/heatControl_bringup/share/heatControl_bringup/package.sh'
[3.548s] INFO:colcon.colcon_core.shell:Creating package script '/home/kejun/git_dir/ros2_project/assignments/assign01/assn01_ws/install/heatControl_bringup/share/heatControl_bringup/package.bash'
[3.548s] INFO:colcon.colcon_core.shell:Creating package script '/home/kejun/git_dir/ros2_project/assignments/assign01/assn01_ws/install/heatControl_bringup/share/heatControl_bringup/package.zsh'
[3.548s] Level 1:colcon.colcon_core.environment:create_file_with_runtime_dependencies(/home/kejun/git_dir/ros2_project/assignments/assign01/assn01_ws/install/heatControl_bringup/share/colcon-core/packages/heatControl_bringup)
[3.549s] Level 1:colcon.colcon_core.environment:create_environment_scripts_only(heatControl_bringup)
[3.549s] Level 1:colcon.colcon_core.environment:checking '/home/kejun/git_dir/ros2_project/assignments/assign01/assn01_ws/install/heatControl_bringup' for CMake module files
[3.549s] Level 1:colcon.colcon_core.environment:checking '/home/kejun/git_dir/ros2_project/assignments/assign01/assn01_ws/install/heatControl_bringup' for CMake config files
[3.549s] Level 1:colcon.colcon_core.shell:create_environment_hook('heatControl_bringup', 'cmake_prefix_path')
[3.549s] INFO:colcon.colcon_core.shell:Creating environment hook '/home/kejun/git_dir/ros2_project/assignments/assign01/assn01_ws/install/heatControl_bringup/share/heatControl_bringup/hook/cmake_prefix_path.ps1'
[3.550s] INFO:colcon.colcon_core.shell:Creating environment descriptor '/home/kejun/git_dir/ros2_project/assignments/assign01/assn01_ws/install/heatControl_bringup/share/heatControl_bringup/hook/cmake_prefix_path.dsv'
[3.550s] INFO:colcon.colcon_core.shell:Creating environment hook '/home/kejun/git_dir/ros2_project/assignments/assign01/assn01_ws/install/heatControl_bringup/share/heatControl_bringup/hook/cmake_prefix_path.sh'
[3.550s] Level 1:colcon.colcon_core.environment:checking '/home/kejun/git_dir/ros2_project/assignments/assign01/assn01_ws/install/heatControl_bringup/bin'
[3.550s] Level 1:colcon.colcon_core.environment:checking '/home/kejun/git_dir/ros2_project/assignments/assign01/assn01_ws/install/heatControl_bringup/lib/pkgconfig/heatControl_bringup.pc'
[3.551s] Level 1:colcon.colcon_core.environment:checking '/home/kejun/git_dir/ros2_project/assignments/assign01/assn01_ws/install/heatControl_bringup/lib/python3.12/site-packages'
[3.551s] Level 1:colcon.colcon_core.environment:checking '/home/kejun/git_dir/ros2_project/assignments/assign01/assn01_ws/install/heatControl_bringup/bin'
[3.551s] INFO:colcon.colcon_core.shell:Creating package script '/home/kejun/git_dir/ros2_project/assignments/assign01/assn01_ws/install/heatControl_bringup/share/heatControl_bringup/package.ps1'
[3.551s] INFO:colcon.colcon_core.shell:Creating package descriptor '/home/kejun/git_dir/ros2_project/assignments/assign01/assn01_ws/install/heatControl_bringup/share/heatControl_bringup/package.dsv'
[3.552s] INFO:colcon.colcon_core.shell:Creating package script '/home/kejun/git_dir/ros2_project/assignments/assign01/assn01_ws/install/heatControl_bringup/share/heatControl_bringup/package.sh'
[3.553s] INFO:colcon.colcon_core.shell:Creating package script '/home/kejun/git_dir/ros2_project/assignments/assign01/assn01_ws/install/heatControl_bringup/share/heatControl_bringup/package.bash'
[3.553s] INFO:colcon.colcon_core.shell:Creating package script '/home/kejun/git_dir/ros2_project/assignments/assign01/assn01_ws/install/heatControl_bringup/share/heatControl_bringup/package.zsh'
[3.553s] Level 1:colcon.colcon_core.environment:create_file_with_runtime_dependencies(/home/kejun/git_dir/ros2_project/assignments/assign01/assn01_ws/install/heatControl_bringup/share/colcon-core/packages/heatControl_bringup)
[3.555s] DEBUG:colcon.colcon_parallel_executor.executor.parallel:closing loop
[3.556s] DEBUG:colcon.colcon_parallel_executor.executor.parallel:loop closed
[3.556s] DEBUG:colcon.colcon_parallel_executor.executor.parallel:run_until_complete finished with '0'
[3.556s] DEBUG:colcon.colcon_core.event_reactor:joining thread
[3.564s] INFO:colcon.colcon_core.plugin_system:Skipping extension 'colcon_notification.desktop_notification.terminal_notifier': Not used on non-Darwin systems
[3.565s] INFO:colcon.colcon_core.plugin_system:Skipping extension 'colcon_notification.desktop_notification.win32': Not used on non-Windows systems
[3.565s] INFO:colcon.colcon_notification.desktop_notification:Sending desktop notification using 'notify2'
[3.585s] DEBUG:colcon.colcon_core.event_reactor:joined thread
[3.587s] INFO:colcon.colcon_core.shell:Creating prefix script '/home/kejun/git_dir/ros2_project/assignments/assign01/assn01_ws/install/local_setup.ps1'
[3.589s] INFO:colcon.colcon_core.shell:Creating prefix util module '/home/kejun/git_dir/ros2_project/assignments/assign01/assn01_ws/install/_local_setup_util_ps1.py'
[3.591s] INFO:colcon.colcon_core.shell:Creating prefix chain script '/home/kejun/git_dir/ros2_project/assignments/assign01/assn01_ws/install/setup.ps1'
[3.593s] INFO:colcon.colcon_core.shell:Creating prefix script '/home/kejun/git_dir/ros2_project/assignments/assign01/assn01_ws/install/local_setup.sh'
[3.593s] INFO:colcon.colcon_core.shell:Creating prefix util module '/home/kejun/git_dir/ros2_project/assignments/assign01/assn01_ws/install/_local_setup_util_sh.py'
[3.595s] INFO:colcon.colcon_core.shell:Creating prefix chain script '/home/kejun/git_dir/ros2_project/assignments/assign01/assn01_ws/install/setup.sh'
[3.596s] INFO:colcon.colcon_core.shell:Creating prefix script '/home/kejun/git_dir/ros2_project/assignments/assign01/assn01_ws/install/local_setup.bash'
[3.597s] INFO:colcon.colcon_core.shell:Creating prefix chain script '/home/kejun/git_dir/ros2_project/assignments/assign01/assn01_ws/install/setup.bash'
[3.599s] INFO:colcon.colcon_core.shell:Creating prefix script '/home/kejun/git_dir/ros2_project/assignments/assign01/assn01_ws/install/local_setup.zsh'
[3.600s] INFO:colcon.colcon_core.shell:Creating prefix chain script '/home/kejun/git_dir/ros2_project/assignments/assign01/assn01_ws/install/setup.zsh'
