[0.007s] Invoking command in '/home/kejun/git_dir/ros2_project/assignments/assign01/assn01_ws/build/heatControl_bringup': AMENT_PREFIX_PATH=/home/kejun/git_dir/ros2_project/assignments/assign01/assn01_ws/install/heatControl_py:/home/kejun/git_dir/ros2_project/assignments/assign01/assn01_ws/install/heatControl_bringup:/home/kejun/git_dir/ros2_project/assignments/assign01/assn01_ws/install/heatControl_cpp:/opt/ros/jazzy CMAKE_PREFIX_PATH=${CMAKE_PREFIX_PATH}:/home/kejun/git_dir/ros2_project/assignments/assign01/assn01_ws/install/heatControl_py:/opt/ros/jazzy DEBUGINFOD_URLS=https://debuginfod.ubuntu.com /usr/bin/cmake --build /home/kejun/git_dir/ros2_project/assignments/assign01/assn01_ws/build/heatControl_bringup -- -j16 -l16
[0.034s] Invoked command in '/home/kejun/git_dir/ros2_project/assignments/assign01/assn01_ws/build/heatControl_bringup' returned '0': AMENT_PREFIX_PATH=/home/kejun/git_dir/ros2_project/assignments/assign01/assn01_ws/install/heatControl_py:/home/kejun/git_dir/ros2_project/assignments/assign01/assn01_ws/install/heatControl_bringup:/home/kejun/git_dir/ros2_project/assignments/assign01/assn01_ws/install/heatControl_cpp:/opt/ros/jazzy CMAKE_PREFIX_PATH=${CMAKE_PREFIX_PATH}:/home/kejun/git_dir/ros2_project/assignments/assign01/assn01_ws/install/heatControl_py:/opt/ros/jazzy DEBUGINFOD_URLS=https://debuginfod.ubuntu.com /usr/bin/cmake --build /home/kejun/git_dir/ros2_project/assignments/assign01/assn01_ws/build/heatControl_bringup -- -j16 -l16
[0.041s] Invoking command in '/home/kejun/git_dir/ros2_project/assignments/assign01/assn01_ws/build/heatControl_bringup': AMENT_PREFIX_PATH=/home/kejun/git_dir/ros2_project/assignments/assign01/assn01_ws/install/heatControl_py:/home/kejun/git_dir/ros2_project/assignments/assign01/assn01_ws/install/heatControl_bringup:/home/kejun/git_dir/ros2_project/assignments/assign01/assn01_ws/install/heatControl_cpp:/opt/ros/jazzy CMAKE_PREFIX_PATH=${CMAKE_PREFIX_PATH}:/home/kejun/git_dir/ros2_project/assignments/assign01/assn01_ws/install/heatControl_py:/opt/ros/jazzy DEBUGINFOD_URLS=https://debuginfod.ubuntu.com /usr/bin/cmake --install /home/kejun/git_dir/ros2_project/assignments/assign01/assn01_ws/build/heatControl_bringup
[0.047s] -- Install configuration: ""
[0.047s] -- Up-to-date: /home/kejun/git_dir/ros2_project/assignments/assign01/assn01_ws/install/heatControl_bringup/share/heatControl_bringup/launch
[0.047s] -- Up-to-date: /home/kejun/git_dir/ros2_project/assignments/assign01/assn01_ws/install/heatControl_bringup/share/heatControl_bringup/launch/heatControl.launch.py
[0.047s] -- Up-to-date: /home/kejun/git_dir/ros2_project/assignments/assign01/assn01_ws/install/heatControl_bringup/share/ament_index/resource_index/package_run_dependencies/heatControl_bringup
[0.047s] -- Up-to-date: /home/kejun/git_dir/ros2_project/assignments/assign01/assn01_ws/install/heatControl_bringup/share/ament_index/resource_index/parent_prefix_path/heatControl_bringup
[0.047s] -- Up-to-date: /home/kejun/git_dir/ros2_project/assignments/assign01/assn01_ws/install/heatControl_bringup/share/heatControl_bringup/environment/ament_prefix_path.sh
[0.048s] -- Up-to-date: /home/kejun/git_dir/ros2_project/assignments/assign01/assn01_ws/install/heatControl_bringup/share/heatControl_bringup/environment/ament_prefix_path.dsv
[0.048s] -- Up-to-date: /home/kejun/git_dir/ros2_project/assignments/assign01/assn01_ws/install/heatControl_bringup/share/heatControl_bringup/environment/path.sh
[0.048s] -- Up-to-date: /home/kejun/git_dir/ros2_project/assignments/assign01/assn01_ws/install/heatControl_bringup/share/heatControl_bringup/environment/path.dsv
[0.048s] -- Up-to-date: /home/kejun/git_dir/ros2_project/assignments/assign01/assn01_ws/install/heatControl_bringup/share/heatControl_bringup/local_setup.bash
[0.048s] -- Up-to-date: /home/kejun/git_dir/ros2_project/assignments/assign01/assn01_ws/install/heatControl_bringup/share/heatControl_bringup/local_setup.sh
[0.048s] -- Up-to-date: /home/kejun/git_dir/ros2_project/assignments/assign01/assn01_ws/install/heatControl_bringup/share/heatControl_bringup/local_setup.zsh
[0.048s] -- Up-to-date: /home/kejun/git_dir/ros2_project/assignments/assign01/assn01_ws/install/heatControl_bringup/share/heatControl_bringup/local_setup.dsv
[0.048s] -- Installing: /home/kejun/git_dir/ros2_project/assignments/assign01/assn01_ws/install/heatControl_bringup/share/heatControl_bringup/package.dsv
[0.048s] -- Up-to-date: /home/kejun/git_dir/ros2_project/assignments/assign01/assn01_ws/install/heatControl_bringup/share/ament_index/resource_index/packages/heatControl_bringup
[0.048s] -- Up-to-date: /home/kejun/git_dir/ros2_project/assignments/assign01/assn01_ws/install/heatControl_bringup/share/heatControl_bringup/cmake/heatControl_bringupConfig.cmake
[0.048s] -- Up-to-date: /home/kejun/git_dir/ros2_project/assignments/assign01/assn01_ws/install/heatControl_bringup/share/heatControl_bringup/cmake/heatControl_bringupConfig-version.cmake
[0.048s] -- Up-to-date: /home/kejun/git_dir/ros2_project/assignments/assign01/assn01_ws/install/heatControl_bringup/share/heatControl_bringup/package.xml
[0.049s] Invoked command in '/home/kejun/git_dir/ros2_project/assignments/assign01/assn01_ws/build/heatControl_bringup' returned '0': AMENT_PREFIX_PATH=/home/kejun/git_dir/ros2_project/assignments/assign01/assn01_ws/install/heatControl_py:/home/kejun/git_dir/ros2_project/assignments/assign01/assn01_ws/install/heatControl_bringup:/home/kejun/git_dir/ros2_project/assignments/assign01/assn01_ws/install/heatControl_cpp:/opt/ros/jazzy CMAKE_PREFIX_PATH=${CMAKE_PREFIX_PATH}:/home/kejun/git_dir/ros2_project/assignments/assign01/assn01_ws/install/heatControl_py:/opt/ros/jazzy DEBUGINFOD_URLS=https://debuginfod.ubuntu.com /usr/bin/cmake --install /home/kejun/git_dir/ros2_project/assignments/assign01/assn01_ws/build/heatControl_bringup
