[0.665s] Invoking command in '/home/kejun/git_dir/ros2_project/assignments/assign01/assn01_ws/src/heatControl_py': DEBUGINFOD_URLS=https://debuginfod.ubuntu.com PYTHONPATH=/home/kejun/git_dir/ros2_project/assignments/assign01/assn01_ws/build/heatControl_py/prefix_override:/usr/lib/python3/dist-packages/colcon_core/task/python/colcon_distutils_commands:/home/kejun/git_dir/ros2_project/assignments/assign01/assn01_ws/install/heatControl_py/lib/python3.12/site-packages:${PYTHONPATH} /usr/bin/python3 -W ignore:setup.py install is deprecated -W ignore:easy_install command is deprecated setup.py egg_info --egg-base ../../build/heatControl_py build --build-base /home/kejun/git_dir/ros2_project/assignments/assign01/assn01_ws/build/heatControl_py/build install --record /home/kejun/git_dir/ros2_project/assignments/assign01/assn01_ws/build/heatControl_py/install.log --single-version-externally-managed install_data
[0.890s] running egg_info
[0.908s] writing ../../build/heatControl_py/heatControl_py.egg-info/PKG-INFO
[0.908s] writing dependency_links to ../../build/heatControl_py/heatControl_py.egg-info/dependency_links.txt
[0.909s] writing entry points to ../../build/heatControl_py/heatControl_py.egg-info/entry_points.txt
[0.909s] writing requirements to ../../build/heatControl_py/heatControl_py.egg-info/requires.txt
[0.909s] writing top-level names to ../../build/heatControl_py/heatControl_py.egg-info/top_level.txt
[0.944s] reading manifest file '../../build/heatControl_py/heatControl_py.egg-info/SOURCES.txt'
[0.944s] writing manifest file '../../build/heatControl_py/heatControl_py.egg-info/SOURCES.txt'
[0.945s] running build
[0.945s] running build_py
[0.945s] running install
[0.950s] running install_lib
[0.969s] running install_data
[0.969s] running install_egg_info
[0.987s] removing '/home/kejun/git_dir/ros2_project/assignments/assign01/assn01_ws/install/heatControl_py/lib/python3.12/site-packages/heatControl_py-0.0.0-py3.12.egg-info' (and everything under it)
[0.987s] Copying ../../build/heatControl_py/heatControl_py.egg-info to /home/kejun/git_dir/ros2_project/assignments/assign01/assn01_ws/install/heatControl_py/lib/python3.12/site-packages/heatControl_py-0.0.0-py3.12.egg-info
[0.988s] running install_scripts
[1.101s] Installing heater script to /home/kejun/git_dir/ros2_project/assignments/assign01/assn01_ws/install/heatControl_py/lib/heatControl_py
[1.101s] Installing tempSensor script to /home/kejun/git_dir/ros2_project/assignments/assign01/assn01_ws/install/heatControl_py/lib/heatControl_py
[1.101s] Installing thermostat script to /home/kejun/git_dir/ros2_project/assignments/assign01/assn01_ws/install/heatControl_py/lib/heatControl_py
[1.101s] writing list of installed files to '/home/kejun/git_dir/ros2_project/assignments/assign01/assn01_ws/build/heatControl_py/install.log'
[1.126s] Invoked command in '/home/kejun/git_dir/ros2_project/assignments/assign01/assn01_ws/src/heatControl_py' returned '0': DEBUGINFOD_URLS=https://debuginfod.ubuntu.com PYTHONPATH=/home/kejun/git_dir/ros2_project/assignments/assign01/assn01_ws/build/heatControl_py/prefix_override:/usr/lib/python3/dist-packages/colcon_core/task/python/colcon_distutils_commands:/home/kejun/git_dir/ros2_project/assignments/assign01/assn01_ws/install/heatControl_py/lib/python3.12/site-packages:${PYTHONPATH} /usr/bin/python3 -W ignore:setup.py install is deprecated -W ignore:easy_install command is deprecated setup.py egg_info --egg-base ../../build/heatControl_py build --build-base /home/kejun/git_dir/ros2_project/assignments/assign01/assn01_ws/build/heatControl_py/build install --record /home/kejun/git_dir/ros2_project/assignments/assign01/assn01_ws/build/heatControl_py/install.log --single-version-externally-managed install_data
