[0.446s] Invoking command in '/home/kejun/study/node_ws/src/nodes_py': DEBUGINFOD_URLS=https://debuginfod.ubuntu.com PYTHONPATH=/home/kejun/study/node_ws/build/nodes_py/prefix_override:/usr/lib/python3/dist-packages/colcon_core/task/python/colcon_distutils_commands:/home/kejun/study/node_ws/install/nodes_py/lib/python3.12/site-packages:${PYTHONPATH} /usr/bin/python3 -W ignore:setup.py install is deprecated -W ignore:easy_install command is deprecated setup.py egg_info --egg-base ../../build/nodes_py build --build-base /home/kejun/study/node_ws/build/nodes_py/build install --record /home/kejun/study/node_ws/build/nodes_py/install.log --single-version-externally-managed install_data
[0.588s] running egg_info
[0.589s] creating ../../build/nodes_py/nodes_py.egg-info
[0.595s] writing ../../build/nodes_py/nodes_py.egg-info/PKG-INFO
[0.595s] writing dependency_links to ../../build/nodes_py/nodes_py.egg-info/dependency_links.txt
[0.595s] writing requirements to ../../build/nodes_py/nodes_py.egg-info/requires.txt
[0.596s] writing top-level names to ../../build/nodes_py/nodes_py.egg-info/top_level.txt
[0.596s] writing manifest file '../../build/nodes_py/nodes_py.egg-info/SOURCES.txt'
[0.616s] reading manifest file '../../build/nodes_py/nodes_py.egg-info/SOURCES.txt'
[0.616s] writing manifest file '../../build/nodes_py/nodes_py.egg-info/SOURCES.txt'
[0.616s] running build
[0.617s] running build_py
[0.617s] creating /home/kejun/study/node_ws/build/nodes_py/build
[0.617s] creating /home/kejun/study/node_ws/build/nodes_py/build/lib
[0.617s] creating /home/kejun/study/node_ws/build/nodes_py/build/lib/nodes_py
[0.617s] copying nodes_py/sender.py -> /home/kejun/study/node_ws/build/nodes_py/build/lib/nodes_py
[0.617s] copying nodes_py/receiver.py -> /home/kejun/study/node_ws/build/nodes_py/build/lib/nodes_py
[0.618s] copying nodes_py/__init__.py -> /home/kejun/study/node_ws/build/nodes_py/build/lib/nodes_py
[0.618s] running install
[0.621s] running install_lib
[0.630s] creating /home/kejun/study/node_ws/install/nodes_py/lib/python3.12/site-packages/nodes_py
[0.630s] copying /home/kejun/study/node_ws/build/nodes_py/build/lib/nodes_py/sender.py -> /home/kejun/study/node_ws/install/nodes_py/lib/python3.12/site-packages/nodes_py
[0.631s] copying /home/kejun/study/node_ws/build/nodes_py/build/lib/nodes_py/receiver.py -> /home/kejun/study/node_ws/install/nodes_py/lib/python3.12/site-packages/nodes_py
[0.631s] copying /home/kejun/study/node_ws/build/nodes_py/build/lib/nodes_py/__init__.py -> /home/kejun/study/node_ws/install/nodes_py/lib/python3.12/site-packages/nodes_py
[0.631s] byte-compiling /home/kejun/study/node_ws/install/nodes_py/lib/python3.12/site-packages/nodes_py/sender.py to sender.cpython-312.pyc
[0.632s] byte-compiling /home/kejun/study/node_ws/install/nodes_py/lib/python3.12/site-packages/nodes_py/receiver.py to receiver.cpython-312.pyc
[0.632s] byte-compiling /home/kejun/study/node_ws/install/nodes_py/lib/python3.12/site-packages/nodes_py/__init__.py to __init__.cpython-312.pyc
[0.632s] running install_data
[0.633s] creating /home/kejun/study/node_ws/install/nodes_py/share/ament_index
[0.633s] creating /home/kejun/study/node_ws/install/nodes_py/share/ament_index/resource_index
[0.633s] creating /home/kejun/study/node_ws/install/nodes_py/share/ament_index/resource_index/packages
[0.633s] copying resource/nodes_py -> /home/kejun/study/node_ws/install/nodes_py/share/ament_index/resource_index/packages
[0.633s] copying package.xml -> /home/kejun/study/node_ws/install/nodes_py/share/nodes_py
[0.633s] running install_egg_info
[0.643s] Copying ../../build/nodes_py/nodes_py.egg-info to /home/kejun/study/node_ws/install/nodes_py/lib/python3.12/site-packages/nodes_py-0.0.0-py3.12.egg-info
[0.643s] running install_scripts
[0.712s] writing list of installed files to '/home/kejun/study/node_ws/build/nodes_py/install.log'
[0.736s] Invoked command in '/home/kejun/study/node_ws/src/nodes_py' returned '0': DEBUGINFOD_URLS=https://debuginfod.ubuntu.com PYTHONPATH=/home/kejun/study/node_ws/build/nodes_py/prefix_override:/usr/lib/python3/dist-packages/colcon_core/task/python/colcon_distutils_commands:/home/kejun/study/node_ws/install/nodes_py/lib/python3.12/site-packages:${PYTHONPATH} /usr/bin/python3 -W ignore:setup.py install is deprecated -W ignore:easy_install command is deprecated setup.py egg_info --egg-base ../../build/nodes_py build --build-base /home/kejun/study/node_ws/build/nodes_py/build install --record /home/kejun/study/node_ws/build/nodes_py/install.log --single-version-externally-managed install_data
