running egg_info
writing ../../build/heatControl_py/heatControl_py.egg-info/PKG-INFO
writing dependency_links to ../../build/heatControl_py/heatControl_py.egg-info/dependency_links.txt
writing entry points to ../../build/heatControl_py/heatControl_py.egg-info/entry_points.txt
writing requirements to ../../build/heatControl_py/heatControl_py.egg-info/requires.txt
writing top-level names to ../../build/heatControl_py/heatControl_py.egg-info/top_level.txt
reading manifest file '../../build/heatControl_py/heatControl_py.egg-info/SOURCES.txt'
writing manifest file '../../build/heatControl_py/heatControl_py.egg-info/SOURCES.txt'
running build
running build_py
copying heatControl_py/thermostat.py -> /home/kejun/git_dir/ros2_project/assignments/assign01/assn01_ws/build/heatControl_py/build/lib/heatControl_py
running install
running install_lib
copying /home/kejun/git_dir/ros2_project/assignments/assign01/assn01_ws/build/heatControl_py/build/lib/heatControl_py/thermostat.py -> /home/kejun/git_dir/ros2_project/assignments/assign01/assn01_ws/install/heatControl_py/lib/python3.12/site-packages/heatControl_py
byte-compiling /home/kejun/git_dir/ros2_project/assignments/assign01/assn01_ws/install/heatControl_py/lib/python3.12/site-packages/heatControl_py/thermostat.py to thermostat.cpython-312.pyc
running install_data
running install_egg_info
removing '/home/kejun/git_dir/ros2_project/assignments/assign01/assn01_ws/install/heatControl_py/lib/python3.12/site-packages/heatControl_py-0.0.0-py3.12.egg-info' (and everything under it)
Copying ../../build/heatControl_py/heatControl_py.egg-info to /home/kejun/git_dir/ros2_project/assignments/assign01/assn01_ws/install/heatControl_py/lib/python3.12/site-packages/heatControl_py-0.0.0-py3.12.egg-info
running install_scripts
Installing heater script to /home/kejun/git_dir/ros2_project/assignments/assign01/assn01_ws/install/heatControl_py/lib/heatControl_py
Installing tempSensor script to /home/kejun/git_dir/ros2_project/assignments/assign01/assn01_ws/install/heatControl_py/lib/heatControl_py
Installing thermostat script to /home/kejun/git_dir/ros2_project/assignments/assign01/assn01_ws/install/heatControl_py/lib/heatControl_py
writing list of installed files to '/home/kejun/git_dir/ros2_project/assignments/assign01/assn01_ws/build/heatControl_py/install.log'
