running egg_info
creating ../../build/nodes_py/nodes_py.egg-info
writing ../../build/nodes_py/nodes_py.egg-info/PKG-INFO
writing dependency_links to ../../build/nodes_py/nodes_py.egg-info/dependency_links.txt
writing entry points to ../../build/nodes_py/nodes_py.egg-info/entry_points.txt
writing requirements to ../../build/nodes_py/nodes_py.egg-info/requires.txt
writing top-level names to ../../build/nodes_py/nodes_py.egg-info/top_level.txt
writing manifest file '../../build/nodes_py/nodes_py.egg-info/SOURCES.txt'
reading manifest file '../../build/nodes_py/nodes_py.egg-info/SOURCES.txt'
writing manifest file '../../build/nodes_py/nodes_py.egg-info/SOURCES.txt'
running build
running build_py
creating /home/kejun/git_dir/ros2_project/course/node_ws/build/nodes_py/build
creating /home/kejun/git_dir/ros2_project/course/node_ws/build/nodes_py/build/lib
creating /home/kejun/git_dir/ros2_project/course/node_ws/build/nodes_py/build/lib/nodes_py
copying nodes_py/receiver.py -> /home/kejun/git_dir/ros2_project/course/node_ws/build/nodes_py/build/lib/nodes_py
copying nodes_py/__init__.py -> /home/kejun/git_dir/ros2_project/course/node_ws/build/nodes_py/build/lib/nodes_py
copying nodes_py/sender.py -> /home/kejun/git_dir/ros2_project/course/node_ws/build/nodes_py/build/lib/nodes_py
running install
running install_lib
creating /home/kejun/git_dir/ros2_project/course/node_ws/install/nodes_py/lib/python3.12/site-packages/nodes_py
copying /home/kejun/git_dir/ros2_project/course/node_ws/build/nodes_py/build/lib/nodes_py/receiver.py -> /home/kejun/git_dir/ros2_project/course/node_ws/install/nodes_py/lib/python3.12/site-packages/nodes_py
copying /home/kejun/git_dir/ros2_project/course/node_ws/build/nodes_py/build/lib/nodes_py/__init__.py -> /home/kejun/git_dir/ros2_project/course/node_ws/install/nodes_py/lib/python3.12/site-packages/nodes_py
copying /home/kejun/git_dir/ros2_project/course/node_ws/build/nodes_py/build/lib/nodes_py/sender.py -> /home/kejun/git_dir/ros2_project/course/node_ws/install/nodes_py/lib/python3.12/site-packages/nodes_py
byte-compiling /home/kejun/git_dir/ros2_project/course/node_ws/install/nodes_py/lib/python3.12/site-packages/nodes_py/receiver.py to receiver.cpython-312.pyc
byte-compiling /home/kejun/git_dir/ros2_project/course/node_ws/install/nodes_py/lib/python3.12/site-packages/nodes_py/__init__.py to __init__.cpython-312.pyc
byte-compiling /home/kejun/git_dir/ros2_project/course/node_ws/install/nodes_py/lib/python3.12/site-packages/nodes_py/sender.py to sender.cpython-312.pyc
running install_data
running install_egg_info
Copying ../../build/nodes_py/nodes_py.egg-info to /home/kejun/git_dir/ros2_project/course/node_ws/install/nodes_py/lib/python3.12/site-packages/nodes_py-0.0.0-py3.12.egg-info
running install_scripts
Installing receiverExe script to /home/kejun/git_dir/ros2_project/course/node_ws/install/nodes_py/lib/nodes_py
Installing senderExe script to /home/kejun/git_dir/ros2_project/course/node_ws/install/nodes_py/lib/nodes_py
writing list of installed files to '/home/kejun/git_dir/ros2_project/course/node_ws/build/nodes_py/install.log'
