[0.008s] Invoking command in '/home/kejun/git_dir/ros2_project/assignments/assign01/assn01_ws/build/heatControl_bringup': AMENT_PREFIX_PATH=/home/kejun/git_dir/ros2_project/assignments/assign01/assn01_ws/install/heatControl_py:${AMENT_PREFIX_PATH} CMAKE_PREFIX_PATH=${CMAKE_PREFIX_PATH}:/opt/ros/jazzy DEBUGINFOD_URLS=https://debuginfod.ubuntu.com PYTHONPATH=/home/kejun/git_dir/ros2_project/assignments/assign01/assn01_ws/install/heatControl_py/lib/python3.12/site-packages:${PYTHONPATH} /usr/bin/cmake --build /home/kejun/git_dir/ros2_project/assignments/assign01/assn01_ws/build/heatControl_bringup -- -j16 -l16
[0.037s] Invoked command in '/home/kejun/git_dir/ros2_project/assignments/assign01/assn01_ws/build/heatControl_bringup' returned '0': AMENT_PREFIX_PATH=/home/kejun/git_dir/ros2_project/assignments/assign01/assn01_ws/install/heatControl_py:${AMENT_PREFIX_PATH} CMAKE_PREFIX_PATH=${CMAKE_PREFIX_PATH}:/opt/ros/jazzy DEBUGINFOD_URLS=https://debuginfod.ubuntu.com PYTHONPATH=/home/kejun/git_dir/ros2_project/assignments/assign01/assn01_ws/install/heatControl_py/lib/python3.12/site-packages:${PYTHONPATH} /usr/bin/cmake --build /home/kejun/git_dir/ros2_project/assignments/assign01/assn01_ws/build/heatControl_bringup -- -j16 -l16
[0.044s] Invoking command in '/home/kejun/git_dir/ros2_project/assignments/assign01/assn01_ws/build/heatControl_bringup': AMENT_PREFIX_PATH=/home/kejun/git_dir/ros2_project/assignments/assign01/assn01_ws/install/heatControl_py:${AMENT_PREFIX_PATH} CMAKE_PREFIX_PATH=${CMAKE_PREFIX_PATH}:/opt/ros/jazzy DEBUGINFOD_URLS=https://debuginfod.ubuntu.com PYTHONPATH=/home/kejun/git_dir/ros2_project/assignments/assign01/assn01_ws/install/heatControl_py/lib/python3.12/site-packages:${PYTHONPATH} /usr/bin/cmake --install /home/kejun/git_dir/ros2_project/assignments/assign01/assn01_ws/build/heatControl_bringup
[0.051s] -- Install configuration: ""
[0.051s] -- Up-to-date: /home/kejun/git_dir/ros2_project/assignments/assign01/assn01_ws/install/heatControl_bringup/share/heatControl_bringup/launch
[0.051s] -- Up-to-date: /home/kejun/git_dir/ros2_project/assignments/assign01/assn01_ws/install/heatControl_bringup/share/heatControl_bringup/launch/heatControl.launch.py
[0.051s] -- Up-to-date: /home/kejun/git_dir/ros2_project/assignments/assign01/assn01_ws/install/heatControl_bringup/share/ament_index/resource_index/package_run_dependencies/heatControl_bringup
[0.051s] -- Up-to-date: /home/kejun/git_dir/ros2_project/assignments/assign01/assn01_ws/install/heatControl_bringup/share/ament_index/resource_index/parent_prefix_path/heatControl_bringup
[0.051s] -- Up-to-date: /home/kejun/git_dir/ros2_project/assignments/assign01/assn01_ws/install/heatControl_bringup/share/heatControl_bringup/environment/ament_prefix_path.sh
[0.052s] -- Up-to-date: /home/kejun/git_dir/ros2_project/assignments/assign01/assn01_ws/install/heatControl_bringup/share/heatControl_bringup/environment/ament_prefix_path.dsv
[0.052s] -- Up-to-date: /home/kejun/git_dir/ros2_project/assignments/assign01/assn01_ws/install/heatControl_bringup/share/heatControl_bringup/environment/path.sh
[0.052s] -- Up-to-date: /home/kejun/git_dir/ros2_project/assignments/assign01/assn01_ws/install/heatControl_bringup/share/heatControl_bringup/environment/path.dsv
[0.052s] -- Up-to-date: /home/kejun/git_dir/ros2_project/assignments/assign01/assn01_ws/install/heatControl_bringup/share/heatControl_bringup/local_setup.bash
[0.052s] -- Up-to-date: /home/kejun/git_dir/ros2_project/assignments/assign01/assn01_ws/install/heatControl_bringup/share/heatControl_bringup/local_setup.sh
[0.052s] -- Up-to-date: /home/kejun/git_dir/ros2_project/assignments/assign01/assn01_ws/install/heatControl_bringup/share/heatControl_bringup/local_setup.zsh
[0.053s] -- Up-to-date: /home/kejun/git_dir/ros2_project/assignments/assign01/assn01_ws/install/heatControl_bringup/share/heatControl_bringup/local_setup.dsv
[0.053s] -- Up-to-date: /home/kejun/git_dir/ros2_project/assignments/assign01/assn01_ws/install/heatControl_bringup/share/heatControl_bringup/package.dsv
[0.053s] -- Up-to-date: /home/kejun/git_dir/ros2_project/assignments/assign01/assn01_ws/install/heatControl_bringup/share/ament_index/resource_index/packages/heatControl_bringup
[0.054s] -- Up-to-date: /home/kejun/git_dir/ros2_project/assignments/assign01/assn01_ws/install/heatControl_bringup/share/heatControl_bringup/cmake/heatControl_bringupConfig.cmake
[0.054s] -- Up-to-date: /home/kejun/git_dir/ros2_project/assignments/assign01/assn01_ws/install/heatControl_bringup/share/heatControl_bringup/cmake/heatControl_bringupConfig-version.cmake
[0.054s] -- Up-to-date: /home/kejun/git_dir/ros2_project/assignments/assign01/assn01_ws/install/heatControl_bringup/share/heatControl_bringup/package.xml
[0.055s] Invoked command in '/home/kejun/git_dir/ros2_project/assignments/assign01/assn01_ws/build/heatControl_bringup' returned '0': AMENT_PREFIX_PATH=/home/kejun/git_dir/ros2_project/assignments/assign01/assn01_ws/install/heatControl_py:${AMENT_PREFIX_PATH} CMAKE_PREFIX_PATH=${CMAKE_PREFIX_PATH}:/opt/ros/jazzy DEBUGINFOD_URLS=https://debuginfod.ubuntu.com PYTHONPATH=/home/kejun/git_dir/ros2_project/assignments/assign01/assn01_ws/install/heatControl_py/lib/python3.12/site-packages:${PYTHONPATH} /usr/bin/cmake --install /home/kejun/git_dir/ros2_project/assignments/assign01/assn01_ws/build/heatControl_bringup
