[1.253s] Invoking command in '/home/kejun/git_dir/ros2_project/ros2_from_scratch_book/ros2_ws/src/my_py_pkg': DEBUGINFOD_URLS=https://debuginfod.ubuntu.com PYTHONPATH=/home/kejun/git_dir/ros2_project/ros2_from_scratch_book/ros2_ws/build/my_py_pkg/prefix_override:/usr/lib/python3/dist-packages/colcon_core/task/python/colcon_distutils_commands:/home/kejun/git_dir/ros2_project/ros2_from_scratch_book/ros2_ws/install/my_py_pkg/lib/python3.12/site-packages:${PYTHONPATH} /usr/bin/python3 -W ignore:setup.py install is deprecated -W ignore:easy_install command is deprecated setup.py egg_info --egg-base ../../build/my_py_pkg build --build-base /home/kejun/git_dir/ros2_project/ros2_from_scratch_book/ros2_ws/build/my_py_pkg/build install --record /home/kejun/git_dir/ros2_project/ros2_from_scratch_book/ros2_ws/build/my_py_pkg/install.log --single-version-externally-managed install_data
[1.580s] running egg_info
[1.613s] writing ../../build/my_py_pkg/my_py_pkg.egg-info/PKG-INFO
[1.623s] writing dependency_links to ../../build/my_py_pkg/my_py_pkg.egg-info/dependency_links.txt
[1.626s] writing entry points to ../../build/my_py_pkg/my_py_pkg.egg-info/entry_points.txt
[1.626s] writing requirements to ../../build/my_py_pkg/my_py_pkg.egg-info/requires.txt
[1.626s] writing top-level names to ../../build/my_py_pkg/my_py_pkg.egg-info/top_level.txt
[1.663s] reading manifest file '../../build/my_py_pkg/my_py_pkg.egg-info/SOURCES.txt'
[1.665s] writing manifest file '../../build/my_py_pkg/my_py_pkg.egg-info/SOURCES.txt'
[1.665s] running build
[1.665s] running build_py
[1.666s] running install
[1.673s] running install_lib
[1.691s] running install_data
[1.692s] running install_egg_info
[1.719s] removing '/home/kejun/git_dir/ros2_project/ros2_from_scratch_book/ros2_ws/install/my_py_pkg/lib/python3.12/site-packages/my_py_pkg-0.0.0-py3.12.egg-info' (and everything under it)
[1.721s] Copying ../../build/my_py_pkg/my_py_pkg.egg-info to /home/kejun/git_dir/ros2_project/ros2_from_scratch_book/ros2_ws/install/my_py_pkg/lib/python3.12/site-packages/my_py_pkg-0.0.0-py3.12.egg-info
[1.724s] running install_scripts
[1.889s] Installing number_counter script to /home/kejun/git_dir/ros2_project/ros2_from_scratch_book/ros2_ws/install/my_py_pkg/lib/my_py_pkg
[1.898s] Installing number_publisher script to /home/kejun/git_dir/ros2_project/ros2_from_scratch_book/ros2_ws/install/my_py_pkg/lib/my_py_pkg
[1.898s] Installing test_node script to /home/kejun/git_dir/ros2_project/ros2_from_scratch_book/ros2_ws/install/my_py_pkg/lib/my_py_pkg
[1.900s] writing list of installed files to '/home/kejun/git_dir/ros2_project/ros2_from_scratch_book/ros2_ws/build/my_py_pkg/install.log'
[1.971s] Invoked command in '/home/kejun/git_dir/ros2_project/ros2_from_scratch_book/ros2_ws/src/my_py_pkg' returned '0': DEBUGINFOD_URLS=https://debuginfod.ubuntu.com PYTHONPATH=/home/kejun/git_dir/ros2_project/ros2_from_scratch_book/ros2_ws/build/my_py_pkg/prefix_override:/usr/lib/python3/dist-packages/colcon_core/task/python/colcon_distutils_commands:/home/kejun/git_dir/ros2_project/ros2_from_scratch_book/ros2_ws/install/my_py_pkg/lib/python3.12/site-packages:${PYTHONPATH} /usr/bin/python3 -W ignore:setup.py install is deprecated -W ignore:easy_install command is deprecated setup.py egg_info --egg-base ../../build/my_py_pkg build --build-base /home/kejun/git_dir/ros2_project/ros2_from_scratch_book/ros2_ws/build/my_py_pkg/build install --record /home/kejun/git_dir/ros2_project/ros2_from_scratch_book/ros2_ws/build/my_py_pkg/install.log --single-version-externally-managed install_data
