[0.753s] Invoking command in '/home/kejun/git_dir/ros2_project/ros2_from_scratch_book/ros2_ws/src/my_py_pkg': AMENT_PREFIX_PATH=/home/kejun/git_dir/ros2_project/ros2_from_scratch_book/ros2_ws/install/my_robot_interfaces:${AMENT_PREFIX_PATH} CMAKE_PREFIX_PATH=/home/kejun/git_dir/ros2_project/ros2_from_scratch_book/ros2_ws/install/my_robot_interfaces:${CMAKE_PREFIX_PATH} LD_LIBRARY_PATH=/home/kejun/git_dir/ros2_project/ros2_from_scratch_book/ros2_ws/install/my_robot_interfaces/lib:${LD_LIBRARY_PATH} PYTHONPATH=/home/kejun/git_dir/ros2_project/ros2_from_scratch_book/ros2_ws/build/my_py_pkg/prefix_override:/usr/lib/python3/dist-packages/colcon_core/task/python/colcon_distutils_commands:/home/kejun/git_dir/ros2_project/ros2_from_scratch_book/ros2_ws/install/my_py_pkg/lib/python3.12/site-packages:/home/kejun/git_dir/ros2_project/ros2_from_scratch_book/ros2_ws/install/my_robot_interfaces/lib/python3.12/site-packages:${PYTHONPATH} /usr/bin/python3 -W ignore:setup.py install is deprecated -W ignore:easy_install command is deprecated setup.py egg_info --egg-base ../../build/my_py_pkg build --build-base /home/kejun/git_dir/ros2_project/ros2_from_scratch_book/ros2_ws/build/my_py_pkg/build install --record /home/kejun/git_dir/ros2_project/ros2_from_scratch_book/ros2_ws/build/my_py_pkg/install.log --single-version-externally-managed install_data
[0.977s] running egg_info
[0.977s] creating ../../build/my_py_pkg/my_py_pkg.egg-info
[0.993s] writing ../../build/my_py_pkg/my_py_pkg.egg-info/PKG-INFO
[0.994s] writing dependency_links to ../../build/my_py_pkg/my_py_pkg.egg-info/dependency_links.txt
[0.994s] writing entry points to ../../build/my_py_pkg/my_py_pkg.egg-info/entry_points.txt
[0.994s] writing requirements to ../../build/my_py_pkg/my_py_pkg.egg-info/requires.txt
[0.994s] writing top-level names to ../../build/my_py_pkg/my_py_pkg.egg-info/top_level.txt
[0.994s] writing manifest file '../../build/my_py_pkg/my_py_pkg.egg-info/SOURCES.txt'
[1.029s] reading manifest file '../../build/my_py_pkg/my_py_pkg.egg-info/SOURCES.txt'
[1.030s] writing manifest file '../../build/my_py_pkg/my_py_pkg.egg-info/SOURCES.txt'
[1.030s] running build
[1.030s] running build_py
[1.030s] creating /home/kejun/git_dir/ros2_project/ros2_from_scratch_book/ros2_ws/build/my_py_pkg/build
[1.030s] creating /home/kejun/git_dir/ros2_project/ros2_from_scratch_book/ros2_ws/build/my_py_pkg/build/lib
[1.030s] creating /home/kejun/git_dir/ros2_project/ros2_from_scratch_book/ros2_ws/build/my_py_pkg/build/lib/my_py_pkg
[1.031s] copying my_py_pkg/my_first_node.py -> /home/kejun/git_dir/ros2_project/ros2_from_scratch_book/ros2_ws/build/my_py_pkg/build/lib/my_py_pkg
[1.031s] copying my_py_pkg/__init__.py -> /home/kejun/git_dir/ros2_project/ros2_from_scratch_book/ros2_ws/build/my_py_pkg/build/lib/my_py_pkg
[1.031s] copying my_py_pkg/number_publisher.py -> /home/kejun/git_dir/ros2_project/ros2_from_scratch_book/ros2_ws/build/my_py_pkg/build/lib/my_py_pkg
[1.032s] copying my_py_pkg/number_counter.py -> /home/kejun/git_dir/ros2_project/ros2_from_scratch_book/ros2_ws/build/my_py_pkg/build/lib/my_py_pkg
[1.032s] running install
[1.038s] running install_lib
[1.055s] creating /home/kejun/git_dir/ros2_project/ros2_from_scratch_book/ros2_ws/install/my_py_pkg/lib/python3.12/site-packages/my_py_pkg
[1.055s] copying /home/kejun/git_dir/ros2_project/ros2_from_scratch_book/ros2_ws/build/my_py_pkg/build/lib/my_py_pkg/my_first_node.py -> /home/kejun/git_dir/ros2_project/ros2_from_scratch_book/ros2_ws/install/my_py_pkg/lib/python3.12/site-packages/my_py_pkg
[1.055s] copying /home/kejun/git_dir/ros2_project/ros2_from_scratch_book/ros2_ws/build/my_py_pkg/build/lib/my_py_pkg/__init__.py -> /home/kejun/git_dir/ros2_project/ros2_from_scratch_book/ros2_ws/install/my_py_pkg/lib/python3.12/site-packages/my_py_pkg
[1.055s] copying /home/kejun/git_dir/ros2_project/ros2_from_scratch_book/ros2_ws/build/my_py_pkg/build/lib/my_py_pkg/number_publisher.py -> /home/kejun/git_dir/ros2_project/ros2_from_scratch_book/ros2_ws/install/my_py_pkg/lib/python3.12/site-packages/my_py_pkg
[1.055s] copying /home/kejun/git_dir/ros2_project/ros2_from_scratch_book/ros2_ws/build/my_py_pkg/build/lib/my_py_pkg/number_counter.py -> /home/kejun/git_dir/ros2_project/ros2_from_scratch_book/ros2_ws/install/my_py_pkg/lib/python3.12/site-packages/my_py_pkg
[1.056s] byte-compiling /home/kejun/git_dir/ros2_project/ros2_from_scratch_book/ros2_ws/install/my_py_pkg/lib/python3.12/site-packages/my_py_pkg/my_first_node.py to my_first_node.cpython-312.pyc
[1.056s] byte-compiling /home/kejun/git_dir/ros2_project/ros2_from_scratch_book/ros2_ws/install/my_py_pkg/lib/python3.12/site-packages/my_py_pkg/__init__.py to __init__.cpython-312.pyc
[1.057s] byte-compiling /home/kejun/git_dir/ros2_project/ros2_from_scratch_book/ros2_ws/install/my_py_pkg/lib/python3.12/site-packages/my_py_pkg/number_publisher.py to number_publisher.cpython-312.pyc
[1.057s] byte-compiling /home/kejun/git_dir/ros2_project/ros2_from_scratch_book/ros2_ws/install/my_py_pkg/lib/python3.12/site-packages/my_py_pkg/number_counter.py to number_counter.cpython-312.pyc
[1.057s] running install_data
[1.058s] running install_egg_info
[1.076s] Copying ../../build/my_py_pkg/my_py_pkg.egg-info to /home/kejun/git_dir/ros2_project/ros2_from_scratch_book/ros2_ws/install/my_py_pkg/lib/python3.12/site-packages/my_py_pkg-0.0.0-py3.12.egg-info
[1.077s] running install_scripts
[1.187s] Installing number_counter script to /home/kejun/git_dir/ros2_project/ros2_from_scratch_book/ros2_ws/install/my_py_pkg/lib/my_py_pkg
[1.187s] Installing number_publisher script to /home/kejun/git_dir/ros2_project/ros2_from_scratch_book/ros2_ws/install/my_py_pkg/lib/my_py_pkg
[1.188s] Installing test_node script to /home/kejun/git_dir/ros2_project/ros2_from_scratch_book/ros2_ws/install/my_py_pkg/lib/my_py_pkg
[1.188s] writing list of installed files to '/home/kejun/git_dir/ros2_project/ros2_from_scratch_book/ros2_ws/build/my_py_pkg/install.log'
[1.206s] Invoked command in '/home/kejun/git_dir/ros2_project/ros2_from_scratch_book/ros2_ws/src/my_py_pkg' returned '0': AMENT_PREFIX_PATH=/home/kejun/git_dir/ros2_project/ros2_from_scratch_book/ros2_ws/install/my_robot_interfaces:${AMENT_PREFIX_PATH} CMAKE_PREFIX_PATH=/home/kejun/git_dir/ros2_project/ros2_from_scratch_book/ros2_ws/install/my_robot_interfaces:${CMAKE_PREFIX_PATH} LD_LIBRARY_PATH=/home/kejun/git_dir/ros2_project/ros2_from_scratch_book/ros2_ws/install/my_robot_interfaces/lib:${LD_LIBRARY_PATH} PYTHONPATH=/home/kejun/git_dir/ros2_project/ros2_from_scratch_book/ros2_ws/build/my_py_pkg/prefix_override:/usr/lib/python3/dist-packages/colcon_core/task/python/colcon_distutils_commands:/home/kejun/git_dir/ros2_project/ros2_from_scratch_book/ros2_ws/install/my_py_pkg/lib/python3.12/site-packages:/home/kejun/git_dir/ros2_project/ros2_from_scratch_book/ros2_ws/install/my_robot_interfaces/lib/python3.12/site-packages:${PYTHONPATH} /usr/bin/python3 -W ignore:setup.py install is deprecated -W ignore:easy_install command is deprecated setup.py egg_info --egg-base ../../build/my_py_pkg build --build-base /home/kejun/git_dir/ros2_project/ros2_from_scratch_book/ros2_ws/build/my_py_pkg/build install --record /home/kejun/git_dir/ros2_project/ros2_from_scratch_book/ros2_ws/build/my_py_pkg/install.log --single-version-externally-managed install_data
