[0.014s] Invoking command in '/home/kejun/git_dir/ros2_project/ros2_from_scratch_book/ros2_ws/build/my_cpp_pkg': CMAKE_PREFIX_PATH=${CMAKE_PREFIX_PATH}:/home/kejun/git_dir/ros2_project/ros2_from_scratch_book/ros2_ws/install/my_py_pkg:/opt/ros/jazzy DEBUGINFOD_URLS=https://debuginfod.ubuntu.com /usr/bin/cmake --build /home/kejun/git_dir/ros2_project/ros2_from_scratch_book/ros2_ws/build/my_cpp_pkg -- -j1 -l1
[0.064s] [ 33%] Built target test_node
[0.083s] [ 66%] Built target number_publisher
[0.109s] [100%] Built target number_counter
[0.123s] Invoked command in '/home/kejun/git_dir/ros2_project/ros2_from_scratch_book/ros2_ws/build/my_cpp_pkg' returned '0': CMAKE_PREFIX_PATH=${CMAKE_PREFIX_PATH}:/home/kejun/git_dir/ros2_project/ros2_from_scratch_book/ros2_ws/install/my_py_pkg:/opt/ros/jazzy DEBUGINFOD_URLS=https://debuginfod.ubuntu.com /usr/bin/cmake --build /home/kejun/git_dir/ros2_project/ros2_from_scratch_book/ros2_ws/build/my_cpp_pkg -- -j1 -l1
[0.132s] Invoking command in '/home/kejun/git_dir/ros2_project/ros2_from_scratch_book/ros2_ws/build/my_cpp_pkg': CMAKE_PREFIX_PATH=${CMAKE_PREFIX_PATH}:/home/kejun/git_dir/ros2_project/ros2_from_scratch_book/ros2_ws/install/my_py_pkg:/opt/ros/jazzy DEBUGINFOD_URLS=https://debuginfod.ubuntu.com /usr/bin/cmake --install /home/kejun/git_dir/ros2_project/ros2_from_scratch_book/ros2_ws/build/my_cpp_pkg
[0.139s] -- Install configuration: ""
[0.139s] -- Up-to-date: /home/kejun/git_dir/ros2_project/ros2_from_scratch_book/ros2_ws/install/my_cpp_pkg/lib/my_cpp_pkg/test_node
[0.139s] -- Up-to-date: /home/kejun/git_dir/ros2_project/ros2_from_scratch_book/ros2_ws/install/my_cpp_pkg/lib/my_cpp_pkg/number_publisher
[0.140s] -- Up-to-date: /home/kejun/git_dir/ros2_project/ros2_from_scratch_book/ros2_ws/install/my_cpp_pkg/lib/my_cpp_pkg/number_counter
[0.140s] -- Up-to-date: /home/kejun/git_dir/ros2_project/ros2_from_scratch_book/ros2_ws/install/my_cpp_pkg/share/ament_index/resource_index/package_run_dependencies/my_cpp_pkg
[0.140s] -- Up-to-date: /home/kejun/git_dir/ros2_project/ros2_from_scratch_book/ros2_ws/install/my_cpp_pkg/share/ament_index/resource_index/parent_prefix_path/my_cpp_pkg
[0.140s] -- Up-to-date: /home/kejun/git_dir/ros2_project/ros2_from_scratch_book/ros2_ws/install/my_cpp_pkg/share/my_cpp_pkg/environment/ament_prefix_path.sh
[0.140s] -- Up-to-date: /home/kejun/git_dir/ros2_project/ros2_from_scratch_book/ros2_ws/install/my_cpp_pkg/share/my_cpp_pkg/environment/ament_prefix_path.dsv
[0.140s] -- Up-to-date: /home/kejun/git_dir/ros2_project/ros2_from_scratch_book/ros2_ws/install/my_cpp_pkg/share/my_cpp_pkg/environment/path.sh
[0.140s] -- Up-to-date: /home/kejun/git_dir/ros2_project/ros2_from_scratch_book/ros2_ws/install/my_cpp_pkg/share/my_cpp_pkg/environment/path.dsv
[0.140s] -- Up-to-date: /home/kejun/git_dir/ros2_project/ros2_from_scratch_book/ros2_ws/install/my_cpp_pkg/share/my_cpp_pkg/local_setup.bash
[0.141s] -- Up-to-date: /home/kejun/git_dir/ros2_project/ros2_from_scratch_book/ros2_ws/install/my_cpp_pkg/share/my_cpp_pkg/local_setup.sh
[0.141s] -- Up-to-date: /home/kejun/git_dir/ros2_project/ros2_from_scratch_book/ros2_ws/install/my_cpp_pkg/share/my_cpp_pkg/local_setup.zsh
[0.141s] -- Up-to-date: /home/kejun/git_dir/ros2_project/ros2_from_scratch_book/ros2_ws/install/my_cpp_pkg/share/my_cpp_pkg/local_setup.dsv
[0.141s] -- Installing: /home/kejun/git_dir/ros2_project/ros2_from_scratch_book/ros2_ws/install/my_cpp_pkg/share/my_cpp_pkg/package.dsv
[0.141s] -- Up-to-date: /home/kejun/git_dir/ros2_project/ros2_from_scratch_book/ros2_ws/install/my_cpp_pkg/share/ament_index/resource_index/packages/my_cpp_pkg
[0.141s] -- Up-to-date: /home/kejun/git_dir/ros2_project/ros2_from_scratch_book/ros2_ws/install/my_cpp_pkg/share/my_cpp_pkg/cmake/my_cpp_pkgConfig.cmake
[0.141s] -- Up-to-date: /home/kejun/git_dir/ros2_project/ros2_from_scratch_book/ros2_ws/install/my_cpp_pkg/share/my_cpp_pkg/cmake/my_cpp_pkgConfig-version.cmake
[0.142s] -- Up-to-date: /home/kejun/git_dir/ros2_project/ros2_from_scratch_book/ros2_ws/install/my_cpp_pkg/share/my_cpp_pkg/package.xml
[0.143s] Invoked command in '/home/kejun/git_dir/ros2_project/ros2_from_scratch_book/ros2_ws/build/my_cpp_pkg' returned '0': CMAKE_PREFIX_PATH=${CMAKE_PREFIX_PATH}:/home/kejun/git_dir/ros2_project/ros2_from_scratch_book/ros2_ws/install/my_py_pkg:/opt/ros/jazzy DEBUGINFOD_URLS=https://debuginfod.ubuntu.com /usr/bin/cmake --install /home/kejun/git_dir/ros2_project/ros2_from_scratch_book/ros2_ws/build/my_cpp_pkg
