-- Found ament_cmake: 2.5.4 (/opt/ros/jazzy/share/ament_cmake/cmake)
-- Found rosidl_default_generators: 1.6.0 (/opt/ros/jazzy/share/rosidl_default_generators/cmake)
-- Using all available rosidl_typesupport_c: rosidl_typesupport_fastrtps_c;rosidl_typesupport_introspection_c
-- Using all available rosidl_typesupport_cpp: rosidl_typesupport_fastrtps_cpp;rosidl_typesupport_introspection_cpp
-- Found rosidl_adapter: 4.6.6 (/opt/ros/jazzy/share/rosidl_adapter/cmake)
-- Found ament_cmake_ros: 0.12.0 (/opt/ros/jazzy/share/ament_cmake_ros/cmake)
-- Using all available rosidl_typesupport_c: rosidl_typesupport_fastrtps_c;rosidl_typesupport_introspection_c
-- Using all available rosidl_typesupport_cpp: rosidl_typesupport_fastrtps_cpp;rosidl_typesupport_introspection_cpp
-- Found python_cmake_module: 0.11.1 (/opt/ros/jazzy/share/python_cmake_module/cmake)
-- Found PythonExtra: /usr/bin/python3  
-- Found Python3: /usr/bin/python3 (found version "3.12.3") found components: Interpreter Development NumPy Development.Module Development.Embed 
-- Found ament_lint_auto: 0.17.3 (/opt/ros/jazzy/share/ament_lint_auto/cmake)
-- Added test 'lint_cmake' to check CMake code style
-- Added test 'xmllint' to check XML markup files
-- Configuring done (1.8s)
-- Generating done (0.0s)
-- Build files have been written to: /home/kejun/git_dir/ros2_project/course/node_ws/build/nodes_interfaces
[  2%] [34m[1mGenerating type hashes for ROS interfaces[0m
[  2%] Built target nodes_interfaces__rosidl_generator_type_description
[  4%] [34m[1mGenerating C++ code for ROS interfaces[0m
[  4%] Built target nodes_interfaces__cpp
[  6%] [34m[1mGenerating C code for ROS interfaces[0m
[  9%] [32mBuilding C object CMakeFiles/nodes_interfaces__rosidl_generator_c.dir/rosidl_generator_c/nodes_interfaces/msg/detail/count_delta__description.c.o[0m
[ 11%] [32mBuilding C object CMakeFiles/nodes_interfaces__rosidl_generator_c.dir/rosidl_generator_c/nodes_interfaces/msg/detail/count_delta__functions.c.o[0m
[ 13%] [32mBuilding C object CMakeFiles/nodes_interfaces__rosidl_generator_c.dir/rosidl_generator_c/nodes_interfaces/msg/detail/count_delta__type_support.c.o[0m
[ 15%] [32mBuilding C object CMakeFiles/nodes_interfaces__rosidl_generator_c.dir/rosidl_generator_c/nodes_interfaces/srv/detail/reset_count__description.c.o[0m
[ 18%] [32mBuilding C object CMakeFiles/nodes_interfaces__rosidl_generator_c.dir/rosidl_generator_c/nodes_interfaces/srv/detail/reset_count__functions.c.o[0m
[ 20%] [32mBuilding C object CMakeFiles/nodes_interfaces__rosidl_generator_c.dir/rosidl_generator_c/nodes_interfaces/srv/detail/reset_count__type_support.c.o[0m
[ 22%] [32m[1mLinking C shared library libnodes_interfaces__rosidl_generator_c.so[0m
[ 22%] Built target nodes_interfaces__rosidl_generator_c
[ 25%] [34m[1mGenerating C++ type support dispatch for ROS interfaces[0m
[ 27%] [32mBuilding CXX object CMakeFiles/nodes_interfaces__rosidl_typesupport_cpp.dir/rosidl_typesupport_cpp/nodes_interfaces/msg/count_delta__type_support.cpp.o[0m
[ 29%] [32mBuilding CXX object CMakeFiles/nodes_interfaces__rosidl_typesupport_cpp.dir/rosidl_typesupport_cpp/nodes_interfaces/srv/reset_count__type_support.cpp.o[0m
[ 31%] [32m[1mLinking CXX shared library libnodes_interfaces__rosidl_typesupport_cpp.so[0m
[ 31%] Built target nodes_interfaces__rosidl_typesupport_cpp
[ 34%] [34m[1mGenerating C type support for eProsima Fast-RTPS[0m
[ 36%] [32mBuilding CXX object CMakeFiles/nodes_interfaces__rosidl_typesupport_fastrtps_c.dir/rosidl_typesupport_fastrtps_c/nodes_interfaces/msg/detail/count_delta__type_support_c.cpp.o[0m
[ 38%] [32mBuilding CXX object CMakeFiles/nodes_interfaces__rosidl_typesupport_fastrtps_c.dir/rosidl_typesupport_fastrtps_c/nodes_interfaces/srv/detail/reset_count__type_support_c.cpp.o[0m
[ 40%] [32m[1mLinking CXX shared library libnodes_interfaces__rosidl_typesupport_fastrtps_c.so[0m
[ 40%] Built target nodes_interfaces__rosidl_typesupport_fastrtps_c
[ 43%] [34m[1mGenerating C introspection for ROS interfaces[0m
[ 45%] [32mBuilding C object CMakeFiles/nodes_interfaces__rosidl_typesupport_introspection_c.dir/rosidl_typesupport_introspection_c/nodes_interfaces/msg/detail/count_delta__type_support.c.o[0m
[ 47%] [32mBuilding C object CMakeFiles/nodes_interfaces__rosidl_typesupport_introspection_c.dir/rosidl_typesupport_introspection_c/nodes_interfaces/srv/detail/reset_count__type_support.c.o[0m
[ 50%] [32m[1mLinking C shared library libnodes_interfaces__rosidl_typesupport_introspection_c.so[0m
[ 50%] Built target nodes_interfaces__rosidl_typesupport_introspection_c
[ 52%] [34m[1mGenerating C type support dispatch for ROS interfaces[0m
[ 54%] [32mBuilding CXX object CMakeFiles/nodes_interfaces__rosidl_typesupport_c.dir/rosidl_typesupport_c/nodes_interfaces/msg/count_delta__type_support.cpp.o[0m
[ 56%] [32mBuilding CXX object CMakeFiles/nodes_interfaces__rosidl_typesupport_c.dir/rosidl_typesupport_c/nodes_interfaces/srv/reset_count__type_support.cpp.o[0m
[ 59%] [32m[1mLinking CXX shared library libnodes_interfaces__rosidl_typesupport_c.so[0m
[ 59%] Built target nodes_interfaces__rosidl_typesupport_c
[ 61%] [34m[1mGenerating C++ type support for eProsima Fast-RTPS[0m
[ 63%] [32mBuilding CXX object CMakeFiles/nodes_interfaces__rosidl_typesupport_fastrtps_cpp.dir/rosidl_typesupport_fastrtps_cpp/nodes_interfaces/msg/detail/dds_fastrtps/count_delta__type_support.cpp.o[0m
[ 65%] [32mBuilding CXX object CMakeFiles/nodes_interfaces__rosidl_typesupport_fastrtps_cpp.dir/rosidl_typesupport_fastrtps_cpp/nodes_interfaces/srv/detail/dds_fastrtps/reset_count__type_support.cpp.o[0m
[ 68%] [32m[1mLinking CXX shared library libnodes_interfaces__rosidl_typesupport_fastrtps_cpp.so[0m
[ 68%] Built target nodes_interfaces__rosidl_typesupport_fastrtps_cpp
[ 70%] [34m[1mGenerating C++ introspection for ROS interfaces[0m
[ 72%] [32mBuilding CXX object CMakeFiles/nodes_interfaces__rosidl_typesupport_introspection_cpp.dir/rosidl_typesupport_introspection_cpp/nodes_interfaces/msg/detail/count_delta__type_support.cpp.o[0m
[ 75%] [32mBuilding CXX object CMakeFiles/nodes_interfaces__rosidl_typesupport_introspection_cpp.dir/rosidl_typesupport_introspection_cpp/nodes_interfaces/srv/detail/reset_count__type_support.cpp.o[0m
[ 77%] [32m[1mLinking CXX shared library libnodes_interfaces__rosidl_typesupport_introspection_cpp.so[0m
[ 77%] Built target nodes_interfaces__rosidl_typesupport_introspection_cpp
[ 77%] Built target nodes_interfaces
[ 77%] Built target ament_cmake_python_copy_nodes_interfaces
running egg_info
creating nodes_interfaces.egg-info
writing nodes_interfaces.egg-info/PKG-INFO
writing dependency_links to nodes_interfaces.egg-info/dependency_links.txt
writing top-level names to nodes_interfaces.egg-info/top_level.txt
writing manifest file 'nodes_interfaces.egg-info/SOURCES.txt'
reading manifest file 'nodes_interfaces.egg-info/SOURCES.txt'
writing manifest file 'nodes_interfaces.egg-info/SOURCES.txt'
[ 77%] Built target ament_cmake_python_build_nodes_interfaces_egg
[ 79%] [34m[1mGenerating Python code for ROS interfaces[0m
[ 79%] Built target nodes_interfaces__py
[ 81%] [32mBuilding C object CMakeFiles/nodes_interfaces__rosidl_generator_py.dir/rosidl_generator_py/nodes_interfaces/msg/_count_delta_s.c.o[0m
[ 84%] [32mBuilding C object CMakeFiles/nodes_interfaces__rosidl_generator_py.dir/rosidl_generator_py/nodes_interfaces/srv/_reset_count_s.c.o[0m
[ 86%] [32m[1mLinking C shared library libnodes_interfaces__rosidl_generator_py.so[0m
[ 86%] Built target nodes_interfaces__rosidl_generator_py
[ 88%] [32mBuilding C object CMakeFiles/nodes_interfaces_s__rosidl_typesupport_fastrtps_c.dir/rosidl_generator_py/nodes_interfaces/_nodes_interfaces_s.ep.rosidl_typesupport_fastrtps_c.c.o[0m
[ 90%] [32m[1mLinking C shared module rosidl_generator_py/nodes_interfaces/nodes_interfaces_s__rosidl_typesupport_fastrtps_c.so[0m
[ 90%] Built target nodes_interfaces_s__rosidl_typesupport_fastrtps_c
[ 93%] [32mBuilding C object CMakeFiles/nodes_interfaces_s__rosidl_typesupport_introspection_c.dir/rosidl_generator_py/nodes_interfaces/_nodes_interfaces_s.ep.rosidl_typesupport_introspection_c.c.o[0m
[ 95%] [32m[1mLinking C shared module rosidl_generator_py/nodes_interfaces/nodes_interfaces_s__rosidl_typesupport_introspection_c.so[0m
[ 95%] Built target nodes_interfaces_s__rosidl_typesupport_introspection_c
[ 97%] [32mBuilding C object CMakeFiles/nodes_interfaces_s__rosidl_typesupport_c.dir/rosidl_generator_py/nodes_interfaces/_nodes_interfaces_s.ep.rosidl_typesupport_c.c.o[0m
[100%] [32m[1mLinking C shared module rosidl_generator_py/nodes_interfaces/nodes_interfaces_s__rosidl_typesupport_c.so[0m
[100%] Built target nodes_interfaces_s__rosidl_typesupport_c
-- Install configuration: ""
-- Installing: /home/kejun/git_dir/ros2_project/course/node_ws/install/nodes_interfaces/share/ament_index/resource_index/rosidl_interfaces/nodes_interfaces
-- Installing: /home/kejun/git_dir/ros2_project/course/node_ws/install/nodes_interfaces/share/nodes_interfaces/msg/CountDelta.json
-- Installing: /home/kejun/git_dir/ros2_project/course/node_ws/install/nodes_interfaces/share/nodes_interfaces/srv/ResetCount.json
-- Installing: /home/kejun/git_dir/ros2_project/course/node_ws/install/nodes_interfaces/include/nodes_interfaces/nodes_interfaces
-- Installing: /home/kejun/git_dir/ros2_project/course/node_ws/install/nodes_interfaces/include/nodes_interfaces/nodes_interfaces/srv
-- Installing: /home/kejun/git_dir/ros2_project/course/node_ws/install/nodes_interfaces/include/nodes_interfaces/nodes_interfaces/srv/detail
-- Installing: /home/kejun/git_dir/ros2_project/course/node_ws/install/nodes_interfaces/include/nodes_interfaces/nodes_interfaces/srv/detail/reset_count__functions.c
-- Installing: /home/kejun/git_dir/ros2_project/course/node_ws/install/nodes_interfaces/include/nodes_interfaces/nodes_interfaces/srv/detail/reset_count__functions.h
-- Installing: /home/kejun/git_dir/ros2_project/course/node_ws/install/nodes_interfaces/include/nodes_interfaces/nodes_interfaces/srv/detail/reset_count__type_support.c
-- Installing: /home/kejun/git_dir/ros2_project/course/node_ws/install/nodes_interfaces/include/nodes_interfaces/nodes_interfaces/srv/detail/reset_count__type_support.h
-- Installing: /home/kejun/git_dir/ros2_project/course/node_ws/install/nodes_interfaces/include/nodes_interfaces/nodes_interfaces/srv/detail/reset_count__description.c
-- Installing: /home/kejun/git_dir/ros2_project/course/node_ws/install/nodes_interfaces/include/nodes_interfaces/nodes_interfaces/srv/detail/reset_count__struct.h
-- Installing: /home/kejun/git_dir/ros2_project/course/node_ws/install/nodes_interfaces/include/nodes_interfaces/nodes_interfaces/srv/reset_count.h
-- Installing: /home/kejun/git_dir/ros2_project/course/node_ws/install/nodes_interfaces/include/nodes_interfaces/nodes_interfaces/msg
-- Installing: /home/kejun/git_dir/ros2_project/course/node_ws/install/nodes_interfaces/include/nodes_interfaces/nodes_interfaces/msg/detail
-- Installing: /home/kejun/git_dir/ros2_project/course/node_ws/install/nodes_interfaces/include/nodes_interfaces/nodes_interfaces/msg/detail/count_delta__type_support.c
-- Installing: /home/kejun/git_dir/ros2_project/course/node_ws/install/nodes_interfaces/include/nodes_interfaces/nodes_interfaces/msg/detail/count_delta__type_support.h
-- Installing: /home/kejun/git_dir/ros2_project/course/node_ws/install/nodes_interfaces/include/nodes_interfaces/nodes_interfaces/msg/detail/count_delta__functions.h
-- Installing: /home/kejun/git_dir/ros2_project/course/node_ws/install/nodes_interfaces/include/nodes_interfaces/nodes_interfaces/msg/detail/count_delta__functions.c
-- Installing: /home/kejun/git_dir/ros2_project/course/node_ws/install/nodes_interfaces/include/nodes_interfaces/nodes_interfaces/msg/detail/count_delta__description.c
-- Installing: /home/kejun/git_dir/ros2_project/course/node_ws/install/nodes_interfaces/include/nodes_interfaces/nodes_interfaces/msg/detail/count_delta__struct.h
-- Installing: /home/kejun/git_dir/ros2_project/course/node_ws/install/nodes_interfaces/include/nodes_interfaces/nodes_interfaces/msg/count_delta.h
-- Installing: /home/kejun/git_dir/ros2_project/course/node_ws/install/nodes_interfaces/include/nodes_interfaces/nodes_interfaces/msg/rosidl_generator_c__visibility_control.h
-- Installing: /home/kejun/git_dir/ros2_project/course/node_ws/install/nodes_interfaces/share/nodes_interfaces/environment/library_path.sh
-- Installing: /home/kejun/git_dir/ros2_project/course/node_ws/install/nodes_interfaces/share/nodes_interfaces/environment/library_path.dsv
-- Installing: /home/kejun/git_dir/ros2_project/course/node_ws/install/nodes_interfaces/lib/libnodes_interfaces__rosidl_generator_c.so
-- Set non-toolchain portion of runtime path of "/home/kejun/git_dir/ros2_project/course/node_ws/install/nodes_interfaces/lib/libnodes_interfaces__rosidl_generator_c.so" to ""
-- Up-to-date: /home/kejun/git_dir/ros2_project/course/node_ws/install/nodes_interfaces/include/nodes_interfaces/nodes_interfaces
-- Up-to-date: /home/kejun/git_dir/ros2_project/course/node_ws/install/nodes_interfaces/include/nodes_interfaces/nodes_interfaces/srv
-- Up-to-date: /home/kejun/git_dir/ros2_project/course/node_ws/install/nodes_interfaces/include/nodes_interfaces/nodes_interfaces/srv/detail
-- Installing: /home/kejun/git_dir/ros2_project/course/node_ws/install/nodes_interfaces/include/nodes_interfaces/nodes_interfaces/srv/detail/reset_count__rosidl_typesupport_fastrtps_c.h
-- Up-to-date: /home/kejun/git_dir/ros2_project/course/node_ws/install/nodes_interfaces/include/nodes_interfaces/nodes_interfaces/msg
-- Installing: /home/kejun/git_dir/ros2_project/course/node_ws/install/nodes_interfaces/include/nodes_interfaces/nodes_interfaces/msg/rosidl_typesupport_fastrtps_c__visibility_control.h
-- Up-to-date: /home/kejun/git_dir/ros2_project/course/node_ws/install/nodes_interfaces/include/nodes_interfaces/nodes_interfaces/msg/detail
-- Installing: /home/kejun/git_dir/ros2_project/course/node_ws/install/nodes_interfaces/include/nodes_interfaces/nodes_interfaces/msg/detail/count_delta__rosidl_typesupport_fastrtps_c.h
-- Installing: /home/kejun/git_dir/ros2_project/course/node_ws/install/nodes_interfaces/lib/libnodes_interfaces__rosidl_typesupport_fastrtps_c.so
-- Set non-toolchain portion of runtime path of "/home/kejun/git_dir/ros2_project/course/node_ws/install/nodes_interfaces/lib/libnodes_interfaces__rosidl_typesupport_fastrtps_c.so" to ""
-- Up-to-date: /home/kejun/git_dir/ros2_project/course/node_ws/install/nodes_interfaces/include/nodes_interfaces/nodes_interfaces
-- Up-to-date: /home/kejun/git_dir/ros2_project/course/node_ws/install/nodes_interfaces/include/nodes_interfaces/nodes_interfaces/srv
-- Up-to-date: /home/kejun/git_dir/ros2_project/course/node_ws/install/nodes_interfaces/include/nodes_interfaces/nodes_interfaces/srv/detail
-- Installing: /home/kejun/git_dir/ros2_project/course/node_ws/install/nodes_interfaces/include/nodes_interfaces/nodes_interfaces/srv/detail/reset_count__type_support.c
-- Installing: /home/kejun/git_dir/ros2_project/course/node_ws/install/nodes_interfaces/include/nodes_interfaces/nodes_interfaces/srv/detail/reset_count__rosidl_typesupport_introspection_c.h
-- Up-to-date: /home/kejun/git_dir/ros2_project/course/node_ws/install/nodes_interfaces/include/nodes_interfaces/nodes_interfaces/msg
-- Installing: /home/kejun/git_dir/ros2_project/course/node_ws/install/nodes_interfaces/include/nodes_interfaces/nodes_interfaces/msg/rosidl_typesupport_introspection_c__visibility_control.h
-- Up-to-date: /home/kejun/git_dir/ros2_project/course/node_ws/install/nodes_interfaces/include/nodes_interfaces/nodes_interfaces/msg/detail
-- Installing: /home/kejun/git_dir/ros2_project/course/node_ws/install/nodes_interfaces/include/nodes_interfaces/nodes_interfaces/msg/detail/count_delta__type_support.c
-- Installing: /home/kejun/git_dir/ros2_project/course/node_ws/install/nodes_interfaces/include/nodes_interfaces/nodes_interfaces/msg/detail/count_delta__rosidl_typesupport_introspection_c.h
-- Installing: /home/kejun/git_dir/ros2_project/course/node_ws/install/nodes_interfaces/lib/libnodes_interfaces__rosidl_typesupport_introspection_c.so
-- Set non-toolchain portion of runtime path of "/home/kejun/git_dir/ros2_project/course/node_ws/install/nodes_interfaces/lib/libnodes_interfaces__rosidl_typesupport_introspection_c.so" to ""
-- Installing: /home/kejun/git_dir/ros2_project/course/node_ws/install/nodes_interfaces/lib/libnodes_interfaces__rosidl_typesupport_c.so
-- Set non-toolchain portion of runtime path of "/home/kejun/git_dir/ros2_project/course/node_ws/install/nodes_interfaces/lib/libnodes_interfaces__rosidl_typesupport_c.so" to ""
-- Up-to-date: /home/kejun/git_dir/ros2_project/course/node_ws/install/nodes_interfaces/include/nodes_interfaces/nodes_interfaces
-- Up-to-date: /home/kejun/git_dir/ros2_project/course/node_ws/install/nodes_interfaces/include/nodes_interfaces/nodes_interfaces/srv
-- Up-to-date: /home/kejun/git_dir/ros2_project/course/node_ws/install/nodes_interfaces/include/nodes_interfaces/nodes_interfaces/srv/detail
-- Installing: /home/kejun/git_dir/ros2_project/course/node_ws/install/nodes_interfaces/include/nodes_interfaces/nodes_interfaces/srv/detail/reset_count__type_support.hpp
-- Installing: /home/kejun/git_dir/ros2_project/course/node_ws/install/nodes_interfaces/include/nodes_interfaces/nodes_interfaces/srv/detail/reset_count__builder.hpp
-- Installing: /home/kejun/git_dir/ros2_project/course/node_ws/install/nodes_interfaces/include/nodes_interfaces/nodes_interfaces/srv/detail/reset_count__traits.hpp
-- Installing: /home/kejun/git_dir/ros2_project/course/node_ws/install/nodes_interfaces/include/nodes_interfaces/nodes_interfaces/srv/detail/reset_count__struct.hpp
-- Installing: /home/kejun/git_dir/ros2_project/course/node_ws/install/nodes_interfaces/include/nodes_interfaces/nodes_interfaces/srv/reset_count.hpp
-- Up-to-date: /home/kejun/git_dir/ros2_project/course/node_ws/install/nodes_interfaces/include/nodes_interfaces/nodes_interfaces/msg
-- Up-to-date: /home/kejun/git_dir/ros2_project/course/node_ws/install/nodes_interfaces/include/nodes_interfaces/nodes_interfaces/msg/detail
-- Installing: /home/kejun/git_dir/ros2_project/course/node_ws/install/nodes_interfaces/include/nodes_interfaces/nodes_interfaces/msg/detail/count_delta__type_support.hpp
-- Installing: /home/kejun/git_dir/ros2_project/course/node_ws/install/nodes_interfaces/include/nodes_interfaces/nodes_interfaces/msg/detail/count_delta__builder.hpp
-- Installing: /home/kejun/git_dir/ros2_project/course/node_ws/install/nodes_interfaces/include/nodes_interfaces/nodes_interfaces/msg/detail/count_delta__traits.hpp
-- Installing: /home/kejun/git_dir/ros2_project/course/node_ws/install/nodes_interfaces/include/nodes_interfaces/nodes_interfaces/msg/detail/count_delta__struct.hpp
-- Installing: /home/kejun/git_dir/ros2_project/course/node_ws/install/nodes_interfaces/include/nodes_interfaces/nodes_interfaces/msg/rosidl_generator_cpp__visibility_control.hpp
-- Installing: /home/kejun/git_dir/ros2_project/course/node_ws/install/nodes_interfaces/include/nodes_interfaces/nodes_interfaces/msg/count_delta.hpp
-- Up-to-date: /home/kejun/git_dir/ros2_project/course/node_ws/install/nodes_interfaces/include/nodes_interfaces/nodes_interfaces
-- Up-to-date: /home/kejun/git_dir/ros2_project/course/node_ws/install/nodes_interfaces/include/nodes_interfaces/nodes_interfaces/srv
-- Up-to-date: /home/kejun/git_dir/ros2_project/course/node_ws/install/nodes_interfaces/include/nodes_interfaces/nodes_interfaces/srv/detail
-- Installing: /home/kejun/git_dir/ros2_project/course/node_ws/install/nodes_interfaces/include/nodes_interfaces/nodes_interfaces/srv/detail/dds_fastrtps
-- Installing: /home/kejun/git_dir/ros2_project/course/node_ws/install/nodes_interfaces/include/nodes_interfaces/nodes_interfaces/srv/detail/reset_count__rosidl_typesupport_fastrtps_cpp.hpp
-- Up-to-date: /home/kejun/git_dir/ros2_project/course/node_ws/install/nodes_interfaces/include/nodes_interfaces/nodes_interfaces/msg
-- Up-to-date: /home/kejun/git_dir/ros2_project/course/node_ws/install/nodes_interfaces/include/nodes_interfaces/nodes_interfaces/msg/detail
-- Installing: /home/kejun/git_dir/ros2_project/course/node_ws/install/nodes_interfaces/include/nodes_interfaces/nodes_interfaces/msg/detail/count_delta__rosidl_typesupport_fastrtps_cpp.hpp
-- Installing: /home/kejun/git_dir/ros2_project/course/node_ws/install/nodes_interfaces/include/nodes_interfaces/nodes_interfaces/msg/detail/dds_fastrtps
-- Installing: /home/kejun/git_dir/ros2_project/course/node_ws/install/nodes_interfaces/include/nodes_interfaces/nodes_interfaces/msg/rosidl_typesupport_fastrtps_cpp__visibility_control.h
-- Installing: /home/kejun/git_dir/ros2_project/course/node_ws/install/nodes_interfaces/lib/libnodes_interfaces__rosidl_typesupport_fastrtps_cpp.so
-- Set non-toolchain portion of runtime path of "/home/kejun/git_dir/ros2_project/course/node_ws/install/nodes_interfaces/lib/libnodes_interfaces__rosidl_typesupport_fastrtps_cpp.so" to ""
-- Up-to-date: /home/kejun/git_dir/ros2_project/course/node_ws/install/nodes_interfaces/include/nodes_interfaces/nodes_interfaces
-- Up-to-date: /home/kejun/git_dir/ros2_project/course/node_ws/install/nodes_interfaces/include/nodes_interfaces/nodes_interfaces/srv
-- Up-to-date: /home/kejun/git_dir/ros2_project/course/node_ws/install/nodes_interfaces/include/nodes_interfaces/nodes_interfaces/srv/detail
-- Installing: /home/kejun/git_dir/ros2_project/course/node_ws/install/nodes_interfaces/include/nodes_interfaces/nodes_interfaces/srv/detail/reset_count__type_support.cpp
-- Installing: /home/kejun/git_dir/ros2_project/course/node_ws/install/nodes_interfaces/include/nodes_interfaces/nodes_interfaces/srv/detail/reset_count__rosidl_typesupport_introspection_cpp.hpp
-- Up-to-date: /home/kejun/git_dir/ros2_project/course/node_ws/install/nodes_interfaces/include/nodes_interfaces/nodes_interfaces/msg
-- Up-to-date: /home/kejun/git_dir/ros2_project/course/node_ws/install/nodes_interfaces/include/nodes_interfaces/nodes_interfaces/msg/detail
-- Installing: /home/kejun/git_dir/ros2_project/course/node_ws/install/nodes_interfaces/include/nodes_interfaces/nodes_interfaces/msg/detail/count_delta__type_support.cpp
-- Installing: /home/kejun/git_dir/ros2_project/course/node_ws/install/nodes_interfaces/include/nodes_interfaces/nodes_interfaces/msg/detail/count_delta__rosidl_typesupport_introspection_cpp.hpp
-- Installing: /home/kejun/git_dir/ros2_project/course/node_ws/install/nodes_interfaces/lib/libnodes_interfaces__rosidl_typesupport_introspection_cpp.so
-- Set non-toolchain portion of runtime path of "/home/kejun/git_dir/ros2_project/course/node_ws/install/nodes_interfaces/lib/libnodes_interfaces__rosidl_typesupport_introspection_cpp.so" to ""
-- Installing: /home/kejun/git_dir/ros2_project/course/node_ws/install/nodes_interfaces/lib/libnodes_interfaces__rosidl_typesupport_cpp.so
-- Set non-toolchain portion of runtime path of "/home/kejun/git_dir/ros2_project/course/node_ws/install/nodes_interfaces/lib/libnodes_interfaces__rosidl_typesupport_cpp.so" to ""
-- Installing: /home/kejun/git_dir/ros2_project/course/node_ws/install/nodes_interfaces/share/nodes_interfaces/environment/pythonpath.sh
-- Installing: /home/kejun/git_dir/ros2_project/course/node_ws/install/nodes_interfaces/share/nodes_interfaces/environment/pythonpath.dsv
-- Installing: /home/kejun/git_dir/ros2_project/course/node_ws/install/nodes_interfaces/lib/python3.12/site-packages/nodes_interfaces-0.0.0-py3.12.egg-info
-- Installing: /home/kejun/git_dir/ros2_project/course/node_ws/install/nodes_interfaces/lib/python3.12/site-packages/nodes_interfaces-0.0.0-py3.12.egg-info/PKG-INFO
-- Installing: /home/kejun/git_dir/ros2_project/course/node_ws/install/nodes_interfaces/lib/python3.12/site-packages/nodes_interfaces-0.0.0-py3.12.egg-info/dependency_links.txt
-- Installing: /home/kejun/git_dir/ros2_project/course/node_ws/install/nodes_interfaces/lib/python3.12/site-packages/nodes_interfaces-0.0.0-py3.12.egg-info/SOURCES.txt
-- Installing: /home/kejun/git_dir/ros2_project/course/node_ws/install/nodes_interfaces/lib/python3.12/site-packages/nodes_interfaces-0.0.0-py3.12.egg-info/top_level.txt
-- Installing: /home/kejun/git_dir/ros2_project/course/node_ws/install/nodes_interfaces/lib/python3.12/site-packages/nodes_interfaces
-- Installing: /home/kejun/git_dir/ros2_project/course/node_ws/install/nodes_interfaces/lib/python3.12/site-packages/nodes_interfaces/_nodes_interfaces_s.ep.rosidl_typesupport_introspection_c.c
-- Installing: /home/kejun/git_dir/ros2_project/course/node_ws/install/nodes_interfaces/lib/python3.12/site-packages/nodes_interfaces/srv
-- Installing: /home/kejun/git_dir/ros2_project/course/node_ws/install/nodes_interfaces/lib/python3.12/site-packages/nodes_interfaces/srv/_reset_count_s.c
-- Installing: /home/kejun/git_dir/ros2_project/course/node_ws/install/nodes_interfaces/lib/python3.12/site-packages/nodes_interfaces/srv/__init__.py
-- Installing: /home/kejun/git_dir/ros2_project/course/node_ws/install/nodes_interfaces/lib/python3.12/site-packages/nodes_interfaces/srv/_reset_count.py
-- Installing: /home/kejun/git_dir/ros2_project/course/node_ws/install/nodes_interfaces/lib/python3.12/site-packages/nodes_interfaces/__init__.py
-- Installing: /home/kejun/git_dir/ros2_project/course/node_ws/install/nodes_interfaces/lib/python3.12/site-packages/nodes_interfaces/_nodes_interfaces_s.ep.rosidl_typesupport_c.c
-- Installing: /home/kejun/git_dir/ros2_project/course/node_ws/install/nodes_interfaces/lib/python3.12/site-packages/nodes_interfaces/msg
-- Installing: /home/kejun/git_dir/ros2_project/course/node_ws/install/nodes_interfaces/lib/python3.12/site-packages/nodes_interfaces/msg/__init__.py
-- Installing: /home/kejun/git_dir/ros2_project/course/node_ws/install/nodes_interfaces/lib/python3.12/site-packages/nodes_interfaces/msg/_count_delta_s.c
-- Installing: /home/kejun/git_dir/ros2_project/course/node_ws/install/nodes_interfaces/lib/python3.12/site-packages/nodes_interfaces/msg/_count_delta.py
-- Installing: /home/kejun/git_dir/ros2_project/course/node_ws/install/nodes_interfaces/lib/python3.12/site-packages/nodes_interfaces/nodes_interfaces_s__rosidl_typesupport_fastrtps_c.so
-- Installing: /home/kejun/git_dir/ros2_project/course/node_ws/install/nodes_interfaces/lib/python3.12/site-packages/nodes_interfaces/nodes_interfaces_s__rosidl_typesupport_introspection_c.so
-- Installing: /home/kejun/git_dir/ros2_project/course/node_ws/install/nodes_interfaces/lib/python3.12/site-packages/nodes_interfaces/_nodes_interfaces_s.ep.rosidl_typesupport_fastrtps_c.c
-- Installing: /home/kejun/git_dir/ros2_project/course/node_ws/install/nodes_interfaces/lib/python3.12/site-packages/nodes_interfaces/nodes_interfaces_s__rosidl_typesupport_c.so
Listing '/home/kejun/git_dir/ros2_project/course/node_ws/install/nodes_interfaces/lib/python3.12/site-packages/nodes_interfaces'...
Compiling '/home/kejun/git_dir/ros2_project/course/node_ws/install/nodes_interfaces/lib/python3.12/site-packages/nodes_interfaces/__init__.py'...
Listing '/home/kejun/git_dir/ros2_project/course/node_ws/install/nodes_interfaces/lib/python3.12/site-packages/nodes_interfaces/msg'...
Compiling '/home/kejun/git_dir/ros2_project/course/node_ws/install/nodes_interfaces/lib/python3.12/site-packages/nodes_interfaces/msg/__init__.py'...
Compiling '/home/kejun/git_dir/ros2_project/course/node_ws/install/nodes_interfaces/lib/python3.12/site-packages/nodes_interfaces/msg/_count_delta.py'...
Listing '/home/kejun/git_dir/ros2_project/course/node_ws/install/nodes_interfaces/lib/python3.12/site-packages/nodes_interfaces/srv'...
Compiling '/home/kejun/git_dir/ros2_project/course/node_ws/install/nodes_interfaces/lib/python3.12/site-packages/nodes_interfaces/srv/__init__.py'...
Compiling '/home/kejun/git_dir/ros2_project/course/node_ws/install/nodes_interfaces/lib/python3.12/site-packages/nodes_interfaces/srv/_reset_count.py'...
-- Installing: /home/kejun/git_dir/ros2_project/course/node_ws/install/nodes_interfaces/lib/python3.12/site-packages/nodes_interfaces/nodes_interfaces_s__rosidl_typesupport_fastrtps_c.so
-- Set non-toolchain portion of runtime path of "/home/kejun/git_dir/ros2_project/course/node_ws/install/nodes_interfaces/lib/python3.12/site-packages/nodes_interfaces/nodes_interfaces_s__rosidl_typesupport_fastrtps_c.so" to ""
-- Installing: /home/kejun/git_dir/ros2_project/course/node_ws/install/nodes_interfaces/lib/python3.12/site-packages/nodes_interfaces/nodes_interfaces_s__rosidl_typesupport_introspection_c.so
-- Set non-toolchain portion of runtime path of "/home/kejun/git_dir/ros2_project/course/node_ws/install/nodes_interfaces/lib/python3.12/site-packages/nodes_interfaces/nodes_interfaces_s__rosidl_typesupport_introspection_c.so" to ""
-- Installing: /home/kejun/git_dir/ros2_project/course/node_ws/install/nodes_interfaces/lib/python3.12/site-packages/nodes_interfaces/nodes_interfaces_s__rosidl_typesupport_c.so
-- Set non-toolchain portion of runtime path of "/home/kejun/git_dir/ros2_project/course/node_ws/install/nodes_interfaces/lib/python3.12/site-packages/nodes_interfaces/nodes_interfaces_s__rosidl_typesupport_c.so" to ""
-- Installing: /home/kejun/git_dir/ros2_project/course/node_ws/install/nodes_interfaces/lib/libnodes_interfaces__rosidl_generator_py.so
-- Set non-toolchain portion of runtime path of "/home/kejun/git_dir/ros2_project/course/node_ws/install/nodes_interfaces/lib/libnodes_interfaces__rosidl_generator_py.so" to ""
-- Installing: /home/kejun/git_dir/ros2_project/course/node_ws/install/nodes_interfaces/share/nodes_interfaces/msg/CountDelta.idl
-- Installing: /home/kejun/git_dir/ros2_project/course/node_ws/install/nodes_interfaces/share/nodes_interfaces/srv/ResetCount.idl
-- Installing: /home/kejun/git_dir/ros2_project/course/node_ws/install/nodes_interfaces/share/nodes_interfaces/msg/CountDelta.msg
-- Installing: /home/kejun/git_dir/ros2_project/course/node_ws/install/nodes_interfaces/share/nodes_interfaces/srv/ResetCount.srv
-- Installing: /home/kejun/git_dir/ros2_project/course/node_ws/install/nodes_interfaces/share/ament_index/resource_index/package_run_dependencies/nodes_interfaces
-- Installing: /home/kejun/git_dir/ros2_project/course/node_ws/install/nodes_interfaces/share/ament_index/resource_index/parent_prefix_path/nodes_interfaces
-- Installing: /home/kejun/git_dir/ros2_project/course/node_ws/install/nodes_interfaces/share/nodes_interfaces/environment/ament_prefix_path.sh
-- Installing: /home/kejun/git_dir/ros2_project/course/node_ws/install/nodes_interfaces/share/nodes_interfaces/environment/ament_prefix_path.dsv
-- Installing: /home/kejun/git_dir/ros2_project/course/node_ws/install/nodes_interfaces/share/nodes_interfaces/environment/path.sh
-- Installing: /home/kejun/git_dir/ros2_project/course/node_ws/install/nodes_interfaces/share/nodes_interfaces/environment/path.dsv
-- Installing: /home/kejun/git_dir/ros2_project/course/node_ws/install/nodes_interfaces/share/nodes_interfaces/local_setup.bash
-- Installing: /home/kejun/git_dir/ros2_project/course/node_ws/install/nodes_interfaces/share/nodes_interfaces/local_setup.sh
-- Installing: /home/kejun/git_dir/ros2_project/course/node_ws/install/nodes_interfaces/share/nodes_interfaces/local_setup.zsh
-- Installing: /home/kejun/git_dir/ros2_project/course/node_ws/install/nodes_interfaces/share/nodes_interfaces/local_setup.dsv
-- Installing: /home/kejun/git_dir/ros2_project/course/node_ws/install/nodes_interfaces/share/nodes_interfaces/package.dsv
-- Installing: /home/kejun/git_dir/ros2_project/course/node_ws/install/nodes_interfaces/share/ament_index/resource_index/packages/nodes_interfaces
-- Installing: /home/kejun/git_dir/ros2_project/course/node_ws/install/nodes_interfaces/share/nodes_interfaces/cmake/export_nodes_interfaces__rosidl_generator_cExport.cmake
-- Installing: /home/kejun/git_dir/ros2_project/course/node_ws/install/nodes_interfaces/share/nodes_interfaces/cmake/export_nodes_interfaces__rosidl_generator_cExport-noconfig.cmake
-- Installing: /home/kejun/git_dir/ros2_project/course/node_ws/install/nodes_interfaces/share/nodes_interfaces/cmake/export_nodes_interfaces__rosidl_typesupport_fastrtps_cExport.cmake
-- Installing: /home/kejun/git_dir/ros2_project/course/node_ws/install/nodes_interfaces/share/nodes_interfaces/cmake/export_nodes_interfaces__rosidl_typesupport_fastrtps_cExport-noconfig.cmake
-- Installing: /home/kejun/git_dir/ros2_project/course/node_ws/install/nodes_interfaces/share/nodes_interfaces/cmake/nodes_interfaces__rosidl_typesupport_introspection_cExport.cmake
-- Installing: /home/kejun/git_dir/ros2_project/course/node_ws/install/nodes_interfaces/share/nodes_interfaces/cmake/nodes_interfaces__rosidl_typesupport_introspection_cExport-noconfig.cmake
-- Installing: /home/kejun/git_dir/ros2_project/course/node_ws/install/nodes_interfaces/share/nodes_interfaces/cmake/nodes_interfaces__rosidl_typesupport_cExport.cmake
-- Installing: /home/kejun/git_dir/ros2_project/course/node_ws/install/nodes_interfaces/share/nodes_interfaces/cmake/nodes_interfaces__rosidl_typesupport_cExport-noconfig.cmake
-- Installing: /home/kejun/git_dir/ros2_project/course/node_ws/install/nodes_interfaces/share/nodes_interfaces/cmake/export_nodes_interfaces__rosidl_generator_cppExport.cmake
-- Installing: /home/kejun/git_dir/ros2_project/course/node_ws/install/nodes_interfaces/share/nodes_interfaces/cmake/export_nodes_interfaces__rosidl_typesupport_fastrtps_cppExport.cmake
-- Installing: /home/kejun/git_dir/ros2_project/course/node_ws/install/nodes_interfaces/share/nodes_interfaces/cmake/export_nodes_interfaces__rosidl_typesupport_fastrtps_cppExport-noconfig.cmake
-- Installing: /home/kejun/git_dir/ros2_project/course/node_ws/install/nodes_interfaces/share/nodes_interfaces/cmake/nodes_interfaces__rosidl_typesupport_introspection_cppExport.cmake
-- Installing: /home/kejun/git_dir/ros2_project/course/node_ws/install/nodes_interfaces/share/nodes_interfaces/cmake/nodes_interfaces__rosidl_typesupport_introspection_cppExport-noconfig.cmake
-- Installing: /home/kejun/git_dir/ros2_project/course/node_ws/install/nodes_interfaces/share/nodes_interfaces/cmake/nodes_interfaces__rosidl_typesupport_cppExport.cmake
-- Installing: /home/kejun/git_dir/ros2_project/course/node_ws/install/nodes_interfaces/share/nodes_interfaces/cmake/nodes_interfaces__rosidl_typesupport_cppExport-noconfig.cmake
-- Installing: /home/kejun/git_dir/ros2_project/course/node_ws/install/nodes_interfaces/share/nodes_interfaces/cmake/export_nodes_interfaces__rosidl_generator_pyExport.cmake
-- Installing: /home/kejun/git_dir/ros2_project/course/node_ws/install/nodes_interfaces/share/nodes_interfaces/cmake/export_nodes_interfaces__rosidl_generator_pyExport-noconfig.cmake
-- Installing: /home/kejun/git_dir/ros2_project/course/node_ws/install/nodes_interfaces/share/nodes_interfaces/cmake/rosidl_cmake-extras.cmake
-- Installing: /home/kejun/git_dir/ros2_project/course/node_ws/install/nodes_interfaces/share/nodes_interfaces/cmake/ament_cmake_export_dependencies-extras.cmake
-- Installing: /home/kejun/git_dir/ros2_project/course/node_ws/install/nodes_interfaces/share/nodes_interfaces/cmake/ament_cmake_export_include_directories-extras.cmake
-- Installing: /home/kejun/git_dir/ros2_project/course/node_ws/install/nodes_interfaces/share/nodes_interfaces/cmake/ament_cmake_export_libraries-extras.cmake
-- Installing: /home/kejun/git_dir/ros2_project/course/node_ws/install/nodes_interfaces/share/nodes_interfaces/cmake/ament_cmake_export_targets-extras.cmake
-- Installing: /home/kejun/git_dir/ros2_project/course/node_ws/install/nodes_interfaces/share/nodes_interfaces/cmake/rosidl_cmake_export_typesupport_targets-extras.cmake
-- Installing: /home/kejun/git_dir/ros2_project/course/node_ws/install/nodes_interfaces/share/nodes_interfaces/cmake/rosidl_cmake_export_typesupport_libraries-extras.cmake
-- Installing: /home/kejun/git_dir/ros2_project/course/node_ws/install/nodes_interfaces/share/nodes_interfaces/cmake/nodes_interfacesConfig.cmake
-- Installing: /home/kejun/git_dir/ros2_project/course/node_ws/install/nodes_interfaces/share/nodes_interfaces/cmake/nodes_interfacesConfig-version.cmake
-- Installing: /home/kejun/git_dir/ros2_project/course/node_ws/install/nodes_interfaces/share/nodes_interfaces/package.xml
