[0.056s] DEBUG:colcon:Command line arguments: ['/usr/bin/colcon', 'build']
[0.056s] DEBUG:colcon:Parsed command line arguments: Namespace(log_base=None, log_level=None, verb_name='build', build_base='build', install_base='install', merge_install=False, symlink_install=False, test_result_base=None, continue_on_error=False, executor='parallel', parallel_workers=1, event_handlers=None, ignore_user_meta=False, metas=['./colcon.meta'], base_paths=['.'], packages_ignore=None, packages_ignore_regex=None, paths=None, packages_up_to=None, packages_up_to_regex=None, packages_above=None, packages_above_and_dependencies=None, packages_above_depth=None, packages_select_by_dep=None, packages_skip_by_dep=None, packages_skip_up_to=None, packages_select_build_failed=False, packages_skip_build_finished=False, packages_select_test_failures=False, packages_skip_test_passed=False, packages_select=None, packages_skip=None, packages_select_regex=None, packages_skip_regex=None, packages_start=None, packages_end=None, allow_overriding=[], cmake_args=None, cmake_target=None, cmake_target_skip_unavailable=False, cmake_clean_cache=False, cmake_clean_first=False, cmake_force_configure=False, ament_cmake_args=None, catkin_cmake_args=None, catkin_skip_building_tests=False, mixin_files=None, mixin=None, verb_parser=<colcon_mixin.mixin.mixin_argument.MixinArgumentDecorator object at 0x71dc9f967da0>, verb_extension=<colcon_core.verb.build.BuildVerb object at 0x71dc9f80d760>, main=<bound method BuildVerb.main of <colcon_core.verb.build.BuildVerb object at 0x71dc9f80d760>>, mixin_verb=('build',))
[0.087s] Level 1:colcon.colcon_core.package_discovery:discover_packages(colcon_meta) check parameters
[0.088s] Level 1:colcon.colcon_core.package_discovery:discover_packages(recursive) check parameters
[0.088s] Level 1:colcon.colcon_core.package_discovery:discover_packages(ignore) check parameters
[0.088s] Level 1:colcon.colcon_core.package_discovery:discover_packages(path) check parameters
[0.088s] Level 1:colcon.colcon_core.package_discovery:discover_packages(colcon_meta) discover
[0.088s] Level 1:colcon.colcon_core.package_discovery:discover_packages(recursive) discover
[0.088s] INFO:colcon.colcon_core.package_discovery:Crawling recursively for packages in '/home/kejun/git_dir/ros2_project/course/node_ws'
[0.088s] Level 1:colcon.colcon_core.package_identification:_identify(.) by extensions ['ignore', 'ignore_ament_install']
[0.088s] Level 1:colcon.colcon_core.package_identification:_identify(.) by extension 'ignore'
[0.088s] Level 1:colcon.colcon_core.package_identification:_identify(.) by extension 'ignore_ament_install'
[0.088s] Level 1:colcon.colcon_core.package_identification:_identify(.) by extensions ['colcon_pkg']
[0.088s] Level 1:colcon.colcon_core.package_identification:_identify(.) by extension 'colcon_pkg'
[0.088s] Level 1:colcon.colcon_core.package_identification:_identify(.) by extensions ['colcon_meta']
[0.088s] Level 1:colcon.colcon_core.package_identification:_identify(.) by extension 'colcon_meta'
[0.088s] Level 1:colcon.colcon_core.package_identification:_identify(.) by extensions ['ros']
[0.088s] Level 1:colcon.colcon_core.package_identification:_identify(.) by extension 'ros'
[0.101s] Level 1:colcon.colcon_core.package_identification:_identify(.) by extensions ['cmake', 'python']
[0.101s] Level 1:colcon.colcon_core.package_identification:_identify(.) by extension 'cmake'
[0.101s] Level 1:colcon.colcon_core.package_identification:_identify(.) by extension 'python'
[0.101s] Level 1:colcon.colcon_core.package_identification:_identify(.) by extensions ['python_setup_py']
[0.101s] Level 1:colcon.colcon_core.package_identification:_identify(.) by extension 'python_setup_py'
[0.101s] Level 1:colcon.colcon_core.package_identification:_identify(build) by extensions ['ignore', 'ignore_ament_install']
[0.101s] Level 1:colcon.colcon_core.package_identification:_identify(build) by extension 'ignore'
[0.101s] Level 1:colcon.colcon_core.package_identification:_identify(build) ignored
[0.101s] Level 1:colcon.colcon_core.package_identification:_identify(install) by extensions ['ignore', 'ignore_ament_install']
[0.101s] Level 1:colcon.colcon_core.package_identification:_identify(install) by extension 'ignore'
[0.101s] Level 1:colcon.colcon_core.package_identification:_identify(install) ignored
[0.101s] Level 1:colcon.colcon_core.package_identification:_identify(log) by extensions ['ignore', 'ignore_ament_install']
[0.101s] Level 1:colcon.colcon_core.package_identification:_identify(log) by extension 'ignore'
[0.101s] Level 1:colcon.colcon_core.package_identification:_identify(log) ignored
[0.101s] Level 1:colcon.colcon_core.package_identification:_identify(src) by extensions ['ignore', 'ignore_ament_install']
[0.101s] Level 1:colcon.colcon_core.package_identification:_identify(src) by extension 'ignore'
[0.101s] Level 1:colcon.colcon_core.package_identification:_identify(src) by extension 'ignore_ament_install'
[0.101s] Level 1:colcon.colcon_core.package_identification:_identify(src) by extensions ['colcon_pkg']
[0.101s] Level 1:colcon.colcon_core.package_identification:_identify(src) by extension 'colcon_pkg'
[0.101s] Level 1:colcon.colcon_core.package_identification:_identify(src) by extensions ['colcon_meta']
[0.101s] Level 1:colcon.colcon_core.package_identification:_identify(src) by extension 'colcon_meta'
[0.101s] Level 1:colcon.colcon_core.package_identification:_identify(src) by extensions ['ros']
[0.101s] Level 1:colcon.colcon_core.package_identification:_identify(src) by extension 'ros'
[0.101s] Level 1:colcon.colcon_core.package_identification:_identify(src) by extensions ['cmake', 'python']
[0.101s] Level 1:colcon.colcon_core.package_identification:_identify(src) by extension 'cmake'
[0.102s] Level 1:colcon.colcon_core.package_identification:_identify(src) by extension 'python'
[0.102s] Level 1:colcon.colcon_core.package_identification:_identify(src) by extensions ['python_setup_py']
[0.102s] Level 1:colcon.colcon_core.package_identification:_identify(src) by extension 'python_setup_py'
[0.102s] Level 1:colcon.colcon_core.package_identification:_identify(src/nodes_bringup) by extensions ['ignore', 'ignore_ament_install']
[0.102s] Level 1:colcon.colcon_core.package_identification:_identify(src/nodes_bringup) by extension 'ignore'
[0.102s] Level 1:colcon.colcon_core.package_identification:_identify(src/nodes_bringup) by extension 'ignore_ament_install'
[0.102s] Level 1:colcon.colcon_core.package_identification:_identify(src/nodes_bringup) by extensions ['colcon_pkg']
[0.102s] Level 1:colcon.colcon_core.package_identification:_identify(src/nodes_bringup) by extension 'colcon_pkg'
[0.102s] Level 1:colcon.colcon_core.package_identification:_identify(src/nodes_bringup) by extensions ['colcon_meta']
[0.102s] Level 1:colcon.colcon_core.package_identification:_identify(src/nodes_bringup) by extension 'colcon_meta'
[0.102s] Level 1:colcon.colcon_core.package_identification:_identify(src/nodes_bringup) by extensions ['ros']
[0.102s] Level 1:colcon.colcon_core.package_identification:_identify(src/nodes_bringup) by extension 'ros'
[0.103s] DEBUG:colcon.colcon_core.package_identification:Package 'src/nodes_bringup' with type 'ros.ament_cmake' and name 'nodes_bringup'
[0.103s] Level 1:colcon.colcon_core.package_identification:_identify(src/nodes_interfaces) by extensions ['ignore', 'ignore_ament_install']
[0.103s] Level 1:colcon.colcon_core.package_identification:_identify(src/nodes_interfaces) by extension 'ignore'
[0.103s] Level 1:colcon.colcon_core.package_identification:_identify(src/nodes_interfaces) by extension 'ignore_ament_install'
[0.103s] Level 1:colcon.colcon_core.package_identification:_identify(src/nodes_interfaces) by extensions ['colcon_pkg']
[0.103s] Level 1:colcon.colcon_core.package_identification:_identify(src/nodes_interfaces) by extension 'colcon_pkg'
[0.103s] Level 1:colcon.colcon_core.package_identification:_identify(src/nodes_interfaces) by extensions ['colcon_meta']
[0.103s] Level 1:colcon.colcon_core.package_identification:_identify(src/nodes_interfaces) by extension 'colcon_meta'
[0.103s] Level 1:colcon.colcon_core.package_identification:_identify(src/nodes_interfaces) by extensions ['ros']
[0.103s] Level 1:colcon.colcon_core.package_identification:_identify(src/nodes_interfaces) by extension 'ros'
[0.103s] DEBUG:colcon.colcon_core.package_identification:Package 'src/nodes_interfaces' with type 'ros.ament_cmake' and name 'nodes_interfaces'
[0.103s] Level 1:colcon.colcon_core.package_identification:_identify(src/nodes_py) by extensions ['ignore', 'ignore_ament_install']
[0.103s] Level 1:colcon.colcon_core.package_identification:_identify(src/nodes_py) by extension 'ignore'
[0.103s] Level 1:colcon.colcon_core.package_identification:_identify(src/nodes_py) by extension 'ignore_ament_install'
[0.103s] Level 1:colcon.colcon_core.package_identification:_identify(src/nodes_py) by extensions ['colcon_pkg']
[0.104s] Level 1:colcon.colcon_core.package_identification:_identify(src/nodes_py) by extension 'colcon_pkg'
[0.104s] Level 1:colcon.colcon_core.package_identification:_identify(src/nodes_py) by extensions ['colcon_meta']
[0.104s] Level 1:colcon.colcon_core.package_identification:_identify(src/nodes_py) by extension 'colcon_meta'
[0.104s] Level 1:colcon.colcon_core.package_identification:_identify(src/nodes_py) by extensions ['ros']
[0.104s] Level 1:colcon.colcon_core.package_identification:_identify(src/nodes_py) by extension 'ros'
[0.104s] DEBUG:colcon.colcon_core.package_identification:Package 'src/nodes_py' with type 'ros.ament_python' and name 'nodes_py'
[0.104s] Level 1:colcon.colcon_core.package_discovery:discover_packages(recursive) using defaults
[0.104s] Level 1:colcon.colcon_core.package_discovery:discover_packages(ignore) discover
[0.104s] Level 1:colcon.colcon_core.package_discovery:discover_packages(ignore) using defaults
[0.104s] Level 1:colcon.colcon_core.package_discovery:discover_packages(path) discover
[0.104s] Level 1:colcon.colcon_core.package_discovery:discover_packages(path) using defaults
[0.113s] Level 1:colcon.colcon_core.package_discovery:discover_packages(prefix_path) check parameters
[0.113s] Level 1:colcon.colcon_core.package_discovery:discover_packages(prefix_path) discover
[0.114s] DEBUG:colcon.colcon_installed_package_information.package_discovery:Found 3 installed packages in /home/kejun/git_dir/ros2_project/ros2_from_scratch_book/ros2_ws/install
[0.115s] DEBUG:colcon.colcon_installed_package_information.package_discovery:Found 285 installed packages in /opt/ros/jazzy
[0.115s] Level 1:colcon.colcon_core.package_discovery:discover_packages(prefix_path) using defaults
[0.133s] Level 5:colcon.colcon_core.verb:set package 'nodes_interfaces' build argument 'cmake_args' from command line to 'None'
[0.133s] Level 5:colcon.colcon_core.verb:set package 'nodes_interfaces' build argument 'cmake_target' from command line to 'None'
[0.133s] Level 5:colcon.colcon_core.verb:set package 'nodes_interfaces' build argument 'cmake_target_skip_unavailable' from command line to 'False'
[0.133s] Level 5:colcon.colcon_core.verb:set package 'nodes_interfaces' build argument 'cmake_clean_cache' from command line to 'False'
[0.133s] Level 5:colcon.colcon_core.verb:set package 'nodes_interfaces' build argument 'cmake_clean_first' from command line to 'False'
[0.133s] Level 5:colcon.colcon_core.verb:set package 'nodes_interfaces' build argument 'cmake_force_configure' from command line to 'False'
[0.133s] Level 5:colcon.colcon_core.verb:set package 'nodes_interfaces' build argument 'ament_cmake_args' from command line to 'None'
[0.133s] Level 5:colcon.colcon_core.verb:set package 'nodes_interfaces' build argument 'catkin_cmake_args' from command line to 'None'
[0.133s] Level 5:colcon.colcon_core.verb:set package 'nodes_interfaces' build argument 'catkin_skip_building_tests' from command line to 'False'
[0.133s] DEBUG:colcon.colcon_core.verb:Building package 'nodes_interfaces' with the following arguments: {'ament_cmake_args': None, 'build_base': '/home/kejun/git_dir/ros2_project/course/node_ws/build/nodes_interfaces', 'catkin_cmake_args': None, 'catkin_skip_building_tests': False, 'cmake_args': None, 'cmake_clean_cache': False, 'cmake_clean_first': False, 'cmake_force_configure': False, 'cmake_target': None, 'cmake_target_skip_unavailable': False, 'install_base': '/home/kejun/git_dir/ros2_project/course/node_ws/install/nodes_interfaces', 'merge_install': False, 'path': '/home/kejun/git_dir/ros2_project/course/node_ws/src/nodes_interfaces', 'symlink_install': False, 'test_result_base': None}
[0.133s] Level 5:colcon.colcon_core.verb:set package 'nodes_py' build argument 'cmake_args' from command line to 'None'
[0.133s] Level 5:colcon.colcon_core.verb:set package 'nodes_py' build argument 'cmake_target' from command line to 'None'
[0.133s] Level 5:colcon.colcon_core.verb:set package 'nodes_py' build argument 'cmake_target_skip_unavailable' from command line to 'False'
[0.133s] Level 5:colcon.colcon_core.verb:set package 'nodes_py' build argument 'cmake_clean_cache' from command line to 'False'
[0.133s] Level 5:colcon.colcon_core.verb:set package 'nodes_py' build argument 'cmake_clean_first' from command line to 'False'
[0.133s] Level 5:colcon.colcon_core.verb:set package 'nodes_py' build argument 'cmake_force_configure' from command line to 'False'
[0.133s] Level 5:colcon.colcon_core.verb:set package 'nodes_py' build argument 'ament_cmake_args' from command line to 'None'
[0.133s] Level 5:colcon.colcon_core.verb:set package 'nodes_py' build argument 'catkin_cmake_args' from command line to 'None'
[0.133s] Level 5:colcon.colcon_core.verb:set package 'nodes_py' build argument 'catkin_skip_building_tests' from command line to 'False'
[0.133s] DEBUG:colcon.colcon_core.verb:Building package 'nodes_py' with the following arguments: {'ament_cmake_args': None, 'build_base': '/home/kejun/git_dir/ros2_project/course/node_ws/build/nodes_py', 'catkin_cmake_args': None, 'catkin_skip_building_tests': False, 'cmake_args': None, 'cmake_clean_cache': False, 'cmake_clean_first': False, 'cmake_force_configure': False, 'cmake_target': None, 'cmake_target_skip_unavailable': False, 'install_base': '/home/kejun/git_dir/ros2_project/course/node_ws/install/nodes_py', 'merge_install': False, 'path': '/home/kejun/git_dir/ros2_project/course/node_ws/src/nodes_py', 'symlink_install': False, 'test_result_base': None}
[0.133s] Level 5:colcon.colcon_core.verb:set package 'nodes_bringup' build argument 'cmake_args' from command line to 'None'
[0.133s] Level 5:colcon.colcon_core.verb:set package 'nodes_bringup' build argument 'cmake_target' from command line to 'None'
[0.133s] Level 5:colcon.colcon_core.verb:set package 'nodes_bringup' build argument 'cmake_target_skip_unavailable' from command line to 'False'
[0.133s] Level 5:colcon.colcon_core.verb:set package 'nodes_bringup' build argument 'cmake_clean_cache' from command line to 'False'
[0.133s] Level 5:colcon.colcon_core.verb:set package 'nodes_bringup' build argument 'cmake_clean_first' from command line to 'False'
[0.133s] Level 5:colcon.colcon_core.verb:set package 'nodes_bringup' build argument 'cmake_force_configure' from command line to 'False'
[0.133s] Level 5:colcon.colcon_core.verb:set package 'nodes_bringup' build argument 'ament_cmake_args' from command line to 'None'
[0.133s] Level 5:colcon.colcon_core.verb:set package 'nodes_bringup' build argument 'catkin_cmake_args' from command line to 'None'
[0.133s] Level 5:colcon.colcon_core.verb:set package 'nodes_bringup' build argument 'catkin_skip_building_tests' from command line to 'False'
[0.133s] DEBUG:colcon.colcon_core.verb:Building package 'nodes_bringup' with the following arguments: {'ament_cmake_args': None, 'build_base': '/home/kejun/git_dir/ros2_project/course/node_ws/build/nodes_bringup', 'catkin_cmake_args': None, 'catkin_skip_building_tests': False, 'cmake_args': None, 'cmake_clean_cache': False, 'cmake_clean_first': False, 'cmake_force_configure': False, 'cmake_target': None, 'cmake_target_skip_unavailable': False, 'install_base': '/home/kejun/git_dir/ros2_project/course/node_ws/install/nodes_bringup', 'merge_install': False, 'path': '/home/kejun/git_dir/ros2_project/course/node_ws/src/nodes_bringup', 'symlink_install': False, 'test_result_base': None}
[0.133s] INFO:colcon.colcon_core.executor:Executing jobs using 'parallel' executor
[0.134s] DEBUG:colcon.colcon_parallel_executor.executor.parallel:run_until_complete
[0.134s] INFO:colcon.colcon_ros.task.ament_python.build:Building ROS package in '/home/kejun/git_dir/ros2_project/course/node_ws/src/nodes_py' with build type 'ament_python'
[0.134s] Level 1:colcon.colcon_core.shell:create_environment_hook('nodes_py', 'ament_prefix_path')
[0.134s] INFO:colcon.colcon_core.plugin_system:Skipping extension 'colcon_core.shell.bat': Not used on non-Windows systems
[0.135s] INFO:colcon.colcon_core.shell:Creating environment hook '/home/kejun/git_dir/ros2_project/course/node_ws/install/nodes_py/share/nodes_py/hook/ament_prefix_path.ps1'
[0.135s] INFO:colcon.colcon_core.shell:Creating environment descriptor '/home/kejun/git_dir/ros2_project/course/node_ws/install/nodes_py/share/nodes_py/hook/ament_prefix_path.dsv'
[0.137s] INFO:colcon.colcon_core.shell:Creating environment hook '/home/kejun/git_dir/ros2_project/course/node_ws/install/nodes_py/share/nodes_py/hook/ament_prefix_path.sh'
[0.138s] INFO:colcon.colcon_core.shell:Skip shell extension 'powershell' for command environment: Not usable outside of PowerShell
[0.138s] DEBUG:colcon.colcon_core.shell:Skip shell extension 'dsv' for command environment
[0.272s] INFO:colcon.colcon_core.task.python.build:Building Python package in '/home/kejun/git_dir/ros2_project/course/node_ws/src/nodes_py'
[0.273s] INFO:colcon.colcon_core.shell:Skip shell extension 'powershell' for command environment: Not usable outside of PowerShell
[0.273s] DEBUG:colcon.colcon_core.shell:Skip shell extension 'dsv' for command environment
[0.588s] DEBUG:colcon.colcon_core.event_handler.log_command:Invoking command in '/home/kejun/git_dir/ros2_project/course/node_ws/src/nodes_py': DEBUGINFOD_URLS=https://debuginfod.ubuntu.com PYTHONPATH=/home/kejun/git_dir/ros2_project/course/node_ws/build/nodes_py/prefix_override:/usr/lib/python3/dist-packages/colcon_core/task/python/colcon_distutils_commands:/home/kejun/git_dir/ros2_project/course/node_ws/install/nodes_py/lib/python3.12/site-packages:${PYTHONPATH} /usr/bin/python3 -W ignore:setup.py install is deprecated -W ignore:easy_install command is deprecated setup.py egg_info --egg-base ../../build/nodes_py build --build-base /home/kejun/git_dir/ros2_project/course/node_ws/build/nodes_py/build install --record /home/kejun/git_dir/ros2_project/course/node_ws/build/nodes_py/install.log --single-version-externally-managed install_data
[0.880s] DEBUG:colcon.colcon_core.event_handler.log_command:Invoked command in '/home/kejun/git_dir/ros2_project/course/node_ws/src/nodes_py' returned '0': DEBUGINFOD_URLS=https://debuginfod.ubuntu.com PYTHONPATH=/home/kejun/git_dir/ros2_project/course/node_ws/build/nodes_py/prefix_override:/usr/lib/python3/dist-packages/colcon_core/task/python/colcon_distutils_commands:/home/kejun/git_dir/ros2_project/course/node_ws/install/nodes_py/lib/python3.12/site-packages:${PYTHONPATH} /usr/bin/python3 -W ignore:setup.py install is deprecated -W ignore:easy_install command is deprecated setup.py egg_info --egg-base ../../build/nodes_py build --build-base /home/kejun/git_dir/ros2_project/course/node_ws/build/nodes_py/build install --record /home/kejun/git_dir/ros2_project/course/node_ws/build/nodes_py/install.log --single-version-externally-managed install_data
[0.881s] Level 1:colcon.colcon_core.environment:checking '/home/kejun/git_dir/ros2_project/course/node_ws/install/nodes_py' for CMake module files
[0.881s] Level 1:colcon.colcon_core.environment:checking '/home/kejun/git_dir/ros2_project/course/node_ws/install/nodes_py' for CMake config files
[0.882s] Level 1:colcon.colcon_core.environment:checking '/home/kejun/git_dir/ros2_project/course/node_ws/install/nodes_py/lib'
[0.882s] Level 1:colcon.colcon_core.environment:checking '/home/kejun/git_dir/ros2_project/course/node_ws/install/nodes_py/bin'
[0.882s] Level 1:colcon.colcon_core.environment:checking '/home/kejun/git_dir/ros2_project/course/node_ws/install/nodes_py/lib/pkgconfig/nodes_py.pc'
[0.882s] Level 1:colcon.colcon_core.environment:checking '/home/kejun/git_dir/ros2_project/course/node_ws/install/nodes_py/lib/python3.12/site-packages'
[0.882s] Level 1:colcon.colcon_core.shell:create_environment_hook('nodes_py', 'pythonpath')
[0.882s] INFO:colcon.colcon_core.shell:Creating environment hook '/home/kejun/git_dir/ros2_project/course/node_ws/install/nodes_py/share/nodes_py/hook/pythonpath.ps1'
[0.882s] INFO:colcon.colcon_core.shell:Creating environment descriptor '/home/kejun/git_dir/ros2_project/course/node_ws/install/nodes_py/share/nodes_py/hook/pythonpath.dsv'
[0.883s] INFO:colcon.colcon_core.shell:Creating environment hook '/home/kejun/git_dir/ros2_project/course/node_ws/install/nodes_py/share/nodes_py/hook/pythonpath.sh'
[0.883s] Level 1:colcon.colcon_core.environment:checking '/home/kejun/git_dir/ros2_project/course/node_ws/install/nodes_py/bin'
[0.883s] Level 1:colcon.colcon_core.environment:create_environment_scripts_only(nodes_py)
[0.883s] INFO:colcon.colcon_core.shell:Creating package script '/home/kejun/git_dir/ros2_project/course/node_ws/install/nodes_py/share/nodes_py/package.ps1'
[0.883s] INFO:colcon.colcon_core.shell:Creating package descriptor '/home/kejun/git_dir/ros2_project/course/node_ws/install/nodes_py/share/nodes_py/package.dsv'
[0.884s] INFO:colcon.colcon_core.shell:Creating package script '/home/kejun/git_dir/ros2_project/course/node_ws/install/nodes_py/share/nodes_py/package.sh'
[0.884s] INFO:colcon.colcon_core.shell:Creating package script '/home/kejun/git_dir/ros2_project/course/node_ws/install/nodes_py/share/nodes_py/package.bash'
[0.884s] INFO:colcon.colcon_core.shell:Creating package script '/home/kejun/git_dir/ros2_project/course/node_ws/install/nodes_py/share/nodes_py/package.zsh'
[0.885s] Level 1:colcon.colcon_core.environment:create_file_with_runtime_dependencies(/home/kejun/git_dir/ros2_project/course/node_ws/install/nodes_py/share/colcon-core/packages/nodes_py)
[0.885s] INFO:colcon.colcon_ros.task.ament_cmake.build:Building ROS package in '/home/kejun/git_dir/ros2_project/course/node_ws/src/nodes_interfaces' with build type 'ament_cmake'
[0.885s] INFO:colcon.colcon_cmake.task.cmake.build:Building CMake package in '/home/kejun/git_dir/ros2_project/course/node_ws/src/nodes_interfaces'
[0.885s] INFO:colcon.colcon_core.shell:Skip shell extension 'powershell' for command environment: Not usable outside of PowerShell
[0.885s] DEBUG:colcon.colcon_core.shell:Skip shell extension 'dsv' for command environment
[0.894s] DEBUG:colcon.colcon_core.event_handler.log_command:Invoking command in '/home/kejun/git_dir/ros2_project/course/node_ws/build/nodes_interfaces': CMAKE_PREFIX_PATH=${CMAKE_PREFIX_PATH}:/home/kejun/git_dir/ros2_project/ros2_from_scratch_book/ros2_ws/install/my_py_pkg:/opt/ros/jazzy DEBUGINFOD_URLS=https://debuginfod.ubuntu.com /usr/bin/cmake /home/kejun/git_dir/ros2_project/course/node_ws/src/nodes_interfaces -DCMAKE_INSTALL_PREFIX=/home/kejun/git_dir/ros2_project/course/node_ws/install/nodes_interfaces
[1.411s] DEBUG:colcon.colcon_core.event_handler.log_command:Invoked command in '/home/kejun/git_dir/ros2_project/course/node_ws/build/nodes_interfaces' returned '1': CMAKE_PREFIX_PATH=${CMAKE_PREFIX_PATH}:/home/kejun/git_dir/ros2_project/ros2_from_scratch_book/ros2_ws/install/my_py_pkg:/opt/ros/jazzy DEBUGINFOD_URLS=https://debuginfod.ubuntu.com /usr/bin/cmake /home/kejun/git_dir/ros2_project/course/node_ws/src/nodes_interfaces -DCMAKE_INSTALL_PREFIX=/home/kejun/git_dir/ros2_project/course/node_ws/install/nodes_interfaces
[1.422s] Level 1:colcon.colcon_core.environment:create_environment_scripts_only(nodes_interfaces)
[1.422s] Level 1:colcon.colcon_core.environment:checking '/home/kejun/git_dir/ros2_project/course/node_ws/install/nodes_interfaces' for CMake module files
[1.422s] Level 1:colcon.colcon_core.environment:checking '/home/kejun/git_dir/ros2_project/course/node_ws/install/nodes_interfaces' for CMake config files
[1.422s] Level 1:colcon.colcon_core.environment:checking '/home/kejun/git_dir/ros2_project/course/node_ws/install/nodes_interfaces/bin'
[1.423s] Level 1:colcon.colcon_core.environment:checking '/home/kejun/git_dir/ros2_project/course/node_ws/install/nodes_interfaces/lib/pkgconfig/nodes_interfaces.pc'
[1.423s] Level 1:colcon.colcon_core.environment:checking '/home/kejun/git_dir/ros2_project/course/node_ws/install/nodes_interfaces/lib/python3.12/site-packages'
[1.423s] Level 1:colcon.colcon_core.environment:checking '/home/kejun/git_dir/ros2_project/course/node_ws/install/nodes_interfaces/bin'
[1.423s] INFO:colcon.colcon_core.shell:Creating package script '/home/kejun/git_dir/ros2_project/course/node_ws/install/nodes_interfaces/share/nodes_interfaces/package.ps1'
[1.423s] INFO:colcon.colcon_core.shell:Creating package descriptor '/home/kejun/git_dir/ros2_project/course/node_ws/install/nodes_interfaces/share/nodes_interfaces/package.dsv'
[1.423s] INFO:colcon.colcon_core.shell:Creating package script '/home/kejun/git_dir/ros2_project/course/node_ws/install/nodes_interfaces/share/nodes_interfaces/package.sh'
[1.423s] INFO:colcon.colcon_core.shell:Creating package script '/home/kejun/git_dir/ros2_project/course/node_ws/install/nodes_interfaces/share/nodes_interfaces/package.bash'
[1.424s] INFO:colcon.colcon_core.shell:Creating package script '/home/kejun/git_dir/ros2_project/course/node_ws/install/nodes_interfaces/share/nodes_interfaces/package.zsh'
[1.424s] Level 1:colcon.colcon_core.environment:create_file_with_runtime_dependencies(/home/kejun/git_dir/ros2_project/course/node_ws/install/nodes_interfaces/share/colcon-core/packages/nodes_interfaces)
[1.425s] DEBUG:colcon.colcon_parallel_executor.executor.parallel:closing loop
[1.425s] DEBUG:colcon.colcon_parallel_executor.executor.parallel:loop closed
[1.425s] DEBUG:colcon.colcon_parallel_executor.executor.parallel:run_until_complete finished with '1'
[1.425s] DEBUG:colcon.colcon_core.event_reactor:joining thread
[1.442s] INFO:colcon.colcon_core.plugin_system:Skipping extension 'colcon_notification.desktop_notification.terminal_notifier': Not used on non-Darwin systems
[1.442s] INFO:colcon.colcon_core.plugin_system:Skipping extension 'colcon_notification.desktop_notification.win32': Not used on non-Windows systems
[1.442s] INFO:colcon.colcon_notification.desktop_notification:Sending desktop notification using 'notify2'
[1.464s] DEBUG:colcon.colcon_core.event_reactor:joined thread
[1.464s] INFO:colcon.colcon_core.shell:Creating prefix script '/home/kejun/git_dir/ros2_project/course/node_ws/install/local_setup.ps1'
[1.465s] INFO:colcon.colcon_core.shell:Creating prefix util module '/home/kejun/git_dir/ros2_project/course/node_ws/install/_local_setup_util_ps1.py'
[1.466s] INFO:colcon.colcon_core.shell:Creating prefix chain script '/home/kejun/git_dir/ros2_project/course/node_ws/install/setup.ps1'
[1.468s] INFO:colcon.colcon_core.shell:Creating prefix script '/home/kejun/git_dir/ros2_project/course/node_ws/install/local_setup.sh'
[1.469s] INFO:colcon.colcon_core.shell:Creating prefix util module '/home/kejun/git_dir/ros2_project/course/node_ws/install/_local_setup_util_sh.py'
[1.469s] INFO:colcon.colcon_core.shell:Creating prefix chain script '/home/kejun/git_dir/ros2_project/course/node_ws/install/setup.sh'
[1.470s] INFO:colcon.colcon_core.shell:Creating prefix script '/home/kejun/git_dir/ros2_project/course/node_ws/install/local_setup.bash'
[1.471s] INFO:colcon.colcon_core.shell:Creating prefix chain script '/home/kejun/git_dir/ros2_project/course/node_ws/install/setup.bash'
[1.472s] INFO:colcon.colcon_core.shell:Creating prefix script '/home/kejun/git_dir/ros2_project/course/node_ws/install/local_setup.zsh'
[1.473s] INFO:colcon.colcon_core.shell:Creating prefix chain script '/home/kejun/git_dir/ros2_project/course/node_ws/install/setup.zsh'
