[0.016s] Invoking command in '/home/kejun/git_dir/ros2_project/assignments/assign01/assn01_ws/build/heatControl_bringup': AMENT_PREFIX_PATH=/home/kejun/git_dir/ros2_project/assignments/assign01/assn01_ws/install/heatControl_py:${AMENT_PREFIX_PATH} CMAKE_PREFIX_PATH=${CMAKE_PREFIX_PATH}:/home/kejun/git_dir/ros2_project/course/node_ws/install/nodes_py:/home/kejun/git_dir/ros2_project/ros2_from_scratch_book/ros2_ws/install/my_py_pkg:/opt/ros/jazzy DEBUGINFOD_URLS=https://debuginfod.ubuntu.com PYTHONPATH=/home/kejun/git_dir/ros2_project/assignments/assign01/assn01_ws/install/heatControl_py/lib/python3.12/site-packages:${PYTHONPATH} /usr/bin/cmake /home/kejun/git_dir/ros2_project/assignments/assign01/assn01_ws/src/heatControl_bringup -DCMAKE_INSTALL_PREFIX=/home/kejun/git_dir/ros2_project/assignments/assign01/assn01_ws/install/heatControl_bringup
[0.074s] -- The C compiler identification is GNU 13.3.0
[0.115s] -- The CXX compiler identification is GNU 13.3.0
[0.139s] -- Detecting C compiler ABI info
[0.240s] -- Detecting C compiler ABI info - done
[0.255s] -- Check for working C compiler: /usr/bin/cc - skipped
[0.256s] -- Detecting C compile features
[0.256s] -- Detecting C compile features - done
[0.265s] -- Detecting CXX compiler ABI info
[0.392s] -- Detecting CXX compiler ABI info - done
[0.404s] -- Check for working CXX compiler: /usr/bin/c++ - skipped
[0.405s] -- Detecting CXX compile features
[0.405s] -- Detecting CXX compile features - done
[0.409s] -- Found ament_cmake: 2.5.4 (/opt/ros/jazzy/share/ament_cmake/cmake)
[0.519s] -- Found Python3: /usr/bin/python3 (found version "3.12.3") found components: Interpreter 
[0.647s] -- Found ament_lint_auto: 0.17.3 (/opt/ros/jazzy/share/ament_lint_auto/cmake)
[0.700s] WARNING: Package name "heatControl_bringup" does not follow the naming conventions. It should start with a lower case letter and only contain lower case letters, digits, underscores, and dashes.
[0.726s] -- Added test 'flake8' to check Python code syntax and style conventions
[0.728s] -- Configured 'flake8' exclude dirs and/or files: 
[0.730s] -- Added test 'lint_cmake' to check CMake code style
[0.731s] -- Added test 'pep257' to check Python code against some of the docstring style conventions in PEP 257
[0.733s] -- Added test 'xmllint' to check XML markup files
[0.740s] -- Configuring done (0.7s)
[0.747s] -- Generating done (0.0s)
[0.751s] -- Build files have been written to: /home/kejun/git_dir/ros2_project/assignments/assign01/assn01_ws/build/heatControl_bringup
[0.759s] Invoked command in '/home/kejun/git_dir/ros2_project/assignments/assign01/assn01_ws/build/heatControl_bringup' returned '0': AMENT_PREFIX_PATH=/home/kejun/git_dir/ros2_project/assignments/assign01/assn01_ws/install/heatControl_py:${AMENT_PREFIX_PATH} CMAKE_PREFIX_PATH=${CMAKE_PREFIX_PATH}:/home/kejun/git_dir/ros2_project/course/node_ws/install/nodes_py:/home/kejun/git_dir/ros2_project/ros2_from_scratch_book/ros2_ws/install/my_py_pkg:/opt/ros/jazzy DEBUGINFOD_URLS=https://debuginfod.ubuntu.com PYTHONPATH=/home/kejun/git_dir/ros2_project/assignments/assign01/assn01_ws/install/heatControl_py/lib/python3.12/site-packages:${PYTHONPATH} /usr/bin/cmake /home/kejun/git_dir/ros2_project/assignments/assign01/assn01_ws/src/heatControl_bringup -DCMAKE_INSTALL_PREFIX=/home/kejun/git_dir/ros2_project/assignments/assign01/assn01_ws/install/heatControl_bringup
[0.760s] Invoking command in '/home/kejun/git_dir/ros2_project/assignments/assign01/assn01_ws/build/heatControl_bringup': AMENT_PREFIX_PATH=/home/kejun/git_dir/ros2_project/assignments/assign01/assn01_ws/install/heatControl_py:${AMENT_PREFIX_PATH} CMAKE_PREFIX_PATH=${CMAKE_PREFIX_PATH}:/home/kejun/git_dir/ros2_project/course/node_ws/install/nodes_py:/home/kejun/git_dir/ros2_project/ros2_from_scratch_book/ros2_ws/install/my_py_pkg:/opt/ros/jazzy DEBUGINFOD_URLS=https://debuginfod.ubuntu.com PYTHONPATH=/home/kejun/git_dir/ros2_project/assignments/assign01/assn01_ws/install/heatControl_py/lib/python3.12/site-packages:${PYTHONPATH} /usr/bin/cmake --build /home/kejun/git_dir/ros2_project/assignments/assign01/assn01_ws/build/heatControl_bringup -- -j1 -l1
[0.881s] Invoked command in '/home/kejun/git_dir/ros2_project/assignments/assign01/assn01_ws/build/heatControl_bringup' returned '0': AMENT_PREFIX_PATH=/home/kejun/git_dir/ros2_project/assignments/assign01/assn01_ws/install/heatControl_py:${AMENT_PREFIX_PATH} CMAKE_PREFIX_PATH=${CMAKE_PREFIX_PATH}:/home/kejun/git_dir/ros2_project/course/node_ws/install/nodes_py:/home/kejun/git_dir/ros2_project/ros2_from_scratch_book/ros2_ws/install/my_py_pkg:/opt/ros/jazzy DEBUGINFOD_URLS=https://debuginfod.ubuntu.com PYTHONPATH=/home/kejun/git_dir/ros2_project/assignments/assign01/assn01_ws/install/heatControl_py/lib/python3.12/site-packages:${PYTHONPATH} /usr/bin/cmake --build /home/kejun/git_dir/ros2_project/assignments/assign01/assn01_ws/build/heatControl_bringup -- -j1 -l1
[0.884s] Invoking command in '/home/kejun/git_dir/ros2_project/assignments/assign01/assn01_ws/build/heatControl_bringup': AMENT_PREFIX_PATH=/home/kejun/git_dir/ros2_project/assignments/assign01/assn01_ws/install/heatControl_py:${AMENT_PREFIX_PATH} CMAKE_PREFIX_PATH=${CMAKE_PREFIX_PATH}:/home/kejun/git_dir/ros2_project/course/node_ws/install/nodes_py:/home/kejun/git_dir/ros2_project/ros2_from_scratch_book/ros2_ws/install/my_py_pkg:/opt/ros/jazzy DEBUGINFOD_URLS=https://debuginfod.ubuntu.com PYTHONPATH=/home/kejun/git_dir/ros2_project/assignments/assign01/assn01_ws/install/heatControl_py/lib/python3.12/site-packages:${PYTHONPATH} /usr/bin/cmake --install /home/kejun/git_dir/ros2_project/assignments/assign01/assn01_ws/build/heatControl_bringup
[0.960s] -- Install configuration: ""
[0.960s] -- Installing: /home/kejun/git_dir/ros2_project/assignments/assign01/assn01_ws/install/heatControl_bringup/share/heatControl_bringup/launch
[0.962s] -- Installing: /home/kejun/git_dir/ros2_project/assignments/assign01/assn01_ws/install/heatControl_bringup/share/heatControl_bringup/launch/heatControl.launch.py
[0.964s] -- Installing: /home/kejun/git_dir/ros2_project/assignments/assign01/assn01_ws/install/heatControl_bringup/share/ament_index/resource_index/package_run_dependencies/heatControl_bringup
[0.964s] -- Installing: /home/kejun/git_dir/ros2_project/assignments/assign01/assn01_ws/install/heatControl_bringup/share/ament_index/resource_index/parent_prefix_path/heatControl_bringup
[0.965s] -- Installing: /home/kejun/git_dir/ros2_project/assignments/assign01/assn01_ws/install/heatControl_bringup/share/heatControl_bringup/environment/ament_prefix_path.sh
[0.966s] -- Installing: /home/kejun/git_dir/ros2_project/assignments/assign01/assn01_ws/install/heatControl_bringup/share/heatControl_bringup/environment/ament_prefix_path.dsv
[0.967s] -- Installing: /home/kejun/git_dir/ros2_project/assignments/assign01/assn01_ws/install/heatControl_bringup/share/heatControl_bringup/environment/path.sh
[0.970s] -- Installing: /home/kejun/git_dir/ros2_project/assignments/assign01/assn01_ws/install/heatControl_bringup/share/heatControl_bringup/environment/path.dsv
[0.970s] -- Installing: /home/kejun/git_dir/ros2_project/assignments/assign01/assn01_ws/install/heatControl_bringup/share/heatControl_bringup/local_setup.bash
[0.970s] -- Installing: /home/kejun/git_dir/ros2_project/assignments/assign01/assn01_ws/install/heatControl_bringup/share/heatControl_bringup/local_setup.sh
[0.970s] -- Installing: /home/kejun/git_dir/ros2_project/assignments/assign01/assn01_ws/install/heatControl_bringup/share/heatControl_bringup/local_setup.zsh
[0.970s] -- Installing: /home/kejun/git_dir/ros2_project/assignments/assign01/assn01_ws/install/heatControl_bringup/share/heatControl_bringup/local_setup.dsv
[0.970s] -- Installing: /home/kejun/git_dir/ros2_project/assignments/assign01/assn01_ws/install/heatControl_bringup/share/heatControl_bringup/package.dsv
[0.970s] -- Installing: /home/kejun/git_dir/ros2_project/assignments/assign01/assn01_ws/install/heatControl_bringup/share/ament_index/resource_index/packages/heatControl_bringup
[0.970s] -- Installing: /home/kejun/git_dir/ros2_project/assignments/assign01/assn01_ws/install/heatControl_bringup/share/heatControl_bringup/cmake/heatControl_bringupConfig.cmake
[0.970s] -- Installing: /home/kejun/git_dir/ros2_project/assignments/assign01/assn01_ws/install/heatControl_bringup/share/heatControl_bringup/cmake/heatControl_bringupConfig-version.cmake
[0.971s] -- Installing: /home/kejun/git_dir/ros2_project/assignments/assign01/assn01_ws/install/heatControl_bringup/share/heatControl_bringup/package.xml
[0.975s] Invoked command in '/home/kejun/git_dir/ros2_project/assignments/assign01/assn01_ws/build/heatControl_bringup' returned '0': AMENT_PREFIX_PATH=/home/kejun/git_dir/ros2_project/assignments/assign01/assn01_ws/install/heatControl_py:${AMENT_PREFIX_PATH} CMAKE_PREFIX_PATH=${CMAKE_PREFIX_PATH}:/home/kejun/git_dir/ros2_project/course/node_ws/install/nodes_py:/home/kejun/git_dir/ros2_project/ros2_from_scratch_book/ros2_ws/install/my_py_pkg:/opt/ros/jazzy DEBUGINFOD_URLS=https://debuginfod.ubuntu.com PYTHONPATH=/home/kejun/git_dir/ros2_project/assignments/assign01/assn01_ws/install/heatControl_py/lib/python3.12/site-packages:${PYTHONPATH} /usr/bin/cmake --install /home/kejun/git_dir/ros2_project/assignments/assign01/assn01_ws/build/heatControl_bringup
