[0.012s] Invoking command in '/home/kejun/git_dir/ros2_project/assignments/assign01/assn01_ws/build/heatControl_cpp': CMAKE_PREFIX_PATH=${CMAKE_PREFIX_PATH}:/home/kejun/git_dir/ros2_project/assignments/assign01/assn01_ws/install/heatControl_py:/opt/ros/jazzy DEBUGINFOD_URLS=https://debuginfod.ubuntu.com /usr/bin/cmake --build /home/kejun/git_dir/ros2_project/assignments/assign01/assn01_ws/build/heatControl_cpp -- -j16 -l16
[0.183s] Invoked command in '/home/kejun/git_dir/ros2_project/assignments/assign01/assn01_ws/build/heatControl_cpp' returned '0': CMAKE_PREFIX_PATH=${CMAKE_PREFIX_PATH}:/home/kejun/git_dir/ros2_project/assignments/assign01/assn01_ws/install/heatControl_py:/opt/ros/jazzy DEBUGINFOD_URLS=https://debuginfod.ubuntu.com /usr/bin/cmake --build /home/kejun/git_dir/ros2_project/assignments/assign01/assn01_ws/build/heatControl_cpp -- -j16 -l16
[0.189s] Invoking command in '/home/kejun/git_dir/ros2_project/assignments/assign01/assn01_ws/build/heatControl_cpp': CMAKE_PREFIX_PATH=${CMAKE_PREFIX_PATH}:/home/kejun/git_dir/ros2_project/assignments/assign01/assn01_ws/install/heatControl_py:/opt/ros/jazzy DEBUGINFOD_URLS=https://debuginfod.ubuntu.com /usr/bin/cmake --install /home/kejun/git_dir/ros2_project/assignments/assign01/assn01_ws/build/heatControl_cpp
[0.194s] -- Install configuration: ""
[0.194s] -- Up-to-date: /home/kejun/git_dir/ros2_project/assignments/assign01/assn01_ws/install/heatControl_cpp/share/ament_index/resource_index/package_run_dependencies/heatControl_cpp
[0.195s] -- Up-to-date: /home/kejun/git_dir/ros2_project/assignments/assign01/assn01_ws/install/heatControl_cpp/share/ament_index/resource_index/parent_prefix_path/heatControl_cpp
[0.195s] -- Up-to-date: /home/kejun/git_dir/ros2_project/assignments/assign01/assn01_ws/install/heatControl_cpp/share/heatControl_cpp/environment/ament_prefix_path.sh
[0.195s] -- Up-to-date: /home/kejun/git_dir/ros2_project/assignments/assign01/assn01_ws/install/heatControl_cpp/share/heatControl_cpp/environment/ament_prefix_path.dsv
[0.195s] -- Up-to-date: /home/kejun/git_dir/ros2_project/assignments/assign01/assn01_ws/install/heatControl_cpp/share/heatControl_cpp/environment/path.sh
[0.195s] -- Up-to-date: /home/kejun/git_dir/ros2_project/assignments/assign01/assn01_ws/install/heatControl_cpp/share/heatControl_cpp/environment/path.dsv
[0.195s] -- Up-to-date: /home/kejun/git_dir/ros2_project/assignments/assign01/assn01_ws/install/heatControl_cpp/share/heatControl_cpp/local_setup.bash
[0.195s] -- Up-to-date: /home/kejun/git_dir/ros2_project/assignments/assign01/assn01_ws/install/heatControl_cpp/share/heatControl_cpp/local_setup.sh
[0.195s] -- Up-to-date: /home/kejun/git_dir/ros2_project/assignments/assign01/assn01_ws/install/heatControl_cpp/share/heatControl_cpp/local_setup.zsh
[0.195s] -- Up-to-date: /home/kejun/git_dir/ros2_project/assignments/assign01/assn01_ws/install/heatControl_cpp/share/heatControl_cpp/local_setup.dsv
[0.195s] -- Installing: /home/kejun/git_dir/ros2_project/assignments/assign01/assn01_ws/install/heatControl_cpp/share/heatControl_cpp/package.dsv
[0.195s] -- Up-to-date: /home/kejun/git_dir/ros2_project/assignments/assign01/assn01_ws/install/heatControl_cpp/share/ament_index/resource_index/packages/heatControl_cpp
[0.196s] -- Up-to-date: /home/kejun/git_dir/ros2_project/assignments/assign01/assn01_ws/install/heatControl_cpp/share/heatControl_cpp/cmake/heatControl_cppConfig.cmake
[0.196s] -- Up-to-date: /home/kejun/git_dir/ros2_project/assignments/assign01/assn01_ws/install/heatControl_cpp/share/heatControl_cpp/cmake/heatControl_cppConfig-version.cmake
[0.196s] -- Up-to-date: /home/kejun/git_dir/ros2_project/assignments/assign01/assn01_ws/install/heatControl_cpp/share/heatControl_cpp/package.xml
[0.197s] Invoked command in '/home/kejun/git_dir/ros2_project/assignments/assign01/assn01_ws/build/heatControl_cpp' returned '0': CMAKE_PREFIX_PATH=${CMAKE_PREFIX_PATH}:/home/kejun/git_dir/ros2_project/assignments/assign01/assn01_ws/install/heatControl_py:/opt/ros/jazzy DEBUGINFOD_URLS=https://debuginfod.ubuntu.com /usr/bin/cmake --install /home/kejun/git_dir/ros2_project/assignments/assign01/assn01_ws/build/heatControl_cpp
