[0.010s] Invoking command in '/home/kejun/git_dir/ros2_project/course/node_ws/build/nodes_interfaces': CMAKE_PREFIX_PATH=${CMAKE_PREFIX_PATH}:/home/kejun/git_dir/ros2_project/course/node_ws/install/nodes_py:/home/kejun/git_dir/ros2_project/ros2_from_scratch_book/ros2_ws/install/my_py_pkg:/opt/ros/jazzy DEBUGINFOD_URLS=https://debuginfod.ubuntu.com /usr/bin/cmake --build /home/kejun/git_dir/ros2_project/course/node_ws/build/nodes_interfaces -- -j1 -l1
[0.062s] [  2%] Built target nodes_interfaces__rosidl_generator_type_description
[0.077s] [  4%] Built target nodes_interfaces__cpp
[0.093s] [ 22%] Built target nodes_interfaces__rosidl_generator_c
[0.118s] [ 31%] Built target nodes_interfaces__rosidl_typesupport_cpp
[0.135s] [ 40%] Built target nodes_interfaces__rosidl_typesupport_fastrtps_c
[0.150s] [ 50%] Built target nodes_interfaces__rosidl_typesupport_introspection_c
[0.164s] [ 59%] Built target nodes_interfaces__rosidl_typesupport_c
[0.180s] [ 68%] Built target nodes_interfaces__rosidl_typesupport_fastrtps_cpp
[0.195s] [ 77%] Built target nodes_interfaces__rosidl_typesupport_introspection_cpp
[0.225s] [ 77%] Built target nodes_interfaces
[0.248s] [ 77%] Built target ament_cmake_python_copy_nodes_interfaces
[0.370s] running egg_info
[0.377s] writing nodes_interfaces.egg-info/PKG-INFO
[0.378s] writing dependency_links to nodes_interfaces.egg-info/dependency_links.txt
[0.378s] writing top-level names to nodes_interfaces.egg-info/top_level.txt
[0.403s] reading manifest file 'nodes_interfaces.egg-info/SOURCES.txt'
[0.404s] writing manifest file 'nodes_interfaces.egg-info/SOURCES.txt'
[0.442s] [ 77%] Built target ament_cmake_python_build_nodes_interfaces_egg
[0.462s] [ 79%] Built target nodes_interfaces__py
[0.482s] [ 86%] Built target nodes_interfaces__rosidl_generator_py
[0.505s] [ 90%] Built target nodes_interfaces_s__rosidl_typesupport_fastrtps_c
[0.530s] [ 95%] Built target nodes_interfaces_s__rosidl_typesupport_introspection_c
[0.547s] [100%] Built target nodes_interfaces_s__rosidl_typesupport_c
[0.557s] Invoked command in '/home/kejun/git_dir/ros2_project/course/node_ws/build/nodes_interfaces' returned '0': CMAKE_PREFIX_PATH=${CMAKE_PREFIX_PATH}:/home/kejun/git_dir/ros2_project/course/node_ws/install/nodes_py:/home/kejun/git_dir/ros2_project/ros2_from_scratch_book/ros2_ws/install/my_py_pkg:/opt/ros/jazzy DEBUGINFOD_URLS=https://debuginfod.ubuntu.com /usr/bin/cmake --build /home/kejun/git_dir/ros2_project/course/node_ws/build/nodes_interfaces -- -j1 -l1
[0.564s] Invoking command in '/home/kejun/git_dir/ros2_project/course/node_ws/build/nodes_interfaces': CMAKE_PREFIX_PATH=${CMAKE_PREFIX_PATH}:/home/kejun/git_dir/ros2_project/course/node_ws/install/nodes_py:/home/kejun/git_dir/ros2_project/ros2_from_scratch_book/ros2_ws/install/my_py_pkg:/opt/ros/jazzy DEBUGINFOD_URLS=https://debuginfod.ubuntu.com /usr/bin/cmake --install /home/kejun/git_dir/ros2_project/course/node_ws/build/nodes_interfaces
[0.571s] -- Install configuration: ""
[0.571s] -- Up-to-date: /home/kejun/git_dir/ros2_project/course/node_ws/install/nodes_interfaces/share/ament_index/resource_index/rosidl_interfaces/nodes_interfaces
[0.571s] -- Up-to-date: /home/kejun/git_dir/ros2_project/course/node_ws/install/nodes_interfaces/share/nodes_interfaces/msg/CountDelta.json
[0.571s] -- Up-to-date: /home/kejun/git_dir/ros2_project/course/node_ws/install/nodes_interfaces/share/nodes_interfaces/srv/ResetCount.json
[0.571s] -- Up-to-date: /home/kejun/git_dir/ros2_project/course/node_ws/install/nodes_interfaces/include/nodes_interfaces/nodes_interfaces
[0.571s] -- Up-to-date: /home/kejun/git_dir/ros2_project/course/node_ws/install/nodes_interfaces/include/nodes_interfaces/nodes_interfaces/srv
[0.571s] -- Up-to-date: /home/kejun/git_dir/ros2_project/course/node_ws/install/nodes_interfaces/include/nodes_interfaces/nodes_interfaces/srv/detail
[0.572s] -- Up-to-date: /home/kejun/git_dir/ros2_project/course/node_ws/install/nodes_interfaces/include/nodes_interfaces/nodes_interfaces/srv/detail/reset_count__functions.c
[0.572s] -- Up-to-date: /home/kejun/git_dir/ros2_project/course/node_ws/install/nodes_interfaces/include/nodes_interfaces/nodes_interfaces/srv/detail/reset_count__functions.h
[0.572s] -- Installing: /home/kejun/git_dir/ros2_project/course/node_ws/install/nodes_interfaces/include/nodes_interfaces/nodes_interfaces/srv/detail/reset_count__type_support.c
[0.572s] -- Up-to-date: /home/kejun/git_dir/ros2_project/course/node_ws/install/nodes_interfaces/include/nodes_interfaces/nodes_interfaces/srv/detail/reset_count__type_support.h
[0.572s] -- Up-to-date: /home/kejun/git_dir/ros2_project/course/node_ws/install/nodes_interfaces/include/nodes_interfaces/nodes_interfaces/srv/detail/reset_count__description.c
[0.572s] -- Up-to-date: /home/kejun/git_dir/ros2_project/course/node_ws/install/nodes_interfaces/include/nodes_interfaces/nodes_interfaces/srv/detail/reset_count__struct.h
[0.572s] -- Up-to-date: /home/kejun/git_dir/ros2_project/course/node_ws/install/nodes_interfaces/include/nodes_interfaces/nodes_interfaces/srv/reset_count.h
[0.572s] -- Up-to-date: /home/kejun/git_dir/ros2_project/course/node_ws/install/nodes_interfaces/include/nodes_interfaces/nodes_interfaces/msg
[0.572s] -- Up-to-date: /home/kejun/git_dir/ros2_project/course/node_ws/install/nodes_interfaces/include/nodes_interfaces/nodes_interfaces/msg/detail
[0.573s] -- Installing: /home/kejun/git_dir/ros2_project/course/node_ws/install/nodes_interfaces/include/nodes_interfaces/nodes_interfaces/msg/detail/count_delta__type_support.c
[0.573s] -- Up-to-date: /home/kejun/git_dir/ros2_project/course/node_ws/install/nodes_interfaces/include/nodes_interfaces/nodes_interfaces/msg/detail/count_delta__type_support.h
[0.573s] -- Up-to-date: /home/kejun/git_dir/ros2_project/course/node_ws/install/nodes_interfaces/include/nodes_interfaces/nodes_interfaces/msg/detail/count_delta__functions.h
[0.573s] -- Up-to-date: /home/kejun/git_dir/ros2_project/course/node_ws/install/nodes_interfaces/include/nodes_interfaces/nodes_interfaces/msg/detail/count_delta__functions.c
[0.573s] -- Up-to-date: /home/kejun/git_dir/ros2_project/course/node_ws/install/nodes_interfaces/include/nodes_interfaces/nodes_interfaces/msg/detail/count_delta__description.c
[0.573s] -- Up-to-date: /home/kejun/git_dir/ros2_project/course/node_ws/install/nodes_interfaces/include/nodes_interfaces/nodes_interfaces/msg/detail/count_delta__struct.h
[0.573s] -- Up-to-date: /home/kejun/git_dir/ros2_project/course/node_ws/install/nodes_interfaces/include/nodes_interfaces/nodes_interfaces/msg/count_delta.h
[0.573s] -- Up-to-date: /home/kejun/git_dir/ros2_project/course/node_ws/install/nodes_interfaces/include/nodes_interfaces/nodes_interfaces/msg/rosidl_generator_c__visibility_control.h
[0.573s] -- Up-to-date: /home/kejun/git_dir/ros2_project/course/node_ws/install/nodes_interfaces/share/nodes_interfaces/environment/library_path.sh
[0.574s] -- Up-to-date: /home/kejun/git_dir/ros2_project/course/node_ws/install/nodes_interfaces/share/nodes_interfaces/environment/library_path.dsv
[0.574s] -- Up-to-date: /home/kejun/git_dir/ros2_project/course/node_ws/install/nodes_interfaces/lib/libnodes_interfaces__rosidl_generator_c.so
[0.574s] -- Up-to-date: /home/kejun/git_dir/ros2_project/course/node_ws/install/nodes_interfaces/include/nodes_interfaces/nodes_interfaces
[0.574s] -- Up-to-date: /home/kejun/git_dir/ros2_project/course/node_ws/install/nodes_interfaces/include/nodes_interfaces/nodes_interfaces/srv
[0.574s] -- Up-to-date: /home/kejun/git_dir/ros2_project/course/node_ws/install/nodes_interfaces/include/nodes_interfaces/nodes_interfaces/srv/detail
[0.574s] -- Up-to-date: /home/kejun/git_dir/ros2_project/course/node_ws/install/nodes_interfaces/include/nodes_interfaces/nodes_interfaces/srv/detail/reset_count__rosidl_typesupport_fastrtps_c.h
[0.574s] -- Up-to-date: /home/kejun/git_dir/ros2_project/course/node_ws/install/nodes_interfaces/include/nodes_interfaces/nodes_interfaces/msg
[0.574s] -- Up-to-date: /home/kejun/git_dir/ros2_project/course/node_ws/install/nodes_interfaces/include/nodes_interfaces/nodes_interfaces/msg/rosidl_typesupport_fastrtps_c__visibility_control.h
[0.574s] -- Up-to-date: /home/kejun/git_dir/ros2_project/course/node_ws/install/nodes_interfaces/include/nodes_interfaces/nodes_interfaces/msg/detail
[0.575s] -- Up-to-date: /home/kejun/git_dir/ros2_project/course/node_ws/install/nodes_interfaces/include/nodes_interfaces/nodes_interfaces/msg/detail/count_delta__rosidl_typesupport_fastrtps_c.h
[0.575s] -- Up-to-date: /home/kejun/git_dir/ros2_project/course/node_ws/install/nodes_interfaces/lib/libnodes_interfaces__rosidl_typesupport_fastrtps_c.so
[0.575s] -- Up-to-date: /home/kejun/git_dir/ros2_project/course/node_ws/install/nodes_interfaces/include/nodes_interfaces/nodes_interfaces
[0.575s] -- Up-to-date: /home/kejun/git_dir/ros2_project/course/node_ws/install/nodes_interfaces/include/nodes_interfaces/nodes_interfaces/srv
[0.575s] -- Up-to-date: /home/kejun/git_dir/ros2_project/course/node_ws/install/nodes_interfaces/include/nodes_interfaces/nodes_interfaces/srv/detail
[0.575s] -- Installing: /home/kejun/git_dir/ros2_project/course/node_ws/install/nodes_interfaces/include/nodes_interfaces/nodes_interfaces/srv/detail/reset_count__type_support.c
[0.575s] -- Up-to-date: /home/kejun/git_dir/ros2_project/course/node_ws/install/nodes_interfaces/include/nodes_interfaces/nodes_interfaces/srv/detail/reset_count__rosidl_typesupport_introspection_c.h
[0.575s] -- Up-to-date: /home/kejun/git_dir/ros2_project/course/node_ws/install/nodes_interfaces/include/nodes_interfaces/nodes_interfaces/msg
[0.576s] -- Up-to-date: /home/kejun/git_dir/ros2_project/course/node_ws/install/nodes_interfaces/include/nodes_interfaces/nodes_interfaces/msg/rosidl_typesupport_introspection_c__visibility_control.h
[0.576s] -- Up-to-date: /home/kejun/git_dir/ros2_project/course/node_ws/install/nodes_interfaces/include/nodes_interfaces/nodes_interfaces/msg/detail
[0.576s] -- Installing: /home/kejun/git_dir/ros2_project/course/node_ws/install/nodes_interfaces/include/nodes_interfaces/nodes_interfaces/msg/detail/count_delta__type_support.c
[0.576s] -- Up-to-date: /home/kejun/git_dir/ros2_project/course/node_ws/install/nodes_interfaces/include/nodes_interfaces/nodes_interfaces/msg/detail/count_delta__rosidl_typesupport_introspection_c.h
[0.576s] -- Up-to-date: /home/kejun/git_dir/ros2_project/course/node_ws/install/nodes_interfaces/lib/libnodes_interfaces__rosidl_typesupport_introspection_c.so
[0.576s] -- Up-to-date: /home/kejun/git_dir/ros2_project/course/node_ws/install/nodes_interfaces/lib/libnodes_interfaces__rosidl_typesupport_c.so
[0.577s] -- Up-to-date: /home/kejun/git_dir/ros2_project/course/node_ws/install/nodes_interfaces/include/nodes_interfaces/nodes_interfaces
[0.577s] -- Up-to-date: /home/kejun/git_dir/ros2_project/course/node_ws/install/nodes_interfaces/include/nodes_interfaces/nodes_interfaces/srv
[0.577s] -- Up-to-date: /home/kejun/git_dir/ros2_project/course/node_ws/install/nodes_interfaces/include/nodes_interfaces/nodes_interfaces/srv/detail
[0.577s] -- Up-to-date: /home/kejun/git_dir/ros2_project/course/node_ws/install/nodes_interfaces/include/nodes_interfaces/nodes_interfaces/srv/detail/reset_count__type_support.hpp
[0.577s] -- Up-to-date: /home/kejun/git_dir/ros2_project/course/node_ws/install/nodes_interfaces/include/nodes_interfaces/nodes_interfaces/srv/detail/reset_count__builder.hpp
[0.577s] -- Up-to-date: /home/kejun/git_dir/ros2_project/course/node_ws/install/nodes_interfaces/include/nodes_interfaces/nodes_interfaces/srv/detail/reset_count__traits.hpp
[0.577s] -- Up-to-date: /home/kejun/git_dir/ros2_project/course/node_ws/install/nodes_interfaces/include/nodes_interfaces/nodes_interfaces/srv/detail/reset_count__struct.hpp
[0.577s] -- Up-to-date: /home/kejun/git_dir/ros2_project/course/node_ws/install/nodes_interfaces/include/nodes_interfaces/nodes_interfaces/srv/reset_count.hpp
[0.577s] -- Up-to-date: /home/kejun/git_dir/ros2_project/course/node_ws/install/nodes_interfaces/include/nodes_interfaces/nodes_interfaces/msg
[0.577s] -- Up-to-date: /home/kejun/git_dir/ros2_project/course/node_ws/install/nodes_interfaces/include/nodes_interfaces/nodes_interfaces/msg/detail
[0.577s] -- Up-to-date: /home/kejun/git_dir/ros2_project/course/node_ws/install/nodes_interfaces/include/nodes_interfaces/nodes_interfaces/msg/detail/count_delta__type_support.hpp
[0.577s] -- Up-to-date: /home/kejun/git_dir/ros2_project/course/node_ws/install/nodes_interfaces/include/nodes_interfaces/nodes_interfaces/msg/detail/count_delta__builder.hpp
[0.578s] -- Up-to-date: /home/kejun/git_dir/ros2_project/course/node_ws/install/nodes_interfaces/include/nodes_interfaces/nodes_interfaces/msg/detail/count_delta__traits.hpp
[0.578s] -- Up-to-date: /home/kejun/git_dir/ros2_project/course/node_ws/install/nodes_interfaces/include/nodes_interfaces/nodes_interfaces/msg/detail/count_delta__struct.hpp
[0.578s] -- Up-to-date: /home/kejun/git_dir/ros2_project/course/node_ws/install/nodes_interfaces/include/nodes_interfaces/nodes_interfaces/msg/rosidl_generator_cpp__visibility_control.hpp
[0.578s] -- Up-to-date: /home/kejun/git_dir/ros2_project/course/node_ws/install/nodes_interfaces/include/nodes_interfaces/nodes_interfaces/msg/count_delta.hpp
[0.578s] -- Up-to-date: /home/kejun/git_dir/ros2_project/course/node_ws/install/nodes_interfaces/include/nodes_interfaces/nodes_interfaces
[0.579s] -- Up-to-date: /home/kejun/git_dir/ros2_project/course/node_ws/install/nodes_interfaces/include/nodes_interfaces/nodes_interfaces/srv
[0.579s] -- Up-to-date: /home/kejun/git_dir/ros2_project/course/node_ws/install/nodes_interfaces/include/nodes_interfaces/nodes_interfaces/srv/detail
[0.579s] -- Up-to-date: /home/kejun/git_dir/ros2_project/course/node_ws/install/nodes_interfaces/include/nodes_interfaces/nodes_interfaces/srv/detail/dds_fastrtps
[0.579s] -- Up-to-date: /home/kejun/git_dir/ros2_project/course/node_ws/install/nodes_interfaces/include/nodes_interfaces/nodes_interfaces/srv/detail/reset_count__rosidl_typesupport_fastrtps_cpp.hpp
[0.579s] -- Up-to-date: /home/kejun/git_dir/ros2_project/course/node_ws/install/nodes_interfaces/include/nodes_interfaces/nodes_interfaces/msg
[0.579s] -- Up-to-date: /home/kejun/git_dir/ros2_project/course/node_ws/install/nodes_interfaces/include/nodes_interfaces/nodes_interfaces/msg/detail
[0.579s] -- Up-to-date: /home/kejun/git_dir/ros2_project/course/node_ws/install/nodes_interfaces/include/nodes_interfaces/nodes_interfaces/msg/detail/count_delta__rosidl_typesupport_fastrtps_cpp.hpp
[0.579s] -- Up-to-date: /home/kejun/git_dir/ros2_project/course/node_ws/install/nodes_interfaces/include/nodes_interfaces/nodes_interfaces/msg/detail/dds_fastrtps
[0.579s] -- Up-to-date: /home/kejun/git_dir/ros2_project/course/node_ws/install/nodes_interfaces/include/nodes_interfaces/nodes_interfaces/msg/rosidl_typesupport_fastrtps_cpp__visibility_control.h
[0.579s] -- Up-to-date: /home/kejun/git_dir/ros2_project/course/node_ws/install/nodes_interfaces/lib/libnodes_interfaces__rosidl_typesupport_fastrtps_cpp.so
[0.579s] -- Up-to-date: /home/kejun/git_dir/ros2_project/course/node_ws/install/nodes_interfaces/include/nodes_interfaces/nodes_interfaces
[0.579s] -- Up-to-date: /home/kejun/git_dir/ros2_project/course/node_ws/install/nodes_interfaces/include/nodes_interfaces/nodes_interfaces/srv
[0.579s] -- Up-to-date: /home/kejun/git_dir/ros2_project/course/node_ws/install/nodes_interfaces/include/nodes_interfaces/nodes_interfaces/srv/detail
[0.579s] -- Up-to-date: /home/kejun/git_dir/ros2_project/course/node_ws/install/nodes_interfaces/include/nodes_interfaces/nodes_interfaces/srv/detail/reset_count__type_support.cpp
[0.579s] -- Up-to-date: /home/kejun/git_dir/ros2_project/course/node_ws/install/nodes_interfaces/include/nodes_interfaces/nodes_interfaces/srv/detail/reset_count__rosidl_typesupport_introspection_cpp.hpp
[0.579s] -- Up-to-date: /home/kejun/git_dir/ros2_project/course/node_ws/install/nodes_interfaces/include/nodes_interfaces/nodes_interfaces/msg
[0.579s] -- Up-to-date: /home/kejun/git_dir/ros2_project/course/node_ws/install/nodes_interfaces/include/nodes_interfaces/nodes_interfaces/msg/detail
[0.579s] -- Up-to-date: /home/kejun/git_dir/ros2_project/course/node_ws/install/nodes_interfaces/include/nodes_interfaces/nodes_interfaces/msg/detail/count_delta__type_support.cpp
[0.579s] -- Up-to-date: /home/kejun/git_dir/ros2_project/course/node_ws/install/nodes_interfaces/include/nodes_interfaces/nodes_interfaces/msg/detail/count_delta__rosidl_typesupport_introspection_cpp.hpp
[0.579s] -- Up-to-date: /home/kejun/git_dir/ros2_project/course/node_ws/install/nodes_interfaces/lib/libnodes_interfaces__rosidl_typesupport_introspection_cpp.so
[0.579s] -- Up-to-date: /home/kejun/git_dir/ros2_project/course/node_ws/install/nodes_interfaces/lib/libnodes_interfaces__rosidl_typesupport_cpp.so
[0.580s] -- Up-to-date: /home/kejun/git_dir/ros2_project/course/node_ws/install/nodes_interfaces/share/nodes_interfaces/environment/pythonpath.sh
[0.580s] -- Up-to-date: /home/kejun/git_dir/ros2_project/course/node_ws/install/nodes_interfaces/share/nodes_interfaces/environment/pythonpath.dsv
[0.580s] -- Up-to-date: /home/kejun/git_dir/ros2_project/course/node_ws/install/nodes_interfaces/lib/python3.12/site-packages/nodes_interfaces-0.0.0-py3.12.egg-info
[0.580s] -- Installing: /home/kejun/git_dir/ros2_project/course/node_ws/install/nodes_interfaces/lib/python3.12/site-packages/nodes_interfaces-0.0.0-py3.12.egg-info/PKG-INFO
[0.580s] -- Installing: /home/kejun/git_dir/ros2_project/course/node_ws/install/nodes_interfaces/lib/python3.12/site-packages/nodes_interfaces-0.0.0-py3.12.egg-info/dependency_links.txt
[0.580s] -- Installing: /home/kejun/git_dir/ros2_project/course/node_ws/install/nodes_interfaces/lib/python3.12/site-packages/nodes_interfaces-0.0.0-py3.12.egg-info/SOURCES.txt
[0.580s] -- Installing: /home/kejun/git_dir/ros2_project/course/node_ws/install/nodes_interfaces/lib/python3.12/site-packages/nodes_interfaces-0.0.0-py3.12.egg-info/top_level.txt
[0.581s] -- Up-to-date: /home/kejun/git_dir/ros2_project/course/node_ws/install/nodes_interfaces/lib/python3.12/site-packages/nodes_interfaces
[0.581s] -- Up-to-date: /home/kejun/git_dir/ros2_project/course/node_ws/install/nodes_interfaces/lib/python3.12/site-packages/nodes_interfaces/_nodes_interfaces_s.ep.rosidl_typesupport_introspection_c.c
[0.581s] -- Up-to-date: /home/kejun/git_dir/ros2_project/course/node_ws/install/nodes_interfaces/lib/python3.12/site-packages/nodes_interfaces/srv
[0.581s] -- Up-to-date: /home/kejun/git_dir/ros2_project/course/node_ws/install/nodes_interfaces/lib/python3.12/site-packages/nodes_interfaces/srv/_reset_count_s.c
[0.581s] -- Up-to-date: /home/kejun/git_dir/ros2_project/course/node_ws/install/nodes_interfaces/lib/python3.12/site-packages/nodes_interfaces/srv/__init__.py
[0.581s] -- Up-to-date: /home/kejun/git_dir/ros2_project/course/node_ws/install/nodes_interfaces/lib/python3.12/site-packages/nodes_interfaces/srv/_reset_count.py
[0.581s] -- Up-to-date: /home/kejun/git_dir/ros2_project/course/node_ws/install/nodes_interfaces/lib/python3.12/site-packages/nodes_interfaces/__init__.py
[0.581s] -- Up-to-date: /home/kejun/git_dir/ros2_project/course/node_ws/install/nodes_interfaces/lib/python3.12/site-packages/nodes_interfaces/_nodes_interfaces_s.ep.rosidl_typesupport_c.c
[0.581s] -- Up-to-date: /home/kejun/git_dir/ros2_project/course/node_ws/install/nodes_interfaces/lib/python3.12/site-packages/nodes_interfaces/msg
[0.581s] -- Up-to-date: /home/kejun/git_dir/ros2_project/course/node_ws/install/nodes_interfaces/lib/python3.12/site-packages/nodes_interfaces/msg/__init__.py
[0.581s] -- Up-to-date: /home/kejun/git_dir/ros2_project/course/node_ws/install/nodes_interfaces/lib/python3.12/site-packages/nodes_interfaces/msg/_count_delta_s.c
[0.582s] -- Up-to-date: /home/kejun/git_dir/ros2_project/course/node_ws/install/nodes_interfaces/lib/python3.12/site-packages/nodes_interfaces/msg/_count_delta.py
[0.582s] -- Up-to-date: /home/kejun/git_dir/ros2_project/course/node_ws/install/nodes_interfaces/lib/python3.12/site-packages/nodes_interfaces/nodes_interfaces_s__rosidl_typesupport_fastrtps_c.so
[0.582s] -- Up-to-date: /home/kejun/git_dir/ros2_project/course/node_ws/install/nodes_interfaces/lib/python3.12/site-packages/nodes_interfaces/nodes_interfaces_s__rosidl_typesupport_introspection_c.so
[0.582s] -- Up-to-date: /home/kejun/git_dir/ros2_project/course/node_ws/install/nodes_interfaces/lib/python3.12/site-packages/nodes_interfaces/_nodes_interfaces_s.ep.rosidl_typesupport_fastrtps_c.c
[0.582s] -- Up-to-date: /home/kejun/git_dir/ros2_project/course/node_ws/install/nodes_interfaces/lib/python3.12/site-packages/nodes_interfaces/nodes_interfaces_s__rosidl_typesupport_c.so
[0.610s] Listing '/home/kejun/git_dir/ros2_project/course/node_ws/install/nodes_interfaces/lib/python3.12/site-packages/nodes_interfaces'...
[0.610s] Listing '/home/kejun/git_dir/ros2_project/course/node_ws/install/nodes_interfaces/lib/python3.12/site-packages/nodes_interfaces/msg'...
[0.610s] Listing '/home/kejun/git_dir/ros2_project/course/node_ws/install/nodes_interfaces/lib/python3.12/site-packages/nodes_interfaces/srv'...
[0.616s] -- Up-to-date: /home/kejun/git_dir/ros2_project/course/node_ws/install/nodes_interfaces/lib/python3.12/site-packages/nodes_interfaces/nodes_interfaces_s__rosidl_typesupport_fastrtps_c.so
[0.617s] -- Up-to-date: /home/kejun/git_dir/ros2_project/course/node_ws/install/nodes_interfaces/lib/python3.12/site-packages/nodes_interfaces/nodes_interfaces_s__rosidl_typesupport_introspection_c.so
[0.617s] -- Up-to-date: /home/kejun/git_dir/ros2_project/course/node_ws/install/nodes_interfaces/lib/python3.12/site-packages/nodes_interfaces/nodes_interfaces_s__rosidl_typesupport_c.so
[0.617s] -- Up-to-date: /home/kejun/git_dir/ros2_project/course/node_ws/install/nodes_interfaces/lib/libnodes_interfaces__rosidl_generator_py.so
[0.617s] -- Up-to-date: /home/kejun/git_dir/ros2_project/course/node_ws/install/nodes_interfaces/share/nodes_interfaces/msg/CountDelta.idl
[0.617s] -- Up-to-date: /home/kejun/git_dir/ros2_project/course/node_ws/install/nodes_interfaces/share/nodes_interfaces/srv/ResetCount.idl
[0.618s] -- Up-to-date: /home/kejun/git_dir/ros2_project/course/node_ws/install/nodes_interfaces/share/nodes_interfaces/msg/CountDelta.msg
[0.618s] -- Up-to-date: /home/kejun/git_dir/ros2_project/course/node_ws/install/nodes_interfaces/share/nodes_interfaces/srv/ResetCount.srv
[0.618s] -- Up-to-date: /home/kejun/git_dir/ros2_project/course/node_ws/install/nodes_interfaces/share/ament_index/resource_index/package_run_dependencies/nodes_interfaces
[0.618s] -- Up-to-date: /home/kejun/git_dir/ros2_project/course/node_ws/install/nodes_interfaces/share/ament_index/resource_index/parent_prefix_path/nodes_interfaces
[0.618s] -- Up-to-date: /home/kejun/git_dir/ros2_project/course/node_ws/install/nodes_interfaces/share/nodes_interfaces/environment/ament_prefix_path.sh
[0.618s] -- Up-to-date: /home/kejun/git_dir/ros2_project/course/node_ws/install/nodes_interfaces/share/nodes_interfaces/environment/ament_prefix_path.dsv
[0.618s] -- Up-to-date: /home/kejun/git_dir/ros2_project/course/node_ws/install/nodes_interfaces/share/nodes_interfaces/environment/path.sh
[0.618s] -- Up-to-date: /home/kejun/git_dir/ros2_project/course/node_ws/install/nodes_interfaces/share/nodes_interfaces/environment/path.dsv
[0.618s] -- Up-to-date: /home/kejun/git_dir/ros2_project/course/node_ws/install/nodes_interfaces/share/nodes_interfaces/local_setup.bash
[0.618s] -- Up-to-date: /home/kejun/git_dir/ros2_project/course/node_ws/install/nodes_interfaces/share/nodes_interfaces/local_setup.sh
[0.619s] -- Up-to-date: /home/kejun/git_dir/ros2_project/course/node_ws/install/nodes_interfaces/share/nodes_interfaces/local_setup.zsh
[0.619s] -- Up-to-date: /home/kejun/git_dir/ros2_project/course/node_ws/install/nodes_interfaces/share/nodes_interfaces/local_setup.dsv
[0.619s] -- Installing: /home/kejun/git_dir/ros2_project/course/node_ws/install/nodes_interfaces/share/nodes_interfaces/package.dsv
[0.619s] -- Up-to-date: /home/kejun/git_dir/ros2_project/course/node_ws/install/nodes_interfaces/share/ament_index/resource_index/packages/nodes_interfaces
[0.619s] -- Up-to-date: /home/kejun/git_dir/ros2_project/course/node_ws/install/nodes_interfaces/share/nodes_interfaces/cmake/export_nodes_interfaces__rosidl_generator_cExport.cmake
[0.619s] -- Up-to-date: /home/kejun/git_dir/ros2_project/course/node_ws/install/nodes_interfaces/share/nodes_interfaces/cmake/export_nodes_interfaces__rosidl_generator_cExport-noconfig.cmake
[0.619s] -- Up-to-date: /home/kejun/git_dir/ros2_project/course/node_ws/install/nodes_interfaces/share/nodes_interfaces/cmake/export_nodes_interfaces__rosidl_typesupport_fastrtps_cExport.cmake
[0.620s] -- Up-to-date: /home/kejun/git_dir/ros2_project/course/node_ws/install/nodes_interfaces/share/nodes_interfaces/cmake/export_nodes_interfaces__rosidl_typesupport_fastrtps_cExport-noconfig.cmake
[0.620s] -- Up-to-date: /home/kejun/git_dir/ros2_project/course/node_ws/install/nodes_interfaces/share/nodes_interfaces/cmake/nodes_interfaces__rosidl_typesupport_introspection_cExport.cmake
[0.620s] -- Up-to-date: /home/kejun/git_dir/ros2_project/course/node_ws/install/nodes_interfaces/share/nodes_interfaces/cmake/nodes_interfaces__rosidl_typesupport_introspection_cExport-noconfig.cmake
[0.620s] -- Up-to-date: /home/kejun/git_dir/ros2_project/course/node_ws/install/nodes_interfaces/share/nodes_interfaces/cmake/nodes_interfaces__rosidl_typesupport_cExport.cmake
[0.620s] -- Up-to-date: /home/kejun/git_dir/ros2_project/course/node_ws/install/nodes_interfaces/share/nodes_interfaces/cmake/nodes_interfaces__rosidl_typesupport_cExport-noconfig.cmake
[0.620s] -- Up-to-date: /home/kejun/git_dir/ros2_project/course/node_ws/install/nodes_interfaces/share/nodes_interfaces/cmake/export_nodes_interfaces__rosidl_generator_cppExport.cmake
[0.620s] -- Up-to-date: /home/kejun/git_dir/ros2_project/course/node_ws/install/nodes_interfaces/share/nodes_interfaces/cmake/export_nodes_interfaces__rosidl_typesupport_fastrtps_cppExport.cmake
[0.620s] -- Up-to-date: /home/kejun/git_dir/ros2_project/course/node_ws/install/nodes_interfaces/share/nodes_interfaces/cmake/export_nodes_interfaces__rosidl_typesupport_fastrtps_cppExport-noconfig.cmake
[0.620s] -- Up-to-date: /home/kejun/git_dir/ros2_project/course/node_ws/install/nodes_interfaces/share/nodes_interfaces/cmake/nodes_interfaces__rosidl_typesupport_introspection_cppExport.cmake
[0.621s] -- Up-to-date: /home/kejun/git_dir/ros2_project/course/node_ws/install/nodes_interfaces/share/nodes_interfaces/cmake/nodes_interfaces__rosidl_typesupport_introspection_cppExport-noconfig.cmake
[0.621s] -- Up-to-date: /home/kejun/git_dir/ros2_project/course/node_ws/install/nodes_interfaces/share/nodes_interfaces/cmake/nodes_interfaces__rosidl_typesupport_cppExport.cmake
[0.621s] -- Up-to-date: /home/kejun/git_dir/ros2_project/course/node_ws/install/nodes_interfaces/share/nodes_interfaces/cmake/nodes_interfaces__rosidl_typesupport_cppExport-noconfig.cmake
[0.621s] -- Up-to-date: /home/kejun/git_dir/ros2_project/course/node_ws/install/nodes_interfaces/share/nodes_interfaces/cmake/export_nodes_interfaces__rosidl_generator_pyExport.cmake
[0.621s] -- Up-to-date: /home/kejun/git_dir/ros2_project/course/node_ws/install/nodes_interfaces/share/nodes_interfaces/cmake/export_nodes_interfaces__rosidl_generator_pyExport-noconfig.cmake
[0.621s] -- Up-to-date: /home/kejun/git_dir/ros2_project/course/node_ws/install/nodes_interfaces/share/nodes_interfaces/cmake/rosidl_cmake-extras.cmake
[0.621s] -- Up-to-date: /home/kejun/git_dir/ros2_project/course/node_ws/install/nodes_interfaces/share/nodes_interfaces/cmake/ament_cmake_export_dependencies-extras.cmake
[0.621s] -- Up-to-date: /home/kejun/git_dir/ros2_project/course/node_ws/install/nodes_interfaces/share/nodes_interfaces/cmake/ament_cmake_export_include_directories-extras.cmake
[0.621s] -- Up-to-date: /home/kejun/git_dir/ros2_project/course/node_ws/install/nodes_interfaces/share/nodes_interfaces/cmake/ament_cmake_export_libraries-extras.cmake
[0.622s] -- Up-to-date: /home/kejun/git_dir/ros2_project/course/node_ws/install/nodes_interfaces/share/nodes_interfaces/cmake/ament_cmake_export_targets-extras.cmake
[0.622s] -- Up-to-date: /home/kejun/git_dir/ros2_project/course/node_ws/install/nodes_interfaces/share/nodes_interfaces/cmake/rosidl_cmake_export_typesupport_targets-extras.cmake
[0.622s] -- Up-to-date: /home/kejun/git_dir/ros2_project/course/node_ws/install/nodes_interfaces/share/nodes_interfaces/cmake/rosidl_cmake_export_typesupport_libraries-extras.cmake
[0.622s] -- Up-to-date: /home/kejun/git_dir/ros2_project/course/node_ws/install/nodes_interfaces/share/nodes_interfaces/cmake/nodes_interfacesConfig.cmake
[0.622s] -- Up-to-date: /home/kejun/git_dir/ros2_project/course/node_ws/install/nodes_interfaces/share/nodes_interfaces/cmake/nodes_interfacesConfig-version.cmake
[0.622s] -- Up-to-date: /home/kejun/git_dir/ros2_project/course/node_ws/install/nodes_interfaces/share/nodes_interfaces/package.xml
[0.624s] Invoked command in '/home/kejun/git_dir/ros2_project/course/node_ws/build/nodes_interfaces' returned '0': CMAKE_PREFIX_PATH=${CMAKE_PREFIX_PATH}:/home/kejun/git_dir/ros2_project/course/node_ws/install/nodes_py:/home/kejun/git_dir/ros2_project/ros2_from_scratch_book/ros2_ws/install/my_py_pkg:/opt/ros/jazzy DEBUGINFOD_URLS=https://debuginfod.ubuntu.com /usr/bin/cmake --install /home/kejun/git_dir/ros2_project/course/node_ws/build/nodes_interfaces
