[0.442s] Invoking command in '/home/kejun/git_dir/ros2_project/course/node_ws/src/nodes_py': CMAKE_PREFIX_PATH=/home/kejun/git_dir/ros2_project/course/node_ws/install/nodes_interfaces:/home/kejun/git_dir/ros2_project/course/node_ws/install/nodes_bringup:/home/kejun/git_dir/ros2_project/ros2_from_scratch_book/ros2_ws/install/my_robot_interfaces:/home/kejun/git_dir/ros2_project/ros2_from_scratch_book/ros2_ws/install/my_cpp_pkg:/opt/ros/jazzy/opt/gz_math_vendor:/opt/ros/jazzy/opt/gz_utils_vendor:/opt/ros/jazzy/opt/gz_cmake_vendor DEBUGINFOD_URLS=https://debuginfod.ubuntu.com PYTHONPATH=/home/kejun/git_dir/ros2_project/course/node_ws/build/nodes_py/prefix_override:/usr/lib/python3/dist-packages/colcon_core/task/python/colcon_distutils_commands:/home/kejun/git_dir/ros2_project/course/node_ws/install/nodes_py/lib/python3.12/site-packages:/home/kejun/git_dir/ros2_project/course/node_ws/install/nodes_interfaces/lib/python3.12/site-packages:/home/kejun/git_dir/ros2_project/course/node_ws/install/nodes_py/lib/python3.12/site-packages:/home/kejun/git_dir/ros2_project/ros2_from_scratch_book/ros2_ws/install/my_robot_interfaces/lib/python3.12/site-packages:/home/kejun/git_dir/ros2_project/ros2_from_scratch_book/ros2_ws/install/my_py_pkg/lib/python3.12/site-packages:/opt/ros/jazzy/lib/python3.12/site-packages /usr/bin/python3 -W ignore:setup.py install is deprecated -W ignore:easy_install command is deprecated setup.py egg_info --egg-base ../../build/nodes_py build --build-base /home/kejun/git_dir/ros2_project/course/node_ws/build/nodes_py/build install --record /home/kejun/git_dir/ros2_project/course/node_ws/build/nodes_py/install.log --single-version-externally-managed install_data
[0.577s] running egg_info
[0.585s] writing ../../build/nodes_py/nodes_py.egg-info/PKG-INFO
[0.585s] writing dependency_links to ../../build/nodes_py/nodes_py.egg-info/dependency_links.txt
[0.586s] writing entry points to ../../build/nodes_py/nodes_py.egg-info/entry_points.txt
[0.586s] writing requirements to ../../build/nodes_py/nodes_py.egg-info/requires.txt
[0.587s] writing top-level names to ../../build/nodes_py/nodes_py.egg-info/top_level.txt
[0.601s] reading manifest file '../../build/nodes_py/nodes_py.egg-info/SOURCES.txt'
[0.602s] writing manifest file '../../build/nodes_py/nodes_py.egg-info/SOURCES.txt'
[0.602s] running build
[0.602s] running build_py
[0.602s] running install
[0.606s] running install_lib
[0.613s] running install_data
[0.613s] running install_egg_info
[0.621s] removing '/home/kejun/git_dir/ros2_project/course/node_ws/install/nodes_py/lib/python3.12/site-packages/nodes_py-0.0.0-py3.12.egg-info' (and everything under it)
[0.622s] Copying ../../build/nodes_py/nodes_py.egg-info to /home/kejun/git_dir/ros2_project/course/node_ws/install/nodes_py/lib/python3.12/site-packages/nodes_py-0.0.0-py3.12.egg-info
[0.622s] running install_scripts
[0.699s] Installing receiverExe script to /home/kejun/git_dir/ros2_project/course/node_ws/install/nodes_py/lib/nodes_py
[0.699s] Installing senderExe script to /home/kejun/git_dir/ros2_project/course/node_ws/install/nodes_py/lib/nodes_py
[0.700s] writing list of installed files to '/home/kejun/git_dir/ros2_project/course/node_ws/build/nodes_py/install.log'
[0.720s] Invoked command in '/home/kejun/git_dir/ros2_project/course/node_ws/src/nodes_py' returned '0': CMAKE_PREFIX_PATH=/home/kejun/git_dir/ros2_project/course/node_ws/install/nodes_interfaces:/home/kejun/git_dir/ros2_project/course/node_ws/install/nodes_bringup:/home/kejun/git_dir/ros2_project/ros2_from_scratch_book/ros2_ws/install/my_robot_interfaces:/home/kejun/git_dir/ros2_project/ros2_from_scratch_book/ros2_ws/install/my_cpp_pkg:/opt/ros/jazzy/opt/gz_math_vendor:/opt/ros/jazzy/opt/gz_utils_vendor:/opt/ros/jazzy/opt/gz_cmake_vendor DEBUGINFOD_URLS=https://debuginfod.ubuntu.com PYTHONPATH=/home/kejun/git_dir/ros2_project/course/node_ws/build/nodes_py/prefix_override:/usr/lib/python3/dist-packages/colcon_core/task/python/colcon_distutils_commands:/home/kejun/git_dir/ros2_project/course/node_ws/install/nodes_py/lib/python3.12/site-packages:/home/kejun/git_dir/ros2_project/course/node_ws/install/nodes_interfaces/lib/python3.12/site-packages:/home/kejun/git_dir/ros2_project/course/node_ws/install/nodes_py/lib/python3.12/site-packages:/home/kejun/git_dir/ros2_project/ros2_from_scratch_book/ros2_ws/install/my_robot_interfaces/lib/python3.12/site-packages:/home/kejun/git_dir/ros2_project/ros2_from_scratch_book/ros2_ws/install/my_py_pkg/lib/python3.12/site-packages:/opt/ros/jazzy/lib/python3.12/site-packages /usr/bin/python3 -W ignore:setup.py install is deprecated -W ignore:easy_install command is deprecated setup.py egg_info --egg-base ../../build/nodes_py build --build-base /home/kejun/git_dir/ros2_project/course/node_ws/build/nodes_py/build install --record /home/kejun/git_dir/ros2_project/course/node_ws/build/nodes_py/install.log --single-version-externally-managed install_data
