[0.008s] Invoking command in '/home/kejun/git_dir/ros2_project/course/node_ws/build/nodes_bringup': AMENT_PREFIX_PATH=/home/kejun/git_dir/ros2_project/course/node_ws/install/nodes_py:/home/kejun/git_dir/ros2_project/course/node_ws/install/nodes_interfaces:${AMENT_PREFIX_PATH} CMAKE_PREFIX_PATH=/home/kejun/git_dir/ros2_project/course/node_ws/install/nodes_interfaces:/home/kejun/git_dir/ros2_project/ros2_from_scratch_book/ros2_ws/install/my_cpp_pkg:/home/kejun/git_dir/ros2_project/ros2_from_scratch_book/ros2_ws/install/my_robot_interfaces:/opt/ros/jazzy/opt/gz_math_vendor:/opt/ros/jazzy/opt/gz_utils_vendor:/opt/ros/jazzy/opt/gz_cmake_vendor:/home/kejun/git_dir/ros2_project/ros2_from_scratch_book/ros2_ws/install/my_py_pkg:/opt/ros/jazzy LD_LIBRARY_PATH=/home/kejun/git_dir/ros2_project/course/node_ws/install/nodes_interfaces/lib:${LD_LIBRARY_PATH} PYTHONPATH=/home/kejun/git_dir/ros2_project/course/node_ws/install/nodes_py/lib/python3.12/site-packages:/home/kejun/git_dir/ros2_project/course/node_ws/install/nodes_interfaces/lib/python3.12/site-packages:${PYTHONPATH} /usr/bin/cmake /home/kejun/git_dir/ros2_project/course/node_ws/src/nodes_bringup -DCMAKE_INSTALL_PREFIX=/home/kejun/git_dir/ros2_project/course/node_ws/install/nodes_bringup
[0.049s] -- The C compiler identification is GNU 13.3.0
[0.090s] -- The CXX compiler identification is GNU 13.3.0
[0.100s] -- Detecting C compiler ABI info
[0.160s] -- Detecting C compiler ABI info - done
[0.169s] -- Check for working C compiler: /usr/bin/cc - skipped
[0.169s] -- Detecting C compile features
[0.169s] -- Detecting C compile features - done
[0.176s] -- Detecting CXX compiler ABI info
[0.244s] -- Detecting CXX compiler ABI info - done
[0.253s] -- Check for working CXX compiler: /usr/bin/c++ - skipped
[0.253s] -- Detecting CXX compile features
[0.254s] -- Detecting CXX compile features - done
[0.256s] -- Found ament_cmake: 2.5.4 (/opt/ros/jazzy/share/ament_cmake/cmake)
[0.367s] -- Found Python3: /usr/bin/python3 (found version "3.12.3") found components: Interpreter 
[0.447s] -- Found ament_lint_auto: 0.17.3 (/opt/ros/jazzy/share/ament_lint_auto/cmake)
[0.532s] -- Added test 'flake8' to check Python code syntax and style conventions
[0.532s] -- Configured 'flake8' exclude dirs and/or files: 
[0.533s] -- Added test 'lint_cmake' to check CMake code style
[0.533s] -- Added test 'pep257' to check Python code against some of the docstring style conventions in PEP 257
[0.534s] -- Added test 'xmllint' to check XML markup files
[0.535s] -- Configuring done (0.5s)
[0.538s] -- Generating done (0.0s)
[0.539s] -- Build files have been written to: /home/kejun/git_dir/ros2_project/course/node_ws/build/nodes_bringup
[0.544s] Invoked command in '/home/kejun/git_dir/ros2_project/course/node_ws/build/nodes_bringup' returned '0': AMENT_PREFIX_PATH=/home/kejun/git_dir/ros2_project/course/node_ws/install/nodes_py:/home/kejun/git_dir/ros2_project/course/node_ws/install/nodes_interfaces:${AMENT_PREFIX_PATH} CMAKE_PREFIX_PATH=/home/kejun/git_dir/ros2_project/course/node_ws/install/nodes_interfaces:/home/kejun/git_dir/ros2_project/ros2_from_scratch_book/ros2_ws/install/my_cpp_pkg:/home/kejun/git_dir/ros2_project/ros2_from_scratch_book/ros2_ws/install/my_robot_interfaces:/opt/ros/jazzy/opt/gz_math_vendor:/opt/ros/jazzy/opt/gz_utils_vendor:/opt/ros/jazzy/opt/gz_cmake_vendor:/home/kejun/git_dir/ros2_project/ros2_from_scratch_book/ros2_ws/install/my_py_pkg:/opt/ros/jazzy LD_LIBRARY_PATH=/home/kejun/git_dir/ros2_project/course/node_ws/install/nodes_interfaces/lib:${LD_LIBRARY_PATH} PYTHONPATH=/home/kejun/git_dir/ros2_project/course/node_ws/install/nodes_py/lib/python3.12/site-packages:/home/kejun/git_dir/ros2_project/course/node_ws/install/nodes_interfaces/lib/python3.12/site-packages:${PYTHONPATH} /usr/bin/cmake /home/kejun/git_dir/ros2_project/course/node_ws/src/nodes_bringup -DCMAKE_INSTALL_PREFIX=/home/kejun/git_dir/ros2_project/course/node_ws/install/nodes_bringup
[0.545s] Invoking command in '/home/kejun/git_dir/ros2_project/course/node_ws/build/nodes_bringup': AMENT_PREFIX_PATH=/home/kejun/git_dir/ros2_project/course/node_ws/install/nodes_py:/home/kejun/git_dir/ros2_project/course/node_ws/install/nodes_interfaces:${AMENT_PREFIX_PATH} CMAKE_PREFIX_PATH=/home/kejun/git_dir/ros2_project/course/node_ws/install/nodes_interfaces:/home/kejun/git_dir/ros2_project/ros2_from_scratch_book/ros2_ws/install/my_cpp_pkg:/home/kejun/git_dir/ros2_project/ros2_from_scratch_book/ros2_ws/install/my_robot_interfaces:/opt/ros/jazzy/opt/gz_math_vendor:/opt/ros/jazzy/opt/gz_utils_vendor:/opt/ros/jazzy/opt/gz_cmake_vendor:/home/kejun/git_dir/ros2_project/ros2_from_scratch_book/ros2_ws/install/my_py_pkg:/opt/ros/jazzy LD_LIBRARY_PATH=/home/kejun/git_dir/ros2_project/course/node_ws/install/nodes_interfaces/lib:${LD_LIBRARY_PATH} PYTHONPATH=/home/kejun/git_dir/ros2_project/course/node_ws/install/nodes_py/lib/python3.12/site-packages:/home/kejun/git_dir/ros2_project/course/node_ws/install/nodes_interfaces/lib/python3.12/site-packages:${PYTHONPATH} /usr/bin/cmake --build /home/kejun/git_dir/ros2_project/course/node_ws/build/nodes_bringup -- -j16 -l16
[0.571s] Invoked command in '/home/kejun/git_dir/ros2_project/course/node_ws/build/nodes_bringup' returned '0': AMENT_PREFIX_PATH=/home/kejun/git_dir/ros2_project/course/node_ws/install/nodes_py:/home/kejun/git_dir/ros2_project/course/node_ws/install/nodes_interfaces:${AMENT_PREFIX_PATH} CMAKE_PREFIX_PATH=/home/kejun/git_dir/ros2_project/course/node_ws/install/nodes_interfaces:/home/kejun/git_dir/ros2_project/ros2_from_scratch_book/ros2_ws/install/my_cpp_pkg:/home/kejun/git_dir/ros2_project/ros2_from_scratch_book/ros2_ws/install/my_robot_interfaces:/opt/ros/jazzy/opt/gz_math_vendor:/opt/ros/jazzy/opt/gz_utils_vendor:/opt/ros/jazzy/opt/gz_cmake_vendor:/home/kejun/git_dir/ros2_project/ros2_from_scratch_book/ros2_ws/install/my_py_pkg:/opt/ros/jazzy LD_LIBRARY_PATH=/home/kejun/git_dir/ros2_project/course/node_ws/install/nodes_interfaces/lib:${LD_LIBRARY_PATH} PYTHONPATH=/home/kejun/git_dir/ros2_project/course/node_ws/install/nodes_py/lib/python3.12/site-packages:/home/kejun/git_dir/ros2_project/course/node_ws/install/nodes_interfaces/lib/python3.12/site-packages:${PYTHONPATH} /usr/bin/cmake --build /home/kejun/git_dir/ros2_project/course/node_ws/build/nodes_bringup -- -j16 -l16
[0.572s] Invoking command in '/home/kejun/git_dir/ros2_project/course/node_ws/build/nodes_bringup': AMENT_PREFIX_PATH=/home/kejun/git_dir/ros2_project/course/node_ws/install/nodes_py:/home/kejun/git_dir/ros2_project/course/node_ws/install/nodes_interfaces:${AMENT_PREFIX_PATH} CMAKE_PREFIX_PATH=/home/kejun/git_dir/ros2_project/course/node_ws/install/nodes_interfaces:/home/kejun/git_dir/ros2_project/ros2_from_scratch_book/ros2_ws/install/my_cpp_pkg:/home/kejun/git_dir/ros2_project/ros2_from_scratch_book/ros2_ws/install/my_robot_interfaces:/opt/ros/jazzy/opt/gz_math_vendor:/opt/ros/jazzy/opt/gz_utils_vendor:/opt/ros/jazzy/opt/gz_cmake_vendor:/home/kejun/git_dir/ros2_project/ros2_from_scratch_book/ros2_ws/install/my_py_pkg:/opt/ros/jazzy LD_LIBRARY_PATH=/home/kejun/git_dir/ros2_project/course/node_ws/install/nodes_interfaces/lib:${LD_LIBRARY_PATH} PYTHONPATH=/home/kejun/git_dir/ros2_project/course/node_ws/install/nodes_py/lib/python3.12/site-packages:/home/kejun/git_dir/ros2_project/course/node_ws/install/nodes_interfaces/lib/python3.12/site-packages:${PYTHONPATH} /usr/bin/cmake --install /home/kejun/git_dir/ros2_project/course/node_ws/build/nodes_bringup
[0.578s] -- Install configuration: ""
[0.578s] -- Up-to-date: /home/kejun/git_dir/ros2_project/course/node_ws/install/nodes_bringup/share/nodes_bringup/launch
[0.578s] -- Installing: /home/kejun/git_dir/ros2_project/course/node_ws/install/nodes_bringup/share/nodes_bringup/launch/nodes.launch.py
[0.578s] -- Installing: /home/kejun/git_dir/ros2_project/course/node_ws/install/nodes_bringup/share/ament_index/resource_index/package_run_dependencies/nodes_bringup
[0.578s] -- Installing: /home/kejun/git_dir/ros2_project/course/node_ws/install/nodes_bringup/share/ament_index/resource_index/parent_prefix_path/nodes_bringup
[0.578s] -- Installing: /home/kejun/git_dir/ros2_project/course/node_ws/install/nodes_bringup/share/nodes_bringup/environment/ament_prefix_path.sh
[0.578s] -- Installing: /home/kejun/git_dir/ros2_project/course/node_ws/install/nodes_bringup/share/nodes_bringup/environment/ament_prefix_path.dsv
[0.578s] -- Installing: /home/kejun/git_dir/ros2_project/course/node_ws/install/nodes_bringup/share/nodes_bringup/environment/path.sh
[0.578s] -- Installing: /home/kejun/git_dir/ros2_project/course/node_ws/install/nodes_bringup/share/nodes_bringup/environment/path.dsv
[0.578s] -- Installing: /home/kejun/git_dir/ros2_project/course/node_ws/install/nodes_bringup/share/nodes_bringup/local_setup.bash
[0.579s] -- Installing: /home/kejun/git_dir/ros2_project/course/node_ws/install/nodes_bringup/share/nodes_bringup/local_setup.sh
[0.579s] -- Installing: /home/kejun/git_dir/ros2_project/course/node_ws/install/nodes_bringup/share/nodes_bringup/local_setup.zsh
[0.579s] -- Installing: /home/kejun/git_dir/ros2_project/course/node_ws/install/nodes_bringup/share/nodes_bringup/local_setup.dsv
[0.579s] -- Installing: /home/kejun/git_dir/ros2_project/course/node_ws/install/nodes_bringup/share/nodes_bringup/package.dsv
[0.579s] -- Installing: /home/kejun/git_dir/ros2_project/course/node_ws/install/nodes_bringup/share/ament_index/resource_index/packages/nodes_bringup
[0.579s] -- Installing: /home/kejun/git_dir/ros2_project/course/node_ws/install/nodes_bringup/share/nodes_bringup/cmake/nodes_bringupConfig.cmake
[0.579s] -- Installing: /home/kejun/git_dir/ros2_project/course/node_ws/install/nodes_bringup/share/nodes_bringup/cmake/nodes_bringupConfig-version.cmake
[0.579s] -- Up-to-date: /home/kejun/git_dir/ros2_project/course/node_ws/install/nodes_bringup/share/nodes_bringup/package.xml
[0.581s] Invoked command in '/home/kejun/git_dir/ros2_project/course/node_ws/build/nodes_bringup' returned '0': AMENT_PREFIX_PATH=/home/kejun/git_dir/ros2_project/course/node_ws/install/nodes_py:/home/kejun/git_dir/ros2_project/course/node_ws/install/nodes_interfaces:${AMENT_PREFIX_PATH} CMAKE_PREFIX_PATH=/home/kejun/git_dir/ros2_project/course/node_ws/install/nodes_interfaces:/home/kejun/git_dir/ros2_project/ros2_from_scratch_book/ros2_ws/install/my_cpp_pkg:/home/kejun/git_dir/ros2_project/ros2_from_scratch_book/ros2_ws/install/my_robot_interfaces:/opt/ros/jazzy/opt/gz_math_vendor:/opt/ros/jazzy/opt/gz_utils_vendor:/opt/ros/jazzy/opt/gz_cmake_vendor:/home/kejun/git_dir/ros2_project/ros2_from_scratch_book/ros2_ws/install/my_py_pkg:/opt/ros/jazzy LD_LIBRARY_PATH=/home/kejun/git_dir/ros2_project/course/node_ws/install/nodes_interfaces/lib:${LD_LIBRARY_PATH} PYTHONPATH=/home/kejun/git_dir/ros2_project/course/node_ws/install/nodes_py/lib/python3.12/site-packages:/home/kejun/git_dir/ros2_project/course/node_ws/install/nodes_interfaces/lib/python3.12/site-packages:${PYTHONPATH} /usr/bin/cmake --install /home/kejun/git_dir/ros2_project/course/node_ws/build/nodes_bringup
