[0.321s] DEBUG:colcon:Command line arguments: ['/usr/bin/colcon', 'list', '-p', '--base-paths', '/home/kejun/git_dir/ros2_project/course/node_ws']
[0.321s] DEBUG:colcon:Parsed command line arguments: Namespace(log_base=None, log_level=None, verb_name='list', build_base='build', ignore_user_meta=False, metas=['./colcon.meta'], base_paths=['/home/kejun/git_dir/ros2_project/course/node_ws'], packages_ignore=None, packages_ignore_regex=None, paths=None, packages_up_to=None, packages_up_to_regex=None, packages_above=None, packages_above_and_dependencies=None, packages_above_depth=None, packages_select_by_dep=None, packages_skip_by_dep=None, packages_skip_up_to=None, packages_select_build_failed=False, packages_skip_build_finished=False, packages_select_test_failures=False, packages_skip_test_passed=False, packages_select=None, packages_skip=None, packages_select_regex=None, packages_skip_regex=None, packages_start=None, packages_end=None, allow_overriding=[], topological_order=False, names_only=False, paths_only=True, topological_graph=False, topological_graph_dot=False, topological_graph_density=False, topological_graph_legend=False, topological_graph_dot_cluster=False, topological_graph_dot_include_skipped=False, mixin_files=None, mixin=None, verb_parser=<colcon_mixin.mixin.mixin_argument.MixinArgumentDecorator object at 0x73d507c98950>, verb_extension=<colcon_package_information.verb.list.ListVerb object at 0x73d507db9a90>, main=<bound method ListVerb.main of <colcon_package_information.verb.list.ListVerb object at 0x73d507db9a90>>, mixin_verb=('list',))
[0.529s] Level 1:colcon.colcon_core.package_discovery:discover_packages(colcon_meta) check parameters
[0.529s] Level 1:colcon.colcon_core.package_discovery:discover_packages(recursive) check parameters
[0.529s] Level 1:colcon.colcon_core.package_discovery:discover_packages(ignore) check parameters
[0.529s] Level 1:colcon.colcon_core.package_discovery:discover_packages(path) check parameters
[0.529s] Level 1:colcon.colcon_core.package_discovery:discover_packages(recursive) discover
[0.529s] INFO:colcon.colcon_core.package_discovery:Crawling recursively for packages in '/home/kejun/git_dir/ros2_project/course/node_ws'
[0.529s] Level 1:colcon.colcon_core.package_identification:_identify(/home/kejun/git_dir/ros2_project/course/node_ws) by extensions ['ignore', 'ignore_ament_install']
[0.529s] Level 1:colcon.colcon_core.package_identification:_identify(/home/kejun/git_dir/ros2_project/course/node_ws) by extension 'ignore'
[0.529s] Level 1:colcon.colcon_core.package_identification:_identify(/home/kejun/git_dir/ros2_project/course/node_ws) by extension 'ignore_ament_install'
[0.529s] Level 1:colcon.colcon_core.package_identification:_identify(/home/kejun/git_dir/ros2_project/course/node_ws) by extensions ['colcon_pkg']
[0.529s] Level 1:colcon.colcon_core.package_identification:_identify(/home/kejun/git_dir/ros2_project/course/node_ws) by extension 'colcon_pkg'
[0.529s] Level 1:colcon.colcon_core.package_identification:_identify(/home/kejun/git_dir/ros2_project/course/node_ws) by extensions ['colcon_meta']
[0.529s] Level 1:colcon.colcon_core.package_identification:_identify(/home/kejun/git_dir/ros2_project/course/node_ws) by extension 'colcon_meta'
[0.529s] Level 1:colcon.colcon_core.package_identification:_identify(/home/kejun/git_dir/ros2_project/course/node_ws) by extensions ['ros']
[0.529s] Level 1:colcon.colcon_core.package_identification:_identify(/home/kejun/git_dir/ros2_project/course/node_ws) by extension 'ros'
[0.819s] Level 1:colcon.colcon_core.package_identification:_identify(/home/kejun/git_dir/ros2_project/course/node_ws) by extensions ['cmake', 'python']
[0.819s] Level 1:colcon.colcon_core.package_identification:_identify(/home/kejun/git_dir/ros2_project/course/node_ws) by extension 'cmake'
[0.819s] Level 1:colcon.colcon_core.package_identification:_identify(/home/kejun/git_dir/ros2_project/course/node_ws) by extension 'python'
[0.819s] Level 1:colcon.colcon_core.package_identification:_identify(/home/kejun/git_dir/ros2_project/course/node_ws) by extensions ['python_setup_py']
[0.819s] Level 1:colcon.colcon_core.package_identification:_identify(/home/kejun/git_dir/ros2_project/course/node_ws) by extension 'python_setup_py'
[0.819s] Level 1:colcon.colcon_core.package_identification:_identify(/home/kejun/git_dir/ros2_project/course/node_ws/build) by extensions ['ignore', 'ignore_ament_install']
[0.819s] Level 1:colcon.colcon_core.package_identification:_identify(/home/kejun/git_dir/ros2_project/course/node_ws/build) by extension 'ignore'
[0.819s] Level 1:colcon.colcon_core.package_identification:_identify(/home/kejun/git_dir/ros2_project/course/node_ws/build) ignored
[0.819s] Level 1:colcon.colcon_core.package_identification:_identify(/home/kejun/git_dir/ros2_project/course/node_ws/install) by extensions ['ignore', 'ignore_ament_install']
[0.819s] Level 1:colcon.colcon_core.package_identification:_identify(/home/kejun/git_dir/ros2_project/course/node_ws/install) by extension 'ignore'
[0.819s] Level 1:colcon.colcon_core.package_identification:_identify(/home/kejun/git_dir/ros2_project/course/node_ws/install) ignored
[0.819s] Level 1:colcon.colcon_core.package_identification:_identify(/home/kejun/git_dir/ros2_project/course/node_ws/log) by extensions ['ignore', 'ignore_ament_install']
[0.820s] Level 1:colcon.colcon_core.package_identification:_identify(/home/kejun/git_dir/ros2_project/course/node_ws/log) by extension 'ignore'
[0.836s] Level 1:colcon.colcon_core.package_identification:_identify(/home/kejun/git_dir/ros2_project/course/node_ws/log) ignored
[0.836s] Level 1:colcon.colcon_core.package_identification:_identify(/home/kejun/git_dir/ros2_project/course/node_ws/src) by extensions ['ignore', 'ignore_ament_install']
[0.836s] Level 1:colcon.colcon_core.package_identification:_identify(/home/kejun/git_dir/ros2_project/course/node_ws/src) by extension 'ignore'
[0.836s] Level 1:colcon.colcon_core.package_identification:_identify(/home/kejun/git_dir/ros2_project/course/node_ws/src) by extension 'ignore_ament_install'
[0.836s] Level 1:colcon.colcon_core.package_identification:_identify(/home/kejun/git_dir/ros2_project/course/node_ws/src) by extensions ['colcon_pkg']
[0.836s] Level 1:colcon.colcon_core.package_identification:_identify(/home/kejun/git_dir/ros2_project/course/node_ws/src) by extension 'colcon_pkg'
[0.836s] Level 1:colcon.colcon_core.package_identification:_identify(/home/kejun/git_dir/ros2_project/course/node_ws/src) by extensions ['colcon_meta']
[0.836s] Level 1:colcon.colcon_core.package_identification:_identify(/home/kejun/git_dir/ros2_project/course/node_ws/src) by extension 'colcon_meta'
[0.836s] Level 1:colcon.colcon_core.package_identification:_identify(/home/kejun/git_dir/ros2_project/course/node_ws/src) by extensions ['ros']
[0.836s] Level 1:colcon.colcon_core.package_identification:_identify(/home/kejun/git_dir/ros2_project/course/node_ws/src) by extension 'ros'
[0.836s] Level 1:colcon.colcon_core.package_identification:_identify(/home/kejun/git_dir/ros2_project/course/node_ws/src) by extensions ['cmake', 'python']
[0.836s] Level 1:colcon.colcon_core.package_identification:_identify(/home/kejun/git_dir/ros2_project/course/node_ws/src) by extension 'cmake'
[0.836s] Level 1:colcon.colcon_core.package_identification:_identify(/home/kejun/git_dir/ros2_project/course/node_ws/src) by extension 'python'
[0.836s] Level 1:colcon.colcon_core.package_identification:_identify(/home/kejun/git_dir/ros2_project/course/node_ws/src) by extensions ['python_setup_py']
[0.836s] Level 1:colcon.colcon_core.package_identification:_identify(/home/kejun/git_dir/ros2_project/course/node_ws/src) by extension 'python_setup_py'
[0.836s] Level 1:colcon.colcon_core.package_identification:_identify(/home/kejun/git_dir/ros2_project/course/node_ws/src/nodes_py) by extensions ['ignore', 'ignore_ament_install']
[0.836s] Level 1:colcon.colcon_core.package_identification:_identify(/home/kejun/git_dir/ros2_project/course/node_ws/src/nodes_py) by extension 'ignore'
[0.836s] Level 1:colcon.colcon_core.package_identification:_identify(/home/kejun/git_dir/ros2_project/course/node_ws/src/nodes_py) by extension 'ignore_ament_install'
[0.836s] Level 1:colcon.colcon_core.package_identification:_identify(/home/kejun/git_dir/ros2_project/course/node_ws/src/nodes_py) by extensions ['colcon_pkg']
[0.836s] Level 1:colcon.colcon_core.package_identification:_identify(/home/kejun/git_dir/ros2_project/course/node_ws/src/nodes_py) by extension 'colcon_pkg'
[0.836s] Level 1:colcon.colcon_core.package_identification:_identify(/home/kejun/git_dir/ros2_project/course/node_ws/src/nodes_py) by extensions ['colcon_meta']
[0.836s] Level 1:colcon.colcon_core.package_identification:_identify(/home/kejun/git_dir/ros2_project/course/node_ws/src/nodes_py) by extension 'colcon_meta'
[0.836s] Level 1:colcon.colcon_core.package_identification:_identify(/home/kejun/git_dir/ros2_project/course/node_ws/src/nodes_py) by extensions ['ros']
[0.836s] Level 1:colcon.colcon_core.package_identification:_identify(/home/kejun/git_dir/ros2_project/course/node_ws/src/nodes_py) by extension 'ros'
[0.873s] DEBUG:colcon.colcon_core.package_identification:Package '/home/kejun/git_dir/ros2_project/course/node_ws/src/nodes_py' with type 'ros.ament_python' and name 'nodes_py'
[0.873s] Level 1:colcon.colcon_core.package_discovery:discover_packages(recursive) using defaults
